<?xml version="1.0" encoding="UTF-8"?>
<!-- Generated by org.testng.reporters.JUnitReportReporter -->
<testsuite hostname="DESKTOP-K4AEKHO" failures="0" tests="16" name="ApodGUI.ServiceViewlet" time="726.777" errors="0" timestamp="2023-05-17T11:39:12 IST" skipped="0">
  <testcase classname="ApodGUI.ServiceViewlet" name="Login" time="47.530"/>
  <system-out>
<br/> <img src=" E:\Automation\Navigator/Screenshots/ScreenshotsSuccess/Login.png" alt="""/" />  </system-out>
  <testcase classname="ApodGUI.ServiceViewlet" name="AddServiceViewlet" time="36.492"/>
  <system-out>
<br/> <img src=" E:\Automation\Navigator/Screenshots/ScreenshotsSuccess/AddServiceViewlet.png" alt="""/" />  </system-out>
  <testcase classname="ApodGUI.ServiceViewlet" name="CreateServiceFromPlusIcon" time="73.946"/>
  <system-out>
<br/> <img src=" E:\Automation\Navigator/Screenshots/ScreenshotsSuccess/CreateServiceFromPlusIcon.png" alt="""/" />  </system-out>
  <testcase classname="ApodGUI.ServiceViewlet" name="CopyAsFromCommands" time="59.830"/>
  <system-out>
<br/> <img src=" E:\Automation\Navigator/Screenshots/ScreenshotsSuccess/CopyAsFromCommands.png" alt="""/" />  </system-out>
  <testcase classname="ApodGUI.ServiceViewlet" name="RenameFromCommands" time="68.299"/>
  <system-out>
<br/> <img src=" E:\Automation\Navigator/Screenshots/ScreenshotsSuccess/RenameFromCommands.png" alt="""/" />  </system-out>
  <testcase classname="ApodGUI.ServiceViewlet" name="DeleteFromCommands" time="33.946"/>
  <system-out>
<br/> <img src=" E:\Automation\Navigator/Screenshots/ScreenshotsSuccess/DeleteFromCommands.png" alt="""/" />  </system-out>
  <testcase classname="ApodGUI.ServiceViewlet" name="MQSCSnapshot" time="18.753"/>
  <system-out>
<br/> <img src=" E:\Automation\Navigator/Screenshots/ScreenshotsSuccess/MQSCSnapshot.png" alt="""/" />  </system-out>
  <testcase classname="ApodGUI.ServiceViewlet" name="SaveServiceSnapshot" time="10.492"/>
  <system-out>
<br/> <img src=" E:\Automation\Navigator/Screenshots/ScreenshotsSuccess/SaveServiceSnapshot.png" alt="""/" />  </system-out>
  <testcase classname="ApodGUI.ServiceViewlet" name="ServiceProperties" time="21.486"/>
  <system-out>
<br/> <img src=" E:\Automation\Navigator/Screenshots/ScreenshotsSuccess/ServiceProperties.png" alt="""/" />  </system-out>
  <testcase classname="ApodGUI.ServiceViewlet" name="ServiceEvents" time="46.408"/>
  <system-out>
<br/> <img src=" E:\Automation\Navigator/Screenshots/ScreenshotsSuccess/ServiceEvents.png" alt="""/" />  </system-out>
  <testcase classname="ApodGUI.ServiceViewlet" name="AddToFavoriteViewlet" time="50.014"/>
  <system-out>
<br/> <img src=" E:\Automation\Navigator/Screenshots/ScreenshotsSuccess/AddToFavoriteViewlet.png" alt="""/" />  </system-out>
  <testcase classname="ApodGUI.ServiceViewlet" name="CompareServiceNames" time="26.045"/>
  <system-out>
<br/> <img src=" E:\Automation\Navigator/Screenshots/ScreenshotsSuccess/CompareServiceNames.png" alt="""/" />  </system-out>
  <testcase classname="ApodGUI.ServiceViewlet" name="CheckDifferencesForServices" time="22.364"/>
  <system-out>
<br/> <img src=" E:\Automation\Navigator/Screenshots/ScreenshotsSuccess/CheckDifferencesForServices.png" alt="""/" />  </system-out>
  <testcase classname="ApodGUI.ServiceViewlet" name="AddToFavoriteForMultipleServices" time="29.946"/>
  <system-out>
<br/> <img src=" E:\Automation\Navigator/Screenshots/ScreenshotsSuccess/AddToFavoriteForMultipleServices.png" alt="""/" />  </system-out>
  <testcase classname="ApodGUI.ServiceViewlet" name="ShowObjectAttributesForService" time="153.533"/>
  <system-out>
<br/> <img src=" E:\Automation\Navigator/Screenshots/ScreenshotsSuccess/ShowObjectAttributesForService.png" alt="""/" />  </system-out>
  <testcase classname="ApodGUI.ServiceViewlet" name="Logout" time="27.693"/>
  <system-out/>
</testsuite> <!-- ApodGUI.ServiceViewlet -->
