<?xml version="1.0" encoding="UTF-8"?>
<!-- Generated by org.testng.reporters.JUnitReportReporter -->
<testsuite skipped="0" hostname="DESKTOP-9QJNAOQ" name="EMS.RouteViewlet" tests="4" failures="0" timestamp="21 Jan 2022 07:07:46 GMT" time="210.282" errors="0">
  <testcase name="Login" time="61.477" classname="EMS.RouteViewlet"/>
  <testcase name="AddRouteViewlet" time="39.328" classname="EMS.RouteViewlet"/>
  <testcase name="ShowObjectAttributesForRoute" time="80.887" classname="EMS.RouteViewlet"/>
  <testcase name="Logout" time="28.590" classname="EMS.RouteViewlet"/>
</testsuite> <!-- EMS.RouteViewlet -->
