<?xml version="1.0" encoding="UTF-8"?>
<!-- Generated by org.testng.reporters.JUnitReportReporter -->
<testsuite hostname="DESKTOP-9QJNAOQ" failures="0" tests="9" name="NavigatorCore.ManageDashboardOptions" time="160.438" errors="0" timestamp="20 Jun 2022 11:47:11 GMT" skipped="0">
  <testcase classname="NavigatorCore.ManageDashboardOptions" name="Login" time="44.064"/>
  <testcase classname="NavigatorCore.ManageDashboardOptions" name="CreareDashboardUsingNewButton" time="15.872"/>
  <testcase classname="NavigatorCore.ManageDashboardOptions" name="RenameDashboardUsingRenamebutton" time="22.263"/>
  <testcase classname="NavigatorCore.ManageDashboardOptions" name="DeleteDashboardUsingDeleteButton" time="12.376"/>
  <testcase classname="NavigatorCore.ManageDashboardOptions" name="CreateTagUsingAddButton" time="24.860"/>
  <testcase classname="NavigatorCore.ManageDashboardOptions" name="UpdateTagNameUsingEditButton" time="12.173"/>
  <testcase classname="NavigatorCore.ManageDashboardOptions" name="DeleteTagUsingDeleteButton" time="14.035"/>
  <testcase classname="NavigatorCore.ManageDashboardOptions" name="ExportDashboard" time="8.660"/>
  <testcase classname="NavigatorCore.ManageDashboardOptions" name="Logout" time="6.135"/>
</testsuite> <!-- NavigatorCore.ManageDashboardOptions -->
