<?xml version="1.0" encoding="UTF-8"?>
<!-- Generated by org.testng.reporters.JUnitReportReporter -->
<testsuite hostname="DESKTOP-9QJNAOQ" failures="0" tests="4" name="NavigatorCore.AttributeFilterCondition" time="181.365" errors="0" timestamp="10 Mar 2022 09:01:30 GMT" skipped="0">
  <testcase classname="NavigatorCore.AttributeFilterCondition" name="Login" time="24.728"/>
  <testcase classname="NavigatorCore.AttributeFilterCondition" name="AddDashboard" time="55.118"/>
  <testcase classname="NavigatorCore.AttributeFilterCondition" name="AddAttributeFilterCondition" time="74.534"/>
  <testcase classname="NavigatorCore.AttributeFilterCondition" name="Logout" time="26.985"/>
</testsuite> <!-- NavigatorCore.AttributeFilterCondition -->
