<?xml version="1.0" encoding="UTF-8"?>
<!-- Generated by org.testng.reporters.JUnitReportReporter -->
<testsuite hostname="DESKTOP-9QJNAOQ" failures="0" tests="20" name="ApodGUI.TopicViewlet" time="955.686" errors="0" timestamp="07 Mar 2022 14:48:06 GMT" skipped="0">
  <testcase classname="ApodGUI.TopicViewlet" name="Login" time="50.917"/>
  <testcase classname="ApodGUI.TopicViewlet" name="AddTopicViewlet" time="22.766"/>
  <testcase classname="ApodGUI.TopicViewlet" name="CreateTopic" time="54.086"/>
  <testcase classname="ApodGUI.TopicViewlet" name="CopyAsFromCommands" time="61.395"/>
  <testcase classname="ApodGUI.TopicViewlet" name="DeleteFromCommands" time="37.994"/>
  <testcase classname="ApodGUI.TopicViewlet" name="MQSCSnapshot" time="18.167"/>
  <testcase classname="ApodGUI.TopicViewlet" name="SaveTopicSnapshot" time="8.576"/>
  <testcase classname="ApodGUI.TopicViewlet" name="TopicProperties" time="28.031"/>
  <testcase classname="ApodGUI.TopicViewlet" name="TopicEvents" time="27.244"/>
  <testcase classname="ApodGUI.TopicViewlet" name="AddToFavoriteViewlet" time="39.567"/>
  <testcase classname="ApodGUI.TopicViewlet" name="CreateTopicFromPlusIcon" time="75.613"/>
  <testcase classname="ApodGUI.TopicViewlet" name="CompareTopics" time="27.264"/>
  <testcase classname="ApodGUI.TopicViewlet" name="CheckDifferencesForTopics" time="24.404"/>
  <testcase classname="ApodGUI.TopicViewlet" name="CopyAsFromCommandsForMultipleTopics" time="116.927"/>
  <testcase classname="ApodGUI.TopicViewlet" name="DeleteFromCommandsForMultipleTopics" time="35.727"/>
  <testcase classname="ApodGUI.TopicViewlet" name="MultipleProperties" time="84.403"/>
  <testcase classname="ApodGUI.TopicViewlet" name="AddToFavoriteForMultipleTopics" time="34.083"/>
  <testcase classname="ApodGUI.TopicViewlet" name="ShowTopicStatus" time="8.867"/>
  <testcase classname="ApodGUI.TopicViewlet" name="ShowObjectAttributesForTopic" time="170.272"/>
  <testcase classname="ApodGUI.TopicViewlet" name="Logout" time="29.383"/>
</testsuite> <!-- ApodGUI.TopicViewlet -->
