<?xml version="1.0" encoding="UTF-8"?>
<!-- Generated by org.testng.reporters.JUnitReportReporter -->
<testsuite hostname="DESKTOP-9QJNAOQ" failures="0" tests="4" name="NavigatorCore.AttributeFilterCondition" time="257.632" errors="0" timestamp="08 Aug 2022 06:57:24 GMT" skipped="0">
  <testcase classname="NavigatorCore.AttributeFilterCondition" name="Login" time="44.409"/>
  <testcase classname="NavigatorCore.AttributeFilterCondition" name="AddDashboard" time="76.040"/>
  <testcase classname="NavigatorCore.AttributeFilterCondition" name="AddAttributeFilterCondition" time="109.819"/>
  <testcase classname="NavigatorCore.AttributeFilterCondition" name="Logout" time="27.364"/>
</testsuite> <!-- NavigatorCore.AttributeFilterCondition -->
