<?xml version="1.0" encoding="UTF-8"?>
<!-- Generated by org.testng.reporters.JUnitReportReporter -->
<testsuite hostname="DESKTOP-9QJNAOQ" failures="0" tests="20" name="ApodGUI.TopicViewlet" time="973.002" errors="0" timestamp="17 May 2022 15:28:28 GMT" skipped="0">
  <testcase classname="ApodGUI.TopicViewlet" name="Login" time="57.400"/>
  <testcase classname="ApodGUI.TopicViewlet" name="AddTopicViewlet" time="22.416"/>
  <testcase classname="ApodGUI.TopicViewlet" name="CreateTopic" time="57.414"/>
  <testcase classname="ApodGUI.TopicViewlet" name="CopyAsFromCommands" time="58.547"/>
  <testcase classname="ApodGUI.TopicViewlet" name="DeleteFromCommands" time="34.340"/>
  <testcase classname="ApodGUI.TopicViewlet" name="MQSCSnapshot" time="21.355"/>
  <testcase classname="ApodGUI.TopicViewlet" name="SaveTopicSnapshot" time="8.745"/>
  <testcase classname="ApodGUI.TopicViewlet" name="TopicProperties" time="43.908"/>
  <testcase classname="ApodGUI.TopicViewlet" name="TopicEvents" time="26.926"/>
  <testcase classname="ApodGUI.TopicViewlet" name="AddToFavoriteViewlet" time="37.313"/>
  <testcase classname="ApodGUI.TopicViewlet" name="CreateTopicFromPlusIcon" time="75.111"/>
  <testcase classname="ApodGUI.TopicViewlet" name="CompareTopics" time="26.866"/>
  <testcase classname="ApodGUI.TopicViewlet" name="CheckDifferencesForTopics" time="27.592"/>
  <testcase classname="ApodGUI.TopicViewlet" name="CopyAsFromCommandsForMultipleTopics" time="113.270"/>
  <testcase classname="ApodGUI.TopicViewlet" name="DeleteFromCommandsForMultipleTopics" time="34.820"/>
  <testcase classname="ApodGUI.TopicViewlet" name="MultipleProperties" time="84.699"/>
  <testcase classname="ApodGUI.TopicViewlet" name="AddToFavoriteForMultipleTopics" time="33.938"/>
  <testcase classname="ApodGUI.TopicViewlet" name="ShowTopicStatus" time="10.909"/>
  <testcase classname="ApodGUI.TopicViewlet" name="ShowObjectAttributesForTopic" time="169.770"/>
  <testcase classname="ApodGUI.TopicViewlet" name="Logout" time="27.663"/>
</testsuite> <!-- ApodGUI.TopicViewlet -->
