<?xml version="1.0" encoding="UTF-8"?>
<!-- Generated by org.testng.reporters.JUnitReportReporter -->
<testsuite hostname="DESKTOP-9QJNAOQ" failures="0" tests="11" name="ApodGUI.QueuesViewlet" time="605.308" errors="0" timestamp="01 Feb 2022 15:14:50 GMT" skipped="0">
  <testcase classname="ApodGUI.QueuesViewlet" name="Login" time="185.465"/>
  <testcase classname="ApodGUI.QueuesViewlet" name="InhibitGetFromCommands" time="78.677"/>
  <testcase classname="ApodGUI.QueuesViewlet" name="InhibitPutFromCommands" time="87.062"/>
  <testcase classname="ApodGUI.QueuesViewlet" name="MQSCSnapshot" time="22.576"/>
  <testcase classname="ApodGUI.QueuesViewlet" name="SaveMQSCSnapshot" time="30.751"/>
  <testcase classname="ApodGUI.QueuesViewlet" name="QueueProperties" time="23.925"/>
  <testcase classname="ApodGUI.QueuesViewlet" name="QueueEvents" time="56.960"/>
  <testcase classname="ApodGUI.QueuesViewlet" name="AddToFavoriteViewlet" time="41.503"/>
  <testcase classname="ApodGUI.QueuesViewlet" name="AddToFavoriteForMultipleQueues" time="31.952"/>
  <testcase classname="ApodGUI.QueuesViewlet" name="SearchFilter" time="7.629"/>
  <testcase classname="ApodGUI.QueuesViewlet" name="Logout" time="38.808"/>
</testsuite> <!-- ApodGUI.QueuesViewlet -->
