<?xml version="1.0" encoding="UTF-8"?>
<!-- Generated by org.testng.reporters.JUnitReportReporter -->
<testsuite skipped="0" hostname="DESKTOP-9QJNAOQ" name="NavigatorCore.DashboardOptions" tests="10" failures="0" timestamp="03 Nov 2021 12:40:03 GMT" time="301.361" errors="0">
  <testcase name="Login" time="62.442" classname="NavigatorCore.DashboardOptions"/>
  <testcase name="CreateWGSDashboard" time="19.427" classname="NavigatorCore.DashboardOptions"/>
  <testcase name="CreateEMSDashboard" time="20.047" classname="NavigatorCore.DashboardOptions"/>
  <testcase name="SetAsDeafaultOption" time="41.535" classname="NavigatorCore.DashboardOptions"/>
  <testcase name="SetASDefaultTemplate" time="17.941" classname="NavigatorCore.DashboardOptions"/>
  <testcase name="RenameDashboard" time="28.493" classname="NavigatorCore.DashboardOptions"/>
  <testcase name="DeleteDashboardUsingCrossIcon" time="22.295" classname="NavigatorCore.DashboardOptions"/>
  <testcase name="DeleteDashboardUsingDeleteOption" time="23.876" classname="NavigatorCore.DashboardOptions"/>
  <testcase name="RemoveDashboardUsingOption" time="38.346" classname="NavigatorCore.DashboardOptions"/>
  <testcase name="Logout" time="26.959" classname="NavigatorCore.DashboardOptions"/>
</testsuite> <!-- NavigatorCore.DashboardOptions -->
