<?xml version="1.0" encoding="UTF-8"?>
<!-- Generated by org.testng.reporters.JUnitReportReporter -->
<testsuite hostname="DESKTOP-9QJNAOQ" failures="0" tests="26" name="ApodGUI.QueuesViewlet" time="1304.842" errors="2" timestamp="11 Mar 2022 08:35:14 GMT" skipped="0">
  <testcase classname="ApodGUI.QueuesViewlet" name="Login" time="181.047"/>
  <testcase classname="ApodGUI.QueuesViewlet" name="BrowseMessages" time="20.832"/>
  <testcase classname="ApodGUI.QueuesViewlet" name="ShowQueueStatus" time="24.706"/>
  <testcase classname="ApodGUI.QueuesViewlet" name="CreateQueueFromOptions" time="43.209"/>
  <testcase classname="ApodGUI.QueuesViewlet" name="CopyAsQueueCommands" time="58.442"/>
  <testcase classname="ApodGUI.QueuesViewlet" name="RenameQueueFromCommandsOption" time="71.079"/>
  <testcase classname="ApodGUI.QueuesViewlet" name="DeleteQueueFromCommandsOption" time="52.708"/>
  <testcase classname="ApodGUI.QueuesViewlet" name="InhibitGetFromCommands" time="80.502"/>
  <testcase classname="ApodGUI.QueuesViewlet" name="InhibitPutFromCommands" time="89.171"/>
  <testcase classname="ApodGUI.QueuesViewlet" name="MQSCSnapshot" time="23.844"/>
  <testcase classname="ApodGUI.QueuesViewlet" name="SaveMQSCSnapshot" time="31.712"/>
  <testcase classname="ApodGUI.QueuesViewlet" name="QueueProperties" time="24.396"/>
  <testcase classname="ApodGUI.QueuesViewlet" name="QueueEvents" time="56.715"/>
  <testcase classname="ApodGUI.QueuesViewlet" name="AddToFavoriteViewlet" time="40.718"/>
  <testcase classname="ApodGUI.QueuesViewlet" name="CompareQueues" time="31.024"/>
  <testcase classname="ApodGUI.QueuesViewlet" name="CheckDifferencesForQueues" time="32.319"/>
  <testcase classname="ApodGUI.QueuesViewlet" name="ShowQueueStatusForMultipleQueues" time="22.082"/>
  <testcase classname="ApodGUI.QueuesViewlet" name="AddQueueFromPlusIcon" time="51.270"/>
  <testcase classname="ApodGUI.QueuesViewlet" name="CopyAsForMultipleQueues" time="67.598"/>
  <testcase classname="ApodGUI.QueuesViewlet" name="RenameForMultipleQueues" time="83.489"/>
  <testcase classname="ApodGUI.QueuesViewlet" name="DeleteMultipleQueues" time="53.076"/>
  <testcase classname="ApodGUI.QueuesViewlet" name="MultipleQueueProperties" time="70.712"/>
  <testcase classname="ApodGUI.QueuesViewlet" name="AddToFavoriteForMultipleQueues" time="39.352"/>
  <testcase classname="ApodGUI.QueuesViewlet" name="SearchFilter" time="12.017"/>
  <testcase classname="ApodGUI.QueuesViewlet" name="ShowObjectAttributesForQueues" time="35.616">
    <error message="no such element: Unable to locate element: {&quot;method&quot;:&quot;css selector&quot;,&quot;selector&quot;:&quot;#Objects\ verification\ failed&quot;}
  (Session info: chrome=99.0.4844.51)
For documentation on this error, please visit: https://selenium.dev/exceptions/#no_such_element
Build info: version: &#039;4.0.0&#039;, revision: &#039;3a21814679&#039;
System info: host: &#039;DESKTOP-9QJNAOQ&#039;, ip: &#039;192.168.43.213&#039;, os.name: &#039;Windows 10&#039;, os.arch: &#039;amd64&#039;, os.version: &#039;10.0&#039;, java.version: &#039;11.0.14&#039;
Driver info: org.openqa.selenium.chrome.ChromeDriver
Command: [e56dbfeebc26f1e8b5d0df22689d7797, findElement {using=id, value=Objects verification failed}]
Capabilities {acceptInsecureCerts: false, browserName: chrome, browserVersion: 99.0.4844.51, chrome: {chromedriverVersion: 98.0.4758.80 (7f0488e8ba0d8..., userDataDir: C:\Users\Nagaraju\AppData\L...}, goog:chromeOptions: {debuggerAddress: localhost:63432}, javascriptEnabled: true, networkConnectionEnabled: false, pageLoadStrategy: normal, platform: WINDOWS, platformName: WINDOWS, proxy: Proxy(), se:cdp: ws://localhost:63432/devtoo..., se:cdpVersion: 99.0.4844.51, setWindowRect: true, strictFileInteractability: false, timeouts: {implicit: 0, pageLoad: 300000, script: 30000}, unhandledPromptBehavior: dismiss and notify, webauthn:extension:credBlob: true, webauthn:extension:largeBlob: true, webauthn:virtualAuthenticators: true}
Session ID: e56dbfeebc26f1e8b5d0df22689d7797" type="org.openqa.selenium.NoSuchElementException">
      <![CDATA[org.openqa.selenium.NoSuchElementException: no such element: Unable to locate element: {"method":"css selector","selector":"#Objects\ verification\ failed"}
  (Session info: chrome=99.0.4844.51)
For documentation on this error, please visit: https://selenium.dev/exceptions/#no_such_element
Build info: version: '4.0.0', revision: '3a21814679'
System info: host: 'DESKTOP-9QJNAOQ', ip: '192.168.43.213', os.name: 'Windows 10', os.arch: 'amd64', os.version: '10.0', java.version: '11.0.14'
Driver info: org.openqa.selenium.chrome.ChromeDriver
Command: [e56dbfeebc26f1e8b5d0df22689d7797, findElement {using=id, value=Objects verification failed}]
Capabilities {acceptInsecureCerts: false, browserName: chrome, browserVersion: 99.0.4844.51, chrome: {chromedriverVersion: 98.0.4758.80 (7f0488e8ba0d8..., userDataDir: C:\Users\Nagaraju\AppData\L...}, goog:chromeOptions: {debuggerAddress: localhost:63432}, javascriptEnabled: true, networkConnectionEnabled: false, pageLoadStrategy: normal, platform: WINDOWS, platformName: WINDOWS, proxy: Proxy(), se:cdp: ws://localhost:63432/devtoo..., se:cdpVersion: 99.0.4844.51, setWindowRect: true, strictFileInteractability: false, timeouts: {implicit: 0, pageLoad: 300000, script: 30000}, unhandledPromptBehavior: dismiss and notify, webauthn:extension:credBlob: true, webauthn:extension:largeBlob: true, webauthn:virtualAuthenticators: true}
Session ID: e56dbfeebc26f1e8b5d0df22689d7797
	at java.base/jdk.internal.reflect.NativeConstructorAccessorImpl.newInstance0(Native Method)
	at java.base/jdk.internal.reflect.NativeConstructorAccessorImpl.newInstance(NativeConstructorAccessorImpl.java:62)
	at java.base/jdk.internal.reflect.DelegatingConstructorAccessorImpl.newInstance(DelegatingConstructorAccessorImpl.java:45)
	at java.base/java.lang.reflect.Constructor.newInstance(Constructor.java:490)
	at org.openqa.selenium.remote.codec.w3c.W3CHttpResponseCodec.createException(W3CHttpResponseCodec.java:200)
	at org.openqa.selenium.remote.codec.w3c.W3CHttpResponseCodec.decode(W3CHttpResponseCodec.java:133)
	at org.openqa.selenium.remote.codec.w3c.W3CHttpResponseCodec.decode(W3CHttpResponseCodec.java:53)
	at org.openqa.selenium.remote.HttpCommandExecutor.execute(HttpCommandExecutor.java:184)
	at org.openqa.selenium.remote.service.DriverCommandExecutor.invokeExecute(DriverCommandExecutor.java:164)
	at org.openqa.selenium.remote.service.DriverCommandExecutor.execute(DriverCommandExecutor.java:139)
	at org.openqa.selenium.remote.RemoteWebDriver.execute(RemoteWebDriver.java:559)
	at org.openqa.selenium.remote.ElementLocation$ElementFinder$2.findElement(ElementLocation.java:162)
	at org.openqa.selenium.remote.ElementLocation.findElement(ElementLocation.java:60)
	at org.openqa.selenium.remote.RemoteWebDriver.findElement(RemoteWebDriver.java:383)
	at org.openqa.selenium.remote.RemoteWebDriver.findElement(RemoteWebDriver.java:375)
	at ApodGUI.QueuesViewlet.ShowObjectAttributesForQueues(QueuesViewlet.java:266)
	at java.base/jdk.internal.reflect.NativeMethodAccessorImpl.invoke0(Native Method)
	at java.base/jdk.internal.reflect.NativeMethodAccessorImpl.invoke(NativeMethodAccessorImpl.java:62)
	at java.base/jdk.internal.reflect.DelegatingMethodAccessorImpl.invoke(DelegatingMethodAccessorImpl.java:43)
	at java.base/java.lang.reflect.Method.invoke(Method.java:566)
	at org.testng.internal.MethodInvocationHelper.invokeMethod(MethodInvocationHelper.java:108)
	at org.testng.internal.Invoker.invokeMethod(Invoker.java:661)
	at org.testng.internal.Invoker.invokeTestMethod(Invoker.java:869)
	at org.testng.internal.Invoker.invokeTestMethods(Invoker.java:1193)
	at org.testng.internal.TestMethodWorker.invokeTestMethods(TestMethodWorker.java:126)
	at org.testng.internal.TestMethodWorker.run(TestMethodWorker.java:109)
	at org.testng.TestRunner.privateRun(TestRunner.java:744)
	at org.testng.TestRunner.run(TestRunner.java:602)
	at org.testng.SuiteRunner.runTest(SuiteRunner.java:380)
	at org.testng.SuiteRunner.runSequentially(SuiteRunner.java:375)
	at org.testng.SuiteRunner.privateRun(SuiteRunner.java:340)
	at org.testng.SuiteRunner.run(SuiteRunner.java:289)
	at org.testng.SuiteRunnerWorker.runSuite(SuiteRunnerWorker.java:52)
	at org.testng.SuiteRunnerWorker.run(SuiteRunnerWorker.java:86)
	at org.testng.TestNG.runSuitesSequentially(TestNG.java:1301)
	at org.testng.TestNG.runSuitesLocally(TestNG.java:1226)
	at org.testng.TestNG.runSuites(TestNG.java:1144)
	at org.testng.TestNG.run(TestNG.java:1115)
	at org.testng.remote.AbstractRemoteTestNG.run(AbstractRemoteTestNG.java:115)
	at org.testng.remote.RemoteTestNG.initAndRun(RemoteTestNG.java:251)
	at org.testng.remote.RemoteTestNG.main(RemoteTestNG.java:77)
]]>
    </error>
  </testcase> <!-- ShowObjectAttributesForQueues -->
  <testcase classname="ApodGUI.QueuesViewlet" name="Logout" time="7.206">
    <error message="element click intercepted: Element &lt;i _ngcontent-wox-c4=&quot;&quot; class=&quot;fa fa-cog fa-lg&quot; title=&quot;User Settings&quot;&gt;&lt;/i&gt; is not clickable at point (1362, 21). Other element would receive the click: &lt;ngb-modal-window role=&quot;dialog&quot; tabindex=&quot;-1&quot; class=&quot;modal d-block w400 fade show&quot; aria-modal=&quot;true&quot;&gt;...&lt;/ngb-modal-window&gt;
  (Session info: chrome=99.0.4844.51)
Build info: version: &#039;4.0.0&#039;, revision: &#039;3a21814679&#039;
System info: host: &#039;DESKTOP-9QJNAOQ&#039;, ip: &#039;192.168.43.213&#039;, os.name: &#039;Windows 10&#039;, os.arch: &#039;amd64&#039;, os.version: &#039;10.0&#039;, java.version: &#039;11.0.14&#039;
Driver info: org.openqa.selenium.chrome.ChromeDriver
Command: [e56dbfeebc26f1e8b5d0df22689d7797, clickElement {id=3bfc099e-bd85-4e7f-8caf-7031e3c49b39}]
Capabilities {acceptInsecureCerts: false, browserName: chrome, browserVersion: 99.0.4844.51, chrome: {chromedriverVersion: 98.0.4758.80 (7f0488e8ba0d8..., userDataDir: C:\Users\Nagaraju\AppData\L...}, goog:chromeOptions: {debuggerAddress: localhost:63432}, javascriptEnabled: true, networkConnectionEnabled: false, pageLoadStrategy: normal, platform: WINDOWS, platformName: WINDOWS, proxy: Proxy(), se:cdp: ws://localhost:63432/devtoo..., se:cdpVersion: 99.0.4844.51, setWindowRect: true, strictFileInteractability: false, timeouts: {implicit: 0, pageLoad: 300000, script: 30000}, unhandledPromptBehavior: dismiss and notify, webauthn:extension:credBlob: true, webauthn:extension:largeBlob: true, webauthn:virtualAuthenticators: true}
Element: [[ChromeDriver: chrome on WINDOWS (e56dbfeebc26f1e8b5d0df22689d7797)] -&gt; css selector: .fa-cog]
Session ID: e56dbfeebc26f1e8b5d0df22689d7797" type="org.openqa.selenium.ElementClickInterceptedException">
      <![CDATA[org.openqa.selenium.ElementClickInterceptedException: element click intercepted: Element <i _ngcontent-wox-c4="" class="fa fa-cog fa-lg" title="User Settings"></i> is not clickable at point (1362, 21). Other element would receive the click: <ngb-modal-window role="dialog" tabindex="-1" class="modal d-block w400 fade show" aria-modal="true">...</ngb-modal-window>
  (Session info: chrome=99.0.4844.51)
Build info: version: '4.0.0', revision: '3a21814679'
System info: host: 'DESKTOP-9QJNAOQ', ip: '192.168.43.213', os.name: 'Windows 10', os.arch: 'amd64', os.version: '10.0', java.version: '11.0.14'
Driver info: org.openqa.selenium.chrome.ChromeDriver
Command: [e56dbfeebc26f1e8b5d0df22689d7797, clickElement {id=3bfc099e-bd85-4e7f-8caf-7031e3c49b39}]
Capabilities {acceptInsecureCerts: false, browserName: chrome, browserVersion: 99.0.4844.51, chrome: {chromedriverVersion: 98.0.4758.80 (7f0488e8ba0d8..., userDataDir: C:\Users\Nagaraju\AppData\L...}, goog:chromeOptions: {debuggerAddress: localhost:63432}, javascriptEnabled: true, networkConnectionEnabled: false, pageLoadStrategy: normal, platform: WINDOWS, platformName: WINDOWS, proxy: Proxy(), se:cdp: ws://localhost:63432/devtoo..., se:cdpVersion: 99.0.4844.51, setWindowRect: true, strictFileInteractability: false, timeouts: {implicit: 0, pageLoad: 300000, script: 30000}, unhandledPromptBehavior: dismiss and notify, webauthn:extension:credBlob: true, webauthn:extension:largeBlob: true, webauthn:virtualAuthenticators: true}
Element: [[ChromeDriver: chrome on WINDOWS (e56dbfeebc26f1e8b5d0df22689d7797)] -> css selector: .fa-cog]
Session ID: e56dbfeebc26f1e8b5d0df22689d7797
	at java.base/jdk.internal.reflect.NativeConstructorAccessorImpl.newInstance0(Native Method)
	at java.base/jdk.internal.reflect.NativeConstructorAccessorImpl.newInstance(NativeConstructorAccessorImpl.java:62)
	at java.base/jdk.internal.reflect.DelegatingConstructorAccessorImpl.newInstance(DelegatingConstructorAccessorImpl.java:45)
	at java.base/java.lang.reflect.Constructor.newInstance(Constructor.java:490)
	at org.openqa.selenium.remote.codec.w3c.W3CHttpResponseCodec.createException(W3CHttpResponseCodec.java:200)
	at org.openqa.selenium.remote.codec.w3c.W3CHttpResponseCodec.decode(W3CHttpResponseCodec.java:133)
	at org.openqa.selenium.remote.codec.w3c.W3CHttpResponseCodec.decode(W3CHttpResponseCodec.java:53)
	at org.openqa.selenium.remote.HttpCommandExecutor.execute(HttpCommandExecutor.java:184)
	at org.openqa.selenium.remote.service.DriverCommandExecutor.invokeExecute(DriverCommandExecutor.java:164)
	at org.openqa.selenium.remote.service.DriverCommandExecutor.execute(DriverCommandExecutor.java:139)
	at org.openqa.selenium.remote.RemoteWebDriver.execute(RemoteWebDriver.java:559)
	at org.openqa.selenium.remote.RemoteWebElement.execute(RemoteWebElement.java:251)
	at org.openqa.selenium.remote.RemoteWebElement.click(RemoteWebElement.java:77)
	at ApodGUI.QueuesViewlet.Logout(QueuesViewlet.java:1849)
	at java.base/jdk.internal.reflect.NativeMethodAccessorImpl.invoke0(Native Method)
	at java.base/jdk.internal.reflect.NativeMethodAccessorImpl.invoke(NativeMethodAccessorImpl.java:62)
	at java.base/jdk.internal.reflect.DelegatingMethodAccessorImpl.invoke(DelegatingMethodAccessorImpl.java:43)
	at java.base/java.lang.reflect.Method.invoke(Method.java:566)
	at org.testng.internal.MethodInvocationHelper.invokeMethod(MethodInvocationHelper.java:108)
	at org.testng.internal.Invoker.invokeMethod(Invoker.java:661)
	at org.testng.internal.Invoker.invokeTestMethod(Invoker.java:869)
	at org.testng.internal.Invoker.invokeTestMethods(Invoker.java:1193)
	at org.testng.internal.TestMethodWorker.invokeTestMethods(TestMethodWorker.java:126)
	at org.testng.internal.TestMethodWorker.run(TestMethodWorker.java:109)
	at org.testng.TestRunner.privateRun(TestRunner.java:744)
	at org.testng.TestRunner.run(TestRunner.java:602)
	at org.testng.SuiteRunner.runTest(SuiteRunner.java:380)
	at org.testng.SuiteRunner.runSequentially(SuiteRunner.java:375)
	at org.testng.SuiteRunner.privateRun(SuiteRunner.java:340)
	at org.testng.SuiteRunner.run(SuiteRunner.java:289)
	at org.testng.SuiteRunnerWorker.runSuite(SuiteRunnerWorker.java:52)
	at org.testng.SuiteRunnerWorker.run(SuiteRunnerWorker.java:86)
	at org.testng.TestNG.runSuitesSequentially(TestNG.java:1301)
	at org.testng.TestNG.runSuitesLocally(TestNG.java:1226)
	at org.testng.TestNG.runSuites(TestNG.java:1144)
	at org.testng.TestNG.run(TestNG.java:1115)
	at org.testng.remote.AbstractRemoteTestNG.run(AbstractRemoteTestNG.java:115)
	at org.testng.remote.RemoteTestNG.initAndRun(RemoteTestNG.java:251)
	at org.testng.remote.RemoteTestNG.main(RemoteTestNG.java:77)
]]>
    </error>
  </testcase> <!-- Logout -->
</testsuite> <!-- ApodGUI.QueuesViewlet -->
