<?xml version="1.0" encoding="UTF-8"?>
<!-- Generated by org.testng.reporters.JUnitReportReporter -->
<testsuite hostname="DESKTOP-K4AEKHO" failures="0" tests="21" name="ApodGUI.ProcessViewlet" time="894.160" errors="0" timestamp="2023-05-17T12:34:14 IST" skipped="0">
  <testcase classname="ApodGUI.ProcessViewlet" name="Login" time="45.024"/>
  <system-out>
<br/> <img src=" E:\Automation\Navigator/Screenshots/ScreenshotsSuccess/Login.png" alt="""/" />  </system-out>
  <testcase classname="ApodGUI.ProcessViewlet" name="AddProcessViewlet" time="36.619"/>
  <system-out>
<br/> <img src=" E:\Automation\Navigator/Screenshots/ScreenshotsSuccess/AddProcessViewlet.png" alt="""/" />  </system-out>
  <testcase classname="ApodGUI.ProcessViewlet" name="CreateProcessFromPlusIcon" time="54.804"/>
  <system-out>
<br/> <img src=" E:\Automation\Navigator/Screenshots/ScreenshotsSuccess/CreateProcessFromPlusIcon.png" alt="""/" />  </system-out>
  <testcase classname="ApodGUI.ProcessViewlet" name="CopyAsFromCommands" time="50.847"/>
  <system-out>
<br/> <img src=" E:\Automation\Navigator/Screenshots/ScreenshotsSuccess/CopyAsFromCommands.png" alt="""/" />  </system-out>
  <testcase classname="ApodGUI.ProcessViewlet" name="RenameFromCommands" time="57.758"/>
  <system-out>
<br/> <img src=" E:\Automation\Navigator/Screenshots/ScreenshotsSuccess/RenameFromCommands.png" alt="""/" />  </system-out>
  <testcase classname="ApodGUI.ProcessViewlet" name="DeleteFromCommands" time="30.653"/>
  <system-out>
<br/> <img src=" E:\Automation\Navigator/Screenshots/ScreenshotsSuccess/DeleteFromCommands.png" alt="""/" />  </system-out>
  <testcase classname="ApodGUI.ProcessViewlet" name="MQSCSnapshot" time="19.570"/>
  <system-out>
<br/> <img src=" E:\Automation\Navigator/Screenshots/ScreenshotsSuccess/MQSCSnapshot.png" alt="""/" />  </system-out>
  <testcase classname="ApodGUI.ProcessViewlet" name="SaveProcessSnapshot" time="7.104"/>
  <system-out>
<br/> <img src=" E:\Automation\Navigator/Screenshots/ScreenshotsSuccess/SaveProcessSnapshot.png" alt="""/" />  </system-out>
  <testcase classname="ApodGUI.ProcessViewlet" name="Properties" time="23.543"/>
  <system-out>
<br/> <img src=" E:\Automation\Navigator/Screenshots/ScreenshotsSuccess/Properties.png" alt="""/" />  </system-out>
  <testcase classname="ApodGUI.ProcessViewlet" name="ProcessEvents" time="47.489"/>
  <system-out>
<br/> <img src=" E:\Automation\Navigator/Screenshots/ScreenshotsSuccess/ProcessEvents.png" alt="""/" />  </system-out>
  <testcase classname="ApodGUI.ProcessViewlet" name="AddToFavoriteViewlet" time="50.964"/>
  <system-out>
<br/> <img src=" E:\Automation\Navigator/Screenshots/ScreenshotsSuccess/AddToFavoriteViewlet.png" alt="""/" />  </system-out>
  <testcase classname="ApodGUI.ProcessViewlet" name="CreateProcess" time="53.955"/>
  <system-out>
<br/> <img src=" E:\Automation\Navigator/Screenshots/ScreenshotsSuccess/CreateProcess.png" alt="""/" />  </system-out>
  <testcase classname="ApodGUI.ProcessViewlet" name="CompareProcessNames" time="26.540"/>
  <system-out>
<br/> <img src=" E:\Automation\Navigator/Screenshots/ScreenshotsSuccess/CompareProcessNames.png" alt="""/" />  </system-out>
  <testcase classname="ApodGUI.ProcessViewlet" name="CheckDifferencesForProcess" time="22.529"/>
  <system-out>
<br/> <img src=" E:\Automation\Navigator/Screenshots/ScreenshotsSuccess/CheckDifferencesForProcess.png" alt="""/" />  </system-out>
  <testcase classname="ApodGUI.ProcessViewlet" name="CopyAsFromCommandsForMultipleProcess" time="44.215"/>
  <system-out>
<br/> <img src=" E:\Automation\Navigator/Screenshots/ScreenshotsSuccess/CopyAsFromCommandsForMultipleProcess.png" alt="""/" />  </system-out>
  <testcase classname="ApodGUI.ProcessViewlet" name="RenameFromCommandsForMultipleProcess" time="61.601"/>
  <system-out>
<br/> <img src=" E:\Automation\Navigator/Screenshots/ScreenshotsSuccess/RenameFromCommandsForMultipleProcess.png" alt="""/" />  </system-out>
  <testcase classname="ApodGUI.ProcessViewlet" name="DeleteFromCommandsForMultipleProcess" time="32.336"/>
  <system-out>
<br/> <img src=" E:\Automation\Navigator/Screenshots/ScreenshotsSuccess/DeleteFromCommandsForMultipleProcess.png" alt="""/" />  </system-out>
  <testcase classname="ApodGUI.ProcessViewlet" name="MultipleProperties" time="80.589"/>
  <system-out>
<br/> <img src=" E:\Automation\Navigator/Screenshots/ScreenshotsSuccess/MultipleProperties.png" alt="""/" />  </system-out>
  <testcase classname="ApodGUI.ProcessViewlet" name="AddToFavoriteForMultipleProcess" time="26.700"/>
  <system-out>
<br/> <img src=" E:\Automation\Navigator/Screenshots/ScreenshotsSuccess/AddToFavoriteForMultipleProcess.png" alt="""/" />  </system-out>
  <testcase classname="ApodGUI.ProcessViewlet" name="ShowObjectAttributesForProcess" time="93.827"/>
  <system-out>
<br/> <img src=" E:\Automation\Navigator/Screenshots/ScreenshotsSuccess/ShowObjectAttributesForProcess.png" alt="""/" />  </system-out>
  <testcase classname="ApodGUI.ProcessViewlet" name="Logout" time="27.493"/>
  <system-out/>
</testsuite> <!-- ApodGUI.ProcessViewlet -->
