<?xml version="1.0" encoding="UTF-8"?>
<!-- Generated by org.testng.reporters.JUnitReportReporter -->
<testsuite hostname="DESKTOP-9QJNAOQ" failures="0" tests="10" name="NavigatorCore.DashboardOptions" time="350.266" errors="0" timestamp="08 Aug 2022 11:52:10 GMT" skipped="0">
  <testcase classname="NavigatorCore.DashboardOptions" name="Login" time="63.375"/>
  <testcase classname="NavigatorCore.DashboardOptions" name="CreateWGSDashboard" time="24.561"/>
  <testcase classname="NavigatorCore.DashboardOptions" name="CreateEMSDashboard" time="22.779"/>
  <testcase classname="NavigatorCore.DashboardOptions" name="SetAsDeafaultOption" time="51.607"/>
  <testcase classname="NavigatorCore.DashboardOptions" name="SetASDefaultTemplate" time="21.220"/>
  <testcase classname="NavigatorCore.DashboardOptions" name="RenameDashboard" time="29.751"/>
  <testcase classname="NavigatorCore.DashboardOptions" name="DeleteDashboardUsingCrossIcon" time="22.851"/>
  <testcase classname="NavigatorCore.DashboardOptions" name="DeleteDashboardUsingDeleteOption" time="32.281"/>
  <testcase classname="NavigatorCore.DashboardOptions" name="RemoveDashboardUsingOption" time="53.010"/>
  <testcase classname="NavigatorCore.DashboardOptions" name="Logout" time="28.831"/>
</testsuite> <!-- NavigatorCore.DashboardOptions -->
