<?xml version="1.0" encoding="UTF-8"?>
<!-- Generated by org.testng.reporters.JUnitReportReporter -->
<testsuite hostname="DESKTOP-9QJNAOQ" failures="0" tests="4" name="ApodGUI.ManagerViewlet" time="459.791" errors="0" timestamp="27 Jul 2022 10:58:12 GMT" skipped="0">
  <testcase classname="ApodGUI.ManagerViewlet" name="Login" time="139.271"/>
  <testcase classname="ApodGUI.ManagerViewlet" name="PreViewErrorLogs" time="149.218"/>
  <testcase classname="ApodGUI.ManagerViewlet" name="SaveErrorLogs" time="142.565"/>
  <testcase classname="ApodGUI.ManagerViewlet" name="Logout" time="28.737"/>
</testsuite> <!-- ApodGUI.ManagerViewlet -->
