<?xml version="1.0" encoding="UTF-8"?>
<!-- Generated by org.testng.reporters.JUnitReportReporter -->
<testsuite skipped="0" hostname="DESKTOP-9QJNAOQ" name="KafkaGUI.KafkaBrokerViewlet" tests="6" failures="0" timestamp="24 Jan 2022 11:43:31 GMT" time="269.855" errors="0">
  <testcase name="Login" time="69.407" classname="KafkaGUI.KafkaBrokerViewlet"/>
  <testcase name="Properties" time="24.155" classname="KafkaGUI.KafkaBrokerViewlet"/>
  <testcase name="Events" time="41.433" classname="KafkaGUI.KafkaBrokerViewlet"/>
  <testcase name="AddToFavoriteViewlet" time="30.311" classname="KafkaGUI.KafkaBrokerViewlet"/>
  <testcase name="ShowObjectAttributes" time="74.612" classname="KafkaGUI.KafkaBrokerViewlet"/>
  <testcase name="Logout" time="29.937" classname="KafkaGUI.KafkaBrokerViewlet"/>
</testsuite> <!-- KafkaGUI.KafkaBrokerViewlet -->
