<?xml version="1.0" encoding="UTF-8"?>
<!-- Generated by org.testng.reporters.JUnitReportReporter -->
<testsuite hostname="DESKTOP-9QJNAOQ" failures="0" tests="21" name="ApodGUI.ListenerViewlet" time="1021.360" errors="0" timestamp="17 May 2022 15:57:26 GMT" skipped="0">
  <testcase classname="ApodGUI.ListenerViewlet" name="Login" time="51.282"/>
  <testcase classname="ApodGUI.ListenerViewlet" name="AddListenerViewlet" time="39.890"/>
  <testcase classname="ApodGUI.ListenerViewlet" name="CreateListener" time="42.285"/>
  <testcase classname="ApodGUI.ListenerViewlet" name="CopyAsFromCommands" time="56.491"/>
  <testcase classname="ApodGUI.ListenerViewlet" name="RenameFromCommands" time="59.528"/>
  <testcase classname="ApodGUI.ListenerViewlet" name="DeleteFromCommands" time="35.177"/>
  <testcase classname="ApodGUI.ListenerViewlet" name="MQSCSnapshot" time="17.797"/>
  <testcase classname="ApodGUI.ListenerViewlet" name="SaveListenerSnapshot" time="8.886"/>
  <testcase classname="ApodGUI.ListenerViewlet" name="ListenerProperties" time="35.405"/>
  <testcase classname="ApodGUI.ListenerViewlet" name="ListenerEvents" time="43.897"/>
  <testcase classname="ApodGUI.ListenerViewlet" name="AddToFavoriteViewlet" time="43.749"/>
  <testcase classname="ApodGUI.ListenerViewlet" name="CompareListeners" time="30.274"/>
  <testcase classname="ApodGUI.ListenerViewlet" name="CheckDifferencesForListeners" time="25.408"/>
  <testcase classname="ApodGUI.ListenerViewlet" name="CreateListenerFromPlusIcon" time="120.048"/>
  <testcase classname="ApodGUI.ListenerViewlet" name="CopyAsFromCommandsForMultiple" time="48.029"/>
  <testcase classname="ApodGUI.ListenerViewlet" name="RenameFromCommandsForMultiple" time="49.134"/>
  <testcase classname="ApodGUI.ListenerViewlet" name="DeleteFromCommandsForMultiple" time="38.408"/>
  <testcase classname="ApodGUI.ListenerViewlet" name="ListenerMultipleProperties" time="79.465"/>
  <testcase classname="ApodGUI.ListenerViewlet" name="AddToFavoriteForMultipleListeners" time="29.267"/>
  <testcase classname="ApodGUI.ListenerViewlet" name="ShowObjectAttributesForListener" time="136.409"/>
  <testcase classname="ApodGUI.ListenerViewlet" name="Logout" time="30.531"/>
</testsuite> <!-- ApodGUI.ListenerViewlet -->
