<?xml version="1.0" encoding="UTF-8"?>
<!-- Generated by org.testng.reporters.JUnitReportReporter -->
<testsuite hostname="DESKTOP-K4AEKHO" failures="0" tests="17" name="ApodGUI.TopicViewlet" time="771.084" errors="0" timestamp="2023-05-17T13:09:59 IST" skipped="0">
  <testcase classname="ApodGUI.TopicViewlet" name="Login" time="44.749"/>
  <system-out>
<br/> <img src=" E:\Automation\Navigator/Screenshots/ScreenshotsSuccess/Login.png" alt="""/" />  </system-out>
  <testcase classname="ApodGUI.TopicViewlet" name="AddTopicViewlet" time="32.292"/>
  <system-out>
<br/> <img src=" E:\Automation\Navigator/Screenshots/ScreenshotsSuccess/AddTopicViewlet.png" alt="""/" />  </system-out>
  <testcase classname="ApodGUI.TopicViewlet" name="CreateTopic" time="63.354"/>
  <system-out>
<br/> <img src=" E:\Automation\Navigator/Screenshots/ScreenshotsSuccess/CreateTopic.png" alt="""/" />  </system-out>
  <testcase classname="ApodGUI.TopicViewlet" name="CopyAsFromCommands" time="62.131"/>
  <system-out>
<br/> <img src=" E:\Automation\Navigator/Screenshots/ScreenshotsSuccess/CopyAsFromCommands.png" alt="""/" />  </system-out>
  <testcase classname="ApodGUI.TopicViewlet" name="MQSCSnapshot" time="19.126"/>
  <system-out>
<br/> <img src=" E:\Automation\Navigator/Screenshots/ScreenshotsSuccess/MQSCSnapshot.png" alt="""/" />  </system-out>
  <testcase classname="ApodGUI.TopicViewlet" name="SaveTopicSnapshot" time="7.166"/>
  <system-out>
<br/> <img src=" E:\Automation\Navigator/Screenshots/ScreenshotsSuccess/SaveTopicSnapshot.png" alt="""/" />  </system-out>
  <testcase classname="ApodGUI.TopicViewlet" name="TopicProperties" time="24.494"/>
  <system-out>
<br/> <img src=" E:\Automation\Navigator/Screenshots/ScreenshotsSuccess/TopicProperties.png" alt="""/" />  </system-out>
  <testcase classname="ApodGUI.TopicViewlet" name="TopicEvents" time="28.336"/>
  <system-out>
<br/> <img src=" E:\Automation\Navigator/Screenshots/ScreenshotsSuccess/TopicEvents.png" alt="""/" />  </system-out>
  <testcase classname="ApodGUI.TopicViewlet" name="AddToFavoriteViewlet" time="53.036"/>
  <system-out>
<br/> <img src=" E:\Automation\Navigator/Screenshots/ScreenshotsSuccess/AddToFavoriteViewlet.png" alt="""/" />  </system-out>
  <testcase classname="ApodGUI.TopicViewlet" name="CreateTopicFromPlusIcon" time="77.538"/>
  <system-out>
<br/> <img src=" E:\Automation\Navigator/Screenshots/ScreenshotsSuccess/CreateTopicFromPlusIcon.png" alt="""/" />  </system-out>
  <testcase classname="ApodGUI.TopicViewlet" name="CompareTopics" time="28.864"/>
  <system-out>
<br/> <img src=" E:\Automation\Navigator/Screenshots/ScreenshotsSuccess/CompareTopics.png" alt="""/" />  </system-out>
  <testcase classname="ApodGUI.TopicViewlet" name="CheckDifferencesForTopics" time="22.932"/>
  <system-out>
<br/> <img src=" E:\Automation\Navigator/Screenshots/ScreenshotsSuccess/CheckDifferencesForTopics.png" alt="""/" />  </system-out>
  <testcase classname="ApodGUI.TopicViewlet" name="CopyAsFromCommandsForMultipleTopics" time="126.369"/>
  <system-out>
<br/> <img src=" E:\Automation\Navigator/Screenshots/ScreenshotsSuccess/CopyAsFromCommandsForMultipleTopics.png" alt="""/" />  </system-out>
  <testcase classname="ApodGUI.TopicViewlet" name="MultipleProperties" time="101.825"/>
  <system-out>
<br/> <img src=" E:\Automation\Navigator/Screenshots/ScreenshotsSuccess/MultipleProperties.png" alt="""/" />  </system-out>
  <testcase classname="ApodGUI.TopicViewlet" name="AddToFavoriteForMultipleTopics" time="37.290"/>
  <system-out>
<br/> <img src=" E:\Automation\Navigator/Screenshots/ScreenshotsSuccess/AddToFavoriteForMultipleTopics.png" alt="""/" />  </system-out>
  <testcase classname="ApodGUI.TopicViewlet" name="ShowTopicStatus" time="13.850"/>
  <system-out>
<br/> <img src=" E:\Automation\Navigator/Screenshots/ScreenshotsSuccess/ShowTopicStatus.png" alt="""/" />  </system-out>
  <testcase classname="ApodGUI.TopicViewlet" name="Logout" time="27.732"/>
  <system-out/>
</testsuite> <!-- ApodGUI.TopicViewlet -->
