<?xml version="1.0" encoding="UTF-8"?>
<!-- Generated by org.testng.reporters.JUnitReportReporter -->
<testsuite hostname="DESKTOP-K4AEKHO" failures="0" tests="9" name="NavigatorCore.ManageDashboardOptions" time="332.615" errors="0" timestamp="2023-03-21T11:37:59 IST" skipped="0">
  <testcase classname="NavigatorCore.ManageDashboardOptions" name="Login" time="75.003"/>
  <system-out>
<br/> <img src=" E:\Automation\Navigator/Screenshots/ScreenshotsSuccess/Login.png" alt="""/" />  </system-out>
  <testcase classname="NavigatorCore.ManageDashboardOptions" name="CreareDashboardUsingNewButton" time="41.219"/>
  <system-out>
<br/> <img src=" E:\Automation\Navigator/Screenshots/ScreenshotsSuccess/CreareDashboardUsingNewButton.png" alt="""/" />  </system-out>
  <testcase classname="NavigatorCore.ManageDashboardOptions" name="RenameDashboardUsingRenamebutton" time="41.167"/>
  <system-out>
<br/> <img src=" E:\Automation\Navigator/Screenshots/ScreenshotsSuccess/RenameDashboardUsingRenamebutton.png" alt="""/" />  </system-out>
  <testcase classname="NavigatorCore.ManageDashboardOptions" name="DeleteDashboardUsingDeleteButton" time="24.663"/>
  <system-out>
<br/> <img src=" E:\Automation\Navigator/Screenshots/ScreenshotsSuccess/DeleteDashboardUsingDeleteButton.png" alt="""/" />  </system-out>
  <testcase classname="NavigatorCore.ManageDashboardOptions" name="CreateTagUsingAddButton" time="56.153"/>
  <system-out>
<br/> <img src=" E:\Automation\Navigator/Screenshots/ScreenshotsSuccess/CreateTagUsingAddButton.png" alt="""/" />  </system-out>
  <testcase classname="NavigatorCore.ManageDashboardOptions" name="UpdateTagNameUsingEditButton" time="32.782"/>
  <system-out>
<br/> <img src=" E:\Automation\Navigator/Screenshots/ScreenshotsSuccess/UpdateTagNameUsingEditButton.png" alt="""/" />  </system-out>
  <testcase classname="NavigatorCore.ManageDashboardOptions" name="DeleteTagUsingDeleteButton" time="38.783"/>
  <system-out>
<br/> <img src=" E:\Automation\Navigator/Screenshots/ScreenshotsSuccess/DeleteTagUsingDeleteButton.png" alt="""/" />  </system-out>
  <testcase classname="NavigatorCore.ManageDashboardOptions" name="ExportDashboard" time="16.012"/>
  <system-out>
<br/> <img src=" E:\Automation\Navigator/Screenshots/ScreenshotsSuccess/ExportDashboard.png" alt="""/" />  </system-out>
  <testcase classname="NavigatorCore.ManageDashboardOptions" name="Logout" time="6.833"/>
  <system-out/>
</testsuite> <!-- NavigatorCore.ManageDashboardOptions -->
