<?xml version="1.0" encoding="UTF-8"?>
<!-- Generated by org.testng.reporters.JUnitReportReporter -->
<testsuite skipped="0" hostname="LAPTOP-P3LD1OLC" name="IIB.IIBMessageFlowViewlet" tests="7" failures="0" timestamp="2021-06-01T18:49:52 IST" time="626.592" errors="0">
  <testcase name="Login" time="222.774" classname="IIB.IIBMessageFlowViewlet"/>
  <system-out>
<br/> <img src=" F:\Automation\Navigator/Screenshots/ScreenshotsSuccess/Login.png" alt="""/" />  </system-out>
  <testcase name="AddIIBMessageFlowViewlet" time="43.119" classname="IIB.IIBMessageFlowViewlet"/>
  <system-out>
<br/> <img src=" F:\Automation\Navigator/Screenshots/ScreenshotsSuccess/AddIIBMessageFlowViewlet.png" alt="""/" />  </system-out>
  <testcase name="AddToFavoriteViewlet" time="30.270" classname="IIB.IIBMessageFlowViewlet"/>
  <system-out>
<br/> <img src=" F:\Automation\Navigator/Screenshots/ScreenshotsSuccess/AddToFavoriteViewlet.png" alt="""/" />  </system-out>
  <testcase name="CompareMessageFlows" time="24.465" classname="IIB.IIBMessageFlowViewlet"/>
  <system-out>
<br/> <img src=" F:\Automation\Navigator/Screenshots/ScreenshotsSuccess/CompareMessageFlows.png" alt="""/" />  </system-out>
  <testcase name="CheckDifferencesForMessageFlows" time="25.553" classname="IIB.IIBMessageFlowViewlet"/>
  <system-out>
<br/> <img src=" F:\Automation\Navigator/Screenshots/ScreenshotsSuccess/CheckDifferencesForMessageFlows.png" alt="""/" />  </system-out>
  <testcase name="ShowObjectAttributesForIIBMessageFlow" time="266.709" classname="IIB.IIBMessageFlowViewlet"/>
  <system-out>
<br/> <img src=" F:\Automation\Navigator/Screenshots/ScreenshotsSuccess/ShowObjectAttributesForIIBMessageFlow.png" alt="""/" />  </system-out>
  <testcase name="Logout" time="13.702" classname="IIB.IIBMessageFlowViewlet"/>
  <system-out/>
</testsuite> <!-- IIB.IIBMessageFlowViewlet -->
