<?xml version="1.0" encoding="UTF-8"?>
<!-- Generated by org.testng.reporters.JUnitReportReporter -->
<testsuite hostname="DESKTOP-9QJNAOQ" failures="0" tests="6" name="ApodGUI.QueueProperties" time="593.893" errors="0" timestamp="17 Feb 2022 10:19:35 GMT" skipped="0">
  <testcase classname="ApodGUI.QueueProperties" name="Login" time="103.640"/>
  <testcase classname="ApodGUI.QueueProperties" name="PutMessageInInhibitedQueue" time="82.960"/>
  <testcase classname="ApodGUI.QueueProperties" name="GetMessageFromInhibitedQueue" time="90.460"/>
  <testcase classname="ApodGUI.QueueProperties" name="MaximumQueueDepth" time="143.383"/>
  <testcase classname="ApodGUI.QueueProperties" name="MessageLength" time="143.757"/>
  <testcase classname="ApodGUI.QueueProperties" name="Logout" time="29.693"/>
</testsuite> <!-- ApodGUI.QueueProperties -->
