<?xml version="1.0" encoding="UTF-8"?>
<!-- Generated by org.testng.reporters.JUnitReportReporter -->
<testsuite hostname="DESKTOP-K4AEKHO" failures="0" tests="8" name="NavigatorCore.GlobalSettings" time="443.769" errors="0" timestamp="2023-05-17T16:15:05 IST" skipped="0">
  <testcase classname="NavigatorCore.GlobalSettings" name="Login" time="41.906"/>
  <system-out>
<br/> <img src=" E:\Automation\Navigator/Screenshots/ScreenshotsSuccess/Login.png" alt="""/" />  </system-out>
  <testcase classname="NavigatorCore.GlobalSettings" name="GlobalNotice" time="59.941"/>
  <system-out>
<br/> <img src=" E:\Automation\Navigator/Screenshots/ScreenshotsSuccess/GlobalNotice.png" alt="""/" />  </system-out>
  <testcase classname="NavigatorCore.GlobalSettings" name="EnvironmentLevel" time="71.969"/>
  <system-out>
<br/> <img src=" E:\Automation\Navigator/Screenshots/ScreenshotsSuccess/EnvironmentLevel.png" alt="""/" />  </system-out>
  <testcase classname="NavigatorCore.GlobalSettings" name="UpdateEnvironmentLevel" time="34.922"/>
  <system-out>
<br/> <img src=" E:\Automation\Navigator/Screenshots/ScreenshotsSuccess/UpdateEnvironmentLevel.png" alt="""/" />  </system-out>
  <testcase classname="NavigatorCore.GlobalSettings" name="DeleteEnvironmentLevel" time="24.868"/>
  <system-out>
<br/> <img src=" E:\Automation\Navigator/Screenshots/ScreenshotsSuccess/DeleteEnvironmentLevel.png" alt="""/" />  </system-out>
  <testcase classname="NavigatorCore.GlobalSettings" name="MinimumRefreshInterval" time="47.178"/>
  <system-out>
<br/> <img src=" E:\Automation\Navigator/Screenshots/ScreenshotsSuccess/MinimumRefreshInterval.png" alt="""/" />  </system-out>
  <testcase classname="NavigatorCore.GlobalSettings" name="DashboardOwnershipManagement" time="135.601"/>
  <system-out>
<br/> <img src=" E:\Automation\Navigator/Screenshots/ScreenshotsSuccess/DashboardOwnershipManagement.png" alt="""/" />  </system-out>
  <testcase classname="NavigatorCore.GlobalSettings" name="Logout" time="27.384"/>
  <system-out/>
</testsuite> <!-- NavigatorCore.GlobalSettings -->
