<?xml version="1.0" encoding="UTF-8"?>
<!-- Generated by org.testng.reporters.JUnitReportReporter -->
<testsuite hostname="DESKTOP-9QJNAOQ" failures="0" tests="6" name="KafkaGUI.KafkaSchemaViewlet" time="252.479" errors="0" timestamp="30 Mar 2022 10:10:09 GMT" skipped="0">
  <testcase classname="KafkaGUI.KafkaSchemaViewlet" name="Login" time="82.407"/>
  <testcase classname="KafkaGUI.KafkaSchemaViewlet" name="Properties" time="23.256"/>
  <testcase classname="KafkaGUI.KafkaSchemaViewlet" name="Events" time="41.341"/>
  <testcase classname="KafkaGUI.KafkaSchemaViewlet" name="AddToFavoriteViewlet" time="43.982"/>
  <testcase classname="KafkaGUI.KafkaSchemaViewlet" name="ShowObjectAttributes" time="30.311"/>
  <testcase classname="KafkaGUI.KafkaSchemaViewlet" name="Logout" time="31.182"/>
</testsuite> <!-- KafkaGUI.KafkaSchemaViewlet -->
