<?xml version="1.0" encoding="UTF-8"?>
<!-- Generated by org.testng.reporters.JUnitReportReporter -->
<testsuite hostname="DESKTOP-9QJNAOQ" failures="0" tests="12" name="ApodGUI.AuthorizationInfoViewlet" time="577.855" errors="0" timestamp="29 Jul 2022 09:35:49 GMT" skipped="0">
  <testcase classname="ApodGUI.AuthorizationInfoViewlet" name="Login" time="122.294"/>
  <testcase classname="ApodGUI.AuthorizationInfoViewlet" name="AddAuthInfoViewlet" time="48.690"/>
  <testcase classname="ApodGUI.AuthorizationInfoViewlet" name="PropertieOfAuthInfo" time="25.859"/>
  <testcase classname="ApodGUI.AuthorizationInfoViewlet" name="MQSCSnapshot" time="23.766"/>
  <testcase classname="ApodGUI.AuthorizationInfoViewlet" name="SaveAuthinfoSnapshot" time="13.716"/>
  <testcase classname="ApodGUI.AuthorizationInfoViewlet" name="AuthInfoEvents" time="69.136"/>
  <testcase classname="ApodGUI.AuthorizationInfoViewlet" name="AddToFavoriteViewlet" time="52.554"/>
  <testcase classname="ApodGUI.AuthorizationInfoViewlet" name="CompareAuthInfo" time="50.113"/>
  <testcase classname="ApodGUI.AuthorizationInfoViewlet" name="CheckDifferencesForAuthInfos" time="38.989"/>
  <testcase classname="ApodGUI.AuthorizationInfoViewlet" name="AddToFavoriteForMultipleAuthInfo" time="38.635"/>
  <testcase classname="ApodGUI.AuthorizationInfoViewlet" name="ShowObjectAttributesForAuthInfo" time="64.394"/>
  <testcase classname="ApodGUI.AuthorizationInfoViewlet" name="Logout" time="29.709"/>
</testsuite> <!-- ApodGUI.AuthorizationInfoViewlet -->
