<?xml version="1.0" encoding="UTF-8"?>
<!-- Generated by org.testng.reporters.JUnitReportReporter -->
<testsuite hostname="DESKTOP-K4AEKHO" failures="0" tests="20" name="ApodGUI.ProcessViewlet" time="1044.018" errors="0" timestamp="2023-08-09T19:13:44 IST" skipped="0">
  <testcase classname="ApodGUI.ProcessViewlet" name="Login" time="71.911"/>
  <system-out>
<br/> <img src=" E:\Automation\Navigator/Screenshots/ScreenshotsSuccess/Login.png" alt="""/" />  </system-out>
  <testcase classname="ApodGUI.ProcessViewlet" name="AddProcessViewlet" time="35.872"/>
  <system-out>
<br/> <img src=" E:\Automation\Navigator/Screenshots/ScreenshotsSuccess/AddProcessViewlet.png" alt="""/" />  </system-out>
  <testcase classname="ApodGUI.ProcessViewlet" name="CreateProcessFromPlusIcon" time="45.660"/>
  <system-out>
<br/> <img src=" E:\Automation\Navigator/Screenshots/ScreenshotsSuccess/CreateProcessFromPlusIcon.png" alt="""/" />  </system-out>
  <testcase classname="ApodGUI.ProcessViewlet" name="CopyAsFromCommands" time="77.813"/>
  <system-out>
<br/> <img src=" E:\Automation\Navigator/Screenshots/ScreenshotsSuccess/CopyAsFromCommands.png" alt="""/" />  </system-out>
  <testcase classname="ApodGUI.ProcessViewlet" name="RenameFromCommands" time="88.724"/>
  <system-out>
<br/> <img src=" E:\Automation\Navigator/Screenshots/ScreenshotsSuccess/RenameFromCommands.png" alt="""/" />  </system-out>
  <testcase classname="ApodGUI.ProcessViewlet" name="DeleteFromCommands" time="71.978"/>
  <system-out>
<br/> <img src=" E:\Automation\Navigator/Screenshots/ScreenshotsSuccess/DeleteFromCommands.png" alt="""/" />  </system-out>
  <testcase classname="ApodGUI.ProcessViewlet" name="MQSCSnapshot" time="18.844"/>
  <system-out>
<br/> <img src=" E:\Automation\Navigator/Screenshots/ScreenshotsSuccess/MQSCSnapshot.png" alt="""/" />  </system-out>
  <testcase classname="ApodGUI.ProcessViewlet" name="SaveProcessSnapshot" time="7.254"/>
  <system-out>
<br/> <img src=" E:\Automation\Navigator/Screenshots/ScreenshotsSuccess/SaveProcessSnapshot.png" alt="""/" />  </system-out>
  <testcase classname="ApodGUI.ProcessViewlet" name="Properties" time="24.814"/>
  <system-out>
<br/> <img src=" E:\Automation\Navigator/Screenshots/ScreenshotsSuccess/Properties.png" alt="""/" />  </system-out>
  <testcase classname="ApodGUI.ProcessViewlet" name="ProcessEvents" time="66.071"/>
  <system-out>
<br/> <img src=" E:\Automation\Navigator/Screenshots/ScreenshotsSuccess/ProcessEvents.png" alt="""/" />  </system-out>
  <testcase classname="ApodGUI.ProcessViewlet" name="AddToFavoriteViewlet" time="56.935"/>
  <system-out>
<br/> <img src=" E:\Automation\Navigator/Screenshots/ScreenshotsSuccess/AddToFavoriteViewlet.png" alt="""/" />  </system-out>
  <testcase classname="ApodGUI.ProcessViewlet" name="CreateProcess" time="53.687"/>
  <system-out>
<br/> <img src=" E:\Automation\Navigator/Screenshots/ScreenshotsSuccess/CreateProcess.png" alt="""/" />  </system-out>
  <testcase classname="ApodGUI.ProcessViewlet" name="CompareProcessNames" time="27.146"/>
  <system-out>
<br/> <img src=" E:\Automation\Navigator/Screenshots/ScreenshotsSuccess/CompareProcessNames.png" alt="""/" />  </system-out>
  <testcase classname="ApodGUI.ProcessViewlet" name="CheckDifferencesForProcess" time="23.479"/>
  <system-out>
<br/> <img src=" E:\Automation\Navigator/Screenshots/ScreenshotsSuccess/CheckDifferencesForProcess.png" alt="""/" />  </system-out>
  <testcase classname="ApodGUI.ProcessViewlet" name="CopyAsFromCommandsForMultipleProcess" time="75.268"/>
  <system-out>
<br/> <img src=" E:\Automation\Navigator/Screenshots/ScreenshotsSuccess/CopyAsFromCommandsForMultipleProcess.png" alt="""/" />  </system-out>
  <testcase classname="ApodGUI.ProcessViewlet" name="RenameFromCommandsForMultipleProcess" time="93.028"/>
  <system-out>
<br/> <img src=" E:\Automation\Navigator/Screenshots/ScreenshotsSuccess/RenameFromCommandsForMultipleProcess.png" alt="""/" />  </system-out>
  <testcase classname="ApodGUI.ProcessViewlet" name="DeleteFromCommandsForMultipleProcess" time="64.158"/>
  <system-out>
<br/> <img src=" E:\Automation\Navigator/Screenshots/ScreenshotsSuccess/DeleteFromCommandsForMultipleProcess.png" alt="""/" />  </system-out>
  <testcase classname="ApodGUI.ProcessViewlet" name="MultipleProperties" time="81.873"/>
  <system-out>
<br/> <img src=" E:\Automation\Navigator/Screenshots/ScreenshotsSuccess/MultipleProperties.png" alt="""/" />  </system-out>
  <testcase classname="ApodGUI.ProcessViewlet" name="AddToFavoriteForMultipleProcess" time="31.645"/>
  <system-out>
<br/> <img src=" E:\Automation\Navigator/Screenshots/ScreenshotsSuccess/AddToFavoriteForMultipleProcess.png" alt="""/" />  </system-out>
  <testcase classname="ApodGUI.ProcessViewlet" name="Logout" time="27.858"/>
  <system-out/>
</testsuite> <!-- ApodGUI.ProcessViewlet -->
