<?xml version="1.0" encoding="UTF-8"?>
<!-- Generated by org.testng.reporters.JUnitReportReporter -->
<testsuite hostname="DESKTOP-K4AEKHO" failures="0" tests="12" name="NavigatorCore.NavigatorSettings" time="591.875" errors="0" timestamp="2023-05-17T13:44:35 IST" skipped="0">
  <testcase classname="NavigatorCore.NavigatorSettings" name="Login" time="216.991"/>
  <system-out>
<br/> <img src=" E:\Automation\Navigator/Screenshots/ScreenshotsSuccess/Login.png" alt="""/" />  </system-out>
  <testcase classname="NavigatorCore.NavigatorSettings" name="ShowInActiveChannelsCheckbox" time="29.393"/>
  <system-out>
<br/> <img src=" E:\Automation\Navigator/Screenshots/ScreenshotsSuccess/ShowInActiveChannelsCheckbox.png" alt="""/" />  </system-out>
  <testcase classname="NavigatorCore.NavigatorSettings" name="ShowEmptyQueuesCheckbox" time="11.459"/>
  <system-out>
<br/> <img src=" E:\Automation\Navigator/Screenshots/ScreenshotsSuccess/ShowEmptyQueuesCheckbox.png" alt="""/" />  </system-out>
  <testcase classname="NavigatorCore.NavigatorSettings" name="ShowTemporaryDynamicQueues" time="39.759"/>
  <system-out>
<br/> <img src=" E:\Automation\Navigator/Screenshots/ScreenshotsSuccess/ShowTemporaryDynamicQueues.png" alt="""/" />  </system-out>
  <testcase classname="NavigatorCore.NavigatorSettings" name="ShowFullNamesForFavoriteShortcuts" time="40.282"/>
  <system-out>
<br/> <img src=" E:\Automation\Navigator/Screenshots/ScreenshotsSuccess/ShowFullNamesForFavoriteShortcuts.png" alt="""/" />  </system-out>
  <testcase classname="NavigatorCore.NavigatorSettings" name="ShowFullNamesForSearchResultsObjects" time="34.516"/>
  <system-out>
<br/> <img src=" E:\Automation\Navigator/Screenshots/ScreenshotsSuccess/ShowFullNamesForSearchResultsObjects.png" alt="""/" />  </system-out>
  <testcase classname="NavigatorCore.NavigatorSettings" name="ShowSystemObjectsOnly" time="21.999"/>
  <system-out>
<br/> <img src=" E:\Automation\Navigator/Screenshots/ScreenshotsSuccess/ShowSystemObjectsOnly.png" alt="""/" />  </system-out>
  <testcase classname="NavigatorCore.NavigatorSettings" name="ShowObjectSearchresultsFromActiveManagersOnly" time="36.330"/>
  <system-out>
<br/> <img src=" E:\Automation\Navigator/Screenshots/ScreenshotsSuccess/ShowObjectSearchresultsFromActiveManagersOnly.png" alt="""/" />  </system-out>
  <testcase classname="NavigatorCore.NavigatorSettings" name="ShowManagersForDefaultSchemas" time="25.853"/>
  <system-out>
<br/> <img src=" E:\Automation\Navigator/Screenshots/ScreenshotsSuccess/ShowManagersForDefaultSchemas.png" alt="""/" />  </system-out>
  <testcase classname="NavigatorCore.NavigatorSettings" name="ShowLogoutWindow" time="25.606"/>
  <system-out/>
  <testcase classname="NavigatorCore.NavigatorSettings" name="CollapseAllViewletOnLogin" time="51.445"/>
  <system-out>
<br/> <img src=" E:\Automation\Navigator/Screenshots/ScreenshotsSuccess/CollapseAllViewletOnLogin.png" alt="""/" />  </system-out>
  <testcase classname="NavigatorCore.NavigatorSettings" name="Logout" time="58.242"/>
  <system-out/>
</testsuite> <!-- NavigatorCore.NavigatorSettings -->
