<?xml version="1.0" encoding="UTF-8"?>
<!-- Generated by org.testng.reporters.JUnitReportReporter -->
<testsuite hostname="DESKTOP-9QJNAOQ" failures="0" tests="5" name="ApodGUI.ClusterQueueManager" time="284.609" errors="0" timestamp="29 Jul 2022 05:59:35 GMT" skipped="0">
  <testcase classname="ApodGUI.ClusterQueueManager" name="Login" time="100.719"/>
  <testcase classname="ApodGUI.ClusterQueueManager" name="AddClusterQueueManagerViewlet" time="38.875"/>
  <testcase classname="ApodGUI.ClusterQueueManager" name="AddToFavoriteViewlet" time="80.658"/>
  <testcase classname="ApodGUI.ClusterQueueManager" name="AddToFavoriteForMultipleClusterQMs" time="36.464"/>
  <testcase classname="ApodGUI.ClusterQueueManager" name="Logout" time="27.893"/>
</testsuite> <!-- ApodGUI.ClusterQueueManager -->
