<?xml version="1.0" encoding="UTF-8"?>
<!-- Generated by org.testng.reporters.JUnitReportReporter -->
<testsuite hostname="DESKTOP-9QJNAOQ" failures="0" tests="5" name="ApodGUI.QueueMessages" time="324.724" errors="0" timestamp="10 Feb 2022 08:59:01 GMT" skipped="0">
  <testcase classname="ApodGUI.QueueMessages" name="Login" time="143.368"/>
  <testcase classname="ApodGUI.QueueMessages" name="PutMessageUsingJsonFile" time="56.267"/>
  <testcase classname="ApodGUI.QueueMessages" name="PutMessageUsingXMLFile" time="55.167"/>
  <testcase classname="ApodGUI.QueueMessages" name="PutHexMessageIntoQueue" time="42.890"/>
  <testcase classname="ApodGUI.QueueMessages" name="Logout" time="27.032"/>
</testsuite> <!-- ApodGUI.QueueMessages -->
