<?xml version="1.0" encoding="UTF-8"?>
<!-- Generated by org.testng.reporters.JUnitReportReporter -->
<testsuite hostname="DESKTOP-9QJNAOQ" failures="0" tests="9" name="NavigatorCore.MenuBarIcons" time="164.451" errors="0" timestamp="11 Feb 2022 12:57:30 GMT" skipped="0">
  <testcase classname="NavigatorCore.MenuBarIcons" name="Login" time="25.083"/>
  <testcase classname="NavigatorCore.MenuBarIcons" name="LoginUsername" time="2.894"/>
  <testcase classname="NavigatorCore.MenuBarIcons" name="RequestHistoryIcon" time="17.252"/>
  <testcase classname="NavigatorCore.MenuBarIcons" name="SchedularIcon" time="11.860"/>
  <testcase classname="NavigatorCore.MenuBarIcons" name="SchedularColumnbutton" time="31.080"/>
  <testcase classname="NavigatorCore.MenuBarIcons" name="SecurityManagerIcon" time="24.623"/>
  <testcase classname="NavigatorCore.MenuBarIcons" name="HelpIcon" time="26.704"/>
  <testcase classname="NavigatorCore.MenuBarIcons" name="AboutIcon" time="15.097"/>
  <testcase classname="NavigatorCore.MenuBarIcons" name="Logout" time="9.858"/>
</testsuite> <!-- NavigatorCore.MenuBarIcons -->
