<?xml version="1.0" encoding="UTF-8"?>
<!-- Generated by org.testng.reporters.JUnitReportReporter -->
<testsuite hostname="DESKTOP-K4AEKHO" failures="0" tests="9" name="NavigatorCore.ManageDashboardOptions" time="139.229" errors="0" timestamp="2023-05-17T13:34:00 IST" skipped="0">
  <testcase classname="NavigatorCore.ManageDashboardOptions" name="Login" time="31.168"/>
  <system-out>
<br/> <img src=" E:\Automation\Navigator/Screenshots/ScreenshotsSuccess/Login.png" alt="""/" />  </system-out>
  <testcase classname="NavigatorCore.ManageDashboardOptions" name="CreareDashboardUsingNewButton" time="17.335"/>
  <system-out>
<br/> <img src=" E:\Automation\Navigator/Screenshots/ScreenshotsSuccess/CreareDashboardUsingNewButton.png" alt="""/" />  </system-out>
  <testcase classname="NavigatorCore.ManageDashboardOptions" name="RenameDashboardUsingRenamebutton" time="17.386"/>
  <system-out>
<br/> <img src=" E:\Automation\Navigator/Screenshots/ScreenshotsSuccess/RenameDashboardUsingRenamebutton.png" alt="""/" />  </system-out>
  <testcase classname="NavigatorCore.ManageDashboardOptions" name="CreateTagUsingAddButton" time="19.622"/>
  <system-out>
<br/> <img src=" E:\Automation\Navigator/Screenshots/ScreenshotsSuccess/CreateTagUsingAddButton.png" alt="""/" />  </system-out>
  <testcase classname="NavigatorCore.ManageDashboardOptions" name="UpdateTagNameUsingEditButton" time="13.488"/>
  <system-out>
<br/> <img src=" E:\Automation\Navigator/Screenshots/ScreenshotsSuccess/UpdateTagNameUsingEditButton.png" alt="""/" />  </system-out>
  <testcase classname="NavigatorCore.ManageDashboardOptions" name="DeleteTagUsingDeleteButton" time="16.309"/>
  <system-out>
<br/> <img src=" E:\Automation\Navigator/Screenshots/ScreenshotsSuccess/DeleteTagUsingDeleteButton.png" alt="""/" />  </system-out>
  <testcase classname="NavigatorCore.ManageDashboardOptions" name="ExportDashboard" time="7.022"/>
  <system-out>
<br/> <img src=" E:\Automation\Navigator/Screenshots/ScreenshotsSuccess/ExportDashboard.png" alt="""/" />  </system-out>
  <testcase classname="NavigatorCore.ManageDashboardOptions" name="DeleteDashboardUsingDeleteButton" time="10.811"/>
  <system-out>
<br/> <img src=" E:\Automation\Navigator/Screenshots/ScreenshotsSuccess/DeleteDashboardUsingDeleteButton.png" alt="""/" />  </system-out>
  <testcase classname="NavigatorCore.ManageDashboardOptions" name="Logout" time="6.088"/>
  <system-out/>
</testsuite> <!-- NavigatorCore.ManageDashboardOptions -->
