<?xml version="1.0" encoding="UTF-8"?>
<!-- Generated by org.testng.reporters.JUnitReportReporter -->
<testsuite hostname="DESKTOP-K4AEKHO" failures="0" tests="4" name="NavigatorCore.Display_Schemas" time="123.901" errors="0" timestamp="2023-06-01T13:20:14 IST" skipped="0">
  <testcase classname="NavigatorCore.Display_Schemas" name="Login" time="22.536"/>
  <system-out/>
  <testcase classname="NavigatorCore.Display_Schemas" name="CreateSchema" time="45.853"/>
  <system-out/>
  <testcase classname="NavigatorCore.Display_Schemas" name="Changeowner" time="49.033"/>
  <system-out/>
  <testcase classname="NavigatorCore.Display_Schemas" name="Logout" time="6.479"/>
  <system-out/>
</testsuite> <!-- NavigatorCore.Display_Schemas -->
