<?xml version="1.0" encoding="UTF-8"?>
<!-- Generated by org.testng.reporters.JUnitReportReporter -->
<testsuite hostname="DESKTOP-9QJNAOQ" failures="0" tests="21" name="ApodGUI.ProcessViewlet" time="880.715" errors="0" timestamp="02 Feb 2022 10:21:57 GMT" skipped="0">
  <testcase classname="ApodGUI.ProcessViewlet" name="Login" time="49.009"/>
  <testcase classname="ApodGUI.ProcessViewlet" name="AddProcessViewlet" time="36.323"/>
  <testcase classname="ApodGUI.ProcessViewlet" name="CreateProcessFromPlusIcon" time="44.006"/>
  <testcase classname="ApodGUI.ProcessViewlet" name="CopyAsFromCommands" time="55.364"/>
  <testcase classname="ApodGUI.ProcessViewlet" name="RenameFromCommands" time="62.705"/>
  <testcase classname="ApodGUI.ProcessViewlet" name="DeleteFromCommands" time="32.528"/>
  <testcase classname="ApodGUI.ProcessViewlet" name="MQSCSnapshot" time="17.695"/>
  <testcase classname="ApodGUI.ProcessViewlet" name="SaveProcessSnapshot" time="9.090"/>
  <testcase classname="ApodGUI.ProcessViewlet" name="Properties" time="25.743"/>
  <testcase classname="ApodGUI.ProcessViewlet" name="ProcessEvents" time="41.212"/>
  <testcase classname="ApodGUI.ProcessViewlet" name="AddToFavoriteViewlet" time="43.631"/>
  <testcase classname="ApodGUI.ProcessViewlet" name="CreateProcess" time="52.350"/>
  <testcase classname="ApodGUI.ProcessViewlet" name="CompareProcessNames" time="27.053"/>
  <testcase classname="ApodGUI.ProcessViewlet" name="CheckDifferencesForProcess" time="22.928"/>
  <testcase classname="ApodGUI.ProcessViewlet" name="CopyAsFromCommandsForMultipleProcess" time="44.646"/>
  <testcase classname="ApodGUI.ProcessViewlet" name="RenameFromCommandsForMultipleProcess" time="61.587"/>
  <testcase classname="ApodGUI.ProcessViewlet" name="DeleteFromCommandsForMultipleProcess" time="32.275"/>
  <testcase classname="ApodGUI.ProcessViewlet" name="MultipleProperties" time="68.317"/>
  <testcase classname="ApodGUI.ProcessViewlet" name="AddToFavoriteForMultipleProcess" time="27.616"/>
  <testcase classname="ApodGUI.ProcessViewlet" name="ShowObjectAttributesForProcess" time="97.162"/>
  <testcase classname="ApodGUI.ProcessViewlet" name="Logout" time="29.475"/>
</testsuite> <!-- ApodGUI.ProcessViewlet -->
