<?xml version="1.0" encoding="UTF-8"?>
<!-- Generated by org.testng.reporters.JUnitReportReporter -->
<testsuite hostname="DESKTOP-9QJNAOQ" failures="0" tests="6" name="ApodGUI.QueueProperties" time="634.154" errors="0" timestamp="09 Aug 2022 09:23:19 GMT" skipped="0">
  <testcase classname="ApodGUI.QueueProperties" name="Login" time="136.957"/>
  <testcase classname="ApodGUI.QueueProperties" name="PutMessageInInhibitedQueue" time="86.942"/>
  <testcase classname="ApodGUI.QueueProperties" name="GetMessageFromInhibitedQueue" time="88.251"/>
  <testcase classname="ApodGUI.QueueProperties" name="MaximumQueueDepth" time="150.677"/>
  <testcase classname="ApodGUI.QueueProperties" name="MessageLength" time="142.012"/>
  <testcase classname="ApodGUI.QueueProperties" name="Logout" time="29.315"/>
</testsuite> <!-- ApodGUI.QueueProperties -->
