<?xml version="1.0" encoding="UTF-8"?>
<!-- Generated by org.testng.reporters.JUnitReportReporter -->
<testsuite skipped="0" hostname="DESKTOP-9QJNAOQ" name="ApodGUI.ChannelAuthRecordsViewlet" tests="16" failures="0" timestamp="05 Jan 2022 12:40:59 GMT" time="840.378" errors="1">
  <testcase name="Login" time="57.595" classname="ApodGUI.ChannelAuthRecordsViewlet"/>
  <testcase name="AddChannelAuthrecordsViewlet" time="41.607" classname="ApodGUI.ChannelAuthRecordsViewlet"/>
  <testcase name="CreateChannelAuthRecordFromOptions" time="63.441" classname="ApodGUI.ChannelAuthRecordsViewlet"/>
  <testcase name="DeleteChannelAuthRecordFromCommands" time="38.803" classname="ApodGUI.ChannelAuthRecordsViewlet">
    <error type="org.openqa.selenium.InvalidSelectorException" message="invalid selector: Unable to locate an element with the xpath expression Channel auth record delete failed because of the following error:
SyntaxError: Failed to execute &#039;evaluate&#039; on &#039;Document&#039;: The string &#039;Channel auth record delete failed&#039; is not a valid XPath expression.
  (Session info: chrome=96.0.4664.110)
For documentation on this error, please visit: https://selenium.dev/exceptions/#invalid_selector_exception
Build info: version: &#039;4.0.0&#039;, revision: &#039;3a21814679&#039;
System info: host: &#039;DESKTOP-9QJNAOQ&#039;, ip: &#039;192.168.43.213&#039;, os.name: &#039;Windows 10&#039;, os.arch: &#039;amd64&#039;, os.version: &#039;10.0&#039;, java.version: &#039;1.8.0_311&#039;
Driver info: org.openqa.selenium.chrome.ChromeDriver
Command: [9cf51f2ce374a8757ea0f4fd21397d69, findElement {using=xpath, value=Channel auth record delete failed}]
Capabilities {acceptInsecureCerts: false, browserName: chrome, browserVersion: 96.0.4664.110, chrome: {chromedriverVersion: 96.0.4664.45 (76e4c1bb2ab46..., userDataDir: C:\Users\Nagaraju\AppData\L...}, goog:chromeOptions: {debuggerAddress: localhost:54165}, javascriptEnabled: true, networkConnectionEnabled: false, pageLoadStrategy: normal, platform: WINDOWS, platformName: WINDOWS, proxy: Proxy(), se:cdp: ws://localhost:54165/devtoo..., se:cdpVersion: 96.0.4664.110, setWindowRect: true, strictFileInteractability: false, timeouts: {implicit: 0, pageLoad: 300000, script: 30000}, unhandledPromptBehavior: dismiss and notify, webauthn:extension:credBlob: true, webauthn:extension:largeBlob: true, webauthn:virtualAuthenticators: true}
Session ID: 9cf51f2ce374a8757ea0f4fd21397d69">
      <![CDATA[org.openqa.selenium.InvalidSelectorException: invalid selector: Unable to locate an element with the xpath expression Channel auth record delete failed because of the following error:
SyntaxError: Failed to execute 'evaluate' on 'Document': The string 'Channel auth record delete failed' is not a valid XPath expression.
  (Session info: chrome=96.0.4664.110)
For documentation on this error, please visit: https://selenium.dev/exceptions/#invalid_selector_exception
Build info: version: '4.0.0', revision: '3a21814679'
System info: host: 'DESKTOP-9QJNAOQ', ip: '192.168.43.213', os.name: 'Windows 10', os.arch: 'amd64', os.version: '10.0', java.version: '1.8.0_311'
Driver info: org.openqa.selenium.chrome.ChromeDriver
Command: [9cf51f2ce374a8757ea0f4fd21397d69, findElement {using=xpath, value=Channel auth record delete failed}]
Capabilities {acceptInsecureCerts: false, browserName: chrome, browserVersion: 96.0.4664.110, chrome: {chromedriverVersion: 96.0.4664.45 (76e4c1bb2ab46..., userDataDir: C:\Users\Nagaraju\AppData\L...}, goog:chromeOptions: {debuggerAddress: localhost:54165}, javascriptEnabled: true, networkConnectionEnabled: false, pageLoadStrategy: normal, platform: WINDOWS, platformName: WINDOWS, proxy: Proxy(), se:cdp: ws://localhost:54165/devtoo..., se:cdpVersion: 96.0.4664.110, setWindowRect: true, strictFileInteractability: false, timeouts: {implicit: 0, pageLoad: 300000, script: 30000}, unhandledPromptBehavior: dismiss and notify, webauthn:extension:credBlob: true, webauthn:extension:largeBlob: true, webauthn:virtualAuthenticators: true}
Session ID: 9cf51f2ce374a8757ea0f4fd21397d69
	at sun.reflect.NativeConstructorAccessorImpl.newInstance0(Native Method)
	at sun.reflect.NativeConstructorAccessorImpl.newInstance(Unknown Source)
	at sun.reflect.DelegatingConstructorAccessorImpl.newInstance(Unknown Source)
	at java.lang.reflect.Constructor.newInstance(Unknown Source)
	at org.openqa.selenium.remote.codec.w3c.W3CHttpResponseCodec.createException(W3CHttpResponseCodec.java:200)
	at org.openqa.selenium.remote.codec.w3c.W3CHttpResponseCodec.decode(W3CHttpResponseCodec.java:133)
	at org.openqa.selenium.remote.codec.w3c.W3CHttpResponseCodec.decode(W3CHttpResponseCodec.java:53)
	at org.openqa.selenium.remote.HttpCommandExecutor.execute(HttpCommandExecutor.java:184)
	at org.openqa.selenium.remote.service.DriverCommandExecutor.invokeExecute(DriverCommandExecutor.java:164)
	at org.openqa.selenium.remote.service.DriverCommandExecutor.execute(DriverCommandExecutor.java:139)
	at org.openqa.selenium.remote.RemoteWebDriver.execute(RemoteWebDriver.java:559)
	at org.openqa.selenium.remote.ElementLocation$ElementFinder$2.findElement(ElementLocation.java:162)
	at org.openqa.selenium.remote.ElementLocation.findElement(ElementLocation.java:60)
	at org.openqa.selenium.remote.RemoteWebDriver.findElement(RemoteWebDriver.java:383)
	at org.openqa.selenium.remote.RemoteWebDriver.findElement(RemoteWebDriver.java:375)
	at ApodGUI.ChannelAuthRecordsViewlet.DeleteChannelAuthRecordFromCommands(ChannelAuthRecordsViewlet.java:286)
	at sun.reflect.NativeMethodAccessorImpl.invoke0(Native Method)
	at sun.reflect.NativeMethodAccessorImpl.invoke(Unknown Source)
	at sun.reflect.DelegatingMethodAccessorImpl.invoke(Unknown Source)
	at java.lang.reflect.Method.invoke(Unknown Source)
	at org.testng.internal.MethodInvocationHelper.invokeMethod(MethodInvocationHelper.java:108)
	at org.testng.internal.Invoker.invokeMethod(Invoker.java:661)
	at org.testng.internal.Invoker.invokeTestMethod(Invoker.java:869)
	at org.testng.internal.Invoker.invokeTestMethods(Invoker.java:1193)
	at org.testng.internal.TestMethodWorker.invokeTestMethods(TestMethodWorker.java:126)
	at org.testng.internal.TestMethodWorker.run(TestMethodWorker.java:109)
	at org.testng.TestRunner.privateRun(TestRunner.java:744)
	at org.testng.TestRunner.run(TestRunner.java:602)
	at org.testng.SuiteRunner.runTest(SuiteRunner.java:380)
	at org.testng.SuiteRunner.runSequentially(SuiteRunner.java:375)
	at org.testng.SuiteRunner.privateRun(SuiteRunner.java:340)
	at org.testng.SuiteRunner.run(SuiteRunner.java:289)
	at org.testng.SuiteRunnerWorker.runSuite(SuiteRunnerWorker.java:52)
	at org.testng.SuiteRunnerWorker.run(SuiteRunnerWorker.java:86)
	at org.testng.TestNG.runSuitesSequentially(TestNG.java:1301)
	at org.testng.TestNG.runSuitesLocally(TestNG.java:1226)
	at org.testng.TestNG.runSuites(TestNG.java:1144)
	at org.testng.TestNG.run(TestNG.java:1115)
	at org.testng.remote.AbstractRemoteTestNG.run(AbstractRemoteTestNG.java:115)
	at org.testng.remote.RemoteTestNG.initAndRun(RemoteTestNG.java:251)
	at org.testng.remote.RemoteTestNG.main(RemoteTestNG.java:77)
]]>
    </error>
  </testcase> <!-- DeleteChannelAuthRecordFromCommands -->
  <testcase name="MQSCSnapshot" time="21.767" classname="ApodGUI.ChannelAuthRecordsViewlet"/>
  <testcase name="SaveChannelAuthSnapshot" time="13.328" classname="ApodGUI.ChannelAuthRecordsViewlet"/>
  <testcase name="ChannelAuthProperties" time="38.554" classname="ApodGUI.ChannelAuthRecordsViewlet"/>
  <testcase name="ChannelAuthEvents" time="44.253" classname="ApodGUI.ChannelAuthRecordsViewlet"/>
  <testcase name="AddToFavoriteViewlet" time="64.840" classname="ApodGUI.ChannelAuthRecordsViewlet"/>
  <testcase name="CreateChannelAuthRecordFromPlusIcon" time="95.430" classname="ApodGUI.ChannelAuthRecordsViewlet"/>
  <testcase name="CompareChannelAuths" time="24.776" classname="ApodGUI.ChannelAuthRecordsViewlet"/>
  <testcase name="CheckDifferencesForChannelAuths" time="23.979" classname="ApodGUI.ChannelAuthRecordsViewlet"/>
  <testcase name="MultipleChannelAuthRecordsProperties" time="87.952" classname="ApodGUI.ChannelAuthRecordsViewlet"/>
  <testcase name="AddToFavoriteForMultipleChannelAuthRecords" time="35.722" classname="ApodGUI.ChannelAuthRecordsViewlet"/>
  <testcase name="ShowObjectAttributes" time="158.653" classname="ApodGUI.ChannelAuthRecordsViewlet"/>
  <testcase name="Logout" time="29.678" classname="ApodGUI.ChannelAuthRecordsViewlet"/>
</testsuite> <!-- ApodGUI.ChannelAuthRecordsViewlet -->
