<?xml version="1.0" encoding="UTF-8"?>
<!-- Generated by org.testng.reporters.JUnitReportReporter -->
<testsuite hostname="DESKTOP-9QJNAOQ" failures="0" tests="14" name="EMS.RouteViewlet" time="555.458" errors="0" timestamp="21 Jun 2022 09:42:38 GMT" skipped="0">
  <testcase classname="EMS.RouteViewlet" name="Login" time="37.015"/>
  <testcase classname="EMS.RouteViewlet" name="AddRouteViewlet" time="41.567"/>
  <testcase classname="EMS.RouteViewlet" name="AddRouteFromPlusIcon" time="48.710"/>
  <testcase classname="EMS.RouteViewlet" name="RouteStatus" time="18.260"/>
  <testcase classname="EMS.RouteViewlet" name="DeleteCommand" time="33.878"/>
  <testcase classname="EMS.RouteViewlet" name="Properties" time="23.898"/>
  <testcase classname="EMS.RouteViewlet" name="RouteEvents" time="56.044"/>
  <testcase classname="EMS.RouteViewlet" name="AddToFavoriteViewlet" time="34.070"/>
  <testcase classname="EMS.RouteViewlet" name="CompareRoutes" time="26.824"/>
  <testcase classname="EMS.RouteViewlet" name="CheckDifferencesForRoutes" time="23.085"/>
  <testcase classname="EMS.RouteViewlet" name="MultipleProperties" time="64.908"/>
  <testcase classname="EMS.RouteViewlet" name="AddToFavoriteForMultipleRoutes" time="35.152"/>
  <testcase classname="EMS.RouteViewlet" name="ShowObjectAttributesForRoute" time="82.141"/>
  <testcase classname="EMS.RouteViewlet" name="Logout" time="29.906"/>
</testsuite> <!-- EMS.RouteViewlet -->
