<?xml version="1.0" encoding="UTF-8"?>
<!-- Generated by org.testng.reporters.JUnitReportReporter -->
<testsuite hostname="DESKTOP-K4AEKHO" failures="0" tests="16" name="ApodGUI.ChannelAuthRecordsViewlet" time="980.024" errors="1" timestamp="2023-09-06T18:35:42 IST" skipped="0">
  <testcase classname="ApodGUI.ChannelAuthRecordsViewlet" name="Login" time="167.263"/>
  <system-out>
<br/> <img src=" E:\Automation\Navigator/Screenshots/ScreenshotsSuccess/Login.png" alt="""/" />  </system-out>
  <testcase classname="ApodGUI.ChannelAuthRecordsViewlet" name="AddChannelAuthrecordsViewlet" time="42.112"/>
  <system-out>
<br/> <img src=" E:\Automation\Navigator/Screenshots/ScreenshotsSuccess/AddChannelAuthrecordsViewlet.png" alt="""/" />  </system-out>
  <testcase classname="ApodGUI.ChannelAuthRecordsViewlet" name="CreateChannelAuthRecordFromOptions" time="102.560"/>
  <system-out>
<br/> <img src=" E:\Automation\Navigator/Screenshots/ScreenshotsSuccess/CreateChannelAuthRecordFromOptions.png" alt="""/" />  </system-out>
  <testcase classname="ApodGUI.ChannelAuthRecordsViewlet" name="DeleteChannelAuthRecordFromCommands" time="120.248"/>
  <system-out>
<br/> <img src=" E:\Automation\Navigator/Screenshots/ScreenshotsSuccess/DeleteChannelAuthRecordFromCommands.png" alt="""/" />  </system-out>
  <testcase classname="ApodGUI.ChannelAuthRecordsViewlet" name="MQSCSnapshot" time="20.534"/>
  <system-out>
<br/> <img src=" E:\Automation\Navigator/Screenshots/ScreenshotsSuccess/MQSCSnapshot.png" alt="""/" />  </system-out>
  <testcase classname="ApodGUI.ChannelAuthRecordsViewlet" name="SaveChannelAuthSnapshot" time="16.210"/>
  <system-out>
<br/> <img src=" E:\Automation\Navigator/Screenshots/ScreenshotsSuccess/SaveChannelAuthSnapshot.png" alt="""/" />  </system-out>
  <testcase classname="ApodGUI.ChannelAuthRecordsViewlet" name="ChannelAuthProperties" time="41.509"/>
  <system-out>
<br/> <img src=" E:\Automation\Navigator/Screenshots/ScreenshotsSuccess/ChannelAuthProperties.png" alt="""/" />  </system-out>
  <testcase classname="ApodGUI.ChannelAuthRecordsViewlet" name="ChannelAuthEvents" time="47.602"/>
  <system-out>
<br/> <img src=" E:\Automation\Navigator/Screenshots/ScreenshotsSuccess/ChannelAuthEvents.png" alt="""/" />  </system-out>
  <testcase classname="ApodGUI.ChannelAuthRecordsViewlet" name="AddToFavoriteViewlet" time="124.834"/>
  <system-out>
<br/> <img src=" E:\Automation\Navigator/Screenshots/ScreenshotsSuccess/AddToFavoriteViewlet.png" alt="""/" />  </system-out>
  <testcase classname="ApodGUI.ChannelAuthRecordsViewlet" name="CreateChannelAuthRecordFromPlusIcon" time="0.947">
    <error message="
Parameter &#039;UserList&#039; is required by @Test on method CreateChannelAuthRecordFromPlusIcon but has not been marked @Optional or defined
in E:\Automation\Navigator\IBMChannelAuthRecords.xml" type="org.testng.TestNGException">
      <![CDATA[org.testng.TestNGException: 
Parameter 'UserList' is required by @Test on method CreateChannelAuthRecordFromPlusIcon but has not been marked @Optional or defined
in E:\Automation\Navigator\IBMChannelAuthRecords.xml
at org.testng.internal.Parameters.createParams(Parameters.java:268)
at org.testng.internal.Parameters.createParametersForMethod(Parameters.java:356)
at org.testng.internal.Parameters.createParameters(Parameters.java:700)
at org.testng.internal.Parameters.handleParameters(Parameters.java:875)
at org.testng.internal.Parameters.handleParameters(Parameters.java:740)
at org.testng.internal.ParameterHandler.handleParameters(ParameterHandler.java:59)
at org.testng.internal.ParameterHandler.createParameters(ParameterHandler.java:38)
at org.testng.internal.TestInvoker$MethodInvocationAgent.invoke(TestInvoker.java:789)
at org.testng.internal.TestInvoker.invokeTestMethods(TestInvoker.java:147)
at org.testng.internal.TestMethodWorker.invokeTestMethods(TestMethodWorker.java:146)
at org.testng.internal.TestMethodWorker.run(TestMethodWorker.java:128)
at java.base/java.util.ArrayList.forEach(ArrayList.java:1541)
at org.testng.TestRunner.privateRun(TestRunner.java:764)
at org.testng.TestRunner.run(TestRunner.java:585)
at org.testng.SuiteRunner.runTest(SuiteRunner.java:384)
at org.testng.SuiteRunner.runSequentially(SuiteRunner.java:378)
at org.testng.SuiteRunner.privateRun(SuiteRunner.java:337)
at org.testng.SuiteRunner.run(SuiteRunner.java:286)
at org.testng.SuiteRunnerWorker.runSuite(SuiteRunnerWorker.java:53)
at org.testng.SuiteRunnerWorker.run(SuiteRunnerWorker.java:96)
at org.testng.TestNG.runSuitesSequentially(TestNG.java:1218)
at org.testng.TestNG.runSuitesLocally(TestNG.java:1140)
at org.testng.TestNG.runSuites(TestNG.java:1069)
at org.testng.TestNG.run(TestNG.java:1037)
at org.testng.remote.AbstractRemoteTestNG.run(AbstractRemoteTestNG.java:115)
at org.testng.remote.RemoteTestNG.initAndRun(RemoteTestNG.java:251)
at org.testng.remote.RemoteTestNG.main(RemoteTestNG.java:77)
]]>
    </error>
  </testcase> <!-- CreateChannelAuthRecordFromPlusIcon -->
  <system-out/>
  <testcase classname="ApodGUI.ChannelAuthRecordsViewlet" name="CompareChannelAuths" time="28.443"/>
  <system-out>
<br/> <img src=" E:\Automation\Navigator/Screenshots/ScreenshotsSuccess/CompareChannelAuths.png" alt="""/" />  </system-out>
  <testcase classname="ApodGUI.ChannelAuthRecordsViewlet" name="CheckDifferencesForChannelAuths" time="24.533"/>
  <system-out>
<br/> <img src=" E:\Automation\Navigator/Screenshots/ScreenshotsSuccess/CheckDifferencesForChannelAuths.png" alt="""/" />  </system-out>
  <testcase classname="ApodGUI.ChannelAuthRecordsViewlet" name="MultipleChannelAuthRecordsProperties" time="140.431"/>
  <system-out>
<br/> <img src=" E:\Automation\Navigator/Screenshots/ScreenshotsSuccess/MultipleChannelAuthRecordsProperties.png" alt="""/" />  </system-out>
  <testcase classname="ApodGUI.ChannelAuthRecordsViewlet" name="AddToFavoriteForMultipleChannelAuthRecords" time="54.072"/>
  <system-out>
<br/> <img src=" E:\Automation\Navigator/Screenshots/ScreenshotsSuccess/AddToFavoriteForMultipleChannelAuthRecords.png" alt="""/" />  </system-out>
  <testcase classname="ApodGUI.ChannelAuthRecordsViewlet" name="ShowObjectAttributes" time="22.085"/>
  <system-out>
<br/> <img src=" E:\Automation\Navigator/Screenshots/ScreenshotsSuccess/ShowObjectAttributes.png" alt="""/" />  </system-out>
  <testcase classname="ApodGUI.ChannelAuthRecordsViewlet" name="Logout" time="26.641"/>
  <system-out/>
</testsuite> <!-- ApodGUI.ChannelAuthRecordsViewlet -->
