<?xml version="1.0" encoding="UTF-8"?>
<!-- Generated by org.testng.reporters.JUnitReportReporter -->
<testsuite skipped="0" hostname="LAPTOP-P3LD1OLC" name="IIB.IIBServersViewlet" tests="4" failures="0" timestamp="2021-06-01T18:56:46 IST" time="387.385" errors="0">
  <testcase name="Login" time="32.992" classname="IIB.IIBServersViewlet"/>
  <system-out>
<br/> <img src=" F:\Automation\Navigator/Screenshots/ScreenshotsSuccess/Login.png" alt="""/" />  </system-out>
  <testcase name="AddIIBServerViewlet" time="43.158" classname="IIB.IIBServersViewlet"/>
  <system-out>
<br/> <img src=" F:\Automation\Navigator/Screenshots/ScreenshotsSuccess/AddIIBServerViewlet.png" alt="""/" />  </system-out>
  <testcase name="ShowObjectAttributesForIIBServer" time="302.482" classname="IIB.IIBServersViewlet"/>
  <system-out>
<br/> <img src=" F:\Automation\Navigator/Screenshots/ScreenshotsSuccess/ShowObjectAttributesForIIBServer.png" alt="""/" />  </system-out>
  <testcase name="Logout" time="8.753" classname="IIB.IIBServersViewlet"/>
  <system-out/>
</testsuite> <!-- IIB.IIBServersViewlet -->
