<?xml version="1.0" encoding="UTF-8"?>
<!-- Generated by org.testng.reporters.JUnitReportReporter -->
<testsuite hostname="DESKTOP-K4AEKHO" failures="0" tests="12" name="NavigatorCore.NavigatorSettings" time="1070.970" errors="0" timestamp="2023-06-20T16:35:25 IST" skipped="0">
  <testcase classname="NavigatorCore.NavigatorSettings" name="Login" time="447.070"/>
  <system-out>
<br/> <img src=" E:\Automation\Navigator/Screenshots/ScreenshotsSuccess/Login.png" alt="""/" />  </system-out>
  <testcase classname="NavigatorCore.NavigatorSettings" name="ShowInActiveChannelsCheckbox" time="50.490"/>
  <system-out>
<br/> <img src=" E:\Automation\Navigator/Screenshots/ScreenshotsSuccess/ShowInActiveChannelsCheckbox.png" alt="""/" />  </system-out>
  <testcase classname="NavigatorCore.NavigatorSettings" name="ShowEmptyQueuesCheckbox" time="25.637"/>
  <system-out>
<br/> <img src=" E:\Automation\Navigator/Screenshots/ScreenshotsSuccess/ShowEmptyQueuesCheckbox.png" alt="""/" />  </system-out>
  <testcase classname="NavigatorCore.NavigatorSettings" name="ShowTemporaryDynamicQueues" time="75.080"/>
  <system-out>
<br/> <img src=" E:\Automation\Navigator/Screenshots/ScreenshotsSuccess/ShowTemporaryDynamicQueues.png" alt="""/" />  </system-out>
  <testcase classname="NavigatorCore.NavigatorSettings" name="ShowFullNamesForFavoriteShortcuts" time="75.567"/>
  <system-out>
<br/> <img src=" E:\Automation\Navigator/Screenshots/ScreenshotsSuccess/ShowFullNamesForFavoriteShortcuts.png" alt="""/" />  </system-out>
  <testcase classname="NavigatorCore.NavigatorSettings" name="ShowFullNamesForSearchResultsObjects" time="46.909"/>
  <system-out>
<br/> <img src=" E:\Automation\Navigator/Screenshots/ScreenshotsSuccess/ShowFullNamesForSearchResultsObjects.png" alt="""/" />  </system-out>
  <testcase classname="NavigatorCore.NavigatorSettings" name="ShowSystemObjectsOnly" time="35.284"/>
  <system-out>
<br/> <img src=" E:\Automation\Navigator/Screenshots/ScreenshotsSuccess/ShowSystemObjectsOnly.png" alt="""/" />  </system-out>
  <testcase classname="NavigatorCore.NavigatorSettings" name="ShowObjectSearchresultsFromActiveManagersOnly" time="68.656"/>
  <system-out>
<br/> <img src=" E:\Automation\Navigator/Screenshots/ScreenshotsSuccess/ShowObjectSearchresultsFromActiveManagersOnly.png" alt="""/" />  </system-out>
  <testcase classname="NavigatorCore.NavigatorSettings" name="ShowManagersForDefaultSchemas" time="43.916"/>
  <system-out>
<br/> <img src=" E:\Automation\Navigator/Screenshots/ScreenshotsSuccess/ShowManagersForDefaultSchemas.png" alt="""/" />  </system-out>
  <testcase classname="NavigatorCore.NavigatorSettings" name="ShowLogoutWindow" time="37.605"/>
  <system-out/>
  <testcase classname="NavigatorCore.NavigatorSettings" name="CollapseAllViewletOnLogin" time="78.592"/>
  <system-out>
<br/> <img src=" E:\Automation\Navigator/Screenshots/ScreenshotsSuccess/CollapseAllViewletOnLogin.png" alt="""/" />  </system-out>
  <testcase classname="NavigatorCore.NavigatorSettings" name="Logout" time="86.164"/>
  <system-out/>
</testsuite> <!-- NavigatorCore.NavigatorSettings -->
