<?xml version="1.0" encoding="UTF-8"?>
<!-- Generated by org.testng.reporters.JUnitReportReporter -->
<testsuite hostname="DESKTOP-9QJNAOQ" failures="0" tests="11" name="EMS.EMSQueuesInsideOptionsOfBrowse" time="422.152" errors="0" timestamp="24 Jun 2022 11:00:53 GMT" skipped="0">
  <testcase classname="EMS.EMSQueuesInsideOptionsOfBrowse" name="Login" time="113.461"/>
  <testcase classname="EMS.EMSQueuesInsideOptionsOfBrowse" name="PutAMessageUsingPutNewIcon" time="37.382"/>
  <testcase classname="EMS.EMSQueuesInsideOptionsOfBrowse" name="DeleteMessageUsingDeleteIcon" time="21.058"/>
  <testcase classname="EMS.EMSQueuesInsideOptionsOfBrowse" name="CopyMessageUsingCopyIcon" time="35.843"/>
  <testcase classname="EMS.EMSQueuesInsideOptionsOfBrowse" name="MoveMessageUsingMoveIcon" time="33.602"/>
  <testcase classname="EMS.EMSQueuesInsideOptionsOfBrowse" name="LoadMessageFromFileUsingIcon" time="44.928"/>
  <testcase classname="EMS.EMSQueuesInsideOptionsOfBrowse" name="ExportSelectedMessageUsingExportIcon" time="23.787"/>
  <testcase classname="EMS.EMSQueuesInsideOptionsOfBrowse" name="DeleteMessageUsingDeleteOption" time="19.290"/>
  <testcase classname="EMS.EMSQueuesInsideOptionsOfBrowse" name="CopyMessageUsingCopyOption" time="30.967"/>
  <testcase classname="EMS.EMSQueuesInsideOptionsOfBrowse" name="MoveMessageUsingMoveOption" time="32.685"/>
  <testcase classname="EMS.EMSQueuesInsideOptionsOfBrowse" name="Logout" time="29.149"/>
</testsuite> <!-- EMS.EMSQueuesInsideOptionsOfBrowse -->
