<?xml version="1.0" encoding="UTF-8"?>
<!-- Generated by org.testng.reporters.JUnitReportReporter -->
<testsuite hostname="DESKTOP-9QJNAOQ" failures="0" tests="4" name="KafkaGUI.KafkaSchemaSubject" time="243.969" errors="0" timestamp="30 Mar 2022 10:21:51 GMT" skipped="0">
  <testcase classname="KafkaGUI.KafkaSchemaSubject" name="Login" time="72.673"/>
  <testcase classname="KafkaGUI.KafkaSchemaSubject" name="CreateKafkaSchemaSubject" time="72.700"/>
  <testcase classname="KafkaGUI.KafkaSchemaSubject" name="DeleteSchemaSubject" time="69.361"/>
  <testcase classname="KafkaGUI.KafkaSchemaSubject" name="Logout" time="29.235"/>
</testsuite> <!-- KafkaGUI.KafkaSchemaSubject -->
