<?xml version="1.0" encoding="UTF-8"?>
<!-- Generated by org.testng.reporters.JUnitReportReporter -->
<testsuite hostname="DESKTOP-9QJNAOQ" failures="0" tests="4" name="IIB.IIBServersViewlet" time="132.782" errors="0" timestamp="13 Jul 2022 08:07:27 GMT" skipped="0">
  <testcase classname="IIB.IIBServersViewlet" name="Login" time="39.631"/>
  <testcase classname="IIB.IIBServersViewlet" name="AddIIBServerViewlet" time="38.464"/>
  <testcase classname="IIB.IIBServersViewlet" name="AddToFavoriteViewlet" time="26.127"/>
  <testcase classname="IIB.IIBServersViewlet" name="Logout" time="28.560"/>
</testsuite> <!-- IIB.IIBServersViewlet -->
