<?xml version="1.0" encoding="UTF-8"?>
<!-- Generated by org.testng.reporters.JUnitReportReporter -->
<testsuite hostname="DESKTOP-9QJNAOQ" failures="0" tests="10" name="NavigatorCore.DashboardOptions" time="303.821" errors="0" timestamp="20 Jun 2022 11:34:36 GMT" skipped="0">
  <testcase classname="NavigatorCore.DashboardOptions" name="Login" time="56.652"/>
  <testcase classname="NavigatorCore.DashboardOptions" name="CreateWGSDashboard" time="19.139"/>
  <testcase classname="NavigatorCore.DashboardOptions" name="CreateEMSDashboard" time="21.201"/>
  <testcase classname="NavigatorCore.DashboardOptions" name="SetAsDeafaultOption" time="39.490"/>
  <testcase classname="NavigatorCore.DashboardOptions" name="SetASDefaultTemplate" time="18.210"/>
  <testcase classname="NavigatorCore.DashboardOptions" name="RenameDashboard" time="30.871"/>
  <testcase classname="NavigatorCore.DashboardOptions" name="DeleteDashboardUsingCrossIcon" time="22.626"/>
  <testcase classname="NavigatorCore.DashboardOptions" name="DeleteDashboardUsingDeleteOption" time="26.373"/>
  <testcase classname="NavigatorCore.DashboardOptions" name="RemoveDashboardUsingOption" time="41.794"/>
  <testcase classname="NavigatorCore.DashboardOptions" name="Logout" time="27.465"/>
</testsuite> <!-- NavigatorCore.DashboardOptions -->
