<?xml version="1.0" encoding="UTF-8"?>
<!-- Generated by org.testng.reporters.JUnitReportReporter -->
<testsuite hostname="DESKTOP-9QJNAOQ" failures="0" tests="8" name="NavigatorCore.GlobalSettings" time="323.637" errors="0" timestamp="24 Mar 2022 11:46:40 GMT" skipped="0">
  <testcase classname="NavigatorCore.GlobalSettings" name="Login" time="50.000"/>
  <testcase classname="NavigatorCore.GlobalSettings" name="GlobalNotice" time="37.720"/>
  <testcase classname="NavigatorCore.GlobalSettings" name="EnvironmentLevel" time="50.039"/>
  <testcase classname="NavigatorCore.GlobalSettings" name="UpdateEnvironmentLevel" time="29.451"/>
  <testcase classname="NavigatorCore.GlobalSettings" name="DeleteEnvironmentLevel" time="30.218"/>
  <testcase classname="NavigatorCore.GlobalSettings" name="MinimumRefreshInterval" time="43.371"/>
  <testcase classname="NavigatorCore.GlobalSettings" name="DashboardOwnershipManagement" time="77.090"/>
  <testcase classname="NavigatorCore.GlobalSettings" name="Logout" time="5.748"/>
</testsuite> <!-- NavigatorCore.GlobalSettings -->
