<?xml version="1.0" encoding="UTF-8"?>
<!-- Generated by org.testng.reporters.JUnitReportReporter -->
<testsuite hostname="DESKTOP-K4AEKHO" failures="0" tests="6" name="ApodGUI.QueueProperties" time="1028.812" errors="0" timestamp="2023-08-17T17:56:26 IST" skipped="0">
  <testcase classname="ApodGUI.QueueProperties" name="Login" time="224.458"/>
  <system-out>
<br/> <img src=" E:\Automation\Navigator/Screenshots/ScreenshotsSuccess/Login.png" alt="""/" />  </system-out>
  <testcase classname="ApodGUI.QueueProperties" name="PutMessageInInhibitedQueue" time="137.409"/>
  <system-out>
<br/> <img src=" E:\Automation\Navigator/Screenshots/ScreenshotsSuccess/PutMessageInInhibitedQueue.png" alt="""/" />  </system-out>
  <testcase classname="ApodGUI.QueueProperties" name="GetMessageFromInhibitedQueue" time="134.948"/>
  <system-out>
<br/> <img src=" E:\Automation\Navigator/Screenshots/ScreenshotsSuccess/GetMessageFromInhibitedQueue.png" alt="""/" />  </system-out>
  <testcase classname="ApodGUI.QueueProperties" name="MessageLength" time="238.704"/>
  <system-out>
<br/> <img src=" E:\Automation\Navigator/Screenshots/ScreenshotsSuccess/MessageLength.png" alt="""/" />  </system-out>
  <testcase classname="ApodGUI.QueueProperties" name="MaximumQueueDepth" time="265.870"/>
  <system-out>
<br/> <img src=" E:\Automation\Navigator/Screenshots/ScreenshotsSuccess/MaximumQueueDepth.png" alt="""/" />  </system-out>
  <testcase classname="ApodGUI.QueueProperties" name="Logout" time="27.423"/>
  <system-out/>
</testsuite> <!-- ApodGUI.QueueProperties -->
