<?xml version="1.0" encoding="UTF-8"?>
<!-- Generated by org.testng.reporters.JUnitReportReporter -->
<testsuite hostname="DESKTOP-K4AEKHO" failures="0" tests="14" name="ApodGUI.QueueMessages" time="1958.842" errors="0" timestamp="2023-08-23T12:44:41 IST" skipped="0">
  <testcase classname="ApodGUI.QueueMessages" name="Login" time="428.604"/>
  <system-out>
<br/> <img src=" E:\Automation\Navigator/Screenshots/ScreenshotsSuccess/Login.png" alt="""/" />  </system-out>
  <testcase classname="ApodGUI.QueueMessages" name="PutNewMessageIntoQueue" time="82.494"/>
  <system-out>
<br/> <img src=" E:\Automation\Navigator/Screenshots/ScreenshotsSuccess/PutNewMessageIntoQueue.png" alt="""/" />  </system-out>
  <testcase classname="ApodGUI.QueueMessages" name="LoadFromFileUsingYesbutton" time="164.044"/>
  <system-out>
<br/> <img src=" E:\Automation\Navigator/Screenshots/ScreenshotsSuccess/LoadFromFileUsingYesbutton.png" alt="""/" />  </system-out>
  <testcase classname="ApodGUI.QueueMessages" name="LoadFromFileUsingConfigurebuttonWithSingleMessage" time="165.502"/>
  <system-out>
<br/> <img src=" E:\Automation\Navigator/Screenshots/ScreenshotsSuccess/LoadFromFileUsingConfigurebuttonWithSingleMessage.png" alt="""/" />  </system-out>
  <testcase classname="ApodGUI.QueueMessages" name="LoadFromFileUsingConfigurebuttonWithMultipleMessages" time="171.363"/>
  <system-out>
<br/> <img src=" E:\Automation\Navigator/Screenshots/ScreenshotsSuccess/LoadFromFileUsingConfigurebuttonWithMultipleMessages.png" alt="""/" />  </system-out>
  <testcase classname="ApodGUI.QueueMessages" name="ExportAllMessages" time="77.643"/>
  <system-out>
<br/> <img src=" E:\Automation\Navigator/Screenshots/ScreenshotsSuccess/ExportAllMessages.png" alt="""/" />  </system-out>
  <testcase classname="ApodGUI.QueueMessages" name="CopyAllMessagesFromOneQueueToAnotherQueue" time="126.473"/>
  <system-out>
<br/> <img src=" E:\Automation\Navigator/Screenshots/ScreenshotsSuccess/CopyAllMessagesFromOneQueueToAnotherQueue.png" alt="""/" />  </system-out>
  <testcase classname="ApodGUI.QueueMessages" name="MoveAllMessagesFromOneQueueToAnotherQueue" time="178.627"/>
  <system-out>
<br/> <img src=" E:\Automation\Navigator/Screenshots/ScreenshotsSuccess/MoveAllMessagesFromOneQueueToAnotherQueue.png" alt="""/" />  </system-out>
  <testcase classname="ApodGUI.QueueMessages" name="DeleteAllMessagesFromQueue" time="96.330"/>
  <system-out>
<br/> <img src=" E:\Automation\Navigator/Screenshots/ScreenshotsSuccess/DeleteAllMessagesFromQueue.png" alt="""/" />  </system-out>
  <testcase classname="ApodGUI.QueueMessages" name="ClearAllMessagesFromQueue" time="92.515"/>
  <system-out>
<br/> <img src=" E:\Automation\Navigator/Screenshots/ScreenshotsSuccess/ClearAllMessagesFromQueue.png" alt="""/" />  </system-out>
  <testcase classname="ApodGUI.QueueMessages" name="PutMessageUsingJsonFile" time="110.864"/>
  <system-out>
<br/> <img src=" E:\Automation\Navigator/Screenshots/ScreenshotsSuccess/PutMessageUsingJsonFile.png" alt="""/" />  </system-out>
  <testcase classname="ApodGUI.QueueMessages" name="PutMessageUsingXMLFile" time="119.275"/>
  <system-out>
<br/> <img src=" E:\Automation\Navigator/Screenshots/ScreenshotsSuccess/PutMessageUsingXMLFile.png" alt="""/" />  </system-out>
  <testcase classname="ApodGUI.QueueMessages" name="PutHexMessageIntoQueue" time="117.356"/>
  <system-out>
<br/> <img src=" E:\Automation\Navigator/Screenshots/ScreenshotsSuccess/PutHexMessageIntoQueue.png" alt="""/" />  </system-out>
  <testcase classname="ApodGUI.QueueMessages" name="Logout" time="27.752"/>
  <system-out/>
</testsuite> <!-- ApodGUI.QueueMessages -->
