<?xml version="1.0" encoding="UTF-8"?>
<!-- Generated by org.testng.reporters.JUnitReportReporter -->
<testsuite hostname="DESKTOP-9QJNAOQ" failures="0" tests="14" name="ApodGUI.QueueMessages" time="1030.935" errors="1" timestamp="24 May 2022 14:56:22 GMT" skipped="0">
  <testcase classname="ApodGUI.QueueMessages" name="Login" time="175.563"/>
  <testcase classname="ApodGUI.QueueMessages" name="PutNewMessageIntoQueue" time="72.684"/>
  <testcase classname="ApodGUI.QueueMessages" name="LoadFromFileUsingYesbutton" time="63.765"/>
  <testcase classname="ApodGUI.QueueMessages" name="LoadFromFileUsingConfigurebuttonWithSingleMessage" time="78.303"/>
  <testcase classname="ApodGUI.QueueMessages" name="LoadFromFileUsingConfigurebuttonWithMultipleMessages" time="78.562"/>
  <testcase classname="ApodGUI.QueueMessages" name="ExportAllMessages" time="61.382"/>
  <testcase classname="ApodGUI.QueueMessages" name="CopyAllMessagesFromOneQueueToAnotherQueue" time="47.413"/>
  <testcase classname="ApodGUI.QueueMessages" name="MoveAllMessagesFromOneQueueToAnotherQueue" time="85.609">
    <error message="element click intercepted: Element &lt;i _ngcontent-wgo-c23=&quot;&quot; class=&quot;fa fa-refresh ng-tns-c23-71 ng-star-inserted no-loading-spinner&quot; style=&quot;font-size: 24px; color: #1aa86f;&quot;&gt;&lt;/i&gt; is not clickable at point (50, 216). Other element would receive the click: &lt;ngb-modal-window role=&quot;dialog&quot; tabindex=&quot;-1&quot; class=&quot;modal d-block fade show&quot; aria-modal=&quot;true&quot;&gt;...&lt;/ngb-modal-window&gt;
  (Session info: chrome=101.0.4951.67)
Build info: version: &#039;4.0.0&#039;, revision: &#039;3a21814679&#039;
System info: host: &#039;DESKTOP-9QJNAOQ&#039;, ip: &#039;10.1.4.85&#039;, os.name: &#039;Windows 10&#039;, os.arch: &#039;amd64&#039;, os.version: &#039;10.0&#039;, java.version: &#039;11.0.14&#039;
Driver info: org.openqa.selenium.chrome.ChromeDriver
Command: [082053f82aedca25bc78ab1dc29a98d6, clickElement {id=7e5a7088-010c-4fa5-af75-a99001964f5d}]
Capabilities {acceptInsecureCerts: false, browserName: chrome, browserVersion: 101.0.4951.67, chrome: {chromedriverVersion: 100.0.4896.60 (6a5d10861ce8..., userDataDir: C:\Users\Nagaraju\AppData\L...}, goog:chromeOptions: {debuggerAddress: localhost:50531}, javascriptEnabled: true, networkConnectionEnabled: false, pageLoadStrategy: normal, platform: WINDOWS, platformName: WINDOWS, proxy: Proxy(), se:cdp: ws://localhost:50531/devtoo..., se:cdpVersion: 101.0.4951.67, setWindowRect: true, strictFileInteractability: false, timeouts: {implicit: 0, pageLoad: 300000, script: 30000}, unhandledPromptBehavior: dismiss and notify, webauthn:extension:credBlob: true, webauthn:extension:largeBlob: true, webauthn:virtualAuthenticators: true}
Element: [[ChromeDriver: chrome on WINDOWS (082053f82aedca25bc78ab1dc29a98d6)] -&gt; xpath: //div[2]/div/div/div/div[2]/div/div/i]
Session ID: 082053f82aedca25bc78ab1dc29a98d6" type="org.openqa.selenium.ElementClickInterceptedException">
      <![CDATA[org.openqa.selenium.ElementClickInterceptedException: element click intercepted: Element <i _ngcontent-wgo-c23="" class="fa fa-refresh ng-tns-c23-71 ng-star-inserted no-loading-spinner" style="font-size: 24px; color: #1aa86f;"></i> is not clickable at point (50, 216). Other element would receive the click: <ngb-modal-window role="dialog" tabindex="-1" class="modal d-block fade show" aria-modal="true">...</ngb-modal-window>
  (Session info: chrome=101.0.4951.67)
Build info: version: '4.0.0', revision: '3a21814679'
System info: host: 'DESKTOP-9QJNAOQ', ip: '10.1.4.85', os.name: 'Windows 10', os.arch: 'amd64', os.version: '10.0', java.version: '11.0.14'
Driver info: org.openqa.selenium.chrome.ChromeDriver
Command: [082053f82aedca25bc78ab1dc29a98d6, clickElement {id=7e5a7088-010c-4fa5-af75-a99001964f5d}]
Capabilities {acceptInsecureCerts: false, browserName: chrome, browserVersion: 101.0.4951.67, chrome: {chromedriverVersion: 100.0.4896.60 (6a5d10861ce8..., userDataDir: C:\Users\Nagaraju\AppData\L...}, goog:chromeOptions: {debuggerAddress: localhost:50531}, javascriptEnabled: true, networkConnectionEnabled: false, pageLoadStrategy: normal, platform: WINDOWS, platformName: WINDOWS, proxy: Proxy(), se:cdp: ws://localhost:50531/devtoo..., se:cdpVersion: 101.0.4951.67, setWindowRect: true, strictFileInteractability: false, timeouts: {implicit: 0, pageLoad: 300000, script: 30000}, unhandledPromptBehavior: dismiss and notify, webauthn:extension:credBlob: true, webauthn:extension:largeBlob: true, webauthn:virtualAuthenticators: true}
Element: [[ChromeDriver: chrome on WINDOWS (082053f82aedca25bc78ab1dc29a98d6)] -> xpath: //div[2]/div/div/div/div[2]/div/div/i]
Session ID: 082053f82aedca25bc78ab1dc29a98d6
	at java.base/jdk.internal.reflect.NativeConstructorAccessorImpl.newInstance0(Native Method)
	at java.base/jdk.internal.reflect.NativeConstructorAccessorImpl.newInstance(NativeConstructorAccessorImpl.java:62)
	at java.base/jdk.internal.reflect.DelegatingConstructorAccessorImpl.newInstance(DelegatingConstructorAccessorImpl.java:45)
	at java.base/java.lang.reflect.Constructor.newInstance(Constructor.java:490)
	at org.openqa.selenium.remote.codec.w3c.W3CHttpResponseCodec.createException(W3CHttpResponseCodec.java:200)
	at org.openqa.selenium.remote.codec.w3c.W3CHttpResponseCodec.decode(W3CHttpResponseCodec.java:133)
	at org.openqa.selenium.remote.codec.w3c.W3CHttpResponseCodec.decode(W3CHttpResponseCodec.java:53)
	at org.openqa.selenium.remote.HttpCommandExecutor.execute(HttpCommandExecutor.java:184)
	at org.openqa.selenium.remote.service.DriverCommandExecutor.invokeExecute(DriverCommandExecutor.java:164)
	at org.openqa.selenium.remote.service.DriverCommandExecutor.execute(DriverCommandExecutor.java:139)
	at org.openqa.selenium.remote.RemoteWebDriver.execute(RemoteWebDriver.java:559)
	at org.openqa.selenium.remote.RemoteWebElement.execute(RemoteWebElement.java:251)
	at org.openqa.selenium.remote.RemoteWebElement.click(RemoteWebElement.java:77)
	at ApodGUI.QueueMessages.MoveAllMessagesFromOneQueueToAnotherQueue(QueueMessages.java:713)
	at java.base/jdk.internal.reflect.NativeMethodAccessorImpl.invoke0(Native Method)
	at java.base/jdk.internal.reflect.NativeMethodAccessorImpl.invoke(NativeMethodAccessorImpl.java:62)
	at java.base/jdk.internal.reflect.DelegatingMethodAccessorImpl.invoke(DelegatingMethodAccessorImpl.java:43)
	at java.base/java.lang.reflect.Method.invoke(Method.java:566)
	at org.testng.internal.MethodInvocationHelper.invokeMethod(MethodInvocationHelper.java:108)
	at org.testng.internal.Invoker.invokeMethod(Invoker.java:661)
	at org.testng.internal.Invoker.invokeTestMethod(Invoker.java:869)
	at org.testng.internal.Invoker.invokeTestMethods(Invoker.java:1193)
	at org.testng.internal.TestMethodWorker.invokeTestMethods(TestMethodWorker.java:126)
	at org.testng.internal.TestMethodWorker.run(TestMethodWorker.java:109)
	at org.testng.TestRunner.privateRun(TestRunner.java:744)
	at org.testng.TestRunner.run(TestRunner.java:602)
	at org.testng.SuiteRunner.runTest(SuiteRunner.java:380)
	at org.testng.SuiteRunner.runSequentially(SuiteRunner.java:375)
	at org.testng.SuiteRunner.privateRun(SuiteRunner.java:340)
	at org.testng.SuiteRunner.run(SuiteRunner.java:289)
	at org.testng.SuiteRunnerWorker.runSuite(SuiteRunnerWorker.java:52)
	at org.testng.SuiteRunnerWorker.run(SuiteRunnerWorker.java:86)
	at org.testng.TestNG.runSuitesSequentially(TestNG.java:1301)
	at org.testng.TestNG.runSuitesLocally(TestNG.java:1226)
	at org.testng.TestNG.runSuites(TestNG.java:1144)
	at org.testng.TestNG.run(TestNG.java:1115)
	at org.testng.remote.AbstractRemoteTestNG.run(AbstractRemoteTestNG.java:115)
	at org.testng.remote.RemoteTestNG.initAndRun(RemoteTestNG.java:251)
	at org.testng.remote.RemoteTestNG.main(RemoteTestNG.java:77)
]]>
    </error>
  </testcase> <!-- MoveAllMessagesFromOneQueueToAnotherQueue -->
  <testcase classname="ApodGUI.QueueMessages" name="DeleteAllMessagesFromQueue" time="44.868"/>
  <testcase classname="ApodGUI.QueueMessages" name="ClearAllMessagesFromQueue" time="41.860"/>
  <testcase classname="ApodGUI.QueueMessages" name="PutMessageUsingJsonFile" time="76.514"/>
  <testcase classname="ApodGUI.QueueMessages" name="PutMessageUsingXMLFile" time="94.354"/>
  <testcase classname="ApodGUI.QueueMessages" name="PutHexMessageIntoQueue" time="47.641"/>
  <testcase classname="ApodGUI.QueueMessages" name="Logout" time="62.417"/>
</testsuite> <!-- ApodGUI.QueueMessages -->
