<?xml version="1.0" encoding="UTF-8"?>
<!-- Generated by org.testng.reporters.JUnitReportReporter -->
<testsuite hostname="DESKTOP-9QJNAOQ" failures="0" tests="7" name="KafkaGUI.KafkaNode" time="444.434" errors="0" timestamp="11 Feb 2022 07:12:55 GMT" skipped="0">
  <testcase classname="KafkaGUI.KafkaNode" name="Login" time="86.564"/>
  <testcase classname="KafkaGUI.KafkaNode" name="ShowTopology" time="57.494"/>
  <testcase classname="KafkaGUI.KafkaNode" name="Events" time="54.677"/>
  <testcase classname="KafkaGUI.KafkaNode" name="DiscoverNow" time="33.468"/>
  <testcase classname="KafkaGUI.KafkaNode" name="PropertiesOfNode" time="56.852"/>
  <testcase classname="KafkaGUI.KafkaNode" name="KafkaNodeShowObjectAttributes" time="97.633"/>
  <testcase classname="KafkaGUI.KafkaNode" name="Logout" time="57.746"/>
</testsuite> <!-- KafkaGUI.KafkaNode -->
