<?xml version="1.0" encoding="UTF-8"?>
<!-- Generated by org.testng.reporters.JUnitReportReporter -->
<testsuite hostname="DESKTOP-9QJNAOQ" failures="0" tests="21" name="ApodGUI.ListenerViewlet" time="1007.900" errors="0" timestamp="07 Mar 2022 14:27:44 GMT" skipped="0">
  <testcase classname="ApodGUI.ListenerViewlet" name="Login" time="60.615"/>
  <testcase classname="ApodGUI.ListenerViewlet" name="AddListenerViewlet" time="39.584"/>
  <testcase classname="ApodGUI.ListenerViewlet" name="CreateListener" time="36.421"/>
  <testcase classname="ApodGUI.ListenerViewlet" name="CopyAsFromCommands" time="50.808"/>
  <testcase classname="ApodGUI.ListenerViewlet" name="RenameFromCommands" time="58.011"/>
  <testcase classname="ApodGUI.ListenerViewlet" name="DeleteFromCommands" time="33.249"/>
  <testcase classname="ApodGUI.ListenerViewlet" name="MQSCSnapshot" time="17.539"/>
  <testcase classname="ApodGUI.ListenerViewlet" name="SaveListenerSnapshot" time="9.136"/>
  <testcase classname="ApodGUI.ListenerViewlet" name="ListenerProperties" time="34.574"/>
  <testcase classname="ApodGUI.ListenerViewlet" name="ListenerEvents" time="44.200"/>
  <testcase classname="ApodGUI.ListenerViewlet" name="AddToFavoriteViewlet" time="42.828"/>
  <testcase classname="ApodGUI.ListenerViewlet" name="CompareListeners" time="27.035"/>
  <testcase classname="ApodGUI.ListenerViewlet" name="CheckDifferencesForListeners" time="23.386"/>
  <testcase classname="ApodGUI.ListenerViewlet" name="CreateListenerFromPlusIcon" time="117.230"/>
  <testcase classname="ApodGUI.ListenerViewlet" name="CopyAsFromCommandsForMultiple" time="49.619"/>
  <testcase classname="ApodGUI.ListenerViewlet" name="RenameFromCommandsForMultiple" time="49.925"/>
  <testcase classname="ApodGUI.ListenerViewlet" name="DeleteFromCommandsForMultiple" time="37.424"/>
  <testcase classname="ApodGUI.ListenerViewlet" name="ListenerMultipleProperties" time="80.619"/>
  <testcase classname="ApodGUI.ListenerViewlet" name="AddToFavoriteForMultipleListeners" time="28.854"/>
  <testcase classname="ApodGUI.ListenerViewlet" name="ShowObjectAttributesForListener" time="137.075"/>
  <testcase classname="ApodGUI.ListenerViewlet" name="Logout" time="29.768"/>
</testsuite> <!-- ApodGUI.ListenerViewlet -->
