<?xml version="1.0" encoding="UTF-8"?>
<!-- Generated by org.testng.reporters.JUnitReportReporter -->
<testsuite hostname="DESKTOP-9QJNAOQ" failures="0" tests="3" name="ApodGUI.ManagerViewlet" time="195.068" errors="0" timestamp="16 Jun 2022 10:15:24 GMT" skipped="0">
  <testcase classname="ApodGUI.ManagerViewlet" name="Login" time="145.641"/>
  <testcase classname="ApodGUI.ManagerViewlet" name="ConnectionsConsole" time="21.819"/>
  <testcase classname="ApodGUI.ManagerViewlet" name="Logout" time="27.608"/>
</testsuite> <!-- ApodGUI.ManagerViewlet -->
