<?xml version="1.0" encoding="UTF-8"?>
<!-- Generated by org.testng.reporters.JUnitReportReporter -->
<testsuite hostname="DESKTOP-9QJNAOQ" failures="0" tests="4" name="NavigatorCore.CloseConsoleTabs" time="149.001" errors="0" timestamp="20 Jun 2022 11:18:18 GMT" skipped="0">
  <testcase classname="NavigatorCore.CloseConsoleTabs" name="Login" time="85.165"/>
  <testcase classname="NavigatorCore.CloseConsoleTabs" name="CloseOtherConsole" time="23.792"/>
  <testcase classname="NavigatorCore.CloseConsoleTabs" name="CloseAllConsole" time="12.538"/>
  <testcase classname="NavigatorCore.CloseConsoleTabs" name="Logout" time="27.506"/>
</testsuite> <!-- NavigatorCore.CloseConsoleTabs -->
