<?xml version="1.0" encoding="UTF-8"?>
<!-- Generated by org.testng.reporters.JUnitReportReporter -->
<testsuite hostname="DESKTOP-9QJNAOQ" failures="0" tests="4" name="ApodGUI.ChannelViewlet" time="313.488" errors="0" timestamp="02 Aug 2022 09:22:54 GMT" skipped="0">
  <testcase classname="ApodGUI.ChannelViewlet" name="Login" time="161.224"/>
  <testcase classname="ApodGUI.ChannelViewlet" name="AddToFavorites" time="67.610"/>
  <testcase classname="ApodGUI.ChannelViewlet" name="AddToFavoriteForMultipleChannels" time="49.493"/>
  <testcase classname="ApodGUI.ChannelViewlet" name="Logout" time="35.161"/>
</testsuite> <!-- ApodGUI.ChannelViewlet -->
