<?xml version="1.0" encoding="UTF-8"?>
<!-- Generated by org.testng.reporters.JUnitReportReporter -->
<testsuite hostname="DESKTOP-9QJNAOQ" failures="0" tests="12" name="NavigatorCore.CreateViewletTypesUsingViewletButton" time="605.172" errors="0" timestamp="08 Aug 2022 07:11:19 GMT" skipped="0">
  <testcase classname="NavigatorCore.CreateViewletTypesUsingViewletButton" name="Login" time="75.697"/>
  <testcase classname="NavigatorCore.CreateViewletTypesUsingViewletButton" name="CreateViewletUsingObjectCheckbox" time="47.268"/>
  <testcase classname="NavigatorCore.CreateViewletTypesUsingViewletButton" name="CreateATemporaryViewletUsingSearchCheckbox" time="40.624"/>
  <testcase classname="NavigatorCore.CreateViewletTypesUsingViewletButton" name="CreateFavoriteViewletUsingCheckbox" time="29.060"/>
  <testcase classname="NavigatorCore.CreateViewletTypesUsingViewletButton" name="OpenAnExistingCheckbox" time="104.316"/>
  <testcase classname="NavigatorCore.CreateViewletTypesUsingViewletButton" name="CreateTemporaryViewletUsingTemporaryViewletCheckbox" time="87.432"/>
  <testcase classname="NavigatorCore.CreateViewletTypesUsingViewletButton" name="EditViewletOption" time="42.210"/>
  <testcase classname="NavigatorCore.CreateViewletTypesUsingViewletButton" name="ManageFilteredColumns" time="61.378"/>
  <testcase classname="NavigatorCore.CreateViewletTypesUsingViewletButton" name="ManageFrozenColumns" time="38.439"/>
  <testcase classname="NavigatorCore.CreateViewletTypesUsingViewletButton" name="DeleteViewletOption" time="17.552"/>
  <testcase classname="NavigatorCore.CreateViewletTypesUsingViewletButton" name="ExportDataToCSV" time="31.832"/>
  <testcase classname="NavigatorCore.CreateViewletTypesUsingViewletButton" name="Logout" time="29.364"/>
</testsuite> <!-- NavigatorCore.CreateViewletTypesUsingViewletButton -->
