<?xml version="1.0" encoding="UTF-8"?>
<!-- Generated by org.testng.reporters.JUnitReportReporter -->
<testsuite skipped="0" hostname="LAPTOP-P3LD1OLC" name="IIB.IIBBrokersViewlet" tests="10" failures="0" timestamp="2021-06-01T18:20:15 IST" time="381.345" errors="0">
  <testcase name="Login" time="32.100" classname="IIB.IIBBrokersViewlet"/>
  <system-out>
<br/> <img src=" F:\Automation\Navigator/Screenshots/ScreenshotsSuccess/Login.png" alt="""/" />  </system-out>
  <testcase name="AddIIBBrokerViewlet" time="43.033" classname="IIB.IIBBrokersViewlet"/>
  <system-out>
<br/> <img src=" F:\Automation\Navigator/Screenshots/ScreenshotsSuccess/AddIIBBrokerViewlet.png" alt="""/" />  </system-out>
  <testcase name="BrokerAdminLogs" time="15.179" classname="IIB.IIBBrokersViewlet"/>
  <system-out>
<br/> <img src=" F:\Automation\Navigator/Screenshots/ScreenshotsSuccess/BrokerAdminLogs.png" alt="""/" />  </system-out>
  <testcase name="SearchWithBIPNumber" time="13.706" classname="IIB.IIBBrokersViewlet"/>
  <system-out>
<br/> <img src=" F:\Automation\Navigator/Screenshots/ScreenshotsSuccess/SearchWithBIPNumber.png" alt="""/" />  </system-out>
  <testcase name="SearchWithTimeStamp" time="14.278" classname="IIB.IIBBrokersViewlet"/>
  <system-out>
<br/> <img src=" F:\Automation\Navigator/Screenshots/ScreenshotsSuccess/SearchWithTimeStamp.png" alt="""/" />  </system-out>
  <testcase name="SearchWithSource" time="14.338" classname="IIB.IIBBrokersViewlet"/>
  <system-out>
<br/> <img src=" F:\Automation\Navigator/Screenshots/ScreenshotsSuccess/SearchWithSource.png" alt="""/" />  </system-out>
  <testcase name="SearchWithMessage" time="10.124" classname="IIB.IIBBrokersViewlet"/>
  <system-out>
<br/> <img src=" F:\Automation\Navigator/Screenshots/ScreenshotsSuccess/SearchWithMessage.png" alt="""/" />  </system-out>
  <testcase name="AddToFavoriteViewlet" time="29.355" classname="IIB.IIBBrokersViewlet"/>
  <system-out>
<br/> <img src=" F:\Automation\Navigator/Screenshots/ScreenshotsSuccess/AddToFavoriteViewlet.png" alt="""/" />  </system-out>
  <testcase name="ShowObjectAttributesForIIBBroker" time="185.841" classname="IIB.IIBBrokersViewlet"/>
  <system-out>
<br/> <img src=" F:\Automation\Navigator/Screenshots/ScreenshotsSuccess/ShowObjectAttributesForIIBBroker.png" alt="""/" />  </system-out>
  <testcase name="Logout" time="23.391" classname="IIB.IIBBrokersViewlet"/>
  <system-out/>
</testsuite> <!-- IIB.IIBBrokersViewlet -->
