<?xml version="1.0" encoding="UTF-8"?>
<!-- Generated by org.testng.reporters.JUnitReportReporter -->
<testsuite skipped="0" hostname="DESKTOP-9QJNAOQ" name="NavigatorCore.ViewletFilterOptions" tests="10" failures="0" timestamp="28 Jan 2022 10:30:58 GMT" time="343.548" errors="0">
  <testcase name="Login" time="93.919" classname="NavigatorCore.ViewletFilterOptions"/>
  <testcase name="AdvancedViewletFiletercheckbox" time="13.192" classname="NavigatorCore.ViewletFilterOptions"/>
  <testcase name="ManagerFilter" time="30.219" classname="NavigatorCore.ViewletFilterOptions"/>
  <testcase name="ObjectFilter" time="18.129" classname="NavigatorCore.ViewletFilterOptions"/>
  <testcase name="AttributeFilter" time="65.342" classname="NavigatorCore.ViewletFilterOptions"/>
  <testcase name="EmptyCheckboxFilter" time="50.472" classname="NavigatorCore.ViewletFilterOptions"/>
  <testcase name="SystemCheckboxFilter" time="8.230" classname="NavigatorCore.ViewletFilterOptions"/>
  <testcase name="ResultLimitFilter" time="14.453" classname="NavigatorCore.ViewletFilterOptions"/>
  <testcase name="ViewletCheckboxClear" time="12.950" classname="NavigatorCore.ViewletFilterOptions"/>
  <testcase name="Logout" time="36.642" classname="NavigatorCore.ViewletFilterOptions"/>
</testsuite> <!-- NavigatorCore.ViewletFilterOptions -->
