<?xml version="1.0" encoding="UTF-8"?>
<!-- Generated by org.testng.reporters.JUnitReportReporter -->
<testsuite skipped="0" hostname="DESKTOP-9QJNAOQ" name="KafkaGUI.KafkaTopicMessages" tests="7" failures="0" timestamp="24 Jan 2022 11:02:56 GMT" time="293.238" errors="0">
  <testcase name="Login" time="67.539" classname="KafkaGUI.KafkaTopicMessages"/>
  <testcase name="PutNewMessageIntoTopic" time="36.450" classname="KafkaGUI.KafkaTopicMessages"/>
  <testcase name="LoadMessageFromFileUsingOption" time="44.129" classname="KafkaGUI.KafkaTopicMessages"/>
  <testcase name="ExportAllMessages" time="42.793" classname="KafkaGUI.KafkaTopicMessages"/>
  <testcase name="CopyAllMessagesUsingCopyAllOption" time="37.335" classname="KafkaGUI.KafkaTopicMessages"/>
  <testcase name="ClearMessagesUsingClearAllOption" time="34.669" classname="KafkaGUI.KafkaTopicMessages"/>
  <testcase name="Logout" time="30.323" classname="KafkaGUI.KafkaTopicMessages"/>
</testsuite> <!-- KafkaGUI.KafkaTopicMessages -->
