<?xml version="1.0" encoding="UTF-8"?>
<!-- Generated by org.testng.reporters.JUnitReportReporter -->
<testsuite hostname="DESKTOP-9QJNAOQ" failures="0" tests="12" name="ApodGUI.QueuesInsideBrowseMessages" time="594.609" errors="0" timestamp="17 Feb 2022 11:38:20 GMT" skipped="0">
  <testcase classname="ApodGUI.QueuesInsideBrowseMessages" name="Login" time="164.185"/>
  <testcase classname="ApodGUI.QueuesInsideBrowseMessages" name="PutAMessageUsingPutNewIcon" time="27.259"/>
  <testcase classname="ApodGUI.QueuesInsideBrowseMessages" name="DeleteMessageUsingDeleteIcon" time="25.970"/>
  <testcase classname="ApodGUI.QueuesInsideBrowseMessages" name="CopyMessageUsingCopyIcon" time="62.510"/>
  <testcase classname="ApodGUI.QueuesInsideBrowseMessages" name="MoveMessageUsingMoveIcon" time="60.802"/>
  <testcase classname="ApodGUI.QueuesInsideBrowseMessages" name="LoadMessageFromFileUsingIcon" time="52.201"/>
  <testcase classname="ApodGUI.QueuesInsideBrowseMessages" name="ExportSelectedMessageUsingExportIcon" time="16.412"/>
  <testcase classname="ApodGUI.QueuesInsideBrowseMessages" name="ViewMessage" time="13.820"/>
  <testcase classname="ApodGUI.QueuesInsideBrowseMessages" name="DeleteMessageUsingDeleteOption" time="26.458"/>
  <testcase classname="ApodGUI.QueuesInsideBrowseMessages" name="CopyMessageUsingCopyOption" time="54.689"/>
  <testcase classname="ApodGUI.QueuesInsideBrowseMessages" name="MoveMessageUsingMoveOption" time="63.107"/>
  <testcase classname="ApodGUI.QueuesInsideBrowseMessages" name="Logout" time="27.196"/>
</testsuite> <!-- ApodGUI.QueuesInsideBrowseMessages -->
