<?xml version="1.0" encoding="UTF-8"?>
<!-- Generated by org.testng.reporters.JUnitReportReporter -->
<testsuite hostname="DESKTOP-9QJNAOQ" failures="0" tests="6" name="IIB.IIBApplicationsViewlet" time="370.537" errors="0" timestamp="13 Jul 2022 07:51:11 GMT" skipped="0">
  <testcase classname="IIB.IIBApplicationsViewlet" name="Login" time="40.872"/>
  <testcase classname="IIB.IIBApplicationsViewlet" name="AddIIBApplicationsViewlet" time="38.829"/>
  <testcase classname="IIB.IIBApplicationsViewlet" name="CustomAttributes" time="45.970"/>
  <testcase classname="IIB.IIBApplicationsViewlet" name="AddToFavoriteViewlet" time="25.900"/>
  <testcase classname="IIB.IIBApplicationsViewlet" name="ShowObjectAttributesForIIBApplication" time="189.165"/>
  <testcase classname="IIB.IIBApplicationsViewlet" name="Logout" time="29.801"/>
</testsuite> <!-- IIB.IIBApplicationsViewlet -->
