<?xml version="1.0" encoding="UTF-8"?>
<!-- Generated by org.testng.reporters.JUnitReportReporter -->
<testsuite skipped="0" hostname="DESKTOP-9QJNAOQ" name="ApodGUI.SubscriptionViewlet" tests="4" failures="0" timestamp="24 Dec 2021 10:24:18 GMT" time="117.835" errors="0">
  <testcase name="Login" time="43.809" classname="ApodGUI.SubscriptionViewlet"/>
  <testcase name="AddSubscriptionViewlet" time="36.235" classname="ApodGUI.SubscriptionViewlet"/>
  <testcase name="ShowSubscriptionStatus" time="8.966" classname="ApodGUI.SubscriptionViewlet"/>
  <testcase name="Logout" time="28.825" classname="ApodGUI.SubscriptionViewlet"/>
</testsuite> <!-- ApodGUI.SubscriptionViewlet -->
