<?xml version="1.0" encoding="UTF-8"?>
<!-- Generated by org.testng.reporters.JUnitReportReporter -->
<testsuite hostname="DESKTOP-9QJNAOQ" failures="0" tests="12" name="NavigatorCore.CreateViewletTypesUsingViewletButton" time="428.896" errors="0" timestamp="24 Mar 2022 11:40:40 GMT" skipped="0">
  <testcase classname="NavigatorCore.CreateViewletTypesUsingViewletButton" name="Login" time="43.001"/>
  <testcase classname="NavigatorCore.CreateViewletTypesUsingViewletButton" name="CreateViewletUsingObjectCheckbox" time="33.730"/>
  <testcase classname="NavigatorCore.CreateViewletTypesUsingViewletButton" name="CreateATemporaryViewletUsingSearchCheckbox" time="29.651"/>
  <testcase classname="NavigatorCore.CreateViewletTypesUsingViewletButton" name="CreateFavoriteViewletUsingCheckbox" time="24.632"/>
  <testcase classname="NavigatorCore.CreateViewletTypesUsingViewletButton" name="OpenAnExistingCheckbox" time="91.182"/>
  <testcase classname="NavigatorCore.CreateViewletTypesUsingViewletButton" name="CreateTemporaryViewletUsingTemporaryViewletCheckbox" time="59.582"/>
  <testcase classname="NavigatorCore.CreateViewletTypesUsingViewletButton" name="EditViewletOption" time="31.027"/>
  <testcase classname="NavigatorCore.CreateViewletTypesUsingViewletButton" name="ManageFilteredColumns" time="36.078"/>
  <testcase classname="NavigatorCore.CreateViewletTypesUsingViewletButton" name="ManageFrozenColumns" time="22.273"/>
  <testcase classname="NavigatorCore.CreateViewletTypesUsingViewletButton" name="DeleteViewletOption" time="9.765"/>
  <testcase classname="NavigatorCore.CreateViewletTypesUsingViewletButton" name="ExportDataToCSV" time="19.832"/>
  <testcase classname="NavigatorCore.CreateViewletTypesUsingViewletButton" name="Logout" time="28.143"/>
</testsuite> <!-- NavigatorCore.CreateViewletTypesUsingViewletButton -->
