<?xml version="1.0" encoding="UTF-8"?>
<!-- Generated by org.testng.reporters.JUnitReportReporter -->
<testsuite hostname="DESKTOP-9QJNAOQ" failures="0" tests="9" name="KafkaGUI.KafkaPartitionViewlet" time="369.790" errors="0" timestamp="11 Feb 2022 11:43:30 GMT" skipped="0">
  <testcase classname="KafkaGUI.KafkaPartitionViewlet" name="Login" time="79.711"/>
  <testcase classname="KafkaGUI.KafkaPartitionViewlet" name="AddToFavoriteViewlet" time="35.862"/>
  <testcase classname="KafkaGUI.KafkaPartitionViewlet" name="PartitionCopyAllMessages" time="37.312"/>
  <testcase classname="KafkaGUI.KafkaPartitionViewlet" name="ClearAllMessagesFromPartition" time="35.929"/>
  <testcase classname="KafkaGUI.KafkaPartitionViewlet" name="ComparePartitions" time="27.057"/>
  <testcase classname="KafkaGUI.KafkaPartitionViewlet" name="DifferencesOfPartitions" time="23.702"/>
  <testcase classname="KafkaGUI.KafkaPartitionViewlet" name="AddToFavoriteForMultiplePartitions" time="24.585"/>
  <testcase classname="KafkaGUI.KafkaPartitionViewlet" name="ShowObjectAttributes" time="75.611"/>
  <testcase classname="KafkaGUI.KafkaPartitionViewlet" name="Logout" time="30.021"/>
</testsuite> <!-- KafkaGUI.KafkaPartitionViewlet -->
