<?xml version="1.0" encoding="UTF-8"?>
<!-- Generated by org.testng.reporters.JUnitReportReporter -->
<testsuite hostname="DESKTOP-K4AEKHO" failures="0" tests="8" name="ApodGUI.TopicViewlet" time="527.831" errors="0" timestamp="2022-12-27T12:06:02 IST" skipped="0">
  <testcase classname="ApodGUI.TopicViewlet" name="Login" time="72.072"/>
  <system-out>
<br/> <img src=" E:\Automation\Navigator/Screenshots/ScreenshotsSuccess/Login.png" alt="""/" />  </system-out>
  <testcase classname="ApodGUI.TopicViewlet" name="AddTopicViewlet" time="41.620"/>
  <system-out>
<br/> <img src=" E:\Automation\Navigator/Screenshots/ScreenshotsSuccess/AddTopicViewlet.png" alt="""/" />  </system-out>
  <testcase classname="ApodGUI.TopicViewlet" name="CreateTopic" time="69.159"/>
  <system-out>
<br/> <img src=" E:\Automation\Navigator/Screenshots/ScreenshotsSuccess/CreateTopic.png" alt="""/" />  </system-out>
  <testcase classname="ApodGUI.TopicViewlet" name="CopyAsFromCommands" time="73.961"/>
  <system-out>
<br/> <img src=" E:\Automation\Navigator/Screenshots/ScreenshotsSuccess/CopyAsFromCommands.png" alt="""/" />  </system-out>
  <testcase classname="ApodGUI.TopicViewlet" name="DeleteFromCommands" time="41.190"/>
  <system-out>
<br/> <img src=" E:\Automation\Navigator/Screenshots/ScreenshotsSuccess/DeleteFromCommands.png" alt="""/" />  </system-out>
  <testcase classname="ApodGUI.TopicViewlet" name="ShowTopicStatus" time="16.677"/>
  <system-out>
<br/> <img src=" E:\Automation\Navigator/Screenshots/ScreenshotsSuccess/ShowTopicStatus.png" alt="""/" />  </system-out>
  <testcase classname="ApodGUI.TopicViewlet" name="ShowObjectAttributesForTopic" time="170.485"/>
  <system-out>
<br/> <img src=" E:\Automation\Navigator/Screenshots/ScreenshotsSuccess/ShowObjectAttributesForTopic.png" alt="""/" />  </system-out>
  <testcase classname="ApodGUI.TopicViewlet" name="Logout" time="42.667"/>
  <system-out/>
</testsuite> <!-- ApodGUI.TopicViewlet -->
