<?xml version="1.0" encoding="UTF-8"?>
<!-- Generated by org.testng.reporters.JUnitReportReporter -->
<testsuite hostname="DESKTOP-9QJNAOQ" failures="0" tests="4" name="EMS.TransportViewlet" time="139.621" errors="0" timestamp="14 Feb 2022 08:40:21 GMT" skipped="0">
  <testcase classname="EMS.TransportViewlet" name="Login" time="29.500"/>
  <testcase classname="EMS.TransportViewlet" name="AddTransportViewlet" time="38.544"/>
  <testcase classname="EMS.TransportViewlet" name="AddToFavoriteViewlet" time="44.550"/>
  <testcase classname="EMS.TransportViewlet" name="Logout" time="27.027"/>
</testsuite> <!-- EMS.TransportViewlet -->
