<?xml version="1.0" encoding="UTF-8"?>
<!-- Generated by org.testng.reporters.JUnitReportReporter -->
<testsuite hostname="DESKTOP-9QJNAOQ" failures="0" tests="8" name="KafkaGUI.KafkaPartitionBrowseMessageOptions" time="322.685" errors="0" timestamp="16 Mar 2022 10:44:34 GMT" skipped="0">
  <testcase classname="KafkaGUI.KafkaPartitionBrowseMessageOptions" name="Login" time="67.014"/>
  <testcase classname="KafkaGUI.KafkaPartitionBrowseMessageOptions" name="PutAMessageUsingPutNewIcon" time="36.597"/>
  <testcase classname="KafkaGUI.KafkaPartitionBrowseMessageOptions" name="CopyMessageUsingCopyIcon" time="37.421"/>
  <testcase classname="KafkaGUI.KafkaPartitionBrowseMessageOptions" name="LoadMessageFromFileUsingIcon" time="61.193"/>
  <testcase classname="KafkaGUI.KafkaPartitionBrowseMessageOptions" name="ExportSelectedMessageUsingExportIcon" time="25.934"/>
  <testcase classname="KafkaGUI.KafkaPartitionBrowseMessageOptions" name="CopyMessageUsingCopyOption" time="37.010"/>
  <testcase classname="KafkaGUI.KafkaPartitionBrowseMessageOptions" name="ClearMessagesUsingClearAllIcon" time="30.560"/>
  <testcase classname="KafkaGUI.KafkaPartitionBrowseMessageOptions" name="Logout" time="26.956"/>
</testsuite> <!-- KafkaGUI.KafkaPartitionBrowseMessageOptions -->
