<?xml version="1.0" encoding="UTF-8"?>
<!-- Generated by org.testng.reporters.JUnitReportReporter -->
<testsuite hostname="DESKTOP-K4AEKHO" failures="0" tests="6" name="ApodGUI.ChannelAuthRecordsViewlet" time="352.899" errors="0" timestamp="2023-01-03T11:51:23 IST" skipped="0">
  <testcase classname="ApodGUI.ChannelAuthRecordsViewlet" name="Login" time="97.340"/>
  <system-out>
<br/> <img src=" E:\Automation\Navigator/Screenshots/ScreenshotsSuccess/Login.png" alt="""/" />  </system-out>
  <testcase classname="ApodGUI.ChannelAuthRecordsViewlet" name="AddChannelAuthrecordsViewlet" time="37.940"/>
  <system-out>
<br/> <img src=" E:\Automation\Navigator/Screenshots/ScreenshotsSuccess/AddChannelAuthrecordsViewlet.png" alt="""/" />  </system-out>
  <testcase classname="ApodGUI.ChannelAuthRecordsViewlet" name="CompareChannelAuths" time="27.595"/>
  <system-out>
<br/> <img src=" E:\Automation\Navigator/Screenshots/ScreenshotsSuccess/CompareChannelAuths.png" alt="""/" />  </system-out>
  <testcase classname="ApodGUI.ChannelAuthRecordsViewlet" name="CheckDifferencesForChannelAuths" time="20.653"/>
  <system-out>
<br/> <img src=" E:\Automation\Navigator/Screenshots/ScreenshotsSuccess/CheckDifferencesForChannelAuths.png" alt="""/" />  </system-out>
  <testcase classname="ApodGUI.ChannelAuthRecordsViewlet" name="MultipleChannelAuthRecordsProperties" time="139.839"/>
  <system-out>
<br/> <img src=" E:\Automation\Navigator/Screenshots/ScreenshotsSuccess/MultipleChannelAuthRecordsProperties.png" alt="""/" />  </system-out>
  <testcase classname="ApodGUI.ChannelAuthRecordsViewlet" name="Logout" time="29.532"/>
  <system-out/>
</testsuite> <!-- ApodGUI.ChannelAuthRecordsViewlet -->
