<?xml version="1.0" encoding="UTF-8"?>
<!-- Generated by org.testng.reporters.JUnitReportReporter -->
<testsuite hostname="DESKTOP-9QJNAOQ" failures="0" tests="7" name="KafkaGUI.KafkaTopicMessages" time="315.869" errors="0" timestamp="16 Mar 2022 10:12:29 GMT" skipped="0">
  <testcase classname="KafkaGUI.KafkaTopicMessages" name="Login" time="78.549"/>
  <testcase classname="KafkaGUI.KafkaTopicMessages" name="PutNewMessageIntoTopic" time="38.068"/>
  <testcase classname="KafkaGUI.KafkaTopicMessages" name="LoadMessageFromFileUsingOption" time="44.865"/>
  <testcase classname="KafkaGUI.KafkaTopicMessages" name="ExportAllMessages" time="43.086"/>
  <testcase classname="KafkaGUI.KafkaTopicMessages" name="CopyAllMessagesUsingCopyAllOption" time="45.561"/>
  <testcase classname="KafkaGUI.KafkaTopicMessages" name="ClearMessagesUsingClearAllOption" time="35.250"/>
  <testcase classname="KafkaGUI.KafkaTopicMessages" name="Logout" time="30.490"/>
</testsuite> <!-- KafkaGUI.KafkaTopicMessages -->
