<?xml version="1.0" encoding="UTF-8"?>
<!-- Generated by org.testng.reporters.JUnitReportReporter -->
<testsuite hostname="DESKTOP-9QJNAOQ" failures="0" tests="6" name="ApodGUI.QueueProperties" time="535.161" errors="0" timestamp="11 Mar 2022 08:46:21 GMT" skipped="0">
  <testcase classname="ApodGUI.QueueProperties" name="Login" time="92.560"/>
  <testcase classname="ApodGUI.QueueProperties" name="PutMessageInInhibitedQueue" time="72.162"/>
  <testcase classname="ApodGUI.QueueProperties" name="GetMessageFromInhibitedQueue" time="81.496"/>
  <testcase classname="ApodGUI.QueueProperties" name="MaximumQueueDepth" time="129.035"/>
  <testcase classname="ApodGUI.QueueProperties" name="MessageLength" time="126.758"/>
  <testcase classname="ApodGUI.QueueProperties" name="Logout" time="33.150"/>
</testsuite> <!-- ApodGUI.QueueProperties -->
