<?xml version="1.0" encoding="UTF-8"?>
<!-- Generated by org.testng.reporters.JUnitReportReporter -->
<testsuite hostname="DESKTOP-9QJNAOQ" failures="0" tests="3" name="KafkaGUI.KafkaNode" time="215.023" errors="0" timestamp="24 Jun 2022 09:47:13 GMT" skipped="0">
  <testcase classname="KafkaGUI.KafkaNode" name="Login" time="87.944"/>
  <testcase classname="KafkaGUI.KafkaNode" name="KafkaNodeShowObjectAttributes" time="95.090"/>
  <testcase classname="KafkaGUI.KafkaNode" name="Logout" time="31.989"/>
</testsuite> <!-- KafkaGUI.KafkaNode -->
