<?xml version="1.0" encoding="UTF-8"?>
<!-- Generated by org.testng.reporters.JUnitReportReporter -->
<testsuite hostname="DESKTOP-9QJNAOQ" failures="0" tests="8" name="NavigatorCore.GlobalSettings" time="339.507" errors="0" timestamp="20 Jun 2022 11:41:52 GMT" skipped="0">
  <testcase classname="NavigatorCore.GlobalSettings" name="Login" time="50.060"/>
  <testcase classname="NavigatorCore.GlobalSettings" name="GlobalNotice" time="42.072"/>
  <testcase classname="NavigatorCore.GlobalSettings" name="EnvironmentLevel" time="53.310"/>
  <testcase classname="NavigatorCore.GlobalSettings" name="UpdateEnvironmentLevel" time="31.129"/>
  <testcase classname="NavigatorCore.GlobalSettings" name="DeleteEnvironmentLevel" time="34.140"/>
  <testcase classname="NavigatorCore.GlobalSettings" name="MinimumRefreshInterval" time="40.839"/>
  <testcase classname="NavigatorCore.GlobalSettings" name="DashboardOwnershipManagement" time="80.770"/>
  <testcase classname="NavigatorCore.GlobalSettings" name="Logout" time="7.187"/>
</testsuite> <!-- NavigatorCore.GlobalSettings -->
