<?xml version="1.0" encoding="UTF-8"?>
<!-- Generated by org.testng.reporters.JUnitReportReporter -->
<testsuite skipped="0" hostname="LAPTOP-P3LD1OLC" name="ApodGUI.Order" tests="5" failures="0" timestamp="02 Feb 2021 14:39:23 GMT" time="0.021" errors="0">
  <testcase name="method1" time="0.017" classname="ApodGUI.Order"/>
  <testcase name="method2" time="0.001" classname="ApodGUI.Order"/>
  <testcase name="method3" time="0.001" classname="ApodGUI.Order"/>
  <testcase name="method4" time="0.001" classname="ApodGUI.Order"/>
  <testcase name="method5" time="0.001" classname="ApodGUI.Order"/>
</testsuite> <!-- ApodGUI.Order -->
