<?xml version="1.0" encoding="UTF-8"?>
<!-- Generated by org.testng.reporters.JUnitReportReporter -->
<testsuite hostname="DESKTOP-9QJNAOQ" failures="0" tests="4" name="KafkaGUI.KafkaSchemaSubjectVersion" time="153.505" errors="0" timestamp="30 Mar 2022 11:03:59 GMT" skipped="0">
  <testcase classname="KafkaGUI.KafkaSchemaSubjectVersion" name="Login" time="66.152"/>
  <testcase classname="KafkaGUI.KafkaSchemaSubjectVersion" name="SchemaSubjectViewlet" time="32.206"/>
  <testcase classname="KafkaGUI.KafkaSchemaSubjectVersion" name="ShowObjectAttributes" time="25.076"/>
  <testcase classname="KafkaGUI.KafkaSchemaSubjectVersion" name="Logout" time="30.071"/>
</testsuite> <!-- KafkaGUI.KafkaSchemaSubjectVersion -->
