<?xml version="1.0" encoding="UTF-8"?>
<!-- Generated by org.testng.reporters.JUnitReportReporter -->
<testsuite hostname="DESKTOP-9QJNAOQ" failures="0" tests="14" name="ApodGUI.QueueMessages" time="891.896" errors="0" timestamp="28 Jul 2022 13:39:15 GMT" skipped="0">
  <testcase classname="ApodGUI.QueueMessages" name="Login" time="183.146"/>
  <testcase classname="ApodGUI.QueueMessages" name="PutNewMessageIntoQueue" time="55.420"/>
  <testcase classname="ApodGUI.QueueMessages" name="LoadFromFileUsingYesbutton" time="58.003"/>
  <testcase classname="ApodGUI.QueueMessages" name="LoadFromFileUsingConfigurebuttonWithSingleMessage" time="62.129"/>
  <testcase classname="ApodGUI.QueueMessages" name="LoadFromFileUsingConfigurebuttonWithMultipleMessages" time="74.489"/>
  <testcase classname="ApodGUI.QueueMessages" name="ExportAllMessages" time="49.971"/>
  <testcase classname="ApodGUI.QueueMessages" name="CopyAllMessagesFromOneQueueToAnotherQueue" time="46.773"/>
  <testcase classname="ApodGUI.QueueMessages" name="MoveAllMessagesFromOneQueueToAnotherQueue" time="77.784"/>
  <testcase classname="ApodGUI.QueueMessages" name="DeleteAllMessagesFromQueue" time="44.516"/>
  <testcase classname="ApodGUI.QueueMessages" name="ClearAllMessagesFromQueue" time="43.467"/>
  <testcase classname="ApodGUI.QueueMessages" name="PutMessageUsingJsonFile" time="58.654"/>
  <testcase classname="ApodGUI.QueueMessages" name="PutMessageUsingXMLFile" time="58.891"/>
  <testcase classname="ApodGUI.QueueMessages" name="PutHexMessageIntoQueue" time="49.450"/>
  <testcase classname="ApodGUI.QueueMessages" name="Logout" time="29.203"/>
</testsuite> <!-- ApodGUI.QueueMessages -->
