<?xml version="1.0" encoding="UTF-8"?>
<!-- Generated by org.testng.reporters.JUnitReportReporter -->
<testsuite hostname="DESKTOP-9QJNAOQ" failures="0" tests="6" name="ApodGUI.QueueMessages" time="359.435" errors="0" timestamp="16 May 2022 13:04:47 GMT" skipped="0">
  <testcase classname="ApodGUI.QueueMessages" name="Login" time="130.777"/>
  <testcase classname="ApodGUI.QueueMessages" name="ClearAllMessagesFromQueue" time="36.556"/>
  <testcase classname="ApodGUI.QueueMessages" name="PutMessageUsingJsonFile" time="66.081"/>
  <testcase classname="ApodGUI.QueueMessages" name="PutMessageUsingXMLFile" time="55.703"/>
  <testcase classname="ApodGUI.QueueMessages" name="PutHexMessageIntoQueue" time="42.905"/>
  <testcase classname="ApodGUI.QueueMessages" name="Logout" time="27.413"/>
</testsuite> <!-- ApodGUI.QueueMessages -->
