<?xml version="1.0" encoding="UTF-8"?>
<!-- Generated by org.testng.reporters.JUnitReportReporter -->
<testsuite skipped="0" hostname="DESKTOP-9QJNAOQ" name="ApodGUI.NewTopicViewlet" tests="19" failures="0" timestamp="07 Dec 2021 14:54:07 GMT" time="1035.141" errors="0">
  <testcase name="Login" time="73.903" classname="ApodGUI.NewTopicViewlet"/>
  <testcase name="AddTopicViewlet" time="26.423" classname="ApodGUI.NewTopicViewlet"/>
  <testcase name="CreateTopic" time="56.418" classname="ApodGUI.NewTopicViewlet"/>
  <testcase name="CopyAsFromCommands" time="62.568" classname="ApodGUI.NewTopicViewlet"/>
  <testcase name="DeleteFromCommands" time="38.938" classname="ApodGUI.NewTopicViewlet"/>
  <testcase name="MQSCSnapshot" time="18.156" classname="ApodGUI.NewTopicViewlet"/>
  <testcase name="SaveTopicSnapshot" time="13.538" classname="ApodGUI.NewTopicViewlet"/>
  <testcase name="TopicProperties" time="29.380" classname="ApodGUI.NewTopicViewlet"/>
  <testcase name="TopicEvents" time="26.222" classname="ApodGUI.NewTopicViewlet"/>
  <testcase name="AddToFavoriteViewlet" time="54.013" classname="ApodGUI.NewTopicViewlet"/>
  <testcase name="CreateTopicFromPlusIcon" time="77.784" classname="ApodGUI.NewTopicViewlet"/>
  <testcase name="CompareTopics" time="34.134" classname="ApodGUI.NewTopicViewlet"/>
  <testcase name="CheckDifferencesForTopics" time="27.877" classname="ApodGUI.NewTopicViewlet"/>
  <testcase name="CopyAsFromCommandsForMultipleTopics" time="120.354" classname="ApodGUI.NewTopicViewlet"/>
  <testcase name="DeleteFromCommandsForMultipleTopics" time="40.144" classname="ApodGUI.NewTopicViewlet"/>
  <testcase name="MultipleProperties" time="96.622" classname="ApodGUI.NewTopicViewlet"/>
  <testcase name="AddToFavoriteForMultipleTopics" time="41.583" classname="ApodGUI.NewTopicViewlet"/>
  <testcase name="ShowObjectAttributesForTopic" time="167.385" classname="ApodGUI.NewTopicViewlet"/>
  <testcase name="Logout" time="29.699" classname="ApodGUI.NewTopicViewlet"/>
</testsuite> <!-- ApodGUI.NewTopicViewlet -->
