<?xml version="1.0" encoding="UTF-8"?>
<!-- Generated by org.testng.reporters.JUnitReportReporter -->
<testsuite hostname="DESKTOP-K4AEKHO" failures="0" tests="4" name="NavigatorCore.CloseConsoleTabs" time="154.287" errors="0" timestamp="2023-05-17T14:27:58 IST" skipped="0">
  <testcase classname="NavigatorCore.CloseConsoleTabs" name="Login" time="84.085"/>
  <system-out>
<br/> <img src=" E:\Automation\Navigator/Screenshots/ScreenshotsSuccess/Login.png" alt="""/" />  </system-out>
  <testcase classname="NavigatorCore.CloseConsoleTabs" name="CloseOtherConsole" time="30.260"/>
  <system-out>
<br/> <img src=" E:\Automation\Navigator/Screenshots/ScreenshotsSuccess/CloseOtherConsole.png" alt="""/" />  </system-out>
  <testcase classname="NavigatorCore.CloseConsoleTabs" name="CloseAllConsole" time="13.398"/>
  <system-out>
<br/> <img src=" E:\Automation\Navigator/Screenshots/ScreenshotsSuccess/CloseAllConsole.png" alt="""/" />  </system-out>
  <testcase classname="NavigatorCore.CloseConsoleTabs" name="Logout" time="26.544"/>
  <system-out/>
</testsuite> <!-- NavigatorCore.CloseConsoleTabs -->
