<?xml version="1.0" encoding="UTF-8"?>
<!-- Generated by org.testng.reporters.JUnitReportReporter -->
<testsuite hostname="DESKTOP-9QJNAOQ" failures="0" tests="20" name="ApodGUI.TopicViewlet" time="1082.988" errors="0" timestamp="29 Jul 2022 06:27:15 GMT" skipped="0">
  <testcase classname="ApodGUI.TopicViewlet" name="Login" time="107.107"/>
  <testcase classname="ApodGUI.TopicViewlet" name="AddTopicViewlet" time="26.056"/>
  <testcase classname="ApodGUI.TopicViewlet" name="CreateTopic" time="56.979"/>
  <testcase classname="ApodGUI.TopicViewlet" name="CopyAsFromCommands" time="57.569"/>
  <testcase classname="ApodGUI.TopicViewlet" name="DeleteFromCommands" time="39.389"/>
  <testcase classname="ApodGUI.TopicViewlet" name="MQSCSnapshot" time="17.778"/>
  <testcase classname="ApodGUI.TopicViewlet" name="SaveTopicSnapshot" time="12.322"/>
  <testcase classname="ApodGUI.TopicViewlet" name="TopicProperties" time="31.866"/>
  <testcase classname="ApodGUI.TopicViewlet" name="TopicEvents" time="26.069"/>
  <testcase classname="ApodGUI.TopicViewlet" name="AddToFavoriteViewlet" time="53.974"/>
  <testcase classname="ApodGUI.TopicViewlet" name="CreateTopicFromPlusIcon" time="77.685"/>
  <testcase classname="ApodGUI.TopicViewlet" name="CompareTopics" time="33.005"/>
  <testcase classname="ApodGUI.TopicViewlet" name="CheckDifferencesForTopics" time="27.387"/>
  <testcase classname="ApodGUI.TopicViewlet" name="CopyAsFromCommandsForMultipleTopics" time="119.246"/>
  <testcase classname="ApodGUI.TopicViewlet" name="DeleteFromCommandsForMultipleTopics" time="39.750"/>
  <testcase classname="ApodGUI.TopicViewlet" name="MultipleProperties" time="97.826"/>
  <testcase classname="ApodGUI.TopicViewlet" name="AddToFavoriteForMultipleTopics" time="39.067"/>
  <testcase classname="ApodGUI.TopicViewlet" name="ShowTopicStatus" time="15.069"/>
  <testcase classname="ApodGUI.TopicViewlet" name="ShowObjectAttributesForTopic" time="175.033"/>
  <testcase classname="ApodGUI.TopicViewlet" name="Logout" time="29.811"/>
</testsuite> <!-- ApodGUI.TopicViewlet -->
