<?xml version="1.0" encoding="UTF-8"?>
<!-- Generated by org.testng.reporters.JUnitReportReporter -->
<testsuite hostname="DESKTOP-9QJNAOQ" failures="0" tests="8" name="KafkaGUI.KafkaTopicBrowseMessageOptions" time="369.003" errors="0" timestamp="16 Mar 2022 10:02:33 GMT" skipped="0">
  <testcase classname="KafkaGUI.KafkaTopicBrowseMessageOptions" name="Login" time="84.184"/>
  <testcase classname="KafkaGUI.KafkaTopicBrowseMessageOptions" name="PutAMessageUsingPutNewIcon" time="52.572"/>
  <testcase classname="KafkaGUI.KafkaTopicBrowseMessageOptions" name="CopyMessageUsingCopyIcon" time="32.408"/>
  <testcase classname="KafkaGUI.KafkaTopicBrowseMessageOptions" name="LoadMessageFromFileUsingIcon" time="62.273"/>
  <testcase classname="KafkaGUI.KafkaTopicBrowseMessageOptions" name="ExportSelectedMessageUsingExportIcon" time="26.456"/>
  <testcase classname="KafkaGUI.KafkaTopicBrowseMessageOptions" name="CopyMessageUsingCopyOption" time="41.887"/>
  <testcase classname="KafkaGUI.KafkaTopicBrowseMessageOptions" name="ClearMessagesUsingClearAllIcon" time="42.160"/>
  <testcase classname="KafkaGUI.KafkaTopicBrowseMessageOptions" name="Logout" time="27.063"/>
</testsuite> <!-- KafkaGUI.KafkaTopicBrowseMessageOptions -->
