<?xml version="1.0" encoding="UTF-8"?>
<!-- Generated by org.testng.reporters.JUnitReportReporter -->
<testsuite hostname="DESKTOP-K4AEKHO" failures="0" tests="11" name="ApodGUI.NodeViewlet" time="698.593" errors="0" timestamp="2023-08-08T17:19:46 IST" skipped="0">
  <testcase classname="ApodGUI.NodeViewlet" name="Login" time="85.442"/>
  <system-out>
Url to test Maximizing the window <br/> <img src=" E:\Automation\Navigator/Screenshots/ScreenshotsSuccess/Login.png" alt="""/" />  </system-out>
  <testcase classname="ApodGUI.NodeViewlet" name="ShowTopology" time="52.653"/>
  <system-out>
<br/> <img src=" E:\Automation\Navigator/Screenshots/ScreenshotsSuccess/ShowTopology.png" alt="""/" />  </system-out>
  <testcase classname="ApodGUI.NodeViewlet" name="NodeEvents" time="66.527"/>
  <system-out>
<br/> <img src=" E:\Automation\Navigator/Screenshots/ScreenshotsSuccess/NodeEvents.png" alt="""/" />  </system-out>
  <testcase classname="ApodGUI.NodeViewlet" name="ManageAndUnmanageNode" time="38.084"/>
  <system-out>
<br/> <img src=" E:\Automation\Navigator/Screenshots/ScreenshotsSuccess/ManageAndUnmanageNode.png" alt="""/" />  </system-out>
  <testcase classname="ApodGUI.NodeViewlet" name="DiscoverNow" time="43.186"/>
  <system-out>
<br/> <img src=" E:\Automation\Navigator/Screenshots/ScreenshotsSuccess/DiscoverNow.png" alt="""/" />  </system-out>
  <testcase classname="ApodGUI.NodeViewlet" name="PropertiesOfNode" time="74.446"/>
  <system-out>
<br/> <img src=" E:\Automation\Navigator/Screenshots/ScreenshotsSuccess/PropertiesOfNode.png" alt="""/" />  </system-out>
  <testcase classname="ApodGUI.NodeViewlet" name="CreateNodeUsingIcon" time="91.281"/>
  <system-out>
<br/> <img src=" E:\Automation\Navigator/Screenshots/ScreenshotsSuccess/CreateNodeUsingIcon.png" alt="""/" />  </system-out>
  <testcase classname="ApodGUI.NodeViewlet" name="DeleteNode" time="50.429"/>
  <system-out>
<br/> <img src=" E:\Automation\Navigator/Screenshots/ScreenshotsSuccess/DeleteNode.png" alt="""/" />  </system-out>
  <testcase classname="ApodGUI.NodeViewlet" name="CreateQueueManagerFromNodeViewletOptions" time="143.561"/>
  <system-out>
<br/> <img src=" E:\Automation\Navigator/Screenshots/ScreenshotsSuccess/CreateQueueManagerFromNodeViewletOptions.png" alt="""/" />  </system-out>
  <testcase classname="ApodGUI.NodeViewlet" name="SearchFilter" time="26.112"/>
  <system-out>
<br/> <img src=" E:\Automation\Navigator/Screenshots/ScreenshotsSuccess/SearchFilter.png" alt="""/" />  </system-out>
  <testcase classname="ApodGUI.NodeViewlet" name="Logout" time="26.872"/>
  <system-out/>
</testsuite> <!-- ApodGUI.NodeViewlet -->
