<?xml version="1.0" encoding="UTF-8"?>
<!-- Generated by org.testng.reporters.JUnitReportReporter -->
<testsuite hostname="DESKTOP-9QJNAOQ" failures="0" tests="12" name="ApodGUI.NodeViewlet" time="790.629" errors="0" timestamp="16 May 2022 14:24:54 GMT" skipped="0">
  <testcase classname="ApodGUI.NodeViewlet" name="Login" time="98.263"/>
  <testcase classname="ApodGUI.NodeViewlet" name="ShowTopology" time="33.752"/>
  <testcase classname="ApodGUI.NodeViewlet" name="NodeEvents" time="54.521"/>
  <testcase classname="ApodGUI.NodeViewlet" name="ManageAndUnmanageNode" time="36.640"/>
  <testcase classname="ApodGUI.NodeViewlet" name="DiscoverNow" time="38.907"/>
  <testcase classname="ApodGUI.NodeViewlet" name="PropertiesOfNode" time="56.013"/>
  <testcase classname="ApodGUI.NodeViewlet" name="CreateNodeUsingIcon" time="50.228"/>
  <testcase classname="ApodGUI.NodeViewlet" name="DeleteNode" time="47.418"/>
  <testcase classname="ApodGUI.NodeViewlet" name="CreateQueueManagerFromNodeViewletOptions" time="81.744"/>
  <testcase classname="ApodGUI.NodeViewlet" name="SearchFilter" time="23.816"/>
  <testcase classname="ApodGUI.NodeViewlet" name="ShowObjectAttributesforNode" time="238.876"/>
  <testcase classname="ApodGUI.NodeViewlet" name="Logout" time="30.451"/>
</testsuite> <!-- ApodGUI.NodeViewlet -->
