<?xml version="1.0" encoding="UTF-8"?>
<!-- Generated by org.testng.reporters.JUnitReportReporter -->
<testsuite hostname="DESKTOP-9QJNAOQ" failures="0" tests="7" name="ApodGUI.ManagerViewlet" time="434.913" errors="0" timestamp="17 Feb 2022 10:07:14 GMT" skipped="0">
  <testcase classname="ApodGUI.ManagerViewlet" name="Login" time="123.619"/>
  <testcase classname="ApodGUI.ManagerViewlet" name="AddToFavorites" time="63.987"/>
  <testcase classname="ApodGUI.ManagerViewlet" name="MultipleManagersProperties" time="92.796"/>
  <testcase classname="ApodGUI.ManagerViewlet" name="AddToFavoriteForMultipleManagers" time="47.968"/>
  <testcase classname="ApodGUI.ManagerViewlet" name="CreateQueueManagerFromOptions" time="59.459"/>
  <testcase classname="ApodGUI.ManagerViewlet" name="SearchFilter" time="16.233"/>
  <testcase classname="ApodGUI.ManagerViewlet" name="Logout" time="30.851"/>
</testsuite> <!-- ApodGUI.ManagerViewlet -->
