<?xml version="1.0" encoding="UTF-8"?>
<!-- Generated by org.testng.reporters.JUnitReportReporter -->
<testsuite hostname="DESKTOP-9QJNAOQ" failures="0" tests="20" name="ApodGUI.TopicViewlet" time="1068.721" errors="0" timestamp="17 Feb 2022 13:17:15 GMT" skipped="0">
  <testcase classname="ApodGUI.TopicViewlet" name="Login" time="72.754"/>
  <testcase classname="ApodGUI.TopicViewlet" name="AddTopicViewlet" time="25.622"/>
  <testcase classname="ApodGUI.TopicViewlet" name="CreateTopic" time="58.091"/>
  <testcase classname="ApodGUI.TopicViewlet" name="CopyAsFromCommands" time="63.138"/>
  <testcase classname="ApodGUI.TopicViewlet" name="DeleteFromCommands" time="40.500"/>
  <testcase classname="ApodGUI.TopicViewlet" name="MQSCSnapshot" time="18.415"/>
  <testcase classname="ApodGUI.TopicViewlet" name="SaveTopicSnapshot" time="13.237"/>
  <testcase classname="ApodGUI.TopicViewlet" name="TopicProperties" time="32.351"/>
  <testcase classname="ApodGUI.TopicViewlet" name="TopicEvents" time="30.206"/>
  <testcase classname="ApodGUI.TopicViewlet" name="AddToFavoriteViewlet" time="54.780"/>
  <testcase classname="ApodGUI.TopicViewlet" name="CreateTopicFromPlusIcon" time="77.072"/>
  <testcase classname="ApodGUI.TopicViewlet" name="CompareTopics" time="33.635"/>
  <testcase classname="ApodGUI.TopicViewlet" name="CheckDifferencesForTopics" time="28.108"/>
  <testcase classname="ApodGUI.TopicViewlet" name="CopyAsFromCommandsForMultipleTopics" time="119.915"/>
  <testcase classname="ApodGUI.TopicViewlet" name="DeleteFromCommandsForMultipleTopics" time="40.839"/>
  <testcase classname="ApodGUI.TopicViewlet" name="MultipleProperties" time="100.802"/>
  <testcase classname="ApodGUI.TopicViewlet" name="AddToFavoriteForMultipleTopics" time="43.990"/>
  <testcase classname="ApodGUI.TopicViewlet" name="ShowTopicStatus" time="13.200"/>
  <testcase classname="ApodGUI.TopicViewlet" name="ShowObjectAttributesForTopic" time="171.718"/>
  <testcase classname="ApodGUI.TopicViewlet" name="Logout" time="30.348"/>
</testsuite> <!-- ApodGUI.TopicViewlet -->
