<?xml version="1.0" encoding="UTF-8"?>
<!-- Generated by org.testng.reporters.JUnitReportReporter -->
<testsuite hostname="DESKTOP-K4AEKHO" failures="0" tests="13" name="NavigatorCore.AddSchemaToTheViewlet" time="267.127" errors="0" timestamp="2023-05-17T13:25:43 IST" skipped="0">
  <testcase classname="NavigatorCore.AddSchemaToTheViewlet" name="Login" time="23.384"/>
  <system-out>
<br/> <img src=" E:\Automation\Navigator/Screenshots/ScreenshotsSuccess/Login.png" alt="""/" />  </system-out>
  <testcase classname="NavigatorCore.AddSchemaToTheViewlet" name="AddNewDashboard" time="54.752"/>
  <system-out>
<br/> <img src=" E:\Automation\Navigator/Screenshots/ScreenshotsSuccess/AddNewDashboard.png" alt="""/" />  </system-out>
  <testcase classname="NavigatorCore.AddSchemaToTheViewlet" name="AddSchema" time="45.587"/>
  <system-out>
<br/> <img src=" E:\Automation\Navigator/Screenshots/ScreenshotsSuccess/AddSchema.png" alt="""/" />  </system-out>
  <testcase classname="NavigatorCore.AddSchemaToTheViewlet" name="DeleteSchema" time="21.419"/>
  <system-out>
<br/> <img src=" E:\Automation\Navigator/Screenshots/ScreenshotsSuccess/DeleteSchema.png" alt="""/" />  </system-out>
  <testcase classname="NavigatorCore.AddSchemaToTheViewlet" name="AddAllAttributesButton" time="11.356"/>
  <system-out>
<br/> <img src=" E:\Automation\Navigator/Screenshots/ScreenshotsSuccess/AddAllAttributesButton.png" alt="""/" />  </system-out>
  <testcase classname="NavigatorCore.AddSchemaToTheViewlet" name="RemoveAllAttributesButton" time="8.114"/>
  <system-out>
<br/> <img src=" E:\Automation\Navigator/Screenshots/ScreenshotsSuccess/RemoveAllAttributesButton.png" alt="""/" />  </system-out>
  <testcase classname="NavigatorCore.AddSchemaToTheViewlet" name="AddAttributesButton" time="8.107"/>
  <system-out>
<br/> <img src=" E:\Automation\Navigator/Screenshots/ScreenshotsSuccess/AddAttributesButton.png" alt="""/" />  </system-out>
  <testcase classname="NavigatorCore.AddSchemaToTheViewlet" name="RemoveAttributeButton" time="15.483"/>
  <system-out>
<br/> <img src=" E:\Automation\Navigator/Screenshots/ScreenshotsSuccess/RemoveAttributeButton.png" alt="""/" />  </system-out>
  <testcase classname="NavigatorCore.AddSchemaToTheViewlet" name="MoveToTopButton" time="11.301"/>
  <system-out>
<br/> <img src=" E:\Automation\Navigator/Screenshots/ScreenshotsSuccess/MoveToTopButton.png" alt="""/" />  </system-out>
  <testcase classname="NavigatorCore.AddSchemaToTheViewlet" name="MoveToBottomButton" time="13.280"/>
  <system-out>
<br/> <img src=" E:\Automation\Navigator/Screenshots/ScreenshotsSuccess/MoveToBottomButton.png" alt="""/" />  </system-out>
  <testcase classname="NavigatorCore.AddSchemaToTheViewlet" name="MoveUpButton" time="8.194"/>
  <system-out>
<br/> <img src=" E:\Automation\Navigator/Screenshots/ScreenshotsSuccess/MoveUpButton.png" alt="""/" />  </system-out>
  <testcase classname="NavigatorCore.AddSchemaToTheViewlet" name="MoveDownButton" time="13.222"/>
  <system-out>
<br/> <img src=" E:\Automation\Navigator/Screenshots/ScreenshotsSuccess/MoveDownButton.png" alt="""/" />  </system-out>
  <testcase classname="NavigatorCore.AddSchemaToTheViewlet" name="Logout" time="32.928"/>
  <system-out/>
</testsuite> <!-- NavigatorCore.AddSchemaToTheViewlet -->
