<?xml version="1.0" encoding="UTF-8"?>
<!-- Generated by org.testng.reporters.JUnitReportReporter -->
<testsuite hostname="DESKTOP-9QJNAOQ" failures="0" tests="12" name="NavigatorCore.CreateViewletTypesUsingViewletButton" time="449.650" errors="0" timestamp="20 Jun 2022 11:27:45 GMT" skipped="0">
  <testcase classname="NavigatorCore.CreateViewletTypesUsingViewletButton" name="Login" time="46.791"/>
  <testcase classname="NavigatorCore.CreateViewletTypesUsingViewletButton" name="CreateViewletUsingObjectCheckbox" time="34.892"/>
  <testcase classname="NavigatorCore.CreateViewletTypesUsingViewletButton" name="CreateATemporaryViewletUsingSearchCheckbox" time="31.914"/>
  <testcase classname="NavigatorCore.CreateViewletTypesUsingViewletButton" name="CreateFavoriteViewletUsingCheckbox" time="26.223"/>
  <testcase classname="NavigatorCore.CreateViewletTypesUsingViewletButton" name="OpenAnExistingCheckbox" time="90.870"/>
  <testcase classname="NavigatorCore.CreateViewletTypesUsingViewletButton" name="CreateTemporaryViewletUsingTemporaryViewletCheckbox" time="63.944"/>
  <testcase classname="NavigatorCore.CreateViewletTypesUsingViewletButton" name="EditViewletOption" time="33.630"/>
  <testcase classname="NavigatorCore.CreateViewletTypesUsingViewletButton" name="ManageFilteredColumns" time="35.673"/>
  <testcase classname="NavigatorCore.CreateViewletTypesUsingViewletButton" name="ManageFrozenColumns" time="22.970"/>
  <testcase classname="NavigatorCore.CreateViewletTypesUsingViewletButton" name="DeleteViewletOption" time="11.522"/>
  <testcase classname="NavigatorCore.CreateViewletTypesUsingViewletButton" name="ExportDataToCSV" time="21.087"/>
  <testcase classname="NavigatorCore.CreateViewletTypesUsingViewletButton" name="Logout" time="30.134"/>
</testsuite> <!-- NavigatorCore.CreateViewletTypesUsingViewletButton -->
