<?xml version="1.0" encoding="UTF-8"?>
<!-- Generated by org.testng.reporters.JUnitReportReporter -->
<testsuite hostname="DESKTOP-9QJNAOQ" failures="0" tests="12" name="ApodGUI.AuthorizationInfoViewlet" time="499.664" errors="0" timestamp="17 Feb 2022 14:04:41 GMT" skipped="0">
  <testcase classname="ApodGUI.AuthorizationInfoViewlet" name="Login" time="62.411"/>
  <testcase classname="ApodGUI.AuthorizationInfoViewlet" name="AddAuthInfoViewlet" time="48.789"/>
  <testcase classname="ApodGUI.AuthorizationInfoViewlet" name="PropertieOfAuthInfo" time="27.061"/>
  <testcase classname="ApodGUI.AuthorizationInfoViewlet" name="MQSCSnapshot" time="24.204"/>
  <testcase classname="ApodGUI.AuthorizationInfoViewlet" name="SaveAuthinfoSnapshot" time="13.033"/>
  <testcase classname="ApodGUI.AuthorizationInfoViewlet" name="AuthInfoEvents" time="54.060"/>
  <testcase classname="ApodGUI.AuthorizationInfoViewlet" name="AddToFavoriteViewlet" time="50.672"/>
  <testcase classname="ApodGUI.AuthorizationInfoViewlet" name="CompareAuthInfo" time="50.511"/>
  <testcase classname="ApodGUI.AuthorizationInfoViewlet" name="CheckDifferencesForAuthInfos" time="39.659"/>
  <testcase classname="ApodGUI.AuthorizationInfoViewlet" name="AddToFavoriteForMultipleAuthInfo" time="38.704"/>
  <testcase classname="ApodGUI.AuthorizationInfoViewlet" name="ShowObjectAttributesForAuthInfo" time="63.384"/>
  <testcase classname="ApodGUI.AuthorizationInfoViewlet" name="Logout" time="27.176"/>
</testsuite> <!-- ApodGUI.AuthorizationInfoViewlet -->
