<?xml version="1.0" encoding="UTF-8"?>
<!-- Generated by org.testng.reporters.JUnitReportReporter -->
<testsuite skipped="0" hostname="DESKTOP-9QJNAOQ" name="KafkaGUI.KafkaPartitionViewlet" tests="14" failures="0" timestamp="24 Jan 2022 11:31:22 GMT" time="559.231" errors="0">
  <testcase name="Login" time="73.123" classname="KafkaGUI.KafkaPartitionViewlet"/>
  <testcase name="BrowseMessages" time="19.262" classname="KafkaGUI.KafkaPartitionViewlet"/>
  <testcase name="Events" time="58.290" classname="KafkaGUI.KafkaPartitionViewlet"/>
  <testcase name="AddToFavoriteViewlet" time="38.151" classname="KafkaGUI.KafkaPartitionViewlet"/>
  <testcase name="PutmessageintoPartition" time="36.592" classname="KafkaGUI.KafkaPartitionViewlet"/>
  <testcase name="LoadmessagetoPartitionFromFile" time="40.554" classname="KafkaGUI.KafkaPartitionViewlet"/>
  <testcase name="PartitionExportMessages" time="45.602" classname="KafkaGUI.KafkaPartitionViewlet"/>
  <testcase name="PartitionCopyAllMessages" time="31.632" classname="KafkaGUI.KafkaPartitionViewlet"/>
  <testcase name="ClearAllMessagesFromPartition" time="34.832" classname="KafkaGUI.KafkaPartitionViewlet"/>
  <testcase name="ComparePartitions" time="27.619" classname="KafkaGUI.KafkaPartitionViewlet"/>
  <testcase name="DifferencesOfPartitions" time="23.897" classname="KafkaGUI.KafkaPartitionViewlet"/>
  <testcase name="AddToFavoriteForMultiplePartitions" time="24.342" classname="KafkaGUI.KafkaPartitionViewlet"/>
  <testcase name="ShowObjectAttributes" time="75.376" classname="KafkaGUI.KafkaPartitionViewlet"/>
  <testcase name="Logout" time="29.959" classname="KafkaGUI.KafkaPartitionViewlet"/>
</testsuite> <!-- KafkaGUI.KafkaPartitionViewlet -->
