<?xml version="1.0" encoding="UTF-8"?>
<!-- Generated by org.testng.reporters.JUnitReportReporter -->
<testsuite hostname="DESKTOP-9QJNAOQ" failures="0" tests="21" name="ApodGUI.ProcessViewlet" time="1000.719" errors="0" timestamp="17 Feb 2022 12:33:27 GMT" skipped="0">
  <testcase classname="ApodGUI.ProcessViewlet" name="Login" time="64.498"/>
  <testcase classname="ApodGUI.ProcessViewlet" name="AddProcessViewlet" time="40.156"/>
  <testcase classname="ApodGUI.ProcessViewlet" name="CreateProcessFromPlusIcon" time="48.982"/>
  <testcase classname="ApodGUI.ProcessViewlet" name="CopyAsFromCommands" time="57.718"/>
  <testcase classname="ApodGUI.ProcessViewlet" name="RenameFromCommands" time="68.785"/>
  <testcase classname="ApodGUI.ProcessViewlet" name="DeleteFromCommands" time="37.726"/>
  <testcase classname="ApodGUI.ProcessViewlet" name="MQSCSnapshot" time="18.688"/>
  <testcase classname="ApodGUI.ProcessViewlet" name="SaveProcessSnapshot" time="13.110"/>
  <testcase classname="ApodGUI.ProcessViewlet" name="Properties" time="30.196"/>
  <testcase classname="ApodGUI.ProcessViewlet" name="ProcessEvents" time="44.393"/>
  <testcase classname="ApodGUI.ProcessViewlet" name="AddToFavoriteViewlet" time="58.566"/>
  <testcase classname="ApodGUI.ProcessViewlet" name="CreateProcess" time="54.698"/>
  <testcase classname="ApodGUI.ProcessViewlet" name="CompareProcessNames" time="28.668"/>
  <testcase classname="ApodGUI.ProcessViewlet" name="CheckDifferencesForProcess" time="24.172"/>
  <testcase classname="ApodGUI.ProcessViewlet" name="CopyAsFromCommandsForMultipleProcess" time="49.957"/>
  <testcase classname="ApodGUI.ProcessViewlet" name="RenameFromCommandsForMultipleProcess" time="67.824"/>
  <testcase classname="ApodGUI.ProcessViewlet" name="DeleteFromCommandsForMultipleProcess" time="37.771"/>
  <testcase classname="ApodGUI.ProcessViewlet" name="MultipleProperties" time="91.863"/>
  <testcase classname="ApodGUI.ProcessViewlet" name="AddToFavoriteForMultipleProcess" time="35.447"/>
  <testcase classname="ApodGUI.ProcessViewlet" name="ShowObjectAttributesForProcess" time="97.015"/>
  <testcase classname="ApodGUI.ProcessViewlet" name="Logout" time="30.486"/>
</testsuite> <!-- ApodGUI.ProcessViewlet -->
