<?xml version="1.0" encoding="UTF-8"?>
<!-- Generated by org.testng.reporters.JUnitReportReporter -->
<testsuite skipped="0" hostname="DESKTOP-9QJNAOQ" name="NavigatorCore.NavigatorSettings" tests="11" failures="0" timestamp="12 Nov 2021 09:36:12 GMT" time="333.661" errors="0">
  <testcase name="Login" time="138.602" classname="NavigatorCore.NavigatorSettings"/>
  <testcase name="ShowInActiveChannelsCheckbox" time="8.747" classname="NavigatorCore.NavigatorSettings"/>
  <testcase name="ShowEmptyQueuesCheckbox" time="10.723" classname="NavigatorCore.NavigatorSettings"/>
  <testcase name="ShowTemporaryDynamicQueues" time="18.882" classname="NavigatorCore.NavigatorSettings"/>
  <testcase name="ShowFullNamesForFavoriteShortcuts" time="29.361" classname="NavigatorCore.NavigatorSettings"/>
  <testcase name="ShowFullNamesForSearchResultsObjects" time="24.522" classname="NavigatorCore.NavigatorSettings"/>
  <testcase name="ShowSystemObjectsOnly" time="13.840" classname="NavigatorCore.NavigatorSettings"/>
  <testcase name="ShowObjectSearchresultsFromActiveManagersOnly" time="15.860" classname="NavigatorCore.NavigatorSettings"/>
  <testcase name="ShowManagersForDefaultSchemas" time="14.922" classname="NavigatorCore.NavigatorSettings"/>
  <testcase name="ShowLogoutWindow" time="16.361" classname="NavigatorCore.NavigatorSettings"/>
  <testcase name="Logout" time="41.841" classname="NavigatorCore.NavigatorSettings"/>
</testsuite> <!-- NavigatorCore.NavigatorSettings -->
