<?xml version="1.0" encoding="UTF-8"?>
<!-- Generated by org.testng.reporters.JUnitReportReporter -->
<testsuite hostname="DESKTOP-9QJNAOQ" failures="0" tests="14" name="ApodGUI.QueuesInsideBrowseMessages" time="638.161" errors="0" timestamp="28 Jul 2022 12:18:42 GMT" skipped="0">
  <testcase classname="ApodGUI.QueuesInsideBrowseMessages" name="Login" time="174.915"/>
  <testcase classname="ApodGUI.QueuesInsideBrowseMessages" name="PutAMessageUsingPutNewIcon" time="26.343"/>
  <testcase classname="ApodGUI.QueuesInsideBrowseMessages" name="DeleteMessageUsingDeleteIcon" time="24.811"/>
  <testcase classname="ApodGUI.QueuesInsideBrowseMessages" name="CopyMessageUsingCopyIcon" time="60.645"/>
  <testcase classname="ApodGUI.QueuesInsideBrowseMessages" name="MoveMessageUsingMoveIcon" time="57.285"/>
  <testcase classname="ApodGUI.QueuesInsideBrowseMessages" name="EditMessageUsingEditIcon" time="22.574"/>
  <testcase classname="ApodGUI.QueuesInsideBrowseMessages" name="LoadMessageFromFileUsingIcon" time="53.697"/>
  <testcase classname="ApodGUI.QueuesInsideBrowseMessages" name="ExportSelectedMessageUsingExportIcon" time="15.217"/>
  <testcase classname="ApodGUI.QueuesInsideBrowseMessages" name="ViewMessage" time="15.504"/>
  <testcase classname="ApodGUI.QueuesInsideBrowseMessages" name="EditMessageUsingEditOption" time="17.502"/>
  <testcase classname="ApodGUI.QueuesInsideBrowseMessages" name="DeleteMessageUsingDeleteOption" time="24.724"/>
  <testcase classname="ApodGUI.QueuesInsideBrowseMessages" name="CopyMessageUsingCopyOption" time="53.695"/>
  <testcase classname="ApodGUI.QueuesInsideBrowseMessages" name="MoveMessageUsingMoveOption" time="61.983"/>
  <testcase classname="ApodGUI.QueuesInsideBrowseMessages" name="Logout" time="29.266"/>
</testsuite> <!-- ApodGUI.QueuesInsideBrowseMessages -->
