<?xml version="1.0" encoding="UTF-8"?>
<!-- Generated by org.testng.reporters.JUnitReportReporter -->
<testsuite hostname="DESKTOP-9QJNAOQ" failures="0" tests="21" name="EMS.EMSManagerViewlet" time="788.140" errors="0" timestamp="16 Mar 2022 08:38:13 GMT" skipped="0">
  <testcase classname="EMS.EMSManagerViewlet" name="Login" time="84.660"/>
  <testcase classname="EMS.EMSManagerViewlet" name="EMSMQSCConsoleCommandOption" time="37.101"/>
  <testcase classname="EMS.EMSManagerViewlet" name="SaveMQSCConsoleResponceData" time="6.687"/>
  <testcase classname="EMS.EMSManagerViewlet" name="ClearMQSCConsoleResponceData" time="8.095"/>
  <testcase classname="EMS.EMSManagerViewlet" name="ApplyEMSScript" time="36.829"/>
  <testcase classname="EMS.EMSManagerViewlet" name="SaveEMSScriptResults" time="8.651"/>
  <testcase classname="EMS.EMSManagerViewlet" name="ClearEMSScriptResults" time="9.074"/>
  <testcase classname="EMS.EMSManagerViewlet" name="CreateUserGroup" time="48.607"/>
  <testcase classname="EMS.EMSManagerViewlet" name="EditUserGroup" time="45.040"/>
  <testcase classname="EMS.EMSManagerViewlet" name="DeleteUserGroup" time="28.426"/>
  <testcase classname="EMS.EMSManagerViewlet" name="CreateUser" time="35.643"/>
  <testcase classname="EMS.EMSManagerViewlet" name="EditUser" time="47.919"/>
  <testcase classname="EMS.EMSManagerViewlet" name="DeleteUser" time="24.432"/>
  <testcase classname="EMS.EMSManagerViewlet" name="AddQueueACLToUser" time="45.912"/>
  <testcase classname="EMS.EMSManagerViewlet" name="AddTopicACLToUser" time="39.200"/>
  <testcase classname="EMS.EMSManagerViewlet" name="ResetButtonInACLs" time="25.421"/>
  <testcase classname="EMS.EMSManagerViewlet" name="SaveButtonInACLs" time="45.232"/>
  <testcase classname="EMS.EMSManagerViewlet" name="EMSManagerProperties" time="28.303"/>
  <testcase classname="EMS.EMSManagerViewlet" name="AddToFavorites" time="47.420"/>
  <testcase classname="EMS.EMSManagerViewlet" name="ShowObjectAttributes" time="105.679"/>
  <testcase classname="EMS.EMSManagerViewlet" name="Logout" time="29.809"/>
</testsuite> <!-- EMS.EMSManagerViewlet -->
