<?xml version="1.0" encoding="UTF-8"?>
<!-- Generated by org.testng.reporters.JUnitReportReporter -->
<testsuite hostname="DESKTOP-9QJNAOQ" failures="0" tests="3" name="NavigatorCore.GlobalSettings" time="71.564" errors="0" timestamp="11 Feb 2022 12:53:24 GMT" skipped="0">
  <testcase classname="NavigatorCore.GlobalSettings" name="Login" time="22.483"/>
  <testcase classname="NavigatorCore.GlobalSettings" name="GlobalNotice" time="37.953"/>
  <testcase classname="NavigatorCore.GlobalSettings" name="Logout" time="11.128"/>
</testsuite> <!-- NavigatorCore.GlobalSettings -->
