<?xml version="1.0" encoding="UTF-8"?>
<!-- Generated by org.testng.reporters.JUnitReportReporter -->
<testsuite hostname="DESKTOP-9QJNAOQ" failures="0" tests="4" name="NavigatorCore.AttributeFilterCondition" time="251.988" errors="0" timestamp="23 Feb 2022 15:27:29 GMT" skipped="0">
  <testcase classname="NavigatorCore.AttributeFilterCondition" name="Login" time="50.191"/>
  <testcase classname="NavigatorCore.AttributeFilterCondition" name="AddDashboard" time="63.334"/>
  <testcase classname="NavigatorCore.AttributeFilterCondition" name="AddAttributeFilterCondition" time="111.031"/>
  <testcase classname="NavigatorCore.AttributeFilterCondition" name="Logout" time="27.432"/>
</testsuite> <!-- NavigatorCore.AttributeFilterCondition -->
