<?xml version="1.0" encoding="UTF-8"?>
<!-- Generated by org.testng.reporters.JUnitReportReporter -->
<testsuite hostname="DESKTOP-9QJNAOQ" failures="0" tests="4" name="KafkaGUI.KafkaTopicMessages" time="204.474" errors="0" timestamp="11 Feb 2022 11:16:58 GMT" skipped="0">
  <testcase classname="KafkaGUI.KafkaTopicMessages" name="Login" time="84.718"/>
  <testcase classname="KafkaGUI.KafkaTopicMessages" name="CopyAllMessagesUsingCopyAllOption" time="45.396"/>
  <testcase classname="KafkaGUI.KafkaTopicMessages" name="ClearMessagesUsingClearAllOption" time="34.737"/>
  <testcase classname="KafkaGUI.KafkaTopicMessages" name="Logout" time="39.623"/>
</testsuite> <!-- KafkaGUI.KafkaTopicMessages -->
