<?xml version="1.0" encoding="UTF-8"?>
<!-- Generated by org.testng.reporters.JUnitReportReporter -->
<testsuite hostname="DESKTOP-9QJNAOQ" failures="0" tests="8" name="IIB.IIBMessageFlowViewlet" time="533.171" errors="0" timestamp="13 Jul 2022 08:20:18 GMT" skipped="0">
  <testcase classname="IIB.IIBMessageFlowViewlet" name="Login" time="36.133"/>
  <testcase classname="IIB.IIBMessageFlowViewlet" name="AddIIBMessageFlowViewlet" time="43.311"/>
  <testcase classname="IIB.IIBMessageFlowViewlet" name="CustomAttributes" time="49.841"/>
  <testcase classname="IIB.IIBMessageFlowViewlet" name="AddToFavoriteViewlet" time="28.426"/>
  <testcase classname="IIB.IIBMessageFlowViewlet" name="CompareMessageFlows" time="28.079"/>
  <testcase classname="IIB.IIBMessageFlowViewlet" name="CheckDifferencesForMessageFlows" time="26.138"/>
  <testcase classname="IIB.IIBMessageFlowViewlet" name="ShowObjectAttributesForIIBMessageFlow" time="290.117"/>
  <testcase classname="IIB.IIBMessageFlowViewlet" name="Logout" time="31.126"/>
</testsuite> <!-- IIB.IIBMessageFlowViewlet -->
