<?xml version="1.0" encoding="UTF-8"?>
<!-- Generated by org.testng.reporters.JUnitReportReporter -->
<testsuite hostname="DESKTOP-9QJNAOQ" failures="0" tests="21" name="ApodGUI.NameListViewlet" time="984.042" errors="0" timestamp="17 May 2022 16:17:28 GMT" skipped="0">
  <testcase classname="ApodGUI.NameListViewlet" name="Login" time="48.677"/>
  <testcase classname="ApodGUI.NameListViewlet" name="AddNameListViewlet" time="42.751"/>
  <testcase classname="ApodGUI.NameListViewlet" name="CreateNameList" time="52.076"/>
  <testcase classname="ApodGUI.NameListViewlet" name="CopyAsFromCommands" time="55.441"/>
  <testcase classname="ApodGUI.NameListViewlet" name="RenameFromCommands" time="62.912"/>
  <testcase classname="ApodGUI.NameListViewlet" name="DeleteFromCommands" time="32.476"/>
  <testcase classname="ApodGUI.NameListViewlet" name="MQSCSnapshot" time="17.754"/>
  <testcase classname="ApodGUI.NameListViewlet" name="SaveNamelistSnapshot" time="8.679"/>
  <testcase classname="ApodGUI.NameListViewlet" name="NameListProperties" time="24.810"/>
  <testcase classname="ApodGUI.NameListViewlet" name="NameListEvents" time="43.744"/>
  <testcase classname="ApodGUI.NameListViewlet" name="AddToFavoriteViewlet" time="40.379"/>
  <testcase classname="ApodGUI.NameListViewlet" name="CompareNameLists" time="35.660"/>
  <testcase classname="ApodGUI.NameListViewlet" name="CheckDifferencesForNameList" time="20.283"/>
  <testcase classname="ApodGUI.NameListViewlet" name="CreateNameListFromPlusIcon" time="125.612"/>
  <testcase classname="ApodGUI.NameListViewlet" name="CopyAsFromCommandsForMultiple" time="50.279"/>
  <testcase classname="ApodGUI.NameListViewlet" name="RenameFromCommandsForMultiple" time="51.038"/>
  <testcase classname="ApodGUI.NameListViewlet" name="DeleteFromCommandsForMultiple" time="37.127"/>
  <testcase classname="ApodGUI.NameListViewlet" name="NameListMultipleProperties" time="85.687"/>
  <testcase classname="ApodGUI.NameListViewlet" name="AddToFavoriteForMultipleNameLists" time="27.813"/>
  <testcase classname="ApodGUI.NameListViewlet" name="ShowObjectAttributesForNameList" time="90.619"/>
  <testcase classname="ApodGUI.NameListViewlet" name="Logout" time="30.225"/>
</testsuite> <!-- ApodGUI.NameListViewlet -->
