<?xml version="1.0" encoding="UTF-8"?>
<!-- Generated by org.testng.reporters.JUnitReportReporter -->
<testsuite hostname="DESKTOP-9QJNAOQ" failures="0" tests="12" name="NavigatorCore.NavigatorSettings" time="397.391" errors="0" timestamp="24 Mar 2022 11:30:32 GMT" skipped="0">
  <testcase classname="NavigatorCore.NavigatorSettings" name="Login" time="151.868"/>
  <testcase classname="NavigatorCore.NavigatorSettings" name="ShowInActiveChannelsCheckbox" time="25.549"/>
  <testcase classname="NavigatorCore.NavigatorSettings" name="ShowEmptyQueuesCheckbox" time="8.384"/>
  <testcase classname="NavigatorCore.NavigatorSettings" name="ShowTemporaryDynamicQueues" time="21.074"/>
  <testcase classname="NavigatorCore.NavigatorSettings" name="ShowFullNamesForFavoriteShortcuts" time="25.952"/>
  <testcase classname="NavigatorCore.NavigatorSettings" name="ShowFullNamesForSearchResultsObjects" time="22.281"/>
  <testcase classname="NavigatorCore.NavigatorSettings" name="ShowSystemObjectsOnly" time="12.819"/>
  <testcase classname="NavigatorCore.NavigatorSettings" name="ShowObjectSearchresultsFromActiveManagersOnly" time="16.181"/>
  <testcase classname="NavigatorCore.NavigatorSettings" name="ShowManagersForDefaultSchemas" time="13.385"/>
  <testcase classname="NavigatorCore.NavigatorSettings" name="ShowLogoutWindow" time="15.345"/>
  <testcase classname="NavigatorCore.NavigatorSettings" name="CollapseAllViewletOnLogin" time="45.288"/>
  <testcase classname="NavigatorCore.NavigatorSettings" name="Logout" time="39.265"/>
</testsuite> <!-- NavigatorCore.NavigatorSettings -->
