<?xml version="1.0" encoding="UTF-8"?>
<!-- Generated by org.testng.reporters.JUnitReportReporter -->
<testsuite hostname="DESKTOP-9QJNAOQ" failures="0" tests="10" name="NavigatorCore.ViewletFilterOptions" time="334.385" errors="0" timestamp="11 Feb 2022 13:16:09 GMT" skipped="0">
  <testcase classname="NavigatorCore.ViewletFilterOptions" name="Login" time="88.630"/>
  <testcase classname="NavigatorCore.ViewletFilterOptions" name="AdvancedViewletFiletercheckbox" time="11.634"/>
  <testcase classname="NavigatorCore.ViewletFilterOptions" name="ManagerFilter" time="32.628"/>
  <testcase classname="NavigatorCore.ViewletFilterOptions" name="ObjectFilter" time="16.983"/>
  <testcase classname="NavigatorCore.ViewletFilterOptions" name="AttributeFilter" time="56.616"/>
  <testcase classname="NavigatorCore.ViewletFilterOptions" name="EmptyCheckboxFilter" time="50.813"/>
  <testcase classname="NavigatorCore.ViewletFilterOptions" name="SystemCheckboxFilter" time="9.079"/>
  <testcase classname="NavigatorCore.ViewletFilterOptions" name="ResultLimitFilter" time="15.312"/>
  <testcase classname="NavigatorCore.ViewletFilterOptions" name="ViewletCheckboxClear" time="15.166"/>
  <testcase classname="NavigatorCore.ViewletFilterOptions" name="Logout" time="37.524"/>
</testsuite> <!-- NavigatorCore.ViewletFilterOptions -->
