<?xml version="1.0" encoding="UTF-8"?>
<!-- Generated by org.testng.reporters.JUnitReportReporter -->
<testsuite hostname="DESKTOP-K4AEKHO" failures="0" tests="6" name="NavigatorCore.UserPerspective" time="421.307" errors="0" timestamp="2023-06-20T15:43:38 IST" skipped="0">
  <testcase classname="NavigatorCore.UserPerspective" name="Login" time="83.443"/>
  <system-out>
<br/> <img src=" E:\Automation\Navigator/Screenshots/ScreenshotsSuccess/Login.png" alt="""/" />  </system-out>
  <testcase classname="NavigatorCore.UserPerspective" name="AddUserView" time="78.239"/>
  <system-out>
<br/> <img src=" E:\Automation\Navigator/Screenshots/ScreenshotsSuccess/AddUserView.png" alt="""/" />  </system-out>
  <testcase classname="NavigatorCore.UserPerspective" name="DefaultView" time="68.948"/>
  <system-out>
<br/> <img src=" E:\Automation\Navigator/Screenshots/ScreenshotsSuccess/DefaultView.png" alt="""/" />  </system-out>
  <testcase classname="NavigatorCore.UserPerspective" name="UpdateUserView" time="77.180"/>
  <system-out>
<br/> <img src=" E:\Automation\Navigator/Screenshots/ScreenshotsSuccess/UpdateUserView.png" alt="""/" />  </system-out>
  <testcase classname="NavigatorCore.UserPerspective" name="DeleteUserView" time="69.607"/>
  <system-out>
<br/> <img src=" E:\Automation\Navigator/Screenshots/ScreenshotsSuccess/DeleteUserView.png" alt="""/" />  </system-out>
  <testcase classname="NavigatorCore.UserPerspective" name="Logout" time="43.890"/>
  <system-out/>
</testsuite> <!-- NavigatorCore.UserPerspective -->
