<?xml version="1.0" encoding="UTF-8"?>
<!-- Generated by org.testng.reporters.JUnitReportReporter -->
<testsuite skipped="0" hostname="LAPTOP-P3LD1OLC" name="Tickets.ResolvedIssues" tests="3" failures="0" timestamp="09 Mar 2021 09:39:27 GMT" time="102.234" errors="0">
  <testcase name="Login" time="73.406" classname="Tickets.ResolvedIssues"/>
  <testcase name="MaxSearchRes23469" time="16.646" classname="Tickets.ResolvedIssues"/>
  <testcase name="Logout" time="12.182" classname="Tickets.ResolvedIssues"/>
</testsuite> <!-- Tickets.ResolvedIssues -->
