<?xml version="1.0" encoding="UTF-8"?>
<!-- Generated by org.testng.reporters.JUnitReportReporter -->
<testsuite hostname="DESKTOP-9QJNAOQ" failures="0" tests="12" name="ApodGUI.NodeViewlet" time="805.829" errors="0" timestamp="01 Feb 2022 16:25:02 GMT" skipped="0">
  <testcase classname="ApodGUI.NodeViewlet" name="Login" time="84.760"/>
  <testcase classname="ApodGUI.NodeViewlet" name="ShowTopology" time="34.522"/>
  <testcase classname="ApodGUI.NodeViewlet" name="NodeEvents" time="58.183"/>
  <testcase classname="ApodGUI.NodeViewlet" name="ManageAndUnmanageNode" time="37.155"/>
  <testcase classname="ApodGUI.NodeViewlet" name="DiscoverNow" time="41.569"/>
  <testcase classname="ApodGUI.NodeViewlet" name="PropertiesOfNode" time="56.794"/>
  <testcase classname="ApodGUI.NodeViewlet" name="CreateNodeUsingIcon" time="51.061"/>
  <testcase classname="ApodGUI.NodeViewlet" name="DeleteNode" time="51.493"/>
  <testcase classname="ApodGUI.NodeViewlet" name="CreateQueueManagerFromNodeViewletOptions" time="84.516"/>
  <testcase classname="ApodGUI.NodeViewlet" name="SearchFilter" time="31.807"/>
  <testcase classname="ApodGUI.NodeViewlet" name="ShowObjectAttributesforNode" time="243.305"/>
  <testcase classname="ApodGUI.NodeViewlet" name="Logout" time="30.664"/>
</testsuite> <!-- ApodGUI.NodeViewlet -->
