<?xml version="1.0" encoding="UTF-8"?>
<!-- Generated by org.testng.reporters.JUnitReportReporter -->
<testsuite hostname="DESKTOP-9QJNAOQ" failures="0" tests="9" name="NavigatorCore.ManageDashboardOptions" time="181.262" errors="0" timestamp="08 Aug 2022 07:23:54 GMT" skipped="0">
  <testcase classname="NavigatorCore.ManageDashboardOptions" name="Login" time="50.902"/>
  <testcase classname="NavigatorCore.ManageDashboardOptions" name="CreareDashboardUsingNewButton" time="17.754"/>
  <testcase classname="NavigatorCore.ManageDashboardOptions" name="RenameDashboardUsingRenamebutton" time="31.129"/>
  <testcase classname="NavigatorCore.ManageDashboardOptions" name="DeleteDashboardUsingDeleteButton" time="12.653"/>
  <testcase classname="NavigatorCore.ManageDashboardOptions" name="CreateTagUsingAddButton" time="22.682"/>
  <testcase classname="NavigatorCore.ManageDashboardOptions" name="UpdateTagNameUsingEditButton" time="11.590"/>
  <testcase classname="NavigatorCore.ManageDashboardOptions" name="DeleteTagUsingDeleteButton" time="17.026"/>
  <testcase classname="NavigatorCore.ManageDashboardOptions" name="ExportDashboard" time="10.410"/>
  <testcase classname="NavigatorCore.ManageDashboardOptions" name="Logout" time="7.116"/>
</testsuite> <!-- NavigatorCore.ManageDashboardOptions -->
