<?xml version="1.0" encoding="UTF-8"?>
<!-- Generated by org.testng.reporters.JUnitReportReporter -->
<testsuite hostname="DESKTOP-9QJNAOQ" failures="0" tests="11" name="NavigatorCore.NavigatorSettings" time="334.279" errors="0" timestamp="11 Feb 2022 13:08:44 GMT" skipped="0">
  <testcase classname="NavigatorCore.NavigatorSettings" name="Login" time="148.443"/>
  <testcase classname="NavigatorCore.NavigatorSettings" name="ShowInActiveChannelsCheckbox" time="7.724"/>
  <testcase classname="NavigatorCore.NavigatorSettings" name="ShowEmptyQueuesCheckbox" time="9.847"/>
  <testcase classname="NavigatorCore.NavigatorSettings" name="ShowTemporaryDynamicQueues" time="20.986"/>
  <testcase classname="NavigatorCore.NavigatorSettings" name="ShowFullNamesForFavoriteShortcuts" time="28.760"/>
  <testcase classname="NavigatorCore.NavigatorSettings" name="ShowFullNamesForSearchResultsObjects" time="23.538"/>
  <testcase classname="NavigatorCore.NavigatorSettings" name="ShowSystemObjectsOnly" time="10.794"/>
  <testcase classname="NavigatorCore.NavigatorSettings" name="ShowObjectSearchresultsFromActiveManagersOnly" time="15.878"/>
  <testcase classname="NavigatorCore.NavigatorSettings" name="ShowManagersForDefaultSchemas" time="12.085"/>
  <testcase classname="NavigatorCore.NavigatorSettings" name="ShowLogoutWindow" time="16.212"/>
  <testcase classname="NavigatorCore.NavigatorSettings" name="Logout" time="40.012"/>
</testsuite> <!-- NavigatorCore.NavigatorSettings -->
