<?xml version="1.0" encoding="UTF-8"?>
<!-- Generated by org.testng.reporters.JUnitReportReporter -->
<testsuite hostname="DESKTOP-9QJNAOQ" failures="0" tests="3" name="NavigatorCore.NavigatorSettings" time="247.445" errors="0" timestamp="24 Feb 2022 06:40:02 GMT" skipped="0">
  <testcase classname="NavigatorCore.NavigatorSettings" name="Login" time="174.997"/>
  <testcase classname="NavigatorCore.NavigatorSettings" name="ShowInActiveChannelsCheckbox" time="31.934"/>
  <testcase classname="NavigatorCore.NavigatorSettings" name="Logout" time="40.514"/>
</testsuite> <!-- NavigatorCore.NavigatorSettings -->
