<?xml version="1.0" encoding="UTF-8"?>
<!-- Generated by org.testng.reporters.JUnitReportReporter -->
<testsuite hostname="DESKTOP-9QJNAOQ" failures="0" tests="21" name="EMS.EMSManagerViewlet" time="780.370" errors="1" timestamp="14 Feb 2022 09:08:39 GMT" skipped="0">
  <testcase classname="EMS.EMSManagerViewlet" name="Login" time="75.136"/>
  <testcase classname="EMS.EMSManagerViewlet" name="EMSMQSCConsoleCommandOption" time="37.268"/>
  <testcase classname="EMS.EMSManagerViewlet" name="SaveMQSCConsoleResponceData" time="6.894"/>
  <testcase classname="EMS.EMSManagerViewlet" name="ClearMQSCConsoleResponceData" time="5.335"/>
  <testcase classname="EMS.EMSManagerViewlet" name="ApplyEMSScript" time="36.688"/>
  <testcase classname="EMS.EMSManagerViewlet" name="SaveEMSScriptResults" time="8.581"/>
  <testcase classname="EMS.EMSManagerViewlet" name="ClearEMSScriptResults" time="9.481"/>
  <testcase classname="EMS.EMSManagerViewlet" name="CreateUserGroup" time="51.080"/>
  <testcase classname="EMS.EMSManagerViewlet" name="EditUserGroup" time="44.949"/>
  <testcase classname="EMS.EMSManagerViewlet" name="DeleteUserGroup" time="24.143">
    <error message="element not interactable
  (Session info: chrome=98.0.4758.82)
Build info: version: &#039;4.0.0&#039;, revision: &#039;3a21814679&#039;
System info: host: &#039;DESKTOP-9QJNAOQ&#039;, ip: &#039;192.168.43.213&#039;, os.name: &#039;Windows 10&#039;, os.arch: &#039;amd64&#039;, os.version: &#039;10.0&#039;, java.version: &#039;11.0.14&#039;
Driver info: org.openqa.selenium.chrome.ChromeDriver
Command: [f24ca9f8f0eb8d7212d8ebc1013c5170, clickElement {id=d097cc95-3a17-44fa-90d6-2083ad2689f5}]
Capabilities {acceptInsecureCerts: false, browserName: chrome, browserVersion: 98.0.4758.82, chrome: {chromedriverVersion: 98.0.4758.80 (7f0488e8ba0d8..., userDataDir: C:\Users\Nagaraju\AppData\L...}, goog:chromeOptions: {debuggerAddress: localhost:54416}, javascriptEnabled: true, networkConnectionEnabled: false, pageLoadStrategy: normal, platform: WINDOWS, platformName: WINDOWS, proxy: Proxy(), se:cdp: ws://localhost:54416/devtoo..., se:cdpVersion: 98.0.4758.82, setWindowRect: true, strictFileInteractability: false, timeouts: {implicit: 0, pageLoad: 300000, script: 30000}, unhandledPromptBehavior: dismiss and notify, webauthn:extension:credBlob: true, webauthn:extension:largeBlob: true, webauthn:virtualAuthenticators: true}
Element: [[ChromeDriver: chrome on WINDOWS (f24ca9f8f0eb8d7212d8ebc1013c5170)] -&gt; link text: User Groups]
Session ID: f24ca9f8f0eb8d7212d8ebc1013c5170" type="org.openqa.selenium.ElementNotInteractableException">
      <![CDATA[org.openqa.selenium.ElementNotInteractableException: element not interactable
  (Session info: chrome=98.0.4758.82)
Build info: version: '4.0.0', revision: '3a21814679'
System info: host: 'DESKTOP-9QJNAOQ', ip: '192.168.43.213', os.name: 'Windows 10', os.arch: 'amd64', os.version: '10.0', java.version: '11.0.14'
Driver info: org.openqa.selenium.chrome.ChromeDriver
Command: [f24ca9f8f0eb8d7212d8ebc1013c5170, clickElement {id=d097cc95-3a17-44fa-90d6-2083ad2689f5}]
Capabilities {acceptInsecureCerts: false, browserName: chrome, browserVersion: 98.0.4758.82, chrome: {chromedriverVersion: 98.0.4758.80 (7f0488e8ba0d8..., userDataDir: C:\Users\Nagaraju\AppData\L...}, goog:chromeOptions: {debuggerAddress: localhost:54416}, javascriptEnabled: true, networkConnectionEnabled: false, pageLoadStrategy: normal, platform: WINDOWS, platformName: WINDOWS, proxy: Proxy(), se:cdp: ws://localhost:54416/devtoo..., se:cdpVersion: 98.0.4758.82, setWindowRect: true, strictFileInteractability: false, timeouts: {implicit: 0, pageLoad: 300000, script: 30000}, unhandledPromptBehavior: dismiss and notify, webauthn:extension:credBlob: true, webauthn:extension:largeBlob: true, webauthn:virtualAuthenticators: true}
Element: [[ChromeDriver: chrome on WINDOWS (f24ca9f8f0eb8d7212d8ebc1013c5170)] -> link text: User Groups]
Session ID: f24ca9f8f0eb8d7212d8ebc1013c5170
	at java.base/jdk.internal.reflect.NativeConstructorAccessorImpl.newInstance0(Native Method)
	at java.base/jdk.internal.reflect.NativeConstructorAccessorImpl.newInstance(NativeConstructorAccessorImpl.java:62)
	at java.base/jdk.internal.reflect.DelegatingConstructorAccessorImpl.newInstance(DelegatingConstructorAccessorImpl.java:45)
	at java.base/java.lang.reflect.Constructor.newInstance(Constructor.java:490)
	at org.openqa.selenium.remote.codec.w3c.W3CHttpResponseCodec.createException(W3CHttpResponseCodec.java:200)
	at org.openqa.selenium.remote.codec.w3c.W3CHttpResponseCodec.decode(W3CHttpResponseCodec.java:133)
	at org.openqa.selenium.remote.codec.w3c.W3CHttpResponseCodec.decode(W3CHttpResponseCodec.java:53)
	at org.openqa.selenium.remote.HttpCommandExecutor.execute(HttpCommandExecutor.java:184)
	at org.openqa.selenium.remote.service.DriverCommandExecutor.invokeExecute(DriverCommandExecutor.java:164)
	at org.openqa.selenium.remote.service.DriverCommandExecutor.execute(DriverCommandExecutor.java:139)
	at org.openqa.selenium.remote.RemoteWebDriver.execute(RemoteWebDriver.java:559)
	at org.openqa.selenium.remote.RemoteWebElement.execute(RemoteWebElement.java:251)
	at org.openqa.selenium.remote.RemoteWebElement.click(RemoteWebElement.java:77)
	at EMS.EMSManagerViewlet.DeleteUserGroup(EMSManagerViewlet.java:579)
	at java.base/jdk.internal.reflect.NativeMethodAccessorImpl.invoke0(Native Method)
	at java.base/jdk.internal.reflect.NativeMethodAccessorImpl.invoke(NativeMethodAccessorImpl.java:62)
	at java.base/jdk.internal.reflect.DelegatingMethodAccessorImpl.invoke(DelegatingMethodAccessorImpl.java:43)
	at java.base/java.lang.reflect.Method.invoke(Method.java:566)
	at org.testng.internal.MethodInvocationHelper.invokeMethod(MethodInvocationHelper.java:108)
	at org.testng.internal.Invoker.invokeMethod(Invoker.java:661)
	at org.testng.internal.Invoker.invokeTestMethod(Invoker.java:869)
	at org.testng.internal.Invoker.invokeTestMethods(Invoker.java:1193)
	at org.testng.internal.TestMethodWorker.invokeTestMethods(TestMethodWorker.java:126)
	at org.testng.internal.TestMethodWorker.run(TestMethodWorker.java:109)
	at org.testng.TestRunner.privateRun(TestRunner.java:744)
	at org.testng.TestRunner.run(TestRunner.java:602)
	at org.testng.SuiteRunner.runTest(SuiteRunner.java:380)
	at org.testng.SuiteRunner.runSequentially(SuiteRunner.java:375)
	at org.testng.SuiteRunner.privateRun(SuiteRunner.java:340)
	at org.testng.SuiteRunner.run(SuiteRunner.java:289)
	at org.testng.SuiteRunnerWorker.runSuite(SuiteRunnerWorker.java:52)
	at org.testng.SuiteRunnerWorker.run(SuiteRunnerWorker.java:86)
	at org.testng.TestNG.runSuitesSequentially(TestNG.java:1301)
	at org.testng.TestNG.runSuitesLocally(TestNG.java:1226)
	at org.testng.TestNG.runSuites(TestNG.java:1144)
	at org.testng.TestNG.run(TestNG.java:1115)
	at org.testng.remote.AbstractRemoteTestNG.run(AbstractRemoteTestNG.java:115)
	at org.testng.remote.RemoteTestNG.initAndRun(RemoteTestNG.java:251)
	at org.testng.remote.RemoteTestNG.main(RemoteTestNG.java:77)
]]>
    </error>
  </testcase> <!-- DeleteUserGroup -->
  <testcase classname="EMS.EMSManagerViewlet" name="CreateUser" time="36.053"/>
  <testcase classname="EMS.EMSManagerViewlet" name="EditUser" time="48.329"/>
  <testcase classname="EMS.EMSManagerViewlet" name="DeleteUser" time="25.292"/>
  <testcase classname="EMS.EMSManagerViewlet" name="AddQueueACLToUser" time="45.442"/>
  <testcase classname="EMS.EMSManagerViewlet" name="AddTopicACLToUser" time="39.289"/>
  <testcase classname="EMS.EMSManagerViewlet" name="ResetButtonInACLs" time="25.495"/>
  <testcase classname="EMS.EMSManagerViewlet" name="SaveButtonInACLs" time="41.822"/>
  <testcase classname="EMS.EMSManagerViewlet" name="EMSManagerProperties" time="33.624"/>
  <testcase classname="EMS.EMSManagerViewlet" name="AddToFavorites" time="47.340"/>
  <testcase classname="EMS.EMSManagerViewlet" name="ShowObjectAttributes" time="108.119"/>
  <testcase classname="EMS.EMSManagerViewlet" name="Logout" time="30.010"/>
</testsuite> <!-- EMS.EMSManagerViewlet -->
