<?xml version="1.0" encoding="UTF-8"?>
<!-- Generated by org.testng.reporters.JUnitReportReporter -->
<testsuite hostname="DESKTOP-9QJNAOQ" failures="0" tests="9" name="NavigatorCore.ManageDashboardOptions" time="156.271" errors="0" timestamp="10 Mar 2022 08:30:35 GMT" skipped="0">
  <testcase classname="NavigatorCore.ManageDashboardOptions" name="Login" time="33.206"/>
  <testcase classname="NavigatorCore.ManageDashboardOptions" name="CreareDashboardUsingNewButton" time="15.044"/>
  <testcase classname="NavigatorCore.ManageDashboardOptions" name="RenameDashboardUsingRenamebutton" time="22.903"/>
  <testcase classname="NavigatorCore.ManageDashboardOptions" name="DeleteDashboardUsingDeleteButton" time="18.651"/>
  <testcase classname="NavigatorCore.ManageDashboardOptions" name="CreateTagUsingAddButton" time="24.043"/>
  <testcase classname="NavigatorCore.ManageDashboardOptions" name="UpdateTagNameUsingEditButton" time="12.559"/>
  <testcase classname="NavigatorCore.ManageDashboardOptions" name="DeleteTagUsingDeleteButton" time="14.997"/>
  <testcase classname="NavigatorCore.ManageDashboardOptions" name="ExportDashboard" time="8.887"/>
  <testcase classname="NavigatorCore.ManageDashboardOptions" name="Logout" time="5.981"/>
</testsuite> <!-- NavigatorCore.ManageDashboardOptions -->
