<?xml version="1.0" encoding="UTF-8"?>
<!-- Generated by org.testng.reporters.JUnitReportReporter -->
<testsuite hostname="DESKTOP-K4AEKHO" failures="0" tests="20" name="ApodGUI.TopicViewlet" time="1725.933" errors="0" timestamp="2023-01-30T12:49:48 IST" skipped="0">
  <testcase classname="ApodGUI.TopicViewlet" name="Login" time="110.657"/>
  <system-out>
<br/> <img src=" E:\Automation\Navigator/Screenshots/ScreenshotsSuccess/Login.png" alt="""/" />  </system-out>
  <testcase classname="ApodGUI.TopicViewlet" name="AddTopicViewlet" time="71.520"/>
  <system-out>
<br/> <img src=" E:\Automation\Navigator/Screenshots/ScreenshotsSuccess/AddTopicViewlet.png" alt="""/" />  </system-out>
  <testcase classname="ApodGUI.TopicViewlet" name="CreateTopic" time="110.120"/>
  <system-out>
<br/> <img src=" E:\Automation\Navigator/Screenshots/ScreenshotsSuccess/CreateTopic.png" alt="""/" />  </system-out>
  <testcase classname="ApodGUI.TopicViewlet" name="CopyAsFromCommands" time="105.058"/>
  <system-out>
<br/> <img src=" E:\Automation\Navigator/Screenshots/ScreenshotsSuccess/CopyAsFromCommands.png" alt="""/" />  </system-out>
  <testcase classname="ApodGUI.TopicViewlet" name="DeleteFromCommands" time="58.377"/>
  <system-out>
<br/> <img src=" E:\Automation\Navigator/Screenshots/ScreenshotsSuccess/DeleteFromCommands.png" alt="""/" />  </system-out>
  <testcase classname="ApodGUI.TopicViewlet" name="MQSCSnapshot" time="27.363"/>
  <system-out>
<br/> <img src=" E:\Automation\Navigator/Screenshots/ScreenshotsSuccess/MQSCSnapshot.png" alt="""/" />  </system-out>
  <testcase classname="ApodGUI.TopicViewlet" name="SaveTopicSnapshot" time="16.597"/>
  <system-out>
<br/> <img src=" E:\Automation\Navigator/Screenshots/ScreenshotsSuccess/SaveTopicSnapshot.png" alt="""/" />  </system-out>
  <testcase classname="ApodGUI.TopicViewlet" name="TopicProperties" time="39.591"/>
  <system-out>
<br/> <img src=" E:\Automation\Navigator/Screenshots/ScreenshotsSuccess/TopicProperties.png" alt="""/" />  </system-out>
  <testcase classname="ApodGUI.TopicViewlet" name="TopicEvents" time="37.306"/>
  <system-out>
<br/> <img src=" E:\Automation\Navigator/Screenshots/ScreenshotsSuccess/TopicEvents.png" alt="""/" />  </system-out>
  <testcase classname="ApodGUI.TopicViewlet" name="AddToFavoriteViewlet" time="110.127"/>
  <system-out>
<br/> <img src=" E:\Automation\Navigator/Screenshots/ScreenshotsSuccess/AddToFavoriteViewlet.png" alt="""/" />  </system-out>
  <testcase classname="ApodGUI.TopicViewlet" name="CreateTopicFromPlusIcon" time="140.195"/>
  <system-out>
<br/> <img src=" E:\Automation\Navigator/Screenshots/ScreenshotsSuccess/CreateTopicFromPlusIcon.png" alt="""/" />  </system-out>
  <testcase classname="ApodGUI.TopicViewlet" name="CompareTopics" time="61.673"/>
  <system-out>
<br/> <img src=" E:\Automation\Navigator/Screenshots/ScreenshotsSuccess/CompareTopics.png" alt="""/" />  </system-out>
  <testcase classname="ApodGUI.TopicViewlet" name="CheckDifferencesForTopics" time="51.610"/>
  <system-out>
<br/> <img src=" E:\Automation\Navigator/Screenshots/ScreenshotsSuccess/CheckDifferencesForTopics.png" alt="""/" />  </system-out>
  <testcase classname="ApodGUI.TopicViewlet" name="CopyAsFromCommandsForMultipleTopics" time="235.340"/>
  <system-out>
<br/> <img src=" E:\Automation\Navigator/Screenshots/ScreenshotsSuccess/CopyAsFromCommandsForMultipleTopics.png" alt="""/" />  </system-out>
  <testcase classname="ApodGUI.TopicViewlet" name="DeleteFromCommandsForMultipleTopics" time="75.811"/>
  <system-out>
<br/> <img src=" E:\Automation\Navigator/Screenshots/ScreenshotsSuccess/DeleteFromCommandsForMultipleTopics.png" alt="""/" />  </system-out>
  <testcase classname="ApodGUI.TopicViewlet" name="MultipleProperties" time="177.798"/>
  <system-out>
<br/> <img src=" E:\Automation\Navigator/Screenshots/ScreenshotsSuccess/MultipleProperties.png" alt="""/" />  </system-out>
  <testcase classname="ApodGUI.TopicViewlet" name="AddToFavoriteForMultipleTopics" time="68.488"/>
  <system-out>
<br/> <img src=" E:\Automation\Navigator/Screenshots/ScreenshotsSuccess/AddToFavoriteForMultipleTopics.png" alt="""/" />  </system-out>
  <testcase classname="ApodGUI.TopicViewlet" name="ShowTopicStatus" time="30.543"/>
  <system-out>
<br/> <img src=" E:\Automation\Navigator/Screenshots/ScreenshotsSuccess/ShowTopicStatus.png" alt="""/" />  </system-out>
  <testcase classname="ApodGUI.TopicViewlet" name="ShowObjectAttributesForTopic" time="170.249"/>
  <system-out>
<br/> <img src=" E:\Automation\Navigator/Screenshots/ScreenshotsSuccess/ShowObjectAttributesForTopic.png" alt="""/" />  </system-out>
  <testcase classname="ApodGUI.TopicViewlet" name="Logout" time="27.510"/>
  <system-out/>
</testsuite> <!-- ApodGUI.TopicViewlet -->
