<?xml version="1.0" encoding="UTF-8"?>
<!-- Generated by org.testng.reporters.JUnitReportReporter -->
<testsuite hostname="DESKTOP-K4AEKHO" failures="0" tests="4" name="NavigatorCore.AttributeFilterCondition" time="250.139" errors="0" timestamp="2023-06-26T12:40:32 IST" skipped="0">
  <testcase classname="NavigatorCore.AttributeFilterCondition" name="Login" time="30.599"/>
  <system-out>
<br/> <img src=" E:\Automation\Navigator/Screenshots/ScreenshotsSuccess/Login.png" alt="""/" />  </system-out>
  <testcase classname="NavigatorCore.AttributeFilterCondition" name="AddDashboard" time="68.032"/>
  <system-out>
<br/> <img src=" E:\Automation\Navigator/Screenshots/ScreenshotsSuccess/AddDashboard.png" alt="""/" />  </system-out>
  <testcase classname="NavigatorCore.AttributeFilterCondition" name="AddAttributeFilterCondition" time="123.734"/>
  <system-out>
<br/> <img src=" E:\Automation\Navigator/Screenshots/ScreenshotsSuccess/AddAttributeFilterCondition.png" alt="""/" />  </system-out>
  <testcase classname="NavigatorCore.AttributeFilterCondition" name="Logout" time="27.774"/>
  <system-out/>
</testsuite> <!-- NavigatorCore.AttributeFilterCondition -->
