<?xml version="1.0" encoding="UTF-8"?>
<!-- Generated by org.testng.reporters.JUnitReportReporter -->
<testsuite hostname="DESKTOP-K4AEKHO" failures="0" tests="4" name="NavigatorCore.AttributeFilterCondition" time="168.895" errors="0" timestamp="2023-04-17T13:36:32 IST" skipped="0">
  <testcase classname="NavigatorCore.AttributeFilterCondition" name="Login" time="22.121"/>
  <system-out>
<br/> <img src=" E:\Automation\Navigator/Screenshots/ScreenshotsSuccess/Login.png" alt="""/" />  </system-out>
  <testcase classname="NavigatorCore.AttributeFilterCondition" name="AddDashboard" time="54.117"/>
  <system-out>
<br/> <img src=" E:\Automation\Navigator/Screenshots/ScreenshotsSuccess/AddDashboard.png" alt="""/" />  </system-out>
  <testcase classname="NavigatorCore.AttributeFilterCondition" name="AddAttributeFilterCondition" time="65.180"/>
  <system-out>
<br/> <img src=" E:\Automation\Navigator/Screenshots/ScreenshotsSuccess/AddAttributeFilterCondition.png" alt="""/" />  </system-out>
  <testcase classname="NavigatorCore.AttributeFilterCondition" name="Logout" time="27.477"/>
  <system-out/>
</testsuite> <!-- NavigatorCore.AttributeFilterCondition -->
