<?xml version="1.0" encoding="UTF-8"?>
<!-- Generated by org.testng.reporters.JUnitReportReporter -->
<testsuite hostname="DESKTOP-9QJNAOQ" failures="0" tests="10" name="NavigatorCore.ViewletFilterOptions" time="459.972" errors="0" timestamp="08 Aug 2022 10:12:35 GMT" skipped="0">
  <testcase classname="NavigatorCore.ViewletFilterOptions" name="Login" time="106.777"/>
  <testcase classname="NavigatorCore.ViewletFilterOptions" name="AdvancedViewletFiletercheckbox" time="12.616"/>
  <testcase classname="NavigatorCore.ViewletFilterOptions" name="ManagerFilter" time="39.066"/>
  <testcase classname="NavigatorCore.ViewletFilterOptions" name="ObjectFilter" time="23.556"/>
  <testcase classname="NavigatorCore.ViewletFilterOptions" name="AttributeFilter" time="93.260"/>
  <testcase classname="NavigatorCore.ViewletFilterOptions" name="EmptyCheckboxFilter" time="79.133"/>
  <testcase classname="NavigatorCore.ViewletFilterOptions" name="SystemCheckboxFilter" time="10.248"/>
  <testcase classname="NavigatorCore.ViewletFilterOptions" name="ResultLimitFilter" time="23.527"/>
  <testcase classname="NavigatorCore.ViewletFilterOptions" name="ViewletCheckboxClear" time="21.679"/>
  <testcase classname="NavigatorCore.ViewletFilterOptions" name="Logout" time="50.110"/>
</testsuite> <!-- NavigatorCore.ViewletFilterOptions -->
