<?xml version="1.0" encoding="UTF-8"?>
<!-- Generated by org.testng.reporters.JUnitReportReporter -->
<testsuite hostname="DESKTOP-9QJNAOQ" failures="0" tests="14" name="EMS.EMSQueueMessages" time="805.698" errors="0" timestamp="13 May 2022 11:26:03 GMT" skipped="0">
  <testcase classname="EMS.EMSQueueMessages" name="Login" time="100.466"/>
  <testcase classname="EMS.EMSQueueMessages" name="PutNewMessageIntoQueue" time="44.030"/>
  <testcase classname="EMS.EMSQueueMessages" name="LoadFromFileUsingYesbutton" time="62.528"/>
  <testcase classname="EMS.EMSQueueMessages" name="LoadFromFileUsingConfigurebuttonWithSingleMessage" time="69.918"/>
  <testcase classname="EMS.EMSQueueMessages" name="LoadFromFileUsingConfigurebuttonWithMultipleMessages" time="63.913"/>
  <testcase classname="EMS.EMSQueueMessages" name="ExportAllMessages" time="14.164"/>
  <testcase classname="EMS.EMSQueueMessages" name="CopyAllMessagesFromOneQueueToAnotherQueue" time="76.437"/>
  <testcase classname="EMS.EMSQueueMessages" name="MoveAllMessagesFromOneQueueToAnotherQueue" time="85.573"/>
  <testcase classname="EMS.EMSQueueMessages" name="DeleteAllMessagesFromQueue" time="53.168"/>
  <testcase classname="EMS.EMSQueueMessages" name="ClearAllMessagesFromQueue" time="36.076"/>
  <testcase classname="EMS.EMSQueueMessages" name="PutMessageUsingJsonFile" time="57.534"/>
  <testcase classname="EMS.EMSQueueMessages" name="PutMessageUsingXMLFile" time="60.338"/>
  <testcase classname="EMS.EMSQueueMessages" name="PutHexMessageIntoQueue" time="51.997"/>
  <testcase classname="EMS.EMSQueueMessages" name="Logout" time="29.556"/>
</testsuite> <!-- EMS.EMSQueueMessages -->
