<?xml version="1.0" encoding="UTF-8"?>
<!-- Generated by org.testng.reporters.JUnitReportReporter -->
<testsuite hostname="DESKTOP-K4AEKHO" failures="0" tests="32" name="ApodGUI.ManagerViewlet" time="2472.544" errors="0" timestamp="2023-07-24T13:06:37 IST" skipped="0">
  <testcase classname="ApodGUI.ManagerViewlet" name="Login" time="150.246"/>
  <system-out>
<br/> <img src=" E:\Automation\Navigator/Screenshots/ScreenshotsSuccess/Login.png" alt="""/" />  </system-out>
  <testcase classname="ApodGUI.ManagerViewlet" name="AddNewManagerFromIcon" time="188.227"/>
  <system-out>
<br/> <img src=" E:\Automation\Navigator/Screenshots/ScreenshotsSuccess/AddNewManagerFromIcon.png" alt="""/" />  </system-out>
  <testcase classname="ApodGUI.ManagerViewlet" name="ShowTopology" time="115.066"/>
  <system-out>
<br/> <img src=" E:\Automation\Navigator/Screenshots/ScreenshotsSuccess/ShowTopology.png" alt="""/" />  </system-out>
  <testcase classname="ApodGUI.ManagerViewlet" name="QueueManagerStatus" time="35.200"/>
  <system-out>
<br/> <img src=" E:\Automation\Navigator/Screenshots/ScreenshotsSuccess/QueueManagerStatus.png" alt="""/" />  </system-out>
  <testcase classname="ApodGUI.ManagerViewlet" name="Security" time="108.562"/>
  <system-out>
<br/> <img src=" E:\Automation\Navigator/Screenshots/ScreenshotsSuccess/Security.png" alt="""/" />  </system-out>
  <testcase classname="ApodGUI.ManagerViewlet" name="PreViewErrorLogs" time="179.397"/>
  <system-out>
<br/> <img src=" E:\Automation\Navigator/Screenshots/ScreenshotsSuccess/PreViewErrorLogs.png" alt="""/" />  </system-out>
  <testcase classname="ApodGUI.ManagerViewlet" name="SaveErrorLogs" time="170.808"/>
  <system-out>
<br/> <img src=" E:\Automation\Navigator/Screenshots/ScreenshotsSuccess/SaveErrorLogs.png" alt="""/" />  </system-out>
  <testcase classname="ApodGUI.ManagerViewlet" name="CollapseAllbutton" time="53.591"/>
  <system-out>
<br/> <img src=" E:\Automation\Navigator/Screenshots/ScreenshotsSuccess/CollapseAllbutton.png" alt="""/" />  </system-out>
  <testcase classname="ApodGUI.ManagerViewlet" name="ExpandAllbutton" time="62.111"/>
  <system-out>
<br/> <img src=" E:\Automation\Navigator/Screenshots/ScreenshotsSuccess/ExpandAllbutton.png" alt="""/" />  </system-out>
  <testcase classname="ApodGUI.ManagerViewlet" name="ConnectionsConsole" time="34.255"/>
  <system-out>
<br/> <img src=" E:\Automation\Navigator/Screenshots/ScreenshotsSuccess/ConnectionsConsole.png" alt="""/" />  </system-out>
  <testcase classname="ApodGUI.ManagerViewlet" name="ConnectionConsoleProperties" time="54.466"/>
  <system-out>
<br/> <img src=" E:\Automation\Navigator/Screenshots/ScreenshotsSuccess/ConnectionConsoleProperties.png" alt="""/" />  </system-out>
  <testcase classname="ApodGUI.ManagerViewlet" name="Properties" time="52.730"/>
  <system-out>
<br/> <img src=" E:\Automation\Navigator/Screenshots/ScreenshotsSuccess/Properties.png" alt="""/" />  </system-out>
  <testcase classname="ApodGUI.ManagerViewlet" name="MQSCConsoleCommandOption" time="46.985"/>
  <system-out>
<br/> <img src=" E:\Automation\Navigator/Screenshots/ScreenshotsSuccess/MQSCConsoleCommandOption.png" alt="""/" />  </system-out>
  <testcase classname="ApodGUI.ManagerViewlet" name="SaveMQSCConsoleResponceData" time="16.086"/>
  <system-out>
<br/> <img src=" E:\Automation\Navigator/Screenshots/ScreenshotsSuccess/SaveMQSCConsoleResponceData.png" alt="""/" />  </system-out>
  <testcase classname="ApodGUI.ManagerViewlet" name="ClearMQSCConsoleResponceData" time="31.282"/>
  <system-out>
<br/> <img src=" E:\Automation\Navigator/Screenshots/ScreenshotsSuccess/ClearMQSCConsoleResponceData.png" alt="""/" />  </system-out>
  <testcase classname="ApodGUI.ManagerViewlet" name="ApplyMQSCScript" time="80.762"/>
  <system-out>
<br/> <img src=" E:\Automation\Navigator/Screenshots/ScreenshotsSuccess/ApplyMQSCScript.png" alt="""/" />  </system-out>
  <testcase classname="ApodGUI.ManagerViewlet" name="SaveMQSCScriptResults" time="16.086"/>
  <system-out>
<br/> <img src=" E:\Automation\Navigator/Screenshots/ScreenshotsSuccess/SaveMQSCScriptResults.png" alt="""/" />  </system-out>
  <testcase classname="ApodGUI.ManagerViewlet" name="ClearMQSCScriptResults" time="24.227"/>
  <system-out>
<br/> <img src=" E:\Automation\Navigator/Screenshots/ScreenshotsSuccess/ClearMQSCScriptResults.png" alt="""/" />  </system-out>
  <testcase classname="ApodGUI.ManagerViewlet" name="MQSCSnapshot" time="29.835"/>
  <system-out>
<br/> <img src=" E:\Automation\Navigator/Screenshots/ScreenshotsSuccess/MQSCSnapshot.png" alt="""/" />  </system-out>
  <testcase classname="ApodGUI.ManagerViewlet" name="SaveManagerSnapshot" time="16.191"/>
  <system-out>
<br/> <img src=" E:\Automation\Navigator/Screenshots/ScreenshotsSuccess/SaveManagerSnapshot.png" alt="""/" />  </system-out>
  <testcase classname="ApodGUI.ManagerViewlet" name="DiscoverNow" time="59.065"/>
  <system-out>
<br/> <img src=" E:\Automation\Navigator/Screenshots/ScreenshotsSuccess/DiscoverNow.png" alt="""/" />  </system-out>
  <testcase classname="ApodGUI.ManagerViewlet" name="Events" time="66.283"/>
  <system-out>
<br/> <img src=" E:\Automation\Navigator/Screenshots/ScreenshotsSuccess/Events.png" alt="""/" />  </system-out>
  <testcase classname="ApodGUI.ManagerViewlet" name="AddToFavorites" time="137.944"/>
  <system-out>
<br/> <img src=" E:\Automation\Navigator/Screenshots/ScreenshotsSuccess/AddToFavorites.png" alt="""/" />  </system-out>
  <testcase classname="ApodGUI.ManagerViewlet" name="CreateDefaultViewlets" time="93.839"/>
  <system-out>
<br/> <img src=" E:\Automation\Navigator/Screenshots/ScreenshotsSuccess/CreateDefaultViewlets.png" alt="""/" />  </system-out>
  <testcase classname="ApodGUI.ManagerViewlet" name="CreateDefaultTemplateDashboard" time="120.191"/>
  <system-out>
<br/> <img src=" E:\Automation\Navigator/Screenshots/ScreenshotsSuccess/CreateDefaultTemplateDashboard.png" alt="""/" />  </system-out>
  <testcase classname="ApodGUI.ManagerViewlet" name="CompareManagers" time="30.327"/>
  <system-out>
<br/> <img src=" E:\Automation\Navigator/Screenshots/ScreenshotsSuccess/CompareManagers.png" alt="""/" />  </system-out>
  <testcase classname="ApodGUI.ManagerViewlet" name="CheckDifferencesForManagers" time="28.249"/>
  <system-out>
<br/> <img src=" E:\Automation\Navigator/Screenshots/ScreenshotsSuccess/CheckDifferencesForManagers.png" alt="""/" />  </system-out>
  <testcase classname="ApodGUI.ManagerViewlet" name="MultipleManagersProperties" time="171.071"/>
  <system-out>
<br/> <img src=" E:\Automation\Navigator/Screenshots/ScreenshotsSuccess/MultipleManagersProperties.png" alt="""/" />  </system-out>
  <testcase classname="ApodGUI.ManagerViewlet" name="AddToFavoriteForMultipleManagers" time="66.233"/>
  <system-out>
<br/> <img src=" E:\Automation\Navigator/Screenshots/ScreenshotsSuccess/AddToFavoriteForMultipleManagers.png" alt="""/" />  </system-out>
  <testcase classname="ApodGUI.ManagerViewlet" name="CreateQueueManagerFromOptions" time="181.674"/>
  <system-out>
<br/> <img src=" E:\Automation\Navigator/Screenshots/ScreenshotsSuccess/CreateQueueManagerFromOptions.png" alt="""/" />  </system-out>
  <testcase classname="ApodGUI.ManagerViewlet" name="SearchFilter" time="23.868"/>
  <system-out>
<br/> <img src=" E:\Automation\Navigator/Screenshots/ScreenshotsSuccess/SearchFilter.png" alt="""/" />  </system-out>
  <testcase classname="ApodGUI.ManagerViewlet" name="Logout" time="27.687"/>
  <system-out/>
</testsuite> <!-- ApodGUI.ManagerViewlet -->
