<?xml version="1.0" encoding="UTF-8"?>
<!-- Generated by org.testng.reporters.JUnitReportReporter -->
<testsuite hostname="DESKTOP-K4AEKHO" failures="0" tests="12" name="NavigatorCore.CreateViewletTypesUsingViewletButton" time="499.886" errors="0" timestamp="2023-05-17T13:53:35 IST" skipped="0">
  <testcase classname="NavigatorCore.CreateViewletTypesUsingViewletButton" name="Login" time="38.509"/>
  <system-out>
<br/> <img src=" E:\Automation\Navigator/Screenshots/ScreenshotsSuccess/Login.png" alt="""/" />  </system-out>
  <testcase classname="NavigatorCore.CreateViewletTypesUsingViewletButton" name="CreateViewletUsingObjectCheckbox" time="38.141"/>
  <system-out>
<br/> <img src=" E:\Automation\Navigator/Screenshots/ScreenshotsSuccess/CreateViewletUsingObjectCheckbox.png" alt="""/" />  </system-out>
  <testcase classname="NavigatorCore.CreateViewletTypesUsingViewletButton" name="CreateATemporaryViewletUsingSearchCheckbox" time="35.327"/>
  <system-out>
<br/> <img src=" E:\Automation\Navigator/Screenshots/ScreenshotsSuccess/CreateATemporaryViewletUsingSearchCheckbox.png" alt="""/" />  </system-out>
  <testcase classname="NavigatorCore.CreateViewletTypesUsingViewletButton" name="CreateFavoriteViewletUsingCheckbox" time="32.374"/>
  <system-out>
<br/> <img src=" E:\Automation\Navigator/Screenshots/ScreenshotsSuccess/CreateFavoriteViewletUsingCheckbox.png" alt="""/" />  </system-out>
  <testcase classname="NavigatorCore.CreateViewletTypesUsingViewletButton" name="OpenAnExistingCheckbox" time="98.675"/>
  <system-out>
<br/> <img src=" E:\Automation\Navigator/Screenshots/ScreenshotsSuccess/OpenAnExistingCheckbox.png" alt="""/" />  </system-out>
  <testcase classname="NavigatorCore.CreateViewletTypesUsingViewletButton" name="CreateTemporaryViewletUsingTemporaryViewletCheckbox" time="67.802"/>
  <system-out>
<br/> <img src=" E:\Automation\Navigator/Screenshots/ScreenshotsSuccess/CreateTemporaryViewletUsingTemporaryViewletCheckbox.png" alt="""/" />  </system-out>
  <testcase classname="NavigatorCore.CreateViewletTypesUsingViewletButton" name="EditViewletOption" time="42.557"/>
  <system-out>
<br/> <img src=" E:\Automation\Navigator/Screenshots/ScreenshotsSuccess/EditViewletOption.png" alt="""/" />  </system-out>
  <testcase classname="NavigatorCore.CreateViewletTypesUsingViewletButton" name="ManageFilteredColumns" time="44.365"/>
  <system-out>
<br/> <img src=" E:\Automation\Navigator/Screenshots/ScreenshotsSuccess/ManageFilteredColumns.png" alt="""/" />  </system-out>
  <testcase classname="NavigatorCore.CreateViewletTypesUsingViewletButton" name="ManageFrozenColumns" time="29.008"/>
  <system-out>
<br/> <img src=" E:\Automation\Navigator/Screenshots/ScreenshotsSuccess/ManageFrozenColumns.png" alt="""/" />  </system-out>
  <testcase classname="NavigatorCore.CreateViewletTypesUsingViewletButton" name="DeleteViewletOption" time="17.400"/>
  <system-out>
<br/> <img src=" E:\Automation\Navigator/Screenshots/ScreenshotsSuccess/DeleteViewletOption.png" alt="""/" />  </system-out>
  <testcase classname="NavigatorCore.CreateViewletTypesUsingViewletButton" name="ExportDataToCSV" time="28.222"/>
  <system-out>
<br/> <img src=" E:\Automation\Navigator/Screenshots/ScreenshotsSuccess/ExportDataToCSV.png" alt="""/" />  </system-out>
  <testcase classname="NavigatorCore.CreateViewletTypesUsingViewletButton" name="Logout" time="27.506"/>
  <system-out/>
</testsuite> <!-- NavigatorCore.CreateViewletTypesUsingViewletButton -->
