<?xml version="1.0" encoding="UTF-8"?>
<!-- Generated by org.testng.reporters.JUnitReportReporter -->
<testsuite hostname="DESKTOP-9QJNAOQ" failures="0" tests="3" name="KafkaGUI.KafkaClusterViewlet" time="168.492" errors="0" timestamp="11 Feb 2022 07:00:02 GMT" skipped="0">
  <testcase classname="KafkaGUI.KafkaClusterViewlet" name="Login" time="91.612"/>
  <testcase classname="KafkaGUI.KafkaClusterViewlet" name="AddToFavoriteViewlet" time="40.462"/>
  <testcase classname="KafkaGUI.KafkaClusterViewlet" name="Logout" time="36.418"/>
</testsuite> <!-- KafkaGUI.KafkaClusterViewlet -->
