<?xml version="1.0" encoding="UTF-8"?>
<!-- Generated by org.testng.reporters.JUnitReportReporter -->
<testsuite hostname="DESKTOP-9QJNAOQ" failures="0" tests="20" name="ApodGUI.TopicViewlet" time="1066.333" errors="0" timestamp="24 May 2022 10:28:56 GMT" skipped="0">
  <testcase classname="ApodGUI.TopicViewlet" name="Login" time="90.190"/>
  <testcase classname="ApodGUI.TopicViewlet" name="AddTopicViewlet" time="25.851"/>
  <testcase classname="ApodGUI.TopicViewlet" name="CreateTopic" time="56.568"/>
  <testcase classname="ApodGUI.TopicViewlet" name="CopyAsFromCommands" time="62.028"/>
  <testcase classname="ApodGUI.TopicViewlet" name="DeleteFromCommands" time="38.463"/>
  <testcase classname="ApodGUI.TopicViewlet" name="MQSCSnapshot" time="16.243"/>
  <testcase classname="ApodGUI.TopicViewlet" name="SaveTopicSnapshot" time="12.615"/>
  <testcase classname="ApodGUI.TopicViewlet" name="TopicProperties" time="31.813"/>
  <testcase classname="ApodGUI.TopicViewlet" name="TopicEvents" time="26.211"/>
  <testcase classname="ApodGUI.TopicViewlet" name="AddToFavoriteViewlet" time="54.373"/>
  <testcase classname="ApodGUI.TopicViewlet" name="CreateTopicFromPlusIcon" time="77.585"/>
  <testcase classname="ApodGUI.TopicViewlet" name="CompareTopics" time="34.068"/>
  <testcase classname="ApodGUI.TopicViewlet" name="CheckDifferencesForTopics" time="27.924"/>
  <testcase classname="ApodGUI.TopicViewlet" name="CopyAsFromCommandsForMultipleTopics" time="115.444"/>
  <testcase classname="ApodGUI.TopicViewlet" name="DeleteFromCommandsForMultipleTopics" time="38.571"/>
  <testcase classname="ApodGUI.TopicViewlet" name="MultipleProperties" time="100.593"/>
  <testcase classname="ApodGUI.TopicViewlet" name="AddToFavoriteForMultipleTopics" time="40.874"/>
  <testcase classname="ApodGUI.TopicViewlet" name="ShowTopicStatus" time="15.548"/>
  <testcase classname="ApodGUI.TopicViewlet" name="ShowObjectAttributesForTopic" time="171.601"/>
  <testcase classname="ApodGUI.TopicViewlet" name="Logout" time="29.770"/>
</testsuite> <!-- ApodGUI.TopicViewlet -->
