<?xml version="1.0" encoding="UTF-8"?>
<!-- Generated by org.testng.reporters.JUnitReportReporter -->
<testsuite hostname="DESKTOP-K4AEKHO" failures="0" tests="10" name="NavigatorCore.ViewletFilterOptions" time="451.844" errors="0" timestamp="2023-05-17T15:00:10 IST" skipped="0">
  <testcase classname="NavigatorCore.ViewletFilterOptions" name="Login" time="105.312"/>
  <system-out>
<br/> <img src=" E:\Automation\Navigator/Screenshots/ScreenshotsSuccess/Login.png" alt="""/" />  </system-out>
  <testcase classname="NavigatorCore.ViewletFilterOptions" name="AdvancedViewletFiletercheckbox" time="22.424"/>
  <system-out>
<br/> <img src=" E:\Automation\Navigator/Screenshots/ScreenshotsSuccess/AdvancedViewletFiletercheckbox.png" alt="""/" />  </system-out>
  <testcase classname="NavigatorCore.ViewletFilterOptions" name="ManagerFilter" time="37.914"/>
  <system-out>
<br/> <img src=" E:\Automation\Navigator/Screenshots/ScreenshotsSuccess/ManagerFilter.png" alt="""/" />  </system-out>
  <testcase classname="NavigatorCore.ViewletFilterOptions" name="ObjectFilter" time="17.454"/>
  <system-out>
<br/> <img src=" E:\Automation\Navigator/Screenshots/ScreenshotsSuccess/ObjectFilter.png" alt="""/" />  </system-out>
  <testcase classname="NavigatorCore.ViewletFilterOptions" name="AttributeFilter" time="84.958"/>
  <system-out>
<br/> <img src=" E:\Automation\Navigator/Screenshots/ScreenshotsSuccess/AttributeFilter.png" alt="""/" />  </system-out>
  <testcase classname="NavigatorCore.ViewletFilterOptions" name="EmptyCheckboxFilter" time="61.577"/>
  <system-out>
<br/> <img src=" E:\Automation\Navigator/Screenshots/ScreenshotsSuccess/EmptyCheckboxFilter.png" alt="""/" />  </system-out>
  <testcase classname="NavigatorCore.ViewletFilterOptions" name="SystemCheckboxFilter" time="7.118"/>
  <system-out>
<br/> <img src=" E:\Automation\Navigator/Screenshots/ScreenshotsSuccess/SystemCheckboxFilter.png" alt="""/" />  </system-out>
  <testcase classname="NavigatorCore.ViewletFilterOptions" name="ResultLimitFilter" time="42.697"/>
  <system-out>
<br/> <img src=" E:\Automation\Navigator/Screenshots/ScreenshotsSuccess/ResultLimitFilter.png" alt="""/" />  </system-out>
  <testcase classname="NavigatorCore.ViewletFilterOptions" name="ViewletCheckboxClear" time="13.590"/>
  <system-out>
<br/> <img src=" E:\Automation\Navigator/Screenshots/ScreenshotsSuccess/ViewletCheckboxClear.png" alt="""/" />  </system-out>
  <testcase classname="NavigatorCore.ViewletFilterOptions" name="Logout" time="58.800"/>
  <system-out/>
</testsuite> <!-- NavigatorCore.ViewletFilterOptions -->
