<?xml version="1.0" encoding="UTF-8"?>
<!-- Generated by org.testng.reporters.JUnitReportReporter -->
<testsuite hostname="DESKTOP-K4AEKHO" failures="0" tests="25" name="ApodGUI.QueuesViewlet" time="2313.127" errors="0" timestamp="2023-08-17T18:36:37 IST" skipped="0">
  <testcase classname="ApodGUI.QueuesViewlet" name="Login" time="260.495"/>
  <system-out>
<br/> <img src=" E:\Automation\Navigator/Screenshots/ScreenshotsSuccess/Login.png" alt="""/" />  </system-out>
  <testcase classname="ApodGUI.QueuesViewlet" name="BrowseMessages" time="29.148"/>
  <system-out>
<br/> <img src=" E:\Automation\Navigator/Screenshots/ScreenshotsSuccess/BrowseMessages.png" alt="""/" />  </system-out>
  <testcase classname="ApodGUI.QueuesViewlet" name="ShowQueueStatus" time="31.679"/>
  <system-out>
<br/> <img src=" E:\Automation\Navigator/Screenshots/ScreenshotsSuccess/ShowQueueStatus.png" alt="""/" />  </system-out>
  <testcase classname="ApodGUI.QueuesViewlet" name="CreateQueueFromOptions" time="82.602"/>
  <system-out>
<br/> <img src=" E:\Automation\Navigator/Screenshots/ScreenshotsSuccess/CreateQueueFromOptions.png" alt="""/" />  </system-out>
  <testcase classname="ApodGUI.QueuesViewlet" name="CopyAsQueueCommands" time="125.948"/>
  <system-out>
<br/> <img src=" E:\Automation\Navigator/Screenshots/ScreenshotsSuccess/CopyAsQueueCommands.png" alt="""/" />  </system-out>
  <testcase classname="ApodGUI.QueuesViewlet" name="RenameQueueFromCommandsOption" time="146.576"/>
  <system-out>
<br/> <img src=" E:\Automation\Navigator/Screenshots/ScreenshotsSuccess/RenameQueueFromCommandsOption.png" alt="""/" />  </system-out>
  <testcase classname="ApodGUI.QueuesViewlet" name="DeleteQueueFromCommandsOption" time="70.594"/>
  <system-out>
<br/> <img src=" E:\Automation\Navigator/Screenshots/ScreenshotsSuccess/DeleteQueueFromCommandsOption.png" alt="""/" />  </system-out>
  <testcase classname="ApodGUI.QueuesViewlet" name="InhibitGetFromCommands" time="137.982"/>
  <system-out>
<br/> <img src=" E:\Automation\Navigator/Screenshots/ScreenshotsSuccess/InhibitGetFromCommands.png" alt="""/" />  </system-out>
  <testcase classname="ApodGUI.QueuesViewlet" name="InhibitPutFromCommands" time="145.654"/>
  <system-out>
<br/> <img src=" E:\Automation\Navigator/Screenshots/ScreenshotsSuccess/InhibitPutFromCommands.png" alt="""/" />  </system-out>
  <testcase classname="ApodGUI.QueuesViewlet" name="MQSCSnapshot" time="31.220"/>
  <system-out>
<br/> <img src=" E:\Automation\Navigator/Screenshots/ScreenshotsSuccess/MQSCSnapshot.png" alt="""/" />  </system-out>
  <testcase classname="ApodGUI.QueuesViewlet" name="SaveMQSCSnapshot" time="46.353"/>
  <system-out>
<br/> <img src=" E:\Automation\Navigator/Screenshots/ScreenshotsSuccess/SaveMQSCSnapshot.png" alt="""/" />  </system-out>
  <testcase classname="ApodGUI.QueuesViewlet" name="QueueProperties" time="35.929"/>
  <system-out>
<br/> <img src=" E:\Automation\Navigator/Screenshots/ScreenshotsSuccess/QueueProperties.png" alt="""/" />  </system-out>
  <testcase classname="ApodGUI.QueuesViewlet" name="QueueEvents" time="66.238"/>
  <system-out>
<br/> <img src=" E:\Automation\Navigator/Screenshots/ScreenshotsSuccess/QueueEvents.png" alt="""/" />  </system-out>
  <testcase classname="ApodGUI.QueuesViewlet" name="AddToFavoriteViewlet" time="125.064"/>
  <system-out>
<br/> <img src=" E:\Automation\Navigator/Screenshots/ScreenshotsSuccess/AddToFavoriteViewlet.png" alt="""/" />  </system-out>
  <testcase classname="ApodGUI.QueuesViewlet" name="CompareQueues" time="29.241"/>
  <system-out>
<br/> <img src=" E:\Automation\Navigator/Screenshots/ScreenshotsSuccess/CompareQueues.png" alt="""/" />  </system-out>
  <testcase classname="ApodGUI.QueuesViewlet" name="CheckDifferencesForQueues" time="26.737"/>
  <system-out>
<br/> <img src=" E:\Automation\Navigator/Screenshots/ScreenshotsSuccess/CheckDifferencesForQueues.png" alt="""/" />  </system-out>
  <testcase classname="ApodGUI.QueuesViewlet" name="ShowQueueStatusForMultipleQueues" time="48.930"/>
  <system-out>
<br/> <img src=" E:\Automation\Navigator/Screenshots/ScreenshotsSuccess/ShowQueueStatusForMultipleQueues.png" alt="""/" />  </system-out>
  <testcase classname="ApodGUI.QueuesViewlet" name="AddQueueFromPlusIcon" time="114.381"/>
  <system-out>
<br/> <img src=" E:\Automation\Navigator/Screenshots/ScreenshotsSuccess/AddQueueFromPlusIcon.png" alt="""/" />  </system-out>
  <testcase classname="ApodGUI.QueuesViewlet" name="CopyAsForMultipleQueues" time="161.820"/>
  <system-out>
<br/> <img src=" E:\Automation\Navigator/Screenshots/ScreenshotsSuccess/CopyAsForMultipleQueues.png" alt="""/" />  </system-out>
  <testcase classname="ApodGUI.QueuesViewlet" name="RenameForMultipleQueues" time="173.440"/>
  <system-out>
<br/> <img src=" E:\Automation\Navigator/Screenshots/ScreenshotsSuccess/RenameForMultipleQueues.png" alt="""/" />  </system-out>
  <testcase classname="ApodGUI.QueuesViewlet" name="DeleteMultipleQueues" time="101.252"/>
  <system-out>
<br/> <img src=" E:\Automation\Navigator/Screenshots/ScreenshotsSuccess/DeleteMultipleQueues.png" alt="""/" />  </system-out>
  <testcase classname="ApodGUI.QueuesViewlet" name="MultipleQueueProperties" time="173.168"/>
  <system-out>
<br/> <img src=" E:\Automation\Navigator/Screenshots/ScreenshotsSuccess/MultipleQueueProperties.png" alt="""/" />  </system-out>
  <testcase classname="ApodGUI.QueuesViewlet" name="AddToFavoriteForMultipleQueues" time="69.858"/>
  <system-out>
<br/> <img src=" E:\Automation\Navigator/Screenshots/ScreenshotsSuccess/AddToFavoriteForMultipleQueues.png" alt="""/" />  </system-out>
  <testcase classname="ApodGUI.QueuesViewlet" name="SearchFilter" time="11.295"/>
  <system-out>
<br/> <img src=" E:\Automation\Navigator/Screenshots/ScreenshotsSuccess/SearchFilter.png" alt="""/" />  </system-out>
  <testcase classname="ApodGUI.QueuesViewlet" name="Logout" time="67.523"/>
  <system-out/>
</testsuite> <!-- ApodGUI.QueuesViewlet -->
