<?xml version="1.0" encoding="UTF-8"?>
<!-- Generated by org.testng.reporters.JUnitReportReporter -->
<testsuite hostname="DESKTOP-9QJNAOQ" failures="0" tests="5" name="NavigatorCore.SearchCriteria" time="384.043" errors="0" timestamp="08 Aug 2022 07:45:00 GMT" skipped="0">
  <testcase classname="NavigatorCore.SearchCriteria" name="Login" time="104.667"/>
  <testcase classname="NavigatorCore.SearchCriteria" name="PutAmessageIntoQueue" time="50.556"/>
  <testcase classname="NavigatorCore.SearchCriteria" name="AddSearchCriteriaCondition" time="77.360"/>
  <testcase classname="NavigatorCore.SearchCriteria" name="ActiveFilterInBrowseMessagePage" time="122.653"/>
  <testcase classname="NavigatorCore.SearchCriteria" name="Logout" time="28.807"/>
</testsuite> <!-- NavigatorCore.SearchCriteria -->
