<?xml version="1.0" encoding="UTF-8"?>
<!-- Generated by org.testng.reporters.JUnitReportReporter -->
<testsuite hostname="DESKTOP-9QJNAOQ" failures="0" tests="16" name="ApodGUI.ServiceViewlet" time="705.100" errors="0" timestamp="11 Mar 2022 09:47:26 GMT" skipped="0">
  <testcase classname="ApodGUI.ServiceViewlet" name="Login" time="48.822"/>
  <testcase classname="ApodGUI.ServiceViewlet" name="AddServiceViewlet" time="39.172"/>
  <testcase classname="ApodGUI.ServiceViewlet" name="CreateServiceFromPlusIcon" time="68.886"/>
  <testcase classname="ApodGUI.ServiceViewlet" name="CopyAsFromCommands" time="56.635"/>
  <testcase classname="ApodGUI.ServiceViewlet" name="RenameFromCommands" time="62.984"/>
  <testcase classname="ApodGUI.ServiceViewlet" name="DeleteFromCommands" time="30.131"/>
  <testcase classname="ApodGUI.ServiceViewlet" name="MQSCSnapshot" time="18.495"/>
  <testcase classname="ApodGUI.ServiceViewlet" name="SaveServiceSnapshot" time="9.069"/>
  <testcase classname="ApodGUI.ServiceViewlet" name="ServiceProperties" time="23.676"/>
  <testcase classname="ApodGUI.ServiceViewlet" name="ServiceEvents" time="44.295"/>
  <testcase classname="ApodGUI.ServiceViewlet" name="AddToFavoriteViewlet" time="40.095"/>
  <testcase classname="ApodGUI.ServiceViewlet" name="CompareServiceNames" time="27.225"/>
  <testcase classname="ApodGUI.ServiceViewlet" name="CheckDifferencesForServices" time="22.952"/>
  <testcase classname="ApodGUI.ServiceViewlet" name="AddToFavoriteForMultipleServices" time="29.186"/>
  <testcase classname="ApodGUI.ServiceViewlet" name="ShowObjectAttributesForService" time="156.304"/>
  <testcase classname="ApodGUI.ServiceViewlet" name="Logout" time="27.173"/>
</testsuite> <!-- ApodGUI.ServiceViewlet -->
