<?xml version="1.0" encoding="UTF-8"?>
<!-- Generated by org.testng.reporters.JUnitReportReporter -->
<testsuite hostname="DESKTOP-K4AEKHO" failures="0" tests="13" name="NavigatorCore.AddSchemaToTheViewlet" time="531.492" errors="0" timestamp="2023-02-17T17:27:41 IST" skipped="0">
  <testcase classname="NavigatorCore.AddSchemaToTheViewlet" name="Login" time="70.564"/>
  <system-out>
<br/> <img src=" E:\Automation\Navigator/Screenshots/ScreenshotsSuccess/Login.png" alt="""/" />  </system-out>
  <testcase classname="NavigatorCore.AddSchemaToTheViewlet" name="AddNewDashboard" time="69.141"/>
  <system-out>
<br/> <img src=" E:\Automation\Navigator/Screenshots/ScreenshotsSuccess/AddNewDashboard.png" alt="""/" />  </system-out>
  <testcase classname="NavigatorCore.AddSchemaToTheViewlet" name="AddSchema" time="98.787"/>
  <system-out>
<br/> <img src=" E:\Automation\Navigator/Screenshots/ScreenshotsSuccess/AddSchema.png" alt="""/" />  </system-out>
  <testcase classname="NavigatorCore.AddSchemaToTheViewlet" name="DeleteSchema" time="49.570"/>
  <system-out>
<br/> <img src=" E:\Automation\Navigator/Screenshots/ScreenshotsSuccess/DeleteSchema.png" alt="""/" />  </system-out>
  <testcase classname="NavigatorCore.AddSchemaToTheViewlet" name="AddAllAttributesButton" time="25.730"/>
  <system-out>
<br/> <img src=" E:\Automation\Navigator/Screenshots/ScreenshotsSuccess/AddAllAttributesButton.png" alt="""/" />  </system-out>
  <testcase classname="NavigatorCore.AddSchemaToTheViewlet" name="RemoveAllAttributesButton" time="17.302"/>
  <system-out>
<br/> <img src=" E:\Automation\Navigator/Screenshots/ScreenshotsSuccess/RemoveAllAttributesButton.png" alt="""/" />  </system-out>
  <testcase classname="NavigatorCore.AddSchemaToTheViewlet" name="AddAttributesButton" time="17.324"/>
  <system-out>
<br/> <img src=" E:\Automation\Navigator/Screenshots/ScreenshotsSuccess/AddAttributesButton.png" alt="""/" />  </system-out>
  <testcase classname="NavigatorCore.AddSchemaToTheViewlet" name="RemoveAttributeButton" time="38.890"/>
  <system-out>
<br/> <img src=" E:\Automation\Navigator/Screenshots/ScreenshotsSuccess/RemoveAttributeButton.png" alt="""/" />  </system-out>
  <testcase classname="NavigatorCore.AddSchemaToTheViewlet" name="MoveToTopButton" time="26.544"/>
  <system-out>
<br/> <img src=" E:\Automation\Navigator/Screenshots/ScreenshotsSuccess/MoveToTopButton.png" alt="""/" />  </system-out>
  <testcase classname="NavigatorCore.AddSchemaToTheViewlet" name="MoveToBottomButton" time="23.816"/>
  <system-out>
<br/> <img src=" E:\Automation\Navigator/Screenshots/ScreenshotsSuccess/MoveToBottomButton.png" alt="""/" />  </system-out>
  <testcase classname="NavigatorCore.AddSchemaToTheViewlet" name="MoveUpButton" time="18.388"/>
  <system-out>
<br/> <img src=" E:\Automation\Navigator/Screenshots/ScreenshotsSuccess/MoveUpButton.png" alt="""/" />  </system-out>
  <testcase classname="NavigatorCore.AddSchemaToTheViewlet" name="MoveDownButton" time="32.303"/>
  <system-out>
<br/> <img src=" E:\Automation\Navigator/Screenshots/ScreenshotsSuccess/MoveDownButton.png" alt="""/" />  </system-out>
  <testcase classname="NavigatorCore.AddSchemaToTheViewlet" name="Logout" time="43.133"/>
  <system-out/>
</testsuite> <!-- NavigatorCore.AddSchemaToTheViewlet -->
