<?xml version="1.0" encoding="UTF-8"?>
<!-- Generated by org.testng.reporters.JUnitReportReporter -->
<testsuite hostname="DESKTOP-9QJNAOQ" failures="0" tests="9" name="NavigatorCore.MenuBarIcons" time="160.947" errors="0" timestamp="20 Jun 2022 11:51:21 GMT" skipped="0">
  <testcase classname="NavigatorCore.MenuBarIcons" name="Login" time="31.646"/>
  <testcase classname="NavigatorCore.MenuBarIcons" name="LoginUsername" time="0.034"/>
  <testcase classname="NavigatorCore.MenuBarIcons" name="RequestHistoryIcon" time="10.056"/>
  <testcase classname="NavigatorCore.MenuBarIcons" name="SchedularIcon" time="11.871"/>
  <testcase classname="NavigatorCore.MenuBarIcons" name="SchedularColumnbutton" time="34.090"/>
  <testcase classname="NavigatorCore.MenuBarIcons" name="SecurityManagerIcon" time="26.686"/>
  <testcase classname="NavigatorCore.MenuBarIcons" name="HelpIcon" time="26.726"/>
  <testcase classname="NavigatorCore.MenuBarIcons" name="AboutIcon" time="14.859"/>
  <testcase classname="NavigatorCore.MenuBarIcons" name="Logout" time="4.979"/>
</testsuite> <!-- NavigatorCore.MenuBarIcons -->
