<?xml version="1.0" encoding="UTF-8"?>
<!-- Generated by org.testng.reporters.JUnitReportReporter -->
<testsuite hostname="DESKTOP-K4AEKHO" failures="0" tests="5" name="ApodGUI.CommInfoViewlet" time="378.581" errors="0" timestamp="2023-05-22T19:16:31 IST" skipped="0">
  <testcase classname="ApodGUI.CommInfoViewlet" name="Login" time="112.868"/>
  <system-out>
<br/> <img src=" E:\Automation\Navigator/Screenshots/ScreenshotsSuccess/Login.png" alt="""/" />  </system-out>
  <testcase classname="ApodGUI.CommInfoViewlet" name="AddCommInfoViewlet" time="35.899"/>
  <system-out>
<br/> <img src=" E:\Automation\Navigator/Screenshots/ScreenshotsSuccess/AddCommInfoViewlet.png" alt="""/" />  </system-out>
  <testcase classname="ApodGUI.CommInfoViewlet" name="CopyAsOfCommumicationInfo" time="101.396"/>
  <system-out>
<br/> <img src=" E:\Automation\Navigator/Screenshots/ScreenshotsSuccess/CopyAsOfCommumicationInfo.png" alt="""/" />  </system-out>
  <testcase classname="ApodGUI.CommInfoViewlet" name="DeleteCommunicationInfo" time="100.947"/>
  <system-out>
<br/> <img src=" E:\Automation\Navigator/Screenshots/ScreenshotsSuccess/DeleteCommunicationInfo.png" alt="""/" />  </system-out>
  <testcase classname="ApodGUI.CommInfoViewlet" name="Logout" time="27.471"/>
  <system-out/>
</testsuite> <!-- ApodGUI.CommInfoViewlet -->
