<?xml version="1.0" encoding="UTF-8"?>
<!-- Generated by org.testng.reporters.JUnitReportReporter -->
<testsuite hostname="DESKTOP-K4AEKHO" failures="0" tests="10" name="NavigatorCore.DashboardOptions" time="612.874" errors="0" timestamp="2023-07-24T15:38:47 IST" skipped="0">
  <testcase classname="NavigatorCore.DashboardOptions" name="Login" time="103.238"/>
  <system-out>
<br/> <img src=" E:\Automation\Navigator/Screenshots/ScreenshotsSuccess/Login.png" alt="""/" />  </system-out>
  <testcase classname="NavigatorCore.DashboardOptions" name="CreateWGSDashboard" time="59.328"/>
  <system-out>
<br/> <img src=" E:\Automation\Navigator/Screenshots/ScreenshotsSuccess/CreateWGSDashboard.png" alt="""/" />  </system-out>
  <testcase classname="NavigatorCore.DashboardOptions" name="CreateEMSDashboard" time="58.001"/>
  <system-out>
<br/> <img src=" E:\Automation\Navigator/Screenshots/ScreenshotsSuccess/CreateEMSDashboard.png" alt="""/" />  </system-out>
  <testcase classname="NavigatorCore.DashboardOptions" name="SetAsDeafaultOption" time="103.866"/>
  <system-out>
<br/> <img src=" E:\Automation\Navigator/Screenshots/ScreenshotsSuccess/SetAsDeafaultOption.png" alt="""/" />  </system-out>
  <testcase classname="NavigatorCore.DashboardOptions" name="SetASDefaultTemplate" time="48.688"/>
  <system-out>
<br/> <img src=" E:\Automation\Navigator/Screenshots/ScreenshotsSuccess/SetASDefaultTemplate.png" alt="""/" />  </system-out>
  <testcase classname="NavigatorCore.DashboardOptions" name="RenameDashboard" time="35.997"/>
  <system-out>
<br/> <img src=" E:\Automation\Navigator/Screenshots/ScreenshotsSuccess/RenameDashboard.png" alt="""/" />  </system-out>
  <testcase classname="NavigatorCore.DashboardOptions" name="DeleteDashboardUsingCrossIcon" time="34.615"/>
  <system-out>
<br/> <img src=" E:\Automation\Navigator/Screenshots/ScreenshotsSuccess/DeleteDashboardUsingCrossIcon.png" alt="""/" />  </system-out>
  <testcase classname="NavigatorCore.DashboardOptions" name="DeleteDashboardUsingDeleteOption" time="53.348"/>
  <system-out>
<br/> <img src=" E:\Automation\Navigator/Screenshots/ScreenshotsSuccess/DeleteDashboardUsingDeleteOption.png" alt="""/" />  </system-out>
  <testcase classname="NavigatorCore.DashboardOptions" name="RemoveDashboardUsingOption" time="88.310"/>
  <system-out>
<br/> <img src=" E:\Automation\Navigator/Screenshots/ScreenshotsSuccess/RemoveDashboardUsingOption.png" alt="""/" />  </system-out>
  <testcase classname="NavigatorCore.DashboardOptions" name="Logout" time="27.483"/>
  <system-out/>
</testsuite> <!-- NavigatorCore.DashboardOptions -->
