<?xml version="1.0" encoding="UTF-8"?>
<!-- Generated by org.testng.reporters.JUnitReportReporter -->
<testsuite skipped="0" hostname="DESKTOP-9QJNAOQ" name="NavigatorCore.UserView" tests="6" failures="0" timestamp="28 Dec 2021 13:33:46 GMT" time="180.299" errors="0">
  <testcase name="Login" time="29.353" classname="NavigatorCore.UserView"/>
  <testcase name="AddUserView" time="31.621" classname="NavigatorCore.UserView"/>
  <testcase name="DefaultView" time="31.217" classname="NavigatorCore.UserView"/>
  <testcase name="UpdateUserView" time="31.218" classname="NavigatorCore.UserView"/>
  <testcase name="DeleteUserView" time="30.899" classname="NavigatorCore.UserView"/>
  <testcase name="Logout" time="25.991" classname="NavigatorCore.UserView"/>
</testsuite> <!-- NavigatorCore.UserView -->
