<?xml version="1.0" encoding="UTF-8"?>
<!-- Generated by org.testng.reporters.JUnitReportReporter -->
<testsuite hostname="DESKTOP-9QJNAOQ" failures="0" tests="6" name="NavigatorCore.UserView" time="175.903" errors="0" timestamp="10 Mar 2022 08:49:44 GMT" skipped="0">
  <testcase classname="NavigatorCore.UserView" name="Login" time="24.287"/>
  <testcase classname="NavigatorCore.UserView" name="AddUserView" time="33.881"/>
  <testcase classname="NavigatorCore.UserView" name="DefaultView" time="33.054"/>
  <testcase classname="NavigatorCore.UserView" name="UpdateUserView" time="34.194"/>
  <testcase classname="NavigatorCore.UserView" name="DeleteUserView" time="30.674"/>
  <testcase classname="NavigatorCore.UserView" name="Logout" time="19.813"/>
</testsuite> <!-- NavigatorCore.UserView -->
