<?xml version="1.0" encoding="UTF-8"?>
<!-- Generated by org.testng.reporters.JUnitReportReporter -->
<testsuite hostname="DESKTOP-K4AEKHO" failures="0" tests="13" name="EMS.RouteViewlet" time="477.395" errors="0" timestamp="2023-08-02T18:51:47 IST" skipped="0">
  <testcase classname="EMS.RouteViewlet" name="Login" time="45.270"/>
  <system-out>
<br/> <img src=" E:\Automation\Navigator/Screenshots/ScreenshotsSuccess/Login.png" alt="""/" />  </system-out>
  <testcase classname="EMS.RouteViewlet" name="AddRouteViewlet" time="40.900"/>
  <system-out>
<br/> <img src=" E:\Automation\Navigator/Screenshots/ScreenshotsSuccess/AddRouteViewlet.png" alt="""/" />  </system-out>
  <testcase classname="EMS.RouteViewlet" name="AddRouteFromPlusIcon" time="38.949"/>
  <system-out>
<br/> <img src=" E:\Automation\Navigator/Screenshots/ScreenshotsSuccess/AddRouteFromPlusIcon.png" alt="""/" />  </system-out>
  <testcase classname="EMS.RouteViewlet" name="RouteStatus" time="18.868"/>
  <system-out>
<br/> <img src=" E:\Automation\Navigator/Screenshots/ScreenshotsSuccess/RouteStatus.png" alt="""/" />  </system-out>
  <testcase classname="EMS.RouteViewlet" name="DeleteCommand" time="32.215"/>
  <system-out>
<br/> <img src=" E:\Automation\Navigator/Screenshots/ScreenshotsSuccess/DeleteCommand.png" alt="""/" />  </system-out>
  <testcase classname="EMS.RouteViewlet" name="Properties" time="22.575"/>
  <system-out>
<br/> <img src=" E:\Automation\Navigator/Screenshots/ScreenshotsSuccess/Properties.png" alt="""/" />  </system-out>
  <testcase classname="EMS.RouteViewlet" name="RouteEvents" time="66.200"/>
  <system-out>
<br/> <img src=" E:\Automation\Navigator/Screenshots/ScreenshotsSuccess/RouteEvents.png" alt="""/" />  </system-out>
  <testcase classname="EMS.RouteViewlet" name="AddToFavoriteViewlet" time="35.272"/>
  <system-out>
<br/> <img src=" E:\Automation\Navigator/Screenshots/ScreenshotsSuccess/AddToFavoriteViewlet.png" alt="""/" />  </system-out>
  <testcase classname="EMS.RouteViewlet" name="CompareRoutes" time="26.706"/>
  <system-out>
<br/> <img src=" E:\Automation\Navigator/Screenshots/ScreenshotsSuccess/CompareRoutes.png" alt="""/" />  </system-out>
  <testcase classname="EMS.RouteViewlet" name="CheckDifferencesForRoutes" time="22.988"/>
  <system-out>
<br/> <img src=" E:\Automation\Navigator/Screenshots/ScreenshotsSuccess/CheckDifferencesForRoutes.png" alt="""/" />  </system-out>
  <testcase classname="EMS.RouteViewlet" name="MultipleProperties" time="65.530"/>
  <system-out>
<br/> <img src=" E:\Automation\Navigator/Screenshots/ScreenshotsSuccess/MultipleProperties.png" alt="""/" />  </system-out>
  <testcase classname="EMS.RouteViewlet" name="AddToFavoriteForMultipleRoutes" time="35.148"/>
  <system-out>
<br/> <img src=" E:\Automation\Navigator/Screenshots/ScreenshotsSuccess/AddToFavoriteForMultipleRoutes.png" alt="""/" />  </system-out>
  <testcase classname="EMS.RouteViewlet" name="Logout" time="26.774"/>
  <system-out/>
</testsuite> <!-- EMS.RouteViewlet -->
