<?xml version="1.0" encoding="UTF-8"?>
<!-- Generated by org.testng.reporters.JUnitReportReporter -->
<testsuite skipped="0" hostname="DESKTOP-9QJNAOQ" name="EMS.EMSQueueMessages" tests="14" failures="0" timestamp="21 Jan 2022 14:37:08 GMT" time="834.227" errors="0">
  <testcase name="Login" time="98.231" classname="EMS.EMSQueueMessages"/>
  <testcase name="PutNewMessageIntoQueue" time="45.096" classname="EMS.EMSQueueMessages"/>
  <testcase name="LoadFromFileUsingYesbutton" time="63.034" classname="EMS.EMSQueueMessages"/>
  <testcase name="LoadFromFileUsingConfigurebuttonWithSingleMessage" time="67.241" classname="EMS.EMSQueueMessages"/>
  <testcase name="LoadFromFileUsingConfigurebuttonWithMultipleMessages" time="64.113" classname="EMS.EMSQueueMessages"/>
  <testcase name="ExportAllMessages" time="42.671" classname="EMS.EMSQueueMessages"/>
  <testcase name="CopyAllMessagesFromOneQueueToAnotherQueue" time="76.603" classname="EMS.EMSQueueMessages"/>
  <testcase name="MoveAllMessagesFromOneQueueToAnotherQueue" time="87.677" classname="EMS.EMSQueueMessages"/>
  <testcase name="DeleteAllMessagesFromQueue" time="55.565" classname="EMS.EMSQueueMessages"/>
  <testcase name="ClearAllMessagesFromQueue" time="35.456" classname="EMS.EMSQueueMessages"/>
  <testcase name="PutMessageUsingJsonFile" time="57.617" classname="EMS.EMSQueueMessages"/>
  <testcase name="PutMessageUsingXMLFile" time="60.655" classname="EMS.EMSQueueMessages"/>
  <testcase name="PutHexMessageIntoQueue" time="51.164" classname="EMS.EMSQueueMessages"/>
  <testcase name="Logout" time="29.104" classname="EMS.EMSQueueMessages"/>
</testsuite> <!-- EMS.EMSQueueMessages -->
