<?xml version="1.0" encoding="UTF-8"?>
<!-- Generated by org.testng.reporters.JUnitReportReporter -->
<testsuite hostname="DESKTOP-9QJNAOQ" failures="0" tests="6" name="NavigatorCore.UserView" time="170.737" errors="0" timestamp="11 Feb 2022 13:01:12 GMT" skipped="0">
  <testcase classname="NavigatorCore.UserView" name="Login" time="24.515"/>
  <testcase classname="NavigatorCore.UserView" name="AddUserView" time="33.678"/>
  <testcase classname="NavigatorCore.UserView" name="DefaultView" time="31.228"/>
  <testcase classname="NavigatorCore.UserView" name="UpdateUserView" time="33.585"/>
  <testcase classname="NavigatorCore.UserView" name="DeleteUserView" time="27.825"/>
  <testcase classname="NavigatorCore.UserView" name="Logout" time="19.906"/>
</testsuite> <!-- NavigatorCore.UserView -->
