<?xml version="1.0" encoding="UTF-8"?>
<!-- Generated by org.testng.reporters.JUnitReportReporter -->
<testsuite hostname="DESKTOP-9QJNAOQ" failures="0" tests="4" name="NavigatorCore.CloseConsoleTabs" time="188.665" errors="0" timestamp="10 Mar 2022 07:56:37 GMT" skipped="0">
  <testcase classname="NavigatorCore.CloseConsoleTabs" name="Login" time="124.528"/>
  <testcase classname="NavigatorCore.CloseConsoleTabs" name="CloseOtherConsole" time="21.020"/>
  <testcase classname="NavigatorCore.CloseConsoleTabs" name="CloseAllConsole" time="15.232"/>
  <testcase classname="NavigatorCore.CloseConsoleTabs" name="Logout" time="27.885"/>
</testsuite> <!-- NavigatorCore.CloseConsoleTabs -->
