<?xml version="1.0" encoding="UTF-8"?>
<!-- Generated by org.testng.reporters.JUnitReportReporter -->
<testsuite hostname="DESKTOP-9QJNAOQ" failures="0" tests="10" name="ApodGUI.NameListViewlet" time="679.706" errors="0" timestamp="29 Jul 2022 08:23:52 GMT" skipped="0">
  <testcase classname="ApodGUI.NameListViewlet" name="Login" time="114.942"/>
  <testcase classname="ApodGUI.NameListViewlet" name="AddNameListViewlet" time="40.122"/>
  <testcase classname="ApodGUI.NameListViewlet" name="AddToFavoriteViewlet" time="59.669"/>
  <testcase classname="ApodGUI.NameListViewlet" name="CreateNameListFromPlusIcon" time="128.018"/>
  <testcase classname="ApodGUI.NameListViewlet" name="CopyAsFromCommandsForMultiple" time="63.265"/>
  <testcase classname="ApodGUI.NameListViewlet" name="RenameFromCommandsForMultiple" time="52.352"/>
  <testcase classname="ApodGUI.NameListViewlet" name="DeleteFromCommandsForMultiple" time="37.972"/>
  <testcase classname="ApodGUI.NameListViewlet" name="NameListMultipleProperties" time="112.056"/>
  <testcase classname="ApodGUI.NameListViewlet" name="AddToFavoriteForMultipleNameLists" time="43.522"/>
  <testcase classname="ApodGUI.NameListViewlet" name="Logout" time="27.788"/>
</testsuite> <!-- ApodGUI.NameListViewlet -->
