<?xml version="1.0" encoding="UTF-8"?>
<!-- Generated by org.testng.reporters.JUnitReportReporter -->
<testsuite hostname="DESKTOP-K4AEKHO" failures="0" tests="12" name="NavigatorCore.CreateViewletTypesUsingViewletButton" time="948.039" errors="0" timestamp="2023-06-26T15:30:06 IST" skipped="0">
  <testcase classname="NavigatorCore.CreateViewletTypesUsingViewletButton" name="Login" time="71.676"/>
  <system-out>
<br/> <img src=" E:\Automation\Navigator/Screenshots/ScreenshotsSuccess/Login.png" alt="""/" />  </system-out>
  <testcase classname="NavigatorCore.CreateViewletTypesUsingViewletButton" name="CreateViewletUsingObjectCheckbox" time="75.651"/>
  <system-out>
<br/> <img src=" E:\Automation\Navigator/Screenshots/ScreenshotsSuccess/CreateViewletUsingObjectCheckbox.png" alt="""/" />  </system-out>
  <testcase classname="NavigatorCore.CreateViewletTypesUsingViewletButton" name="CreateATemporaryViewletUsingSearchCheckbox" time="66.980"/>
  <system-out>
<br/> <img src=" E:\Automation\Navigator/Screenshots/ScreenshotsSuccess/CreateATemporaryViewletUsingSearchCheckbox.png" alt="""/" />  </system-out>
  <testcase classname="NavigatorCore.CreateViewletTypesUsingViewletButton" name="CreateFavoriteViewletUsingCheckbox" time="66.318"/>
  <system-out>
<br/> <img src=" E:\Automation\Navigator/Screenshots/ScreenshotsSuccess/CreateFavoriteViewletUsingCheckbox.png" alt="""/" />  </system-out>
  <testcase classname="NavigatorCore.CreateViewletTypesUsingViewletButton" name="OpenAnExistingCheckbox" time="165.815"/>
  <system-out>
<br/> <img src=" E:\Automation\Navigator/Screenshots/ScreenshotsSuccess/OpenAnExistingCheckbox.png" alt="""/" />  </system-out>
  <testcase classname="NavigatorCore.CreateViewletTypesUsingViewletButton" name="CreateTemporaryViewletUsingTemporaryViewletCheckbox" time="119.609"/>
  <system-out>
<br/> <img src=" E:\Automation\Navigator/Screenshots/ScreenshotsSuccess/CreateTemporaryViewletUsingTemporaryViewletCheckbox.png" alt="""/" />  </system-out>
  <testcase classname="NavigatorCore.CreateViewletTypesUsingViewletButton" name="EditViewletOption" time="82.683"/>
  <system-out>
<br/> <img src=" E:\Automation\Navigator/Screenshots/ScreenshotsSuccess/EditViewletOption.png" alt="""/" />  </system-out>
  <testcase classname="NavigatorCore.CreateViewletTypesUsingViewletButton" name="ManageFilteredColumns" time="110.764"/>
  <system-out>
<br/> <img src=" E:\Automation\Navigator/Screenshots/ScreenshotsSuccess/ManageFilteredColumns.png" alt="""/" />  </system-out>
  <testcase classname="NavigatorCore.CreateViewletTypesUsingViewletButton" name="ManageFrozenColumns" time="71.207"/>
  <system-out>
<br/> <img src=" E:\Automation\Navigator/Screenshots/ScreenshotsSuccess/ManageFrozenColumns.png" alt="""/" />  </system-out>
  <testcase classname="NavigatorCore.CreateViewletTypesUsingViewletButton" name="DeleteViewletOption" time="40.835"/>
  <system-out>
<br/> <img src=" E:\Automation\Navigator/Screenshots/ScreenshotsSuccess/DeleteViewletOption.png" alt="""/" />  </system-out>
  <testcase classname="NavigatorCore.CreateViewletTypesUsingViewletButton" name="ExportDataToCSV" time="48.595"/>
  <system-out>
<br/> <img src=" E:\Automation\Navigator/Screenshots/ScreenshotsSuccess/ExportDataToCSV.png" alt="""/" />  </system-out>
  <testcase classname="NavigatorCore.CreateViewletTypesUsingViewletButton" name="Logout" time="27.906"/>
  <system-out/>
</testsuite> <!-- NavigatorCore.CreateViewletTypesUsingViewletButton -->
