<?xml version="1.0" encoding="UTF-8"?>
<!-- Generated by org.testng.reporters.JUnitReportReporter -->
<testsuite hostname="DESKTOP-K4AEKHO" failures="0" tests="6" name="ApodGUI.QueueProperties" time="566.814" errors="0" timestamp="2023-05-01T17:47:48 IST" skipped="0">
  <testcase classname="ApodGUI.QueueProperties" name="Login" time="104.569"/>
  <system-out>
<br/> <img src=" E:\Automation\Navigator/Screenshots/ScreenshotsSuccess/Login.png" alt="""/" />  </system-out>
  <testcase classname="ApodGUI.QueueProperties" name="PutMessageInInhibitedQueue" time="81.121"/>
  <system-out>
<br/> <img src=" E:\Automation\Navigator/Screenshots/ScreenshotsSuccess/PutMessageInInhibitedQueue.png" alt="""/" />  </system-out>
  <testcase classname="ApodGUI.QueueProperties" name="GetMessageFromInhibitedQueue" time="81.450"/>
  <system-out>
<br/> <img src=" E:\Automation\Navigator/Screenshots/ScreenshotsSuccess/GetMessageFromInhibitedQueue.png" alt="""/" />  </system-out>
  <testcase classname="ApodGUI.QueueProperties" name="MessageLength" time="130.146"/>
  <system-out>
<br/> <img src=" E:\Automation\Navigator/Screenshots/ScreenshotsSuccess/MessageLength.png" alt="""/" />  </system-out>
  <testcase classname="ApodGUI.QueueProperties" name="MaximumQueueDepth" time="142.095"/>
  <system-out>
<br/> <img src=" E:\Automation\Navigator/Screenshots/ScreenshotsSuccess/MaximumQueueDepth.png" alt="""/" />  </system-out>
  <testcase classname="ApodGUI.QueueProperties" name="Logout" time="27.433"/>
  <system-out/>
</testsuite> <!-- ApodGUI.QueueProperties -->
