<?xml version="1.0" encoding="UTF-8"?>
<!-- Generated by org.testng.reporters.JUnitReportReporter -->
<testsuite hostname="DESKTOP-9QJNAOQ" failures="0" tests="21" name="ApodGUI.NameListViewlet" time="1071.667" errors="0" timestamp="17 Feb 2022 13:38:42 GMT" skipped="0">
  <testcase classname="ApodGUI.NameListViewlet" name="Login" time="71.338"/>
  <testcase classname="ApodGUI.NameListViewlet" name="AddNameListViewlet" time="44.461"/>
  <testcase classname="ApodGUI.NameListViewlet" name="CreateNameList" time="57.559"/>
  <testcase classname="ApodGUI.NameListViewlet" name="CopyAsFromCommands" time="60.158"/>
  <testcase classname="ApodGUI.NameListViewlet" name="RenameFromCommands" time="65.190"/>
  <testcase classname="ApodGUI.NameListViewlet" name="DeleteFromCommands" time="37.112"/>
  <testcase classname="ApodGUI.NameListViewlet" name="MQSCSnapshot" time="18.423"/>
  <testcase classname="ApodGUI.NameListViewlet" name="SaveNamelistSnapshot" time="13.137"/>
  <testcase classname="ApodGUI.NameListViewlet" name="NameListProperties" time="28.287"/>
  <testcase classname="ApodGUI.NameListViewlet" name="NameListEvents" time="44.356"/>
  <testcase classname="ApodGUI.NameListViewlet" name="AddToFavoriteViewlet" time="57.473"/>
  <testcase classname="ApodGUI.NameListViewlet" name="CompareNameLists" time="27.360"/>
  <testcase classname="ApodGUI.NameListViewlet" name="CheckDifferencesForNameList" time="20.912"/>
  <testcase classname="ApodGUI.NameListViewlet" name="CreateNameListFromPlusIcon" time="130.187"/>
  <testcase classname="ApodGUI.NameListViewlet" name="CopyAsFromCommandsForMultiple" time="56.383"/>
  <testcase classname="ApodGUI.NameListViewlet" name="RenameFromCommandsForMultiple" time="55.632"/>
  <testcase classname="ApodGUI.NameListViewlet" name="DeleteFromCommandsForMultiple" time="40.215"/>
  <testcase classname="ApodGUI.NameListViewlet" name="NameListMultipleProperties" time="83.778"/>
  <testcase classname="ApodGUI.NameListViewlet" name="AddToFavoriteForMultipleNameLists" time="38.241"/>
  <testcase classname="ApodGUI.NameListViewlet" name="ShowObjectAttributesForNameList" time="91.217"/>
  <testcase classname="ApodGUI.NameListViewlet" name="Logout" time="30.248"/>
</testsuite> <!-- ApodGUI.NameListViewlet -->
