<?xml version="1.0" encoding="UTF-8"?>
<!-- Generated by org.testng.reporters.JUnitReportReporter -->
<testsuite skipped="0" hostname="LAPTOP-P3LD1OLC" name="ApodGUI.SearchCriteria" tests="4" failures="0" timestamp="01 Mar 2021 12:54:25 GMT" time="156.497" errors="0">
  <testcase name="Login" time="60.149" classname="ApodGUI.SearchCriteria"/>
  <testcase name="PutAmessageIntoQueue" time="38.355" classname="ApodGUI.SearchCriteria"/>
  <testcase name="AddSearchCriteriaCondition" time="54.864" classname="ApodGUI.SearchCriteria"/>
  <testcase name="Logout" time="3.129" classname="ApodGUI.SearchCriteria"/>
</testsuite> <!-- ApodGUI.SearchCriteria -->
