<?xml version="1.0" encoding="UTF-8"?>
<!-- Generated by org.testng.reporters.JUnitReportReporter -->
<testsuite hostname="DESKTOP-9QJNAOQ" failures="0" tests="21" name="ApodGUI.ProcessViewlet" time="885.852" errors="0" timestamp="11 Mar 2022 12:00:21 GMT" skipped="0">
  <testcase classname="ApodGUI.ProcessViewlet" name="Login" time="48.647"/>
  <testcase classname="ApodGUI.ProcessViewlet" name="AddProcessViewlet" time="38.959"/>
  <testcase classname="ApodGUI.ProcessViewlet" name="CreateProcessFromPlusIcon" time="36.782"/>
  <testcase classname="ApodGUI.ProcessViewlet" name="CopyAsFromCommands" time="52.588"/>
  <testcase classname="ApodGUI.ProcessViewlet" name="RenameFromCommands" time="63.161"/>
  <testcase classname="ApodGUI.ProcessViewlet" name="DeleteFromCommands" time="33.262"/>
  <testcase classname="ApodGUI.ProcessViewlet" name="MQSCSnapshot" time="18.029"/>
  <testcase classname="ApodGUI.ProcessViewlet" name="SaveProcessSnapshot" time="9.340"/>
  <testcase classname="ApodGUI.ProcessViewlet" name="Properties" time="25.958"/>
  <testcase classname="ApodGUI.ProcessViewlet" name="ProcessEvents" time="56.069"/>
  <testcase classname="ApodGUI.ProcessViewlet" name="AddToFavoriteViewlet" time="43.356"/>
  <testcase classname="ApodGUI.ProcessViewlet" name="CreateProcess" time="52.121"/>
  <testcase classname="ApodGUI.ProcessViewlet" name="CompareProcessNames" time="27.231"/>
  <testcase classname="ApodGUI.ProcessViewlet" name="CheckDifferencesForProcess" time="22.708"/>
  <testcase classname="ApodGUI.ProcessViewlet" name="CopyAsFromCommandsForMultipleProcess" time="43.821"/>
  <testcase classname="ApodGUI.ProcessViewlet" name="RenameFromCommandsForMultipleProcess" time="61.045"/>
  <testcase classname="ApodGUI.ProcessViewlet" name="DeleteFromCommandsForMultipleProcess" time="32.296"/>
  <testcase classname="ApodGUI.ProcessViewlet" name="MultipleProperties" time="68.282"/>
  <testcase classname="ApodGUI.ProcessViewlet" name="AddToFavoriteForMultipleProcess" time="27.960"/>
  <testcase classname="ApodGUI.ProcessViewlet" name="ShowObjectAttributesForProcess" time="94.911"/>
  <testcase classname="ApodGUI.ProcessViewlet" name="Logout" time="29.326"/>
</testsuite> <!-- ApodGUI.ProcessViewlet -->
