<?xml version="1.0" encoding="UTF-8"?>
<!-- Generated by org.testng.reporters.JUnitReportReporter -->
<testsuite hostname="DESKTOP-9QJNAOQ" failures="0" tests="4" name="IIB.IIBBrokersViewlet" time="156.918" errors="0" timestamp="12 Jul 2022 13:06:34 GMT" skipped="0">
  <testcase classname="IIB.IIBBrokersViewlet" name="Login" time="43.409"/>
  <testcase classname="IIB.IIBBrokersViewlet" name="AddIIBBrokerViewlet" time="38.216"/>
  <testcase classname="IIB.IIBBrokersViewlet" name="CustomAttributes" time="47.961"/>
  <testcase classname="IIB.IIBBrokersViewlet" name="Logout" time="27.332"/>
</testsuite> <!-- IIB.IIBBrokersViewlet -->
