<?xml version="1.0" encoding="UTF-8"?>
<!-- Generated by org.testng.reporters.JUnitReportReporter -->
<testsuite hostname="DESKTOP-K4AEKHO" failures="0" tests="4" name="NavigatorCore.CloseConsoleTabs" time="238.026" errors="0" timestamp="2023-06-26T12:48:59 IST" skipped="0">
  <testcase classname="NavigatorCore.CloseConsoleTabs" name="Login" time="114.664"/>
  <system-out>
<br/> <img src=" E:\Automation\Navigator/Screenshots/ScreenshotsSuccess/Login.png" alt="""/" />  </system-out>
  <testcase classname="NavigatorCore.CloseConsoleTabs" name="CloseOtherConsole" time="64.927"/>
  <system-out>
<br/> <img src=" E:\Automation\Navigator/Screenshots/ScreenshotsSuccess/CloseOtherConsole.png" alt="""/" />  </system-out>
  <testcase classname="NavigatorCore.CloseConsoleTabs" name="CloseAllConsole" time="30.629"/>
  <system-out>
<br/> <img src=" E:\Automation\Navigator/Screenshots/ScreenshotsSuccess/CloseAllConsole.png" alt="""/" />  </system-out>
  <testcase classname="NavigatorCore.CloseConsoleTabs" name="Logout" time="27.806"/>
  <system-out/>
</testsuite> <!-- NavigatorCore.CloseConsoleTabs -->
