<?xml version="1.0" encoding="UTF-8"?>
<!-- Generated by org.testng.reporters.JUnitReportReporter -->
<testsuite hostname="DESKTOP-K4AEKHO" failures="0" tests="15" name="ApodGUI.ServiceViewlet" time="1002.501" errors="0" timestamp="2023-09-06T13:09:18 IST" skipped="0">
  <testcase classname="ApodGUI.ServiceViewlet" name="Login" time="135.180"/>
  <system-out>
<br/> <img src=" E:\Automation\Navigator/Screenshots/ScreenshotsSuccess/Login.png" alt="""/" />  </system-out>
  <testcase classname="ApodGUI.ServiceViewlet" name="AddServiceViewlet" time="47.069"/>
  <system-out>
<br/> <img src=" E:\Automation\Navigator/Screenshots/ScreenshotsSuccess/AddServiceViewlet.png" alt="""/" />  </system-out>
  <testcase classname="ApodGUI.ServiceViewlet" name="CreateServiceFromPlusIcon" time="124.990"/>
  <system-out>
<br/> <img src=" E:\Automation\Navigator/Screenshots/ScreenshotsSuccess/CreateServiceFromPlusIcon.png" alt="""/" />  </system-out>
  <testcase classname="ApodGUI.ServiceViewlet" name="CopyAsFromCommands" time="118.389"/>
  <system-out>
<br/> <img src=" E:\Automation\Navigator/Screenshots/ScreenshotsSuccess/CopyAsFromCommands.png" alt="""/" />  </system-out>
  <testcase classname="ApodGUI.ServiceViewlet" name="RenameFromCommands" time="131.825"/>
  <system-out>
<br/> <img src=" E:\Automation\Navigator/Screenshots/ScreenshotsSuccess/RenameFromCommands.png" alt="""/" />  </system-out>
  <testcase classname="ApodGUI.ServiceViewlet" name="DeleteFromCommands" time="57.356"/>
  <system-out>
<br/> <img src=" E:\Automation\Navigator/Screenshots/ScreenshotsSuccess/DeleteFromCommands.png" alt="""/" />  </system-out>
  <testcase classname="ApodGUI.ServiceViewlet" name="MQSCSnapshot" time="27.110"/>
  <system-out>
<br/> <img src=" E:\Automation\Navigator/Screenshots/ScreenshotsSuccess/MQSCSnapshot.png" alt="""/" />  </system-out>
  <testcase classname="ApodGUI.ServiceViewlet" name="SaveServiceSnapshot" time="24.215"/>
  <system-out>
<br/> <img src=" E:\Automation\Navigator/Screenshots/ScreenshotsSuccess/SaveServiceSnapshot.png" alt="""/" />  </system-out>
  <testcase classname="ApodGUI.ServiceViewlet" name="ServiceProperties" time="30.469"/>
  <system-out>
<br/> <img src=" E:\Automation\Navigator/Screenshots/ScreenshotsSuccess/ServiceProperties.png" alt="""/" />  </system-out>
  <testcase classname="ApodGUI.ServiceViewlet" name="ServiceEvents" time="47.745"/>
  <system-out>
<br/> <img src=" E:\Automation\Navigator/Screenshots/ScreenshotsSuccess/ServiceEvents.png" alt="""/" />  </system-out>
  <testcase classname="ApodGUI.ServiceViewlet" name="AddToFavoriteViewlet" time="119.318"/>
  <system-out>
<br/> <img src=" E:\Automation\Navigator/Screenshots/ScreenshotsSuccess/AddToFavoriteViewlet.png" alt="""/" />  </system-out>
  <testcase classname="ApodGUI.ServiceViewlet" name="CompareServiceNames" time="26.900"/>
  <system-out>
<br/> <img src=" E:\Automation\Navigator/Screenshots/ScreenshotsSuccess/CompareServiceNames.png" alt="""/" />  </system-out>
  <testcase classname="ApodGUI.ServiceViewlet" name="CheckDifferencesForServices" time="22.802"/>
  <system-out>
<br/> <img src=" E:\Automation\Navigator/Screenshots/ScreenshotsSuccess/CheckDifferencesForServices.png" alt="""/" />  </system-out>
  <testcase classname="ApodGUI.ServiceViewlet" name="AddToFavoriteForMultipleServices" time="61.577"/>
  <system-out>
<br/> <img src=" E:\Automation\Navigator/Screenshots/ScreenshotsSuccess/AddToFavoriteForMultipleServices.png" alt="""/" />  </system-out>
  <testcase classname="ApodGUI.ServiceViewlet" name="Logout" time="27.556"/>
  <system-out/>
</testsuite> <!-- ApodGUI.ServiceViewlet -->
