<?xml version="1.0" encoding="UTF-8"?>
<!-- Generated by org.testng.reporters.JUnitReportReporter -->
<testsuite hostname="DESKTOP-9QJNAOQ" failures="0" tests="14" name="EMS.RouteViewlet" time="578.872" errors="0" timestamp="09 Mar 2022 09:44:44 GMT" skipped="0">
  <testcase classname="EMS.RouteViewlet" name="Login" time="36.162"/>
  <testcase classname="EMS.RouteViewlet" name="AddRouteViewlet" time="51.840"/>
  <testcase classname="EMS.RouteViewlet" name="AddRouteFromPlusIcon" time="48.468"/>
  <testcase classname="EMS.RouteViewlet" name="RouteStatus" time="17.777"/>
  <testcase classname="EMS.RouteViewlet" name="DeleteCommand" time="33.748"/>
  <testcase classname="EMS.RouteViewlet" name="Properties" time="24.360"/>
  <testcase classname="EMS.RouteViewlet" name="RouteEvents" time="56.684"/>
  <testcase classname="EMS.RouteViewlet" name="AddToFavoriteViewlet" time="31.702"/>
  <testcase classname="EMS.RouteViewlet" name="CompareRoutes" time="43.346"/>
  <testcase classname="EMS.RouteViewlet" name="CheckDifferencesForRoutes" time="24.721"/>
  <testcase classname="EMS.RouteViewlet" name="MultipleProperties" time="64.574"/>
  <testcase classname="EMS.RouteViewlet" name="AddToFavoriteForMultipleRoutes" time="34.994"/>
  <testcase classname="EMS.RouteViewlet" name="ShowObjectAttributesForRoute" time="80.525"/>
  <testcase classname="EMS.RouteViewlet" name="Logout" time="29.971"/>
</testsuite> <!-- EMS.RouteViewlet -->
