<?xml version="1.0" encoding="UTF-8"?>
<!-- Generated by org.testng.reporters.JUnitReportReporter -->
<testsuite skipped="0" hostname="DESKTOP-9QJNAOQ" name="KafkaGUI.KafkaPartitionBrowseMessageOptions" tests="8" failures="0" timestamp="24 Jan 2022 11:38:03 GMT" time="322.285" errors="0">
  <testcase name="Login" time="69.044" classname="KafkaGUI.KafkaPartitionBrowseMessageOptions"/>
  <testcase name="PutAMessageUsingPutNewIcon" time="39.593" classname="KafkaGUI.KafkaPartitionBrowseMessageOptions"/>
  <testcase name="CopyMessageUsingCopyIcon" time="32.086" classname="KafkaGUI.KafkaPartitionBrowseMessageOptions"/>
  <testcase name="LoadMessageFromFileUsingIcon" time="59.094" classname="KafkaGUI.KafkaPartitionBrowseMessageOptions"/>
  <testcase name="ExportSelectedMessageUsingExportIcon" time="27.245" classname="KafkaGUI.KafkaPartitionBrowseMessageOptions"/>
  <testcase name="CopyMessageUsingCopyOption" time="34.857" classname="KafkaGUI.KafkaPartitionBrowseMessageOptions"/>
  <testcase name="ClearMessagesUsingClearAllIcon" time="30.476" classname="KafkaGUI.KafkaPartitionBrowseMessageOptions"/>
  <testcase name="Logout" time="29.890" classname="KafkaGUI.KafkaPartitionBrowseMessageOptions"/>
</testsuite> <!-- KafkaGUI.KafkaPartitionBrowseMessageOptions -->
