<?xml version="1.0" encoding="UTF-8"?>
<!-- Generated by org.testng.reporters.JUnitReportReporter -->
<testsuite skipped="0" hostname="DESKTOP-9QJNAOQ" name="NavigatorCore.GlobalSettings" tests="6" failures="0" timestamp="28 Dec 2021 13:28:59 GMT" time="189.797" errors="0">
  <testcase name="Login" time="26.109" classname="NavigatorCore.GlobalSettings"/>
  <testcase name="GlobalNotice" time="41.382" classname="NavigatorCore.GlobalSettings"/>
  <testcase name="EnvironmentLevel" time="54.175" classname="NavigatorCore.GlobalSettings"/>
  <testcase name="UpdateEnvironmentLevel" time="32.181" classname="NavigatorCore.GlobalSettings"/>
  <testcase name="DeleteEnvironmentLevel" time="31.505" classname="NavigatorCore.GlobalSettings"/>
  <testcase name="Logout" time="4.445" classname="NavigatorCore.GlobalSettings"/>
</testsuite> <!-- NavigatorCore.GlobalSettings -->
