<?xml version="1.0" encoding="UTF-8"?>
<!-- Generated by org.testng.reporters.JUnitReportReporter -->
<testsuite hostname="DESKTOP-9QJNAOQ" failures="0" tests="11" name="EMS.EMSQueuesInsideOptionsOfBrowse" time="427.854" errors="0" timestamp="14 Feb 2022 10:36:17 GMT" skipped="0">
  <testcase classname="EMS.EMSQueuesInsideOptionsOfBrowse" name="Login" time="118.755"/>
  <testcase classname="EMS.EMSQueuesInsideOptionsOfBrowse" name="PutAMessageUsingPutNewIcon" time="37.678"/>
  <testcase classname="EMS.EMSQueuesInsideOptionsOfBrowse" name="DeleteMessageUsingDeleteIcon" time="21.716"/>
  <testcase classname="EMS.EMSQueuesInsideOptionsOfBrowse" name="CopyMessageUsingCopyIcon" time="37.318"/>
  <testcase classname="EMS.EMSQueuesInsideOptionsOfBrowse" name="MoveMessageUsingMoveIcon" time="36.316"/>
  <testcase classname="EMS.EMSQueuesInsideOptionsOfBrowse" name="LoadMessageFromFileUsingIcon" time="37.025"/>
  <testcase classname="EMS.EMSQueuesInsideOptionsOfBrowse" name="ExportSelectedMessageUsingExportIcon" time="25.022"/>
  <testcase classname="EMS.EMSQueuesInsideOptionsOfBrowse" name="DeleteMessageUsingDeleteOption" time="19.627"/>
  <testcase classname="EMS.EMSQueuesInsideOptionsOfBrowse" name="CopyMessageUsingCopyOption" time="33.829"/>
  <testcase classname="EMS.EMSQueuesInsideOptionsOfBrowse" name="MoveMessageUsingMoveOption" time="30.376"/>
  <testcase classname="EMS.EMSQueuesInsideOptionsOfBrowse" name="Logout" time="30.192"/>
</testsuite> <!-- EMS.EMSQueuesInsideOptionsOfBrowse -->
