<?xml version="1.0" encoding="UTF-8"?>
<!-- Generated by org.testng.reporters.JUnitReportReporter -->
<testsuite hostname="DESKTOP-K4AEKHO" failures="0" tests="10" name="ApodGUI.ManagerViewlet" time="315.269" errors="0" timestamp="2022-12-27T13:37:13 IST" skipped="0">
  <testcase classname="ApodGUI.ManagerViewlet" name="Login" time="115.488"/>
  <system-out>
<br/> <img src=" E:\Automation\Navigator/Screenshots/ScreenshotsSuccess/Login.png" alt="""/" />  </system-out>
  <testcase classname="ApodGUI.ManagerViewlet" name="MQSCConsoleCommandOption" time="31.384"/>
  <system-out>
<br/> <img src=" E:\Automation\Navigator/Screenshots/ScreenshotsSuccess/MQSCConsoleCommandOption.png" alt="""/" />  </system-out>
  <testcase classname="ApodGUI.ManagerViewlet" name="SaveMQSCConsoleResponceData" time="10.074"/>
  <system-out>
<br/> <img src=" E:\Automation\Navigator/Screenshots/ScreenshotsSuccess/SaveMQSCConsoleResponceData.png" alt="""/" />  </system-out>
  <testcase classname="ApodGUI.ManagerViewlet" name="ClearMQSCConsoleResponceData" time="19.257"/>
  <system-out>
<br/> <img src=" E:\Automation\Navigator/Screenshots/ScreenshotsSuccess/ClearMQSCConsoleResponceData.png" alt="""/" />  </system-out>
  <testcase classname="ApodGUI.ManagerViewlet" name="ApplyMQSCScript" time="56.495"/>
  <system-out>
<br/> <img src=" E:\Automation\Navigator/Screenshots/ScreenshotsSuccess/ApplyMQSCScript.png" alt="""/" />  </system-out>
  <testcase classname="ApodGUI.ManagerViewlet" name="SaveMQSCScriptResults" time="11.043"/>
  <system-out>
<br/> <img src=" E:\Automation\Navigator/Screenshots/ScreenshotsSuccess/SaveMQSCScriptResults.png" alt="""/" />  </system-out>
  <testcase classname="ApodGUI.ManagerViewlet" name="ClearMQSCScriptResults" time="14.495"/>
  <system-out>
<br/> <img src=" E:\Automation\Navigator/Screenshots/ScreenshotsSuccess/ClearMQSCScriptResults.png" alt="""/" />  </system-out>
  <testcase classname="ApodGUI.ManagerViewlet" name="MQSCSnapshot" time="22.109"/>
  <system-out>
<br/> <img src=" E:\Automation\Navigator/Screenshots/ScreenshotsSuccess/MQSCSnapshot.png" alt="""/" />  </system-out>
  <testcase classname="ApodGUI.ManagerViewlet" name="SaveManagerSnapshot" time="8.235"/>
  <system-out>
<br/> <img src=" E:\Automation\Navigator/Screenshots/ScreenshotsSuccess/SaveManagerSnapshot.png" alt="""/" />  </system-out>
  <testcase classname="ApodGUI.ManagerViewlet" name="Logout" time="26.689"/>
  <system-out/>
</testsuite> <!-- ApodGUI.ManagerViewlet -->
