<?xml version="1.0" encoding="UTF-8"?>
<!-- Generated by org.testng.reporters.JUnitReportReporter -->
<testsuite hostname="DESKTOP-9QJNAOQ" failures="0" tests="6" name="ApodGUI.QueuesViewlet" time="520.350" errors="0" timestamp="17 Feb 2022 11:05:45 GMT" skipped="0">
  <testcase classname="ApodGUI.QueuesViewlet" name="Login" time="231.080"/>
  <testcase classname="ApodGUI.QueuesViewlet" name="CreateQueueFromOptions" time="54.684"/>
  <testcase classname="ApodGUI.QueuesViewlet" name="CopyAsQueueCommands" time="62.482"/>
  <testcase classname="ApodGUI.QueuesViewlet" name="RenameQueueFromCommandsOption" time="79.342"/>
  <testcase classname="ApodGUI.QueuesViewlet" name="DeleteQueueFromCommandsOption" time="54.904"/>
  <testcase classname="ApodGUI.QueuesViewlet" name="Logout" time="37.858"/>
</testsuite> <!-- ApodGUI.QueuesViewlet -->
