<?xml version="1.0" encoding="UTF-8"?>
<!-- Generated by org.testng.reporters.JUnitReportReporter -->
<testsuite hostname="DESKTOP-K4AEKHO" failures="0" tests="9" name="NavigatorCore.ManageDashboardOptions" time="337.131" errors="0" timestamp="2023-06-20T13:49:58 IST" skipped="0">
  <testcase classname="NavigatorCore.ManageDashboardOptions" name="Login" time="86.836"/>
  <system-out>
<br/> <img src=" E:\Automation\Navigator/Screenshots/ScreenshotsSuccess/Login.png" alt="""/" />  </system-out>
  <testcase classname="NavigatorCore.ManageDashboardOptions" name="CreareDashboardUsingNewButton" time="41.545"/>
  <system-out>
<br/> <img src=" E:\Automation\Navigator/Screenshots/ScreenshotsSuccess/CreareDashboardUsingNewButton.png" alt="""/" />  </system-out>
  <testcase classname="NavigatorCore.ManageDashboardOptions" name="RenameDashboardUsingRenamebutton" time="41.883"/>
  <system-out>
<br/> <img src=" E:\Automation\Navigator/Screenshots/ScreenshotsSuccess/RenameDashboardUsingRenamebutton.png" alt="""/" />  </system-out>
  <testcase classname="NavigatorCore.ManageDashboardOptions" name="CreateTagUsingAddButton" time="47.791"/>
  <system-out>
<br/> <img src=" E:\Automation\Navigator/Screenshots/ScreenshotsSuccess/CreateTagUsingAddButton.png" alt="""/" />  </system-out>
  <testcase classname="NavigatorCore.ManageDashboardOptions" name="UpdateTagNameUsingEditButton" time="32.883"/>
  <system-out>
<br/> <img src=" E:\Automation\Navigator/Screenshots/ScreenshotsSuccess/UpdateTagNameUsingEditButton.png" alt="""/" />  </system-out>
  <testcase classname="NavigatorCore.ManageDashboardOptions" name="DeleteTagUsingDeleteButton" time="39.290"/>
  <system-out>
<br/> <img src=" E:\Automation\Navigator/Screenshots/ScreenshotsSuccess/DeleteTagUsingDeleteButton.png" alt="""/" />  </system-out>
  <testcase classname="NavigatorCore.ManageDashboardOptions" name="ExportDashboard" time="15.993"/>
  <system-out>
<br/> <img src=" E:\Automation\Navigator/Screenshots/ScreenshotsSuccess/ExportDashboard.png" alt="""/" />  </system-out>
  <testcase classname="NavigatorCore.ManageDashboardOptions" name="DeleteDashboardUsingDeleteButton" time="24.169"/>
  <system-out>
<br/> <img src=" E:\Automation\Navigator/Screenshots/ScreenshotsSuccess/DeleteDashboardUsingDeleteButton.png" alt="""/" />  </system-out>
  <testcase classname="NavigatorCore.ManageDashboardOptions" name="Logout" time="6.741"/>
  <system-out/>
</testsuite> <!-- NavigatorCore.ManageDashboardOptions -->
