<?xml version="1.0" encoding="UTF-8"?>
<!-- Generated by org.testng.reporters.JUnitReportReporter -->
<testsuite hostname="DESKTOP-9QJNAOQ" failures="0" tests="8" name="NavigatorCore.GlobalSettings" time="495.532" errors="0" timestamp="08 Aug 2022 07:19:46 GMT" skipped="0">
  <testcase classname="NavigatorCore.GlobalSettings" name="Login" time="60.002"/>
  <testcase classname="NavigatorCore.GlobalSettings" name="GlobalNotice" time="65.392"/>
  <testcase classname="NavigatorCore.GlobalSettings" name="EnvironmentLevel" time="87.290"/>
  <testcase classname="NavigatorCore.GlobalSettings" name="UpdateEnvironmentLevel" time="44.118"/>
  <testcase classname="NavigatorCore.GlobalSettings" name="DeleteEnvironmentLevel" time="39.652"/>
  <testcase classname="NavigatorCore.GlobalSettings" name="MinimumRefreshInterval" time="67.933"/>
  <testcase classname="NavigatorCore.GlobalSettings" name="DashboardOwnershipManagement" time="126.359"/>
  <testcase classname="NavigatorCore.GlobalSettings" name="Logout" time="4.786"/>
</testsuite> <!-- NavigatorCore.GlobalSettings -->
