<?xml version="1.0" encoding="UTF-8"?>
<!-- Generated by org.testng.reporters.JUnitReportReporter -->
<testsuite skipped="0" hostname="LAPTOP-P3LD1OLC" name="ApodGUI.AttributeFilterCondition" tests="4" failures="0" timestamp="01 Mar 2021 12:51:15 GMT" time="165.708" errors="0">
  <testcase name="Login" time="18.721" classname="ApodGUI.AttributeFilterCondition"/>
  <testcase name="AddDashboard" time="38.066" classname="ApodGUI.AttributeFilterCondition"/>
  <testcase name="AddAttributeFilterCondition" time="105.591" classname="ApodGUI.AttributeFilterCondition"/>
  <testcase name="Logout" time="3.330" classname="ApodGUI.AttributeFilterCondition"/>
</testsuite> <!-- ApodGUI.AttributeFilterCondition -->
