<?xml version="1.0" encoding="UTF-8"?>
<!-- Generated by org.testng.reporters.JUnitReportReporter -->
<testsuite hostname="DESKTOP-9QJNAOQ" failures="0" tests="14" name="EMS.RouteViewlet" time="543.694" errors="0" timestamp="14 Feb 2022 08:52:02 GMT" skipped="0">
  <testcase classname="EMS.RouteViewlet" name="Login" time="32.413"/>
  <testcase classname="EMS.RouteViewlet" name="AddRouteViewlet" time="38.445"/>
  <testcase classname="EMS.RouteViewlet" name="AddRouteFromPlusIcon" time="48.136"/>
  <testcase classname="EMS.RouteViewlet" name="RouteStatus" time="20.079"/>
  <testcase classname="EMS.RouteViewlet" name="DeleteCommand" time="33.314"/>
  <testcase classname="EMS.RouteViewlet" name="Properties" time="24.628"/>
  <testcase classname="EMS.RouteViewlet" name="RouteEvents" time="56.566"/>
  <testcase classname="EMS.RouteViewlet" name="AddToFavoriteViewlet" time="34.500"/>
  <testcase classname="EMS.RouteViewlet" name="CompareRoutes" time="27.185"/>
  <testcase classname="EMS.RouteViewlet" name="CheckDifferencesForRoutes" time="20.856"/>
  <testcase classname="EMS.RouteViewlet" name="MultipleProperties" time="64.404"/>
  <testcase classname="EMS.RouteViewlet" name="AddToFavoriteForMultipleRoutes" time="34.928"/>
  <testcase classname="EMS.RouteViewlet" name="ShowObjectAttributesForRoute" time="78.013"/>
  <testcase classname="EMS.RouteViewlet" name="Logout" time="30.227"/>
</testsuite> <!-- EMS.RouteViewlet -->
