<?xml version="1.0" encoding="UTF-8"?>
<!-- Generated by org.testng.reporters.JUnitReportReporter -->
<testsuite hostname="DESKTOP-K4AEKHO" failures="0" tests="9" name="NavigatorCore.MenuBarIcons" time="342.318" errors="0" timestamp="2023-03-15T13:51:39 IST" skipped="0">
  <testcase classname="NavigatorCore.MenuBarIcons" name="Login" time="54.937"/>
  <system-out>
<br/> <img src=" E:\Automation\Navigator/Screenshots/ScreenshotsSuccess/Login.png" alt="""/" />  </system-out>
  <testcase classname="NavigatorCore.MenuBarIcons" name="LoginUsername" time="0.030"/>
  <system-out>
<br/> <img src=" E:\Automation\Navigator/Screenshots/ScreenshotsSuccess/LoginUsername.png" alt="""/" />  </system-out>
  <testcase classname="NavigatorCore.MenuBarIcons" name="RequestHistoryIcon" time="31.361"/>
  <system-out>
<br/> <img src=" E:\Automation\Navigator/Screenshots/ScreenshotsSuccess/RequestHistoryIcon.png" alt="""/" />  </system-out>
  <testcase classname="NavigatorCore.MenuBarIcons" name="SchedularIcon" time="30.525"/>
  <system-out>
<br/> <img src=" E:\Automation\Navigator/Screenshots/ScreenshotsSuccess/SchedularIcon.png" alt="""/" />  </system-out>
  <testcase classname="NavigatorCore.MenuBarIcons" name="SchedularColumnbutton" time="108.330"/>
  <system-out>
<br/> <img src=" E:\Automation\Navigator/Screenshots/ScreenshotsSuccess/SchedularColumnbutton.png" alt="""/" />  </system-out>
  <testcase classname="NavigatorCore.MenuBarIcons" name="SecurityManagerIcon" time="41.258"/>
  <system-out>
<br/> <img src=" E:\Automation\Navigator/Screenshots/ScreenshotsSuccess/SecurityManagerIcon.png" alt="""/" />  </system-out>
  <testcase classname="NavigatorCore.MenuBarIcons" name="HelpIcon" time="41.221"/>
  <system-out>
<br/> <img src=" E:\Automation\Navigator/Screenshots/ScreenshotsSuccess/HelpIcon.png" alt="""/" />  </system-out>
  <testcase classname="NavigatorCore.MenuBarIcons" name="AboutIcon" time="31.273"/>
  <system-out>
<br/> <img src=" E:\Automation\Navigator/Screenshots/ScreenshotsSuccess/AboutIcon.png" alt="""/" />  </system-out>
  <testcase classname="NavigatorCore.MenuBarIcons" name="Logout" time="3.383"/>
  <system-out/>
</testsuite> <!-- NavigatorCore.MenuBarIcons -->
