<?xml version="1.0" encoding="UTF-8"?>
<!-- Generated by org.testng.reporters.JUnitReportReporter -->
<testsuite hostname="DESKTOP-K4AEKHO" failures="0" tests="6" name="NavigatorCore.UserPerspective" time="163.101" errors="0" timestamp="2023-04-17T15:48:56 IST" skipped="0">
  <testcase classname="NavigatorCore.UserPerspective" name="Login" time="22.243"/>
  <system-out>
<br/> <img src=" E:\Automation\Navigator/Screenshots/ScreenshotsSuccess/Login.png" alt="""/" />  </system-out>
  <testcase classname="NavigatorCore.UserPerspective" name="AddUserView" time="31.801"/>
  <system-out>
<br/> <img src=" E:\Automation\Navigator/Screenshots/ScreenshotsSuccess/AddUserView.png" alt="""/" />  </system-out>
  <testcase classname="NavigatorCore.UserPerspective" name="DefaultView" time="28.693"/>
  <system-out>
<br/> <img src=" E:\Automation\Navigator/Screenshots/ScreenshotsSuccess/DefaultView.png" alt="""/" />  </system-out>
  <testcase classname="NavigatorCore.UserPerspective" name="UpdateUserView" time="31.004"/>
  <system-out>
<br/> <img src=" E:\Automation\Navigator/Screenshots/ScreenshotsSuccess/UpdateUserView.png" alt="""/" />  </system-out>
  <testcase classname="NavigatorCore.UserPerspective" name="DeleteUserView" time="28.686"/>
  <system-out>
<br/> <img src=" E:\Automation\Navigator/Screenshots/ScreenshotsSuccess/DeleteUserView.png" alt="""/" />  </system-out>
  <testcase classname="NavigatorCore.UserPerspective" name="Logout" time="20.674"/>
  <system-out/>
</testsuite> <!-- NavigatorCore.UserPerspective -->
