<?xml version="1.0" encoding="UTF-8"?>
<!-- Generated by org.testng.reporters.JUnitReportReporter -->
<testsuite hostname="DESKTOP-9QJNAOQ" failures="0" tests="6" name="NavigatorCore.UserView" time="178.651" errors="0" timestamp="20 Jun 2022 12:04:14 GMT" skipped="0">
  <testcase classname="NavigatorCore.UserView" name="Login" time="32.082"/>
  <testcase classname="NavigatorCore.UserView" name="AddUserView" time="33.881"/>
  <testcase classname="NavigatorCore.UserView" name="DefaultView" time="30.561"/>
  <testcase classname="NavigatorCore.UserView" name="UpdateUserView" time="34.317"/>
  <testcase classname="NavigatorCore.UserView" name="DeleteUserView" time="27.961"/>
  <testcase classname="NavigatorCore.UserView" name="Logout" time="19.849"/>
</testsuite> <!-- NavigatorCore.UserView -->
