<?xml version="1.0" encoding="UTF-8"?>
<!-- Generated by org.testng.reporters.JUnitReportReporter -->
<testsuite hostname="DESKTOP-9QJNAOQ" failures="0" tests="10" name="NavigatorCore.DashboardOptions" time="316.813" errors="0" timestamp="10 Mar 2022 08:22:33 GMT" skipped="0">
  <testcase classname="NavigatorCore.DashboardOptions" name="Login" time="65.653"/>
  <testcase classname="NavigatorCore.DashboardOptions" name="CreateWGSDashboard" time="19.600"/>
  <testcase classname="NavigatorCore.DashboardOptions" name="CreateEMSDashboard" time="20.170"/>
  <testcase classname="NavigatorCore.DashboardOptions" name="SetAsDeafaultOption" time="39.117"/>
  <testcase classname="NavigatorCore.DashboardOptions" name="SetASDefaultTemplate" time="21.864"/>
  <testcase classname="NavigatorCore.DashboardOptions" name="RenameDashboard" time="33.294"/>
  <testcase classname="NavigatorCore.DashboardOptions" name="DeleteDashboardUsingCrossIcon" time="22.393"/>
  <testcase classname="NavigatorCore.DashboardOptions" name="DeleteDashboardUsingDeleteOption" time="24.119"/>
  <testcase classname="NavigatorCore.DashboardOptions" name="RemoveDashboardUsingOption" time="40.973"/>
  <testcase classname="NavigatorCore.DashboardOptions" name="Logout" time="29.630"/>
</testsuite> <!-- NavigatorCore.DashboardOptions -->
