<?xml version="1.0" encoding="UTF-8"?>
<!-- Generated by org.testng.reporters.JUnitReportReporter -->
<testsuite hostname="DESKTOP-9QJNAOQ" failures="0" tests="4" name="NavigatorCore.AttributeFilterCondition" time="185.762" errors="0" timestamp="20 Jun 2022 11:14:35 GMT" skipped="0">
  <testcase classname="NavigatorCore.AttributeFilterCondition" name="Login" time="27.973"/>
  <testcase classname="NavigatorCore.AttributeFilterCondition" name="AddDashboard" time="58.080"/>
  <testcase classname="NavigatorCore.AttributeFilterCondition" name="AddAttributeFilterCondition" time="72.412"/>
  <testcase classname="NavigatorCore.AttributeFilterCondition" name="Logout" time="27.297"/>
</testsuite> <!-- NavigatorCore.AttributeFilterCondition -->
