<?xml version="1.0" encoding="UTF-8"?>
<!-- Generated by org.testng.reporters.JUnitReportReporter -->
<testsuite hostname="DESKTOP-K4AEKHO" failures="0" tests="25" name="ApodGUI.QueuesViewlet" time="1298.222" errors="3" timestamp="2023-05-16T14:19:39 IST" skipped="1">
  <testcase classname="ApodGUI.QueuesViewlet" name="Login" time="207.589"/>
  <system-out>
<br/> <img src=" E:\Automation\Navigator/Screenshots/ScreenshotsSuccess/Login.png" alt="""/" />  </system-out>
  <testcase classname="ApodGUI.QueuesViewlet" name="BrowseMessages" time="20.032"/>
  <system-out>
<br/> <img src=" E:\Automation\Navigator/Screenshots/ScreenshotsSuccess/BrowseMessages.png" alt="""/" />  </system-out>
  <testcase classname="ApodGUI.QueuesViewlet" name="ShowQueueStatus" time="22.517"/>
  <system-out>
<br/> <img src=" E:\Automation\Navigator/Screenshots/ScreenshotsSuccess/ShowQueueStatus.png" alt="""/" />  </system-out>
  <testcase classname="ApodGUI.QueuesViewlet" name="CreateQueueFromOptions" time="50.596"/>
  <system-out>
<br/> <img src=" E:\Automation\Navigator/Screenshots/ScreenshotsSuccess/CreateQueueFromOptions.png" alt="""/" />  </system-out>
  <testcase classname="ApodGUI.QueuesViewlet" name="CopyAsQueueCommands" time="65.551"/>
  <system-out>
<br/> <img src=" E:\Automation\Navigator/Screenshots/ScreenshotsSuccess/CopyAsQueueCommands.png" alt="""/" />  </system-out>
  <testcase classname="ApodGUI.QueuesViewlet" name="RenameQueueFromCommandsOption" time="72.585"/>
  <system-out>
<br/> <img src=" E:\Automation\Navigator/Screenshots/ScreenshotsSuccess/RenameQueueFromCommandsOption.png" alt="""/" />  </system-out>
  <testcase classname="ApodGUI.QueuesViewlet" name="DeleteQueueFromCommandsOption" time="51.295"/>
  <system-out>
<br/> <img src=" E:\Automation\Navigator/Screenshots/ScreenshotsSuccess/DeleteQueueFromCommandsOption.png" alt="""/" />  </system-out>
  <testcase classname="ApodGUI.QueuesViewlet" name="InhibitGetFromCommands" time="86.508"/>
  <system-out>
<br/> <img src=" E:\Automation\Navigator/Screenshots/ScreenshotsSuccess/InhibitGetFromCommands.png" alt="""/" />  </system-out>
  <testcase classname="ApodGUI.QueuesViewlet" name="InhibitPutFromCommands" time="93.155"/>
  <system-out>
<br/> <img src=" E:\Automation\Navigator/Screenshots/ScreenshotsSuccess/InhibitPutFromCommands.png" alt="""/" />  </system-out>
  <testcase classname="ApodGUI.QueuesViewlet" name="MQSCSnapshot" time="21.931"/>
  <system-out>
<br/> <img src=" E:\Automation\Navigator/Screenshots/ScreenshotsSuccess/MQSCSnapshot.png" alt="""/" />  </system-out>
  <testcase classname="ApodGUI.QueuesViewlet" name="SaveMQSCSnapshot" time="27.481"/>
  <system-out>
<br/> <img src=" E:\Automation\Navigator/Screenshots/ScreenshotsSuccess/SaveMQSCSnapshot.png" alt="""/" />  </system-out>
  <testcase classname="ApodGUI.QueuesViewlet" name="QueueProperties" time="25.833"/>
  <system-out>
<br/> <img src=" E:\Automation\Navigator/Screenshots/ScreenshotsSuccess/QueueProperties.png" alt="""/" />  </system-out>
  <testcase classname="ApodGUI.QueuesViewlet" name="QueueEvents" time="65.922"/>
  <system-out>
<br/> <img src=" E:\Automation\Navigator/Screenshots/ScreenshotsSuccess/QueueEvents.png" alt="""/" />  </system-out>
  <testcase classname="ApodGUI.QueuesViewlet" name="AddToFavoriteViewlet" time="50.259">
    <error message="no such element: Unable to locate element: {&quot;method&quot;:&quot;link text&quot;,&quot;selector&quot;:&quot;Add to favorites...&quot;}
  (Session info: chrome=113.0.5672.93)
For documentation on this error, please visit: https://selenium.dev/exceptions/#no_such_element
Build info: version: &#039;4.1.3&#039;, revision: &#039;7b1ebf28ef&#039;
System info: host: &#039;DESKTOP-K4AEKHO&#039;, ip: &#039;172.29.97.212&#039;, os.name: &#039;Windows 10&#039;, os.arch: &#039;amd64&#039;, os.version: &#039;10.0&#039;, java.version: &#039;11.0.16&#039;
Driver info: org.openqa.selenium.chrome.ChromeDriver
Command: [13b241134c43d5219542783a396389ff, findElement {using=link text, value=Add to favorites...}]
Capabilities {acceptInsecureCerts: false, browserName: chrome, browserVersion: 113.0.5672.93, chrome: {chromedriverVersion: 113.0.5672.63 (0e1a4471d5ae..., userDataDir: C:\Users\Lenovo\AppData\Loc...}, goog:chromeOptions: {debuggerAddress: localhost:60565}, javascriptEnabled: true, networkConnectionEnabled: false, pageLoadStrategy: normal, platform: WINDOWS, platformName: WINDOWS, proxy: Proxy(), se:cdp: ws://localhost:60565/devtoo..., se:cdpVersion: 113.0.5672.93, setWindowRect: true, strictFileInteractability: false, timeouts: {implicit: 0, pageLoad: 300000, script: 30000}, unhandledPromptBehavior: dismiss and notify, webauthn:extension:credBlob: true, webauthn:extension:largeBlob: true, webauthn:extension:minPinLength: true, webauthn:extension:prf: true, webauthn:virtualAuthenticators: true}
Session ID: 13b241134c43d5219542783a396389ff" type="org.openqa.selenium.NoSuchElementException">
      <![CDATA[org.openqa.selenium.NoSuchElementException: no such element: Unable to locate element: {"method":"link text","selector":"Add to favorites..."}
  (Session info: chrome=113.0.5672.93)
For documentation on this error, please visit: https://selenium.dev/exceptions/#no_such_element
Build info: version: '4.1.3', revision: '7b1ebf28ef'
System info: host: 'DESKTOP-K4AEKHO', ip: '172.29.97.212', os.name: 'Windows 10', os.arch: 'amd64', os.version: '10.0', java.version: '11.0.16'
Driver info: org.openqa.selenium.chrome.ChromeDriver
Command: [13b241134c43d5219542783a396389ff, findElement {using=link text, value=Add to favorites...}]
Capabilities {acceptInsecureCerts: false, browserName: chrome, browserVersion: 113.0.5672.93, chrome: {chromedriverVersion: 113.0.5672.63 (0e1a4471d5ae..., userDataDir: C:\Users\Lenovo\AppData\Loc...}, goog:chromeOptions: {debuggerAddress: localhost:60565}, javascriptEnabled: true, networkConnectionEnabled: false, pageLoadStrategy: normal, platform: WINDOWS, platformName: WINDOWS, proxy: Proxy(), se:cdp: ws://localhost:60565/devtoo..., se:cdpVersion: 113.0.5672.93, setWindowRect: true, strictFileInteractability: false, timeouts: {implicit: 0, pageLoad: 300000, script: 30000}, unhandledPromptBehavior: dismiss and notify, webauthn:extension:credBlob: true, webauthn:extension:largeBlob: true, webauthn:extension:minPinLength: true, webauthn:extension:prf: true, webauthn:virtualAuthenticators: true}
Session ID: 13b241134c43d5219542783a396389ff
at java.base/jdk.internal.reflect.NativeConstructorAccessorImpl.newInstance0(Native Method)
at java.base/jdk.internal.reflect.NativeConstructorAccessorImpl.newInstance(NativeConstructorAccessorImpl.java:62)
at java.base/jdk.internal.reflect.DelegatingConstructorAccessorImpl.newInstance(DelegatingConstructorAccessorImpl.java:45)
at java.base/java.lang.reflect.Constructor.newInstance(Constructor.java:490)
at org.openqa.selenium.remote.codec.w3c.W3CHttpResponseCodec.createException(W3CHttpResponseCodec.java:200)
at org.openqa.selenium.remote.codec.w3c.W3CHttpResponseCodec.decode(W3CHttpResponseCodec.java:133)
at org.openqa.selenium.remote.codec.w3c.W3CHttpResponseCodec.decode(W3CHttpResponseCodec.java:53)
at org.openqa.selenium.remote.HttpCommandExecutor.execute(HttpCommandExecutor.java:184)
at org.openqa.selenium.remote.service.DriverCommandExecutor.invokeExecute(DriverCommandExecutor.java:167)
at org.openqa.selenium.remote.service.DriverCommandExecutor.execute(DriverCommandExecutor.java:142)
at org.openqa.selenium.remote.RemoteWebDriver.execute(RemoteWebDriver.java:567)
at org.openqa.selenium.remote.ElementLocation$ElementFinder$2.findElement(ElementLocation.java:162)
at org.openqa.selenium.remote.ElementLocation.findElement(ElementLocation.java:60)
at org.openqa.selenium.remote.RemoteWebDriver.findElement(RemoteWebDriver.java:385)
at org.openqa.selenium.remote.RemoteWebDriver.findElement(RemoteWebDriver.java:377)
at ApodGUI.QueuesViewlet.AddToFavoriteViewlet(QueuesViewlet.java:1060)
at java.base/jdk.internal.reflect.NativeMethodAccessorImpl.invoke0(Native Method)
at java.base/jdk.internal.reflect.NativeMethodAccessorImpl.invoke(NativeMethodAccessorImpl.java:62)
at java.base/jdk.internal.reflect.DelegatingMethodAccessorImpl.invoke(DelegatingMethodAccessorImpl.java:43)
at java.base/java.lang.reflect.Method.invoke(Method.java:566)
at org.testng.internal.MethodInvocationHelper.invokeMethod(MethodInvocationHelper.java:132)
at org.testng.internal.TestInvoker.invokeMethod(TestInvoker.java:599)
at org.testng.internal.TestInvoker.invokeTestMethod(TestInvoker.java:174)
at org.testng.internal.MethodRunner.runInSequence(MethodRunner.java:46)
at org.testng.internal.TestInvoker$MethodInvocationAgent.invoke(TestInvoker.java:822)
at org.testng.internal.TestInvoker.invokeTestMethods(TestInvoker.java:147)
at org.testng.internal.TestMethodWorker.invokeTestMethods(TestMethodWorker.java:146)
at org.testng.internal.TestMethodWorker.run(TestMethodWorker.java:128)
at java.base/java.util.ArrayList.forEach(ArrayList.java:1541)
at org.testng.TestRunner.privateRun(TestRunner.java:764)
at org.testng.TestRunner.run(TestRunner.java:585)
at org.testng.SuiteRunner.runTest(SuiteRunner.java:384)
at org.testng.SuiteRunner.runSequentially(SuiteRunner.java:378)
at org.testng.SuiteRunner.privateRun(SuiteRunner.java:337)
at org.testng.SuiteRunner.run(SuiteRunner.java:286)
at org.testng.SuiteRunnerWorker.runSuite(SuiteRunnerWorker.java:53)
at org.testng.SuiteRunnerWorker.run(SuiteRunnerWorker.java:96)
at org.testng.TestNG.runSuitesSequentially(TestNG.java:1218)
at org.testng.TestNG.runSuitesLocally(TestNG.java:1140)
at org.testng.TestNG.runSuites(TestNG.java:1069)
at org.testng.TestNG.run(TestNG.java:1037)
at org.testng.remote.AbstractRemoteTestNG.run(AbstractRemoteTestNG.java:115)
at org.testng.remote.RemoteTestNG.initAndRun(RemoteTestNG.java:251)
at org.testng.remote.RemoteTestNG.main(RemoteTestNG.java:77)
]]>
    </error>
  </testcase> <!-- AddToFavoriteViewlet -->
  <system-out>
<br/>Failed to execute method: AddToFavoriteViewlet<br/> <br/> <img src=" E:\Automation\Navigator/Screenshots/ScreenshotsFailure/AddToFavoriteViewlet.png" alt="""/" />  </system-out>
  <testcase classname="ApodGUI.QueuesViewlet" name="CompareQueues" time="12.668">
    <error message="stale element reference: stale element not found
  (Session info: chrome=113.0.5672.93)
For documentation on this error, please visit: https://selenium.dev/exceptions/#stale_element_reference
Build info: version: &#039;4.1.3&#039;, revision: &#039;7b1ebf28ef&#039;
System info: host: &#039;DESKTOP-K4AEKHO&#039;, ip: &#039;172.29.97.212&#039;, os.name: &#039;Windows 10&#039;, os.arch: &#039;amd64&#039;, os.version: &#039;10.0&#039;, java.version: &#039;11.0.16&#039;
Driver info: org.openqa.selenium.chrome.ChromeDriver
Command: [13b241134c43d5219542783a396389ff, clickElement {id=638B5BE6AB513F69AB27AFC4FE7B6B74_element_643}]
Capabilities {acceptInsecureCerts: false, browserName: chrome, browserVersion: 113.0.5672.93, chrome: {chromedriverVersion: 113.0.5672.63 (0e1a4471d5ae..., userDataDir: C:\Users\Lenovo\AppData\Loc...}, goog:chromeOptions: {debuggerAddress: localhost:60565}, javascriptEnabled: true, networkConnectionEnabled: false, pageLoadStrategy: normal, platform: WINDOWS, platformName: WINDOWS, proxy: Proxy(), se:cdp: ws://localhost:60565/devtoo..., se:cdpVersion: 113.0.5672.93, setWindowRect: true, strictFileInteractability: false, timeouts: {implicit: 0, pageLoad: 300000, script: 30000}, unhandledPromptBehavior: dismiss and notify, webauthn:extension:credBlob: true, webauthn:extension:largeBlob: true, webauthn:extension:minPinLength: true, webauthn:extension:prf: true, webauthn:virtualAuthenticators: true}
Element: [[ChromeDriver: chrome on WINDOWS (13b241134c43d5219542783a396389ff)] -&gt; xpath: /html/body/app-root/div/app-main-page/div/div/app-tab/div/div/div/app-viewlet/div/ngx-datatable/div/datatable-body/datatable-selection/datatable-scroller/datatable-row-wrapper[2]/datatable-body-row/div[2]/datatable-body-cell[1]/div/input]
Session ID: 13b241134c43d5219542783a396389ff" type="org.openqa.selenium.StaleElementReferenceException">
      <![CDATA[org.openqa.selenium.StaleElementReferenceException: stale element reference: stale element not found
  (Session info: chrome=113.0.5672.93)
For documentation on this error, please visit: https://selenium.dev/exceptions/#stale_element_reference
Build info: version: '4.1.3', revision: '7b1ebf28ef'
System info: host: 'DESKTOP-K4AEKHO', ip: '172.29.97.212', os.name: 'Windows 10', os.arch: 'amd64', os.version: '10.0', java.version: '11.0.16'
Driver info: org.openqa.selenium.chrome.ChromeDriver
Command: [13b241134c43d5219542783a396389ff, clickElement {id=638B5BE6AB513F69AB27AFC4FE7B6B74_element_643}]
Capabilities {acceptInsecureCerts: false, browserName: chrome, browserVersion: 113.0.5672.93, chrome: {chromedriverVersion: 113.0.5672.63 (0e1a4471d5ae..., userDataDir: C:\Users\Lenovo\AppData\Loc...}, goog:chromeOptions: {debuggerAddress: localhost:60565}, javascriptEnabled: true, networkConnectionEnabled: false, pageLoadStrategy: normal, platform: WINDOWS, platformName: WINDOWS, proxy: Proxy(), se:cdp: ws://localhost:60565/devtoo..., se:cdpVersion: 113.0.5672.93, setWindowRect: true, strictFileInteractability: false, timeouts: {implicit: 0, pageLoad: 300000, script: 30000}, unhandledPromptBehavior: dismiss and notify, webauthn:extension:credBlob: true, webauthn:extension:largeBlob: true, webauthn:extension:minPinLength: true, webauthn:extension:prf: true, webauthn:virtualAuthenticators: true}
Element: [[ChromeDriver: chrome on WINDOWS (13b241134c43d5219542783a396389ff)] -> xpath: /html/body/app-root/div/app-main-page/div/div/app-tab/div/div/div/app-viewlet/div/ngx-datatable/div/datatable-body/datatable-selection/datatable-scroller/datatable-row-wrapper[2]/datatable-body-row/div[2]/datatable-body-cell[1]/div/input]
Session ID: 13b241134c43d5219542783a396389ff
at java.base/jdk.internal.reflect.NativeConstructorAccessorImpl.newInstance0(Native Method)
at java.base/jdk.internal.reflect.NativeConstructorAccessorImpl.newInstance(NativeConstructorAccessorImpl.java:62)
at java.base/jdk.internal.reflect.DelegatingConstructorAccessorImpl.newInstance(DelegatingConstructorAccessorImpl.java:45)
at java.base/java.lang.reflect.Constructor.newInstance(Constructor.java:490)
at org.openqa.selenium.remote.codec.w3c.W3CHttpResponseCodec.createException(W3CHttpResponseCodec.java:200)
at org.openqa.selenium.remote.codec.w3c.W3CHttpResponseCodec.decode(W3CHttpResponseCodec.java:133)
at org.openqa.selenium.remote.codec.w3c.W3CHttpResponseCodec.decode(W3CHttpResponseCodec.java:53)
at org.openqa.selenium.remote.HttpCommandExecutor.execute(HttpCommandExecutor.java:184)
at org.openqa.selenium.remote.service.DriverCommandExecutor.invokeExecute(DriverCommandExecutor.java:167)
at org.openqa.selenium.remote.service.DriverCommandExecutor.execute(DriverCommandExecutor.java:142)
at org.openqa.selenium.remote.RemoteWebDriver.execute(RemoteWebDriver.java:567)
at org.openqa.selenium.remote.RemoteWebElement.execute(RemoteWebElement.java:251)
at org.openqa.selenium.remote.RemoteWebElement.click(RemoteWebElement.java:77)
at Common.CompareObjects.Compare(CompareObjects.java:28)
at ApodGUI.QueuesViewlet.CompareQueues(QueuesViewlet.java:1119)
at java.base/jdk.internal.reflect.NativeMethodAccessorImpl.invoke0(Native Method)
at java.base/jdk.internal.reflect.NativeMethodAccessorImpl.invoke(NativeMethodAccessorImpl.java:62)
at java.base/jdk.internal.reflect.DelegatingMethodAccessorImpl.invoke(DelegatingMethodAccessorImpl.java:43)
at java.base/java.lang.reflect.Method.invoke(Method.java:566)
at org.testng.internal.MethodInvocationHelper.invokeMethod(MethodInvocationHelper.java:132)
at org.testng.internal.TestInvoker.invokeMethod(TestInvoker.java:599)
at org.testng.internal.TestInvoker.invokeTestMethod(TestInvoker.java:174)
at org.testng.internal.MethodRunner.runInSequence(MethodRunner.java:46)
at org.testng.internal.TestInvoker$MethodInvocationAgent.invoke(TestInvoker.java:822)
at org.testng.internal.TestInvoker.invokeTestMethods(TestInvoker.java:147)
at org.testng.internal.TestMethodWorker.invokeTestMethods(TestMethodWorker.java:146)
at org.testng.internal.TestMethodWorker.run(TestMethodWorker.java:128)
at java.base/java.util.ArrayList.forEach(ArrayList.java:1541)
at org.testng.TestRunner.privateRun(TestRunner.java:764)
at org.testng.TestRunner.run(TestRunner.java:585)
at org.testng.SuiteRunner.runTest(SuiteRunner.java:384)
at org.testng.SuiteRunner.runSequentially(SuiteRunner.java:378)
at org.testng.SuiteRunner.privateRun(SuiteRunner.java:337)
at org.testng.SuiteRunner.run(SuiteRunner.java:286)
at org.testng.SuiteRunnerWorker.runSuite(SuiteRunnerWorker.java:53)
at org.testng.SuiteRunnerWorker.run(SuiteRunnerWorker.java:96)
at org.testng.TestNG.runSuitesSequentially(TestNG.java:1218)
at org.testng.TestNG.runSuitesLocally(TestNG.java:1140)
at org.testng.TestNG.runSuites(TestNG.java:1069)
at org.testng.TestNG.run(TestNG.java:1037)
at org.testng.remote.AbstractRemoteTestNG.run(AbstractRemoteTestNG.java:115)
at org.testng.remote.RemoteTestNG.initAndRun(RemoteTestNG.java:251)
at org.testng.remote.RemoteTestNG.main(RemoteTestNG.java:77)
]]>
    </error>
  </testcase> <!-- CompareQueues -->
  <system-out>
<br/>Failed to execute method: CompareQueues<br/> <br/> <img src=" E:\Automation\Navigator/Screenshots/ScreenshotsFailure/CompareQueues.png" alt="""/" />  </system-out>
  <testcase classname="ApodGUI.QueuesViewlet" name="CheckDifferencesForQueues" time="29.625"/>
  <system-out>
<br/> <img src=" E:\Automation\Navigator/Screenshots/ScreenshotsSuccess/CheckDifferencesForQueues.png" alt="""/" />  </system-out>
  <testcase classname="ApodGUI.QueuesViewlet" name="ShowQueueStatusForMultipleQueues" time="29.113"/>
  <system-out>
<br/> <img src=" E:\Automation\Navigator/Screenshots/ScreenshotsSuccess/ShowQueueStatusForMultipleQueues.png" alt="""/" />  </system-out>
  <testcase classname="ApodGUI.QueuesViewlet" name="AddQueueFromPlusIcon" time="61.469"/>
  <system-out>
<br/> <img src=" E:\Automation\Navigator/Screenshots/ScreenshotsSuccess/AddQueueFromPlusIcon.png" alt="""/" />  </system-out>
  <testcase classname="ApodGUI.QueuesViewlet" name="CopyAsForMultipleQueues" time="80.065"/>
  <system-out>
<br/> <img src=" E:\Automation\Navigator/Screenshots/ScreenshotsSuccess/CopyAsForMultipleQueues.png" alt="""/" />  </system-out>
  <testcase classname="ApodGUI.QueuesViewlet" name="RenameForMultipleQueues" time="89.302"/>
  <system-out>
<br/> <img src=" E:\Automation\Navigator/Screenshots/ScreenshotsSuccess/RenameForMultipleQueues.png" alt="""/" />  </system-out>
  <testcase classname="ApodGUI.QueuesViewlet" name="DeleteMultipleQueues" time="59.283"/>
  <system-out>
<br/> <img src=" E:\Automation\Navigator/Screenshots/ScreenshotsSuccess/DeleteMultipleQueues.png" alt="""/" />  </system-out>
  <testcase classname="ApodGUI.QueuesViewlet" name="MultipleQueueProperties" time="15.575">
    <error message="stale element reference: stale element not found
  (Session info: chrome=113.0.5672.93)
For documentation on this error, please visit: https://selenium.dev/exceptions/#stale_element_reference
Build info: version: &#039;4.1.3&#039;, revision: &#039;7b1ebf28ef&#039;
System info: host: &#039;DESKTOP-K4AEKHO&#039;, ip: &#039;172.29.97.212&#039;, os.name: &#039;Windows 10&#039;, os.arch: &#039;amd64&#039;, os.version: &#039;10.0&#039;, java.version: &#039;11.0.16&#039;
Driver info: org.openqa.selenium.chrome.ChromeDriver
Command: [13b241134c43d5219542783a396389ff, clickElement {id=638B5BE6AB513F69AB27AFC4FE7B6B74_element_1039}]
Capabilities {acceptInsecureCerts: false, browserName: chrome, browserVersion: 113.0.5672.93, chrome: {chromedriverVersion: 113.0.5672.63 (0e1a4471d5ae..., userDataDir: C:\Users\Lenovo\AppData\Loc...}, goog:chromeOptions: {debuggerAddress: localhost:60565}, javascriptEnabled: true, networkConnectionEnabled: false, pageLoadStrategy: normal, platform: WINDOWS, platformName: WINDOWS, proxy: Proxy(), se:cdp: ws://localhost:60565/devtoo..., se:cdpVersion: 113.0.5672.93, setWindowRect: true, strictFileInteractability: false, timeouts: {implicit: 0, pageLoad: 300000, script: 30000}, unhandledPromptBehavior: dismiss and notify, webauthn:extension:credBlob: true, webauthn:extension:largeBlob: true, webauthn:extension:minPinLength: true, webauthn:extension:prf: true, webauthn:virtualAuthenticators: true}
Element: [[ChromeDriver: chrome on WINDOWS (13b241134c43d5219542783a396389ff)] -&gt; link text: Properties...]
Session ID: 13b241134c43d5219542783a396389ff" type="org.openqa.selenium.StaleElementReferenceException">
      <![CDATA[org.openqa.selenium.StaleElementReferenceException: stale element reference: stale element not found
  (Session info: chrome=113.0.5672.93)
For documentation on this error, please visit: https://selenium.dev/exceptions/#stale_element_reference
Build info: version: '4.1.3', revision: '7b1ebf28ef'
System info: host: 'DESKTOP-K4AEKHO', ip: '172.29.97.212', os.name: 'Windows 10', os.arch: 'amd64', os.version: '10.0', java.version: '11.0.16'
Driver info: org.openqa.selenium.chrome.ChromeDriver
Command: [13b241134c43d5219542783a396389ff, clickElement {id=638B5BE6AB513F69AB27AFC4FE7B6B74_element_1039}]
Capabilities {acceptInsecureCerts: false, browserName: chrome, browserVersion: 113.0.5672.93, chrome: {chromedriverVersion: 113.0.5672.63 (0e1a4471d5ae..., userDataDir: C:\Users\Lenovo\AppData\Loc...}, goog:chromeOptions: {debuggerAddress: localhost:60565}, javascriptEnabled: true, networkConnectionEnabled: false, pageLoadStrategy: normal, platform: WINDOWS, platformName: WINDOWS, proxy: Proxy(), se:cdp: ws://localhost:60565/devtoo..., se:cdpVersion: 113.0.5672.93, setWindowRect: true, strictFileInteractability: false, timeouts: {implicit: 0, pageLoad: 300000, script: 30000}, unhandledPromptBehavior: dismiss and notify, webauthn:extension:credBlob: true, webauthn:extension:largeBlob: true, webauthn:extension:minPinLength: true, webauthn:extension:prf: true, webauthn:virtualAuthenticators: true}
Element: [[ChromeDriver: chrome on WINDOWS (13b241134c43d5219542783a396389ff)] -> link text: Properties...]
Session ID: 13b241134c43d5219542783a396389ff
at java.base/jdk.internal.reflect.NativeConstructorAccessorImpl.newInstance0(Native Method)
at java.base/jdk.internal.reflect.NativeConstructorAccessorImpl.newInstance(NativeConstructorAccessorImpl.java:62)
at java.base/jdk.internal.reflect.DelegatingConstructorAccessorImpl.newInstance(DelegatingConstructorAccessorImpl.java:45)
at java.base/java.lang.reflect.Constructor.newInstance(Constructor.java:490)
at org.openqa.selenium.remote.codec.w3c.W3CHttpResponseCodec.createException(W3CHttpResponseCodec.java:200)
at org.openqa.selenium.remote.codec.w3c.W3CHttpResponseCodec.decode(W3CHttpResponseCodec.java:133)
at org.openqa.selenium.remote.codec.w3c.W3CHttpResponseCodec.decode(W3CHttpResponseCodec.java:53)
at org.openqa.selenium.remote.HttpCommandExecutor.execute(HttpCommandExecutor.java:184)
at org.openqa.selenium.remote.service.DriverCommandExecutor.invokeExecute(DriverCommandExecutor.java:167)
at org.openqa.selenium.remote.service.DriverCommandExecutor.execute(DriverCommandExecutor.java:142)
at org.openqa.selenium.remote.RemoteWebDriver.execute(RemoteWebDriver.java:567)
at org.openqa.selenium.remote.RemoteWebElement.execute(RemoteWebElement.java:251)
at org.openqa.selenium.remote.RemoteWebElement.click(RemoteWebElement.java:77)
at ApodGUI.QueuesViewlet.MultipleQueueProperties(QueuesViewlet.java:1720)
at java.base/jdk.internal.reflect.NativeMethodAccessorImpl.invoke0(Native Method)
at java.base/jdk.internal.reflect.NativeMethodAccessorImpl.invoke(NativeMethodAccessorImpl.java:62)
at java.base/jdk.internal.reflect.DelegatingMethodAccessorImpl.invoke(DelegatingMethodAccessorImpl.java:43)
at java.base/java.lang.reflect.Method.invoke(Method.java:566)
at org.testng.internal.MethodInvocationHelper.invokeMethod(MethodInvocationHelper.java:132)
at org.testng.internal.TestInvoker.invokeMethod(TestInvoker.java:599)
at org.testng.internal.TestInvoker.invokeTestMethod(TestInvoker.java:174)
at org.testng.internal.MethodRunner.runInSequence(MethodRunner.java:46)
at org.testng.internal.TestInvoker$MethodInvocationAgent.invoke(TestInvoker.java:822)
at org.testng.internal.TestInvoker.invokeTestMethods(TestInvoker.java:147)
at org.testng.internal.TestMethodWorker.invokeTestMethods(TestMethodWorker.java:146)
at org.testng.internal.TestMethodWorker.run(TestMethodWorker.java:128)
at java.base/java.util.ArrayList.forEach(ArrayList.java:1541)
at org.testng.TestRunner.privateRun(TestRunner.java:764)
at org.testng.TestRunner.run(TestRunner.java:585)
at org.testng.SuiteRunner.runTest(SuiteRunner.java:384)
at org.testng.SuiteRunner.runSequentially(SuiteRunner.java:378)
at org.testng.SuiteRunner.privateRun(SuiteRunner.java:337)
at org.testng.SuiteRunner.run(SuiteRunner.java:286)
at org.testng.SuiteRunnerWorker.runSuite(SuiteRunnerWorker.java:53)
at org.testng.SuiteRunnerWorker.run(SuiteRunnerWorker.java:96)
at org.testng.TestNG.runSuitesSequentially(TestNG.java:1218)
at org.testng.TestNG.runSuitesLocally(TestNG.java:1140)
at org.testng.TestNG.runSuites(TestNG.java:1069)
at org.testng.TestNG.run(TestNG.java:1037)
at org.testng.remote.AbstractRemoteTestNG.run(AbstractRemoteTestNG.java:115)
at org.testng.remote.RemoteTestNG.initAndRun(RemoteTestNG.java:251)
at org.testng.remote.RemoteTestNG.main(RemoteTestNG.java:77)
]]>
    </error>
  </testcase> <!-- MultipleQueueProperties -->
  <system-out>
<br/>Failed to execute method: MultipleQueueProperties<br/> <br/> <img src=" E:\Automation\Navigator/Screenshots/ScreenshotsFailure/MultipleQueueProperties.png" alt="""/" />  </system-out>
  <testcase classname="ApodGUI.QueuesViewlet" name="AddToFavoriteForMultipleQueues" time="0.863">
    <skipped/>
  </testcase> <!-- AddToFavoriteForMultipleQueues -->
  <system-out/>
  <testcase classname="ApodGUI.QueuesViewlet" name="SearchFilter" time="12.719"/>
  <system-out>
<br/> <img src=" E:\Automation\Navigator/Screenshots/ScreenshotsSuccess/SearchFilter.png" alt="""/" />  </system-out>
  <testcase classname="ApodGUI.QueuesViewlet" name="Logout" time="46.286"/>
  <system-out/>
</testsuite> <!-- ApodGUI.QueuesViewlet -->
