<?xml version="1.0" encoding="UTF-8"?>
<!-- Generated by org.testng.reporters.JUnitReportReporter -->
<testsuite hostname="DESKTOP-K4AEKHO" failures="0" tests="6" name="KafkaGUI.KafkaSchemaViewlet" time="224.473" errors="0" timestamp="2023-02-21T14:23:03 IST" skipped="0">
  <testcase classname="KafkaGUI.KafkaSchemaViewlet" name="Login" time="63.430"/>
  <system-out>
<br/> <img src=" E:\Automation\Navigator/Screenshots/ScreenshotsSuccess/Login.png" alt="""/" />  </system-out>
  <testcase classname="KafkaGUI.KafkaSchemaViewlet" name="Properties" time="21.299"/>
  <system-out>
<br/> <img src=" E:\Automation\Navigator/Screenshots/ScreenshotsSuccess/Properties.png" alt="""/" />  </system-out>
  <testcase classname="KafkaGUI.KafkaSchemaViewlet" name="Events" time="47.195"/>
  <system-out>
<br/> <img src=" E:\Automation\Navigator/Screenshots/ScreenshotsSuccess/Events.png" alt="""/" />  </system-out>
  <testcase classname="KafkaGUI.KafkaSchemaViewlet" name="AddToFavoriteViewlet" time="40.419"/>
  <system-out>
<br/> <img src=" E:\Automation\Navigator/Screenshots/ScreenshotsSuccess/AddToFavoriteViewlet.png" alt="""/" />  </system-out>
  <testcase classname="KafkaGUI.KafkaSchemaViewlet" name="ShowObjectAttributes" time="25.030"/>
  <system-out>
<br/> <img src=" E:\Automation\Navigator/Screenshots/ScreenshotsSuccess/ShowObjectAttributes.png" alt="""/" />  </system-out>
  <testcase classname="KafkaGUI.KafkaSchemaViewlet" name="Logout" time="27.100"/>
  <system-out/>
</testsuite> <!-- KafkaGUI.KafkaSchemaViewlet -->
