<?xml version="1.0" encoding="UTF-8"?>
<!-- Generated by org.testng.reporters.JUnitReportReporter -->
<testsuite hostname="DESKTOP-9QJNAOQ" failures="0" tests="7" name="ApodGUI.ListenerViewlet" time="479.920" errors="0" timestamp="02 Aug 2022 10:03:23 GMT" skipped="0">
  <testcase classname="ApodGUI.ListenerViewlet" name="Login" time="115.260"/>
  <testcase classname="ApodGUI.ListenerViewlet" name="AddListenerViewlet" time="38.875"/>
  <testcase classname="ApodGUI.ListenerViewlet" name="CreateListenerFromPlusIcon" time="144.985"/>
  <testcase classname="ApodGUI.ListenerViewlet" name="CopyAsFromCommandsForMultiple" time="57.425"/>
  <testcase classname="ApodGUI.ListenerViewlet" name="RenameFromCommandsForMultiple" time="54.766"/>
  <testcase classname="ApodGUI.ListenerViewlet" name="DeleteFromCommandsForMultiple" time="39.849"/>
  <testcase classname="ApodGUI.ListenerViewlet" name="Logout" time="28.760"/>
</testsuite> <!-- ApodGUI.ListenerViewlet -->
