<?xml version="1.0" encoding="UTF-8"?>
<!-- Generated by org.testng.reporters.JUnitReportReporter -->
<testsuite hostname="DESKTOP-9QJNAOQ" failures="0" tests="10" name="NavigatorCore.ViewletFilterOptions" time="366.940" errors="0" timestamp="20 Jun 2022 12:12:11 GMT" skipped="0">
  <testcase classname="NavigatorCore.ViewletFilterOptions" name="Login" time="92.745"/>
  <testcase classname="NavigatorCore.ViewletFilterOptions" name="AdvancedViewletFiletercheckbox" time="14.067"/>
  <testcase classname="NavigatorCore.ViewletFilterOptions" name="ManagerFilter" time="32.807"/>
  <testcase classname="NavigatorCore.ViewletFilterOptions" name="ObjectFilter" time="17.269"/>
  <testcase classname="NavigatorCore.ViewletFilterOptions" name="AttributeFilter" time="68.191"/>
  <testcase classname="NavigatorCore.ViewletFilterOptions" name="EmptyCheckboxFilter" time="63.539"/>
  <testcase classname="NavigatorCore.ViewletFilterOptions" name="SystemCheckboxFilter" time="8.858"/>
  <testcase classname="NavigatorCore.ViewletFilterOptions" name="ResultLimitFilter" time="15.716"/>
  <testcase classname="NavigatorCore.ViewletFilterOptions" name="ViewletCheckboxClear" time="15.591"/>
  <testcase classname="NavigatorCore.ViewletFilterOptions" name="Logout" time="38.157"/>
</testsuite> <!-- NavigatorCore.ViewletFilterOptions -->
