<?xml version="1.0" encoding="UTF-8"?>
<!-- Generated by org.testng.reporters.JUnitReportReporter -->
<testsuite skipped="0" hostname="LAPTOP-P3LD1OLC" name="IIB.IIBApplicationsViewlet" tests="7" failures="0" timestamp="2021-06-01T18:38:15 IST" time="549.536" errors="0">
  <testcase name="Login" time="28.877" classname="IIB.IIBApplicationsViewlet"/>
  <system-out>
<br/> <img src=" F:\Automation\Navigator/Screenshots/ScreenshotsSuccess/Login.png" alt="""/" />  </system-out>
  <testcase name="AddIIBApplicationsViewlet" time="43.696" classname="IIB.IIBApplicationsViewlet"/>
  <system-out>
<br/> <img src=" F:\Automation\Navigator/Screenshots/ScreenshotsSuccess/AddIIBApplicationsViewlet.png" alt="""/" />  </system-out>
  <testcase name="AddToFavoriteViewlet" time="29.279" classname="IIB.IIBApplicationsViewlet"/>
  <system-out>
<br/> <img src=" F:\Automation\Navigator/Screenshots/ScreenshotsSuccess/AddToFavoriteViewlet.png" alt="""/" />  </system-out>
  <testcase name="CompareApplication" time="24.731" classname="IIB.IIBApplicationsViewlet"/>
  <system-out>
<br/> <img src=" F:\Automation\Navigator/Screenshots/ScreenshotsSuccess/CompareApplication.png" alt="""/" />  </system-out>
  <testcase name="CheckDifferencesForApplications" time="26.448" classname="IIB.IIBApplicationsViewlet"/>
  <system-out>
<br/> <img src=" F:\Automation\Navigator/Screenshots/ScreenshotsSuccess/CheckDifferencesForApplications.png" alt="""/" />  </system-out>
  <testcase name="ShowObjectAttributesForIIBApplication" time="367.243" classname="IIB.IIBApplicationsViewlet"/>
  <system-out>
<br/> <img src=" F:\Automation\Navigator/Screenshots/ScreenshotsSuccess/ShowObjectAttributesForIIBApplication.png" alt="""/" />  </system-out>
  <testcase name="Logout" time="29.262" classname="IIB.IIBApplicationsViewlet"/>
  <system-out/>
</testsuite> <!-- IIB.IIBApplicationsViewlet -->
