<?xml version="1.0" encoding="UTF-8"?>
<!-- Generated by org.testng.reporters.JUnitReportReporter -->
<testsuite hostname="DESKTOP-K4AEKHO" failures="0" tests="8" name="ApodGUI.ClusterQueueManager" time="461.206" errors="0" timestamp="2023-08-11T14:34:00 IST" skipped="0">
  <testcase classname="ApodGUI.ClusterQueueManager" name="Login" time="123.149"/>
  <system-out>
<br/> <img src=" E:\Automation\Navigator/Screenshots/ScreenshotsSuccess/Login.png" alt="""/" />  </system-out>
  <testcase classname="ApodGUI.ClusterQueueManager" name="AddClusterQueueManagerViewlet" time="46.988"/>
  <system-out>
<br/> <img src=" E:\Automation\Navigator/Screenshots/ScreenshotsSuccess/AddClusterQueueManagerViewlet.png" alt="""/" />  </system-out>
  <testcase classname="ApodGUI.ClusterQueueManager" name="ClusterQMEvents" time="46.291"/>
  <system-out>
<br/> <img src=" E:\Automation\Navigator/Screenshots/ScreenshotsSuccess/ClusterQMEvents.png" alt="""/" />  </system-out>
  <testcase classname="ApodGUI.ClusterQueueManager" name="AddToFavoriteViewlet" time="103.357"/>
  <system-out>
<br/> <img src=" E:\Automation\Navigator/Screenshots/ScreenshotsSuccess/AddToFavoriteViewlet.png" alt="""/" />  </system-out>
  <testcase classname="ApodGUI.ClusterQueueManager" name="CompareClusterQueueManagers" time="44.787"/>
  <system-out>
<br/> <img src=" E:\Automation\Navigator/Screenshots/ScreenshotsSuccess/CompareClusterQueueManagers.png" alt="""/" />  </system-out>
  <testcase classname="ApodGUI.ClusterQueueManager" name="CheckDifferencesForClusterQMs" time="22.848"/>
  <system-out>
<br/> <img src=" E:\Automation\Navigator/Screenshots/ScreenshotsSuccess/CheckDifferencesForClusterQMs.png" alt="""/" />  </system-out>
  <testcase classname="ApodGUI.ClusterQueueManager" name="AddToFavoriteForMultipleClusterQMs" time="46.237"/>
  <system-out>
<br/> <img src=" E:\Automation\Navigator/Screenshots/ScreenshotsSuccess/AddToFavoriteForMultipleClusterQMs.png" alt="""/" />  </system-out>
  <testcase classname="ApodGUI.ClusterQueueManager" name="Logout" time="27.549"/>
  <system-out/>
</testsuite> <!-- ApodGUI.ClusterQueueManager -->
