<?xml version="1.0" encoding="UTF-8"?>
<!-- Generated by org.testng.reporters.JUnitReportReporter -->
<testsuite hostname="DESKTOP-K4AEKHO" failures="0" tests="9" name="NavigatorCore.MenuBarIcons" time="159.864" errors="0" timestamp="2023-04-17T15:11:00 IST" skipped="0">
  <testcase classname="NavigatorCore.MenuBarIcons" name="Login" time="23.146"/>
  <system-out>
<br/> <img src=" E:\Automation\Navigator/Screenshots/ScreenshotsSuccess/Login.png" alt="""/" />  </system-out>
  <testcase classname="NavigatorCore.MenuBarIcons" name="LoginUsername" time="0.162"/>
  <system-out>
<br/> <img src=" E:\Automation\Navigator/Screenshots/ScreenshotsSuccess/LoginUsername.png" alt="""/" />  </system-out>
  <testcase classname="NavigatorCore.MenuBarIcons" name="RequestHistoryIcon" time="13.274"/>
  <system-out>
<br/> <img src=" E:\Automation\Navigator/Screenshots/ScreenshotsSuccess/RequestHistoryIcon.png" alt="""/" />  </system-out>
  <testcase classname="NavigatorCore.MenuBarIcons" name="SchedularIcon" time="13.222"/>
  <system-out>
<br/> <img src=" E:\Automation\Navigator/Screenshots/ScreenshotsSuccess/SchedularIcon.png" alt="""/" />  </system-out>
  <testcase classname="NavigatorCore.MenuBarIcons" name="SchedularColumnbutton" time="44.002"/>
  <system-out>
<br/> <img src=" E:\Automation\Navigator/Screenshots/ScreenshotsSuccess/SchedularColumnbutton.png" alt="""/" />  </system-out>
  <testcase classname="NavigatorCore.MenuBarIcons" name="SecurityManagerIcon" time="25.140"/>
  <system-out>
<br/> <img src=" E:\Automation\Navigator/Screenshots/ScreenshotsSuccess/SecurityManagerIcon.png" alt="""/" />  </system-out>
  <testcase classname="NavigatorCore.MenuBarIcons" name="HelpIcon" time="25.212"/>
  <system-out>
<br/> <img src=" E:\Automation\Navigator/Screenshots/ScreenshotsSuccess/HelpIcon.png" alt="""/" />  </system-out>
  <testcase classname="NavigatorCore.MenuBarIcons" name="AboutIcon" time="13.270"/>
  <system-out>
<br/> <img src=" E:\Automation\Navigator/Screenshots/ScreenshotsSuccess/AboutIcon.png" alt="""/" />  </system-out>
  <testcase classname="NavigatorCore.MenuBarIcons" name="Logout" time="2.436"/>
  <system-out/>
</testsuite> <!-- NavigatorCore.MenuBarIcons -->
