<?xml version="1.0" encoding="UTF-8"?>
<!-- Generated by org.testng.reporters.JUnitReportReporter -->
<testsuite skipped="0" hostname="LAPTOP-P3LD1OLC" name="ApodGUI.CreateViewletTypesUsingViewletButton" tests="10" failures="0" timestamp="01 Mar 2021 12:13:41 GMT" time="206.740" errors="0">
  <testcase name="Login" time="28.774" classname="ApodGUI.CreateViewletTypesUsingViewletButton"/>
  <testcase name="CreateViewletUsingObjectCheckbox" time="14.548" classname="ApodGUI.CreateViewletTypesUsingViewletButton"/>
  <testcase name="CreateATemporaryViewletUsingSearchCheckbox" time="18.397" classname="ApodGUI.CreateViewletTypesUsingViewletButton"/>
  <testcase name="CreateFavoriteViewletUsingCheckbox" time="13.466" classname="ApodGUI.CreateViewletTypesUsingViewletButton"/>
  <testcase name="OpenAnExistingCheckbox" time="28.708" classname="ApodGUI.CreateViewletTypesUsingViewletButton"/>
  <testcase name="CreateTemporaryViewletUsingTemporaryViewletCheckbox" time="41.525" classname="ApodGUI.CreateViewletTypesUsingViewletButton"/>
  <testcase name="EditViewletOption" time="9.045" classname="ApodGUI.CreateViewletTypesUsingViewletButton"/>
  <testcase name="DeleteViewletOption" time="14.710" classname="ApodGUI.CreateViewletTypesUsingViewletButton"/>
  <testcase name="ExportDataToCSV" time="15.793" classname="ApodGUI.CreateViewletTypesUsingViewletButton"/>
  <testcase name="Logout" time="21.774" classname="ApodGUI.CreateViewletTypesUsingViewletButton"/>
</testsuite> <!-- ApodGUI.CreateViewletTypesUsingViewletButton -->
