<?xml version="1.0" encoding="UTF-8"?>
<!-- Generated by org.testng.reporters.JUnitReportReporter -->
<testsuite hostname="DESKTOP-9QJNAOQ" failures="0" tests="21" name="ApodGUI.ProcessViewlet" time="1013.322" errors="0" timestamp="28 Jul 2022 13:59:30 GMT" skipped="0">
  <testcase classname="ApodGUI.ProcessViewlet" name="Login" time="93.565"/>
  <testcase classname="ApodGUI.ProcessViewlet" name="AddProcessViewlet" time="37.916"/>
  <testcase classname="ApodGUI.ProcessViewlet" name="CreateProcessFromPlusIcon" time="46.181"/>
  <testcase classname="ApodGUI.ProcessViewlet" name="CopyAsFromCommands" time="58.579"/>
  <testcase classname="ApodGUI.ProcessViewlet" name="RenameFromCommands" time="65.782"/>
  <testcase classname="ApodGUI.ProcessViewlet" name="DeleteFromCommands" time="36.050"/>
  <testcase classname="ApodGUI.ProcessViewlet" name="MQSCSnapshot" time="17.578"/>
  <testcase classname="ApodGUI.ProcessViewlet" name="SaveProcessSnapshot" time="12.241"/>
  <testcase classname="ApodGUI.ProcessViewlet" name="Properties" time="30.651"/>
  <testcase classname="ApodGUI.ProcessViewlet" name="ProcessEvents" time="60.958"/>
  <testcase classname="ApodGUI.ProcessViewlet" name="AddToFavoriteViewlet" time="57.285"/>
  <testcase classname="ApodGUI.ProcessViewlet" name="CreateProcess" time="48.925"/>
  <testcase classname="ApodGUI.ProcessViewlet" name="CompareProcessNames" time="24.933"/>
  <testcase classname="ApodGUI.ProcessViewlet" name="CheckDifferencesForProcess" time="27.224"/>
  <testcase classname="ApodGUI.ProcessViewlet" name="CopyAsFromCommandsForMultipleProcess" time="48.295"/>
  <testcase classname="ApodGUI.ProcessViewlet" name="RenameFromCommandsForMultipleProcess" time="60.228"/>
  <testcase classname="ApodGUI.ProcessViewlet" name="DeleteFromCommandsForMultipleProcess" time="38.850"/>
  <testcase classname="ApodGUI.ProcessViewlet" name="MultipleProperties" time="90.866"/>
  <testcase classname="ApodGUI.ProcessViewlet" name="AddToFavoriteForMultipleProcess" time="34.588"/>
  <testcase classname="ApodGUI.ProcessViewlet" name="ShowObjectAttributesForProcess" time="95.537"/>
  <testcase classname="ApodGUI.ProcessViewlet" name="Logout" time="27.090"/>
</testsuite> <!-- ApodGUI.ProcessViewlet -->
