<?xml version="1.0" encoding="UTF-8"?>
<!-- Generated by org.testng.reporters.JUnitReportReporter -->
<testsuite hostname="DESKTOP-9QJNAOQ" failures="0" tests="6" name="ApodGUI.QueueProperties" time="537.509" errors="0" timestamp="01 Feb 2022 13:38:39 GMT" skipped="0">
  <testcase classname="ApodGUI.QueueProperties" name="Login" time="95.285"/>
  <testcase classname="ApodGUI.QueueProperties" name="PutMessageInInhibitedQueue" time="69.514"/>
  <testcase classname="ApodGUI.QueueProperties" name="GetMessageFromInhibitedQueue" time="80.880"/>
  <testcase classname="ApodGUI.QueueProperties" name="MaximumQueueDepth" time="129.086"/>
  <testcase classname="ApodGUI.QueueProperties" name="MessageLength" time="128.665"/>
  <testcase classname="ApodGUI.QueueProperties" name="Logout" time="34.079"/>
</testsuite> <!-- ApodGUI.QueueProperties -->
