<?xml version="1.0" encoding="UTF-8"?>
<!-- Generated by org.testng.reporters.JUnitReportReporter -->
<testsuite hostname="DESKTOP-9QJNAOQ" failures="0" tests="8" name="KafkaGUI.KafkaTopicBrowseMessageOptions" time="382.597" errors="0" timestamp="11 Feb 2022 11:05:06 GMT" skipped="0">
  <testcase classname="KafkaGUI.KafkaTopicBrowseMessageOptions" name="Login" time="86.605"/>
  <testcase classname="KafkaGUI.KafkaTopicBrowseMessageOptions" name="PutAMessageUsingPutNewIcon" time="52.748"/>
  <testcase classname="KafkaGUI.KafkaTopicBrowseMessageOptions" name="CopyMessageUsingCopyIcon" time="32.173"/>
  <testcase classname="KafkaGUI.KafkaTopicBrowseMessageOptions" name="LoadMessageFromFileUsingIcon" time="66.644"/>
  <testcase classname="KafkaGUI.KafkaTopicBrowseMessageOptions" name="ExportSelectedMessageUsingExportIcon" time="24.473"/>
  <testcase classname="KafkaGUI.KafkaTopicBrowseMessageOptions" name="CopyMessageUsingCopyOption" time="45.306"/>
  <testcase classname="KafkaGUI.KafkaTopicBrowseMessageOptions" name="ClearMessagesUsingClearAllIcon" time="43.726"/>
  <testcase classname="KafkaGUI.KafkaTopicBrowseMessageOptions" name="Logout" time="30.922"/>
</testsuite> <!-- KafkaGUI.KafkaTopicBrowseMessageOptions -->
