<?xml version="1.0" encoding="UTF-8"?>
<!-- Generated by org.testng.reporters.JUnitReportReporter -->
<testsuite hostname="DESKTOP-9QJNAOQ" failures="0" tests="14" name="ApodGUI.QueuesInsideBrowseMessages" time="625.771" errors="0" timestamp="09 Aug 2022 08:25:23 GMT" skipped="0">
  <testcase classname="ApodGUI.QueuesInsideBrowseMessages" name="Login" time="165.397"/>
  <testcase classname="ApodGUI.QueuesInsideBrowseMessages" name="PutAMessageUsingPutNewIcon" time="26.365"/>
  <testcase classname="ApodGUI.QueuesInsideBrowseMessages" name="DeleteMessageUsingDeleteIcon" time="23.192"/>
  <testcase classname="ApodGUI.QueuesInsideBrowseMessages" name="CopyMessageUsingCopyIcon" time="60.692"/>
  <testcase classname="ApodGUI.QueuesInsideBrowseMessages" name="MoveMessageUsingMoveIcon" time="59.220"/>
  <testcase classname="ApodGUI.QueuesInsideBrowseMessages" name="EditMessageUsingEditIcon" time="22.827"/>
  <testcase classname="ApodGUI.QueuesInsideBrowseMessages" name="LoadMessageFromFileUsingIcon" time="51.875"/>
  <testcase classname="ApodGUI.QueuesInsideBrowseMessages" name="ExportSelectedMessageUsingExportIcon" time="15.178"/>
  <testcase classname="ApodGUI.QueuesInsideBrowseMessages" name="ViewMessage" time="15.644"/>
  <testcase classname="ApodGUI.QueuesInsideBrowseMessages" name="EditMessageUsingEditOption" time="17.448"/>
  <testcase classname="ApodGUI.QueuesInsideBrowseMessages" name="DeleteMessageUsingDeleteOption" time="24.814"/>
  <testcase classname="ApodGUI.QueuesInsideBrowseMessages" name="CopyMessageUsingCopyOption" time="51.619"/>
  <testcase classname="ApodGUI.QueuesInsideBrowseMessages" name="MoveMessageUsingMoveOption" time="61.894"/>
  <testcase classname="ApodGUI.QueuesInsideBrowseMessages" name="Logout" time="29.606"/>
</testsuite> <!-- ApodGUI.QueuesInsideBrowseMessages -->
