<?xml version="1.0" encoding="UTF-8"?>
<!-- Generated by org.testng.reporters.JUnitReportReporter -->
<testsuite hostname="DESKTOP-9QJNAOQ" failures="0" tests="14" name="ApodGUI.QueueMessages" time="798.502" errors="0" timestamp="01 Feb 2022 15:30:48 GMT" skipped="0">
  <testcase classname="ApodGUI.QueueMessages" name="Login" time="128.490"/>
  <testcase classname="ApodGUI.QueueMessages" name="PutNewMessageIntoQueue" time="56.430"/>
  <testcase classname="ApodGUI.QueueMessages" name="LoadFromFileUsingYesbutton" time="54.907"/>
  <testcase classname="ApodGUI.QueueMessages" name="LoadFromFileUsingConfigurebuttonWithSingleMessage" time="63.223"/>
  <testcase classname="ApodGUI.QueueMessages" name="LoadFromFileUsingConfigurebuttonWithMultipleMessages" time="70.917"/>
  <testcase classname="ApodGUI.QueueMessages" name="ExportAllMessages" time="43.696"/>
  <testcase classname="ApodGUI.QueueMessages" name="CopyAllMessagesFromOneQueueToAnotherQueue" time="40.978"/>
  <testcase classname="ApodGUI.QueueMessages" name="MoveAllMessagesFromOneQueueToAnotherQueue" time="73.528"/>
  <testcase classname="ApodGUI.QueueMessages" name="DeleteAllMessagesFromQueue" time="41.533"/>
  <testcase classname="ApodGUI.QueueMessages" name="ClearAllMessagesFromQueue" time="38.083"/>
  <testcase classname="ApodGUI.QueueMessages" name="PutMessageUsingJsonFile" time="55.351"/>
  <testcase classname="ApodGUI.QueueMessages" name="PutMessageUsingXMLFile" time="55.199"/>
  <testcase classname="ApodGUI.QueueMessages" name="PutHexMessageIntoQueue" time="46.531"/>
  <testcase classname="ApodGUI.QueueMessages" name="Logout" time="29.636"/>
</testsuite> <!-- ApodGUI.QueueMessages -->
