<?xml version="1.0" encoding="UTF-8"?>
<!-- Generated by org.testng.reporters.JUnitReportReporter -->
<testsuite hostname="DESKTOP-K4AEKHO" failures="0" tests="19" name="ApodGUI.TopicViewlet" time="1717.717" errors="0" timestamp="2023-07-24T16:49:47 IST" skipped="0">
  <testcase classname="ApodGUI.TopicViewlet" name="Login" time="117.862"/>
  <system-out>
<br/> <img src=" E:\Automation\Navigator/Screenshots/ScreenshotsSuccess/Login.png" alt="""/" />  </system-out>
  <testcase classname="ApodGUI.TopicViewlet" name="AddTopicViewlet" time="77.290"/>
  <system-out>
<br/> <img src=" E:\Automation\Navigator/Screenshots/ScreenshotsSuccess/AddTopicViewlet.png" alt="""/" />  </system-out>
  <testcase classname="ApodGUI.TopicViewlet" name="CreateTopic" time="110.590"/>
  <system-out>
<br/> <img src=" E:\Automation\Navigator/Screenshots/ScreenshotsSuccess/CreateTopic.png" alt="""/" />  </system-out>
  <testcase classname="ApodGUI.TopicViewlet" name="CopyAsFromCommands" time="151.177"/>
  <system-out>
<br/> <img src=" E:\Automation\Navigator/Screenshots/ScreenshotsSuccess/CopyAsFromCommands.png" alt="""/" />  </system-out>
  <testcase classname="ApodGUI.TopicViewlet" name="DeleteFromCommands" time="103.476"/>
  <system-out>
<br/> <img src=" E:\Automation\Navigator/Screenshots/ScreenshotsSuccess/DeleteFromCommands.png" alt="""/" />  </system-out>
  <testcase classname="ApodGUI.TopicViewlet" name="MQSCSnapshot" time="28.338"/>
  <system-out>
<br/> <img src=" E:\Automation\Navigator/Screenshots/ScreenshotsSuccess/MQSCSnapshot.png" alt="""/" />  </system-out>
  <testcase classname="ApodGUI.TopicViewlet" name="SaveTopicSnapshot" time="16.280"/>
  <system-out>
<br/> <img src=" E:\Automation\Navigator/Screenshots/ScreenshotsSuccess/SaveTopicSnapshot.png" alt="""/" />  </system-out>
  <testcase classname="ApodGUI.TopicViewlet" name="TopicProperties" time="39.431"/>
  <system-out>
<br/> <img src=" E:\Automation\Navigator/Screenshots/ScreenshotsSuccess/TopicProperties.png" alt="""/" />  </system-out>
  <testcase classname="ApodGUI.TopicViewlet" name="TopicEvents" time="37.597"/>
  <system-out>
<br/> <img src=" E:\Automation\Navigator/Screenshots/ScreenshotsSuccess/TopicEvents.png" alt="""/" />  </system-out>
  <testcase classname="ApodGUI.TopicViewlet" name="AddToFavoriteViewlet" time="119.087"/>
  <system-out>
<br/> <img src=" E:\Automation\Navigator/Screenshots/ScreenshotsSuccess/AddToFavoriteViewlet.png" alt="""/" />  </system-out>
  <testcase classname="ApodGUI.TopicViewlet" name="CreateTopicFromPlusIcon" time="121.865"/>
  <system-out>
<br/> <img src=" E:\Automation\Navigator/Screenshots/ScreenshotsSuccess/CreateTopicFromPlusIcon.png" alt="""/" />  </system-out>
  <testcase classname="ApodGUI.TopicViewlet" name="CompareTopics" time="64.981"/>
  <system-out>
<br/> <img src=" E:\Automation\Navigator/Screenshots/ScreenshotsSuccess/CompareTopics.png" alt="""/" />  </system-out>
  <testcase classname="ApodGUI.TopicViewlet" name="CheckDifferencesForTopics" time="52.751"/>
  <system-out>
<br/> <img src=" E:\Automation\Navigator/Screenshots/ScreenshotsSuccess/CheckDifferencesForTopics.png" alt="""/" />  </system-out>
  <testcase classname="ApodGUI.TopicViewlet" name="CopyAsFromCommandsForMultipleTopics" time="248.567"/>
  <system-out>
<br/> <img src=" E:\Automation\Navigator/Screenshots/ScreenshotsSuccess/CopyAsFromCommandsForMultipleTopics.png" alt="""/" />  </system-out>
  <testcase classname="ApodGUI.TopicViewlet" name="DeleteFromCommandsForMultipleTopics" time="120.464"/>
  <system-out>
<br/> <img src=" E:\Automation\Navigator/Screenshots/ScreenshotsSuccess/DeleteFromCommandsForMultipleTopics.png" alt="""/" />  </system-out>
  <testcase classname="ApodGUI.TopicViewlet" name="MultipleProperties" time="179.749"/>
  <system-out>
<br/> <img src=" E:\Automation\Navigator/Screenshots/ScreenshotsSuccess/MultipleProperties.png" alt="""/" />  </system-out>
  <testcase classname="ApodGUI.TopicViewlet" name="AddToFavoriteForMultipleTopics" time="68.870"/>
  <system-out>
<br/> <img src=" E:\Automation\Navigator/Screenshots/ScreenshotsSuccess/AddToFavoriteForMultipleTopics.png" alt="""/" />  </system-out>
  <testcase classname="ApodGUI.TopicViewlet" name="ShowTopicStatus" time="31.784"/>
  <system-out>
<br/> <img src=" E:\Automation\Navigator/Screenshots/ScreenshotsSuccess/ShowTopicStatus.png" alt="""/" />  </system-out>
  <testcase classname="ApodGUI.TopicViewlet" name="Logout" time="27.558"/>
  <system-out/>
</testsuite> <!-- ApodGUI.TopicViewlet -->
