<?xml version="1.0" encoding="UTF-8"?>
<!-- Generated by org.testng.reporters.JUnitReportReporter -->
<testsuite skipped="0" hostname="DESKTOP-9QJNAOQ" name="NavigatorCore.MenuBarIcons" tests="4" failures="0" timestamp="14 Dec 2021 06:43:41 GMT" time="96.358" errors="0">
  <testcase name="Login" time="55.465" classname="NavigatorCore.MenuBarIcons"/>
  <testcase name="LoginUsername" time="3.890" classname="NavigatorCore.MenuBarIcons"/>
  <testcase name="SecurityManagerIcon" time="34.605" classname="NavigatorCore.MenuBarIcons"/>
  <testcase name="Logout" time="2.398" classname="NavigatorCore.MenuBarIcons"/>
</testsuite> <!-- NavigatorCore.MenuBarIcons -->
