<?xml version="1.0" encoding="UTF-8"?>
<!-- Generated by org.testng.reporters.JUnitReportReporter -->
<testsuite hostname="DESKTOP-9QJNAOQ" failures="0" tests="21" name="ApodGUI.ListenerViewlet" time="1009.842" errors="0" timestamp="02 Feb 2022 12:18:44 GMT" skipped="0">
  <testcase classname="ApodGUI.ListenerViewlet" name="Login" time="45.635"/>
  <testcase classname="ApodGUI.ListenerViewlet" name="AddListenerViewlet" time="40.133"/>
  <testcase classname="ApodGUI.ListenerViewlet" name="CreateListener" time="43.342"/>
  <testcase classname="ApodGUI.ListenerViewlet" name="CopyAsFromCommands" time="55.626"/>
  <testcase classname="ApodGUI.ListenerViewlet" name="RenameFromCommands" time="57.484"/>
  <testcase classname="ApodGUI.ListenerViewlet" name="DeleteFromCommands" time="33.906"/>
  <testcase classname="ApodGUI.ListenerViewlet" name="MQSCSnapshot" time="17.088"/>
  <testcase classname="ApodGUI.ListenerViewlet" name="SaveListenerSnapshot" time="6.614"/>
  <testcase classname="ApodGUI.ListenerViewlet" name="ListenerProperties" time="36.990"/>
  <testcase classname="ApodGUI.ListenerViewlet" name="ListenerEvents" time="44.820"/>
  <testcase classname="ApodGUI.ListenerViewlet" name="AddToFavoriteViewlet" time="42.507"/>
  <testcase classname="ApodGUI.ListenerViewlet" name="CompareListeners" time="27.353"/>
  <testcase classname="ApodGUI.ListenerViewlet" name="CheckDifferencesForListeners" time="23.826"/>
  <testcase classname="ApodGUI.ListenerViewlet" name="CreateListenerFromPlusIcon" time="126.667"/>
  <testcase classname="ApodGUI.ListenerViewlet" name="CopyAsFromCommandsForMultiple" time="49.075"/>
  <testcase classname="ApodGUI.ListenerViewlet" name="RenameFromCommandsForMultiple" time="47.123"/>
  <testcase classname="ApodGUI.ListenerViewlet" name="DeleteFromCommandsForMultiple" time="37.001"/>
  <testcase classname="ApodGUI.ListenerViewlet" name="ListenerMultipleProperties" time="79.604"/>
  <testcase classname="ApodGUI.ListenerViewlet" name="AddToFavoriteForMultipleListeners" time="29.292"/>
  <testcase classname="ApodGUI.ListenerViewlet" name="ShowObjectAttributesForListener" time="135.403"/>
  <testcase classname="ApodGUI.ListenerViewlet" name="Logout" time="30.353"/>
</testsuite> <!-- ApodGUI.ListenerViewlet -->
