<?xml version="1.0" encoding="UTF-8"?>
<!-- Generated by org.testng.reporters.JUnitReportReporter -->
<testsuite hostname="DESKTOP-9QJNAOQ" failures="0" tests="14" name="ApodGUI.QueueMessages" time="898.801" errors="0" timestamp="09 Aug 2022 08:51:50 GMT" skipped="0">
  <testcase classname="ApodGUI.QueueMessages" name="Login" time="189.337"/>
  <testcase classname="ApodGUI.QueueMessages" name="PutNewMessageIntoQueue" time="56.488"/>
  <testcase classname="ApodGUI.QueueMessages" name="LoadFromFileUsingYesbutton" time="53.369"/>
  <testcase classname="ApodGUI.QueueMessages" name="LoadFromFileUsingConfigurebuttonWithSingleMessage" time="62.224"/>
  <testcase classname="ApodGUI.QueueMessages" name="LoadFromFileUsingConfigurebuttonWithMultipleMessages" time="74.384"/>
  <testcase classname="ApodGUI.QueueMessages" name="ExportAllMessages" time="49.986"/>
  <testcase classname="ApodGUI.QueueMessages" name="CopyAllMessagesFromOneQueueToAnotherQueue" time="47.154"/>
  <testcase classname="ApodGUI.QueueMessages" name="MoveAllMessagesFromOneQueueToAnotherQueue" time="79.405"/>
  <testcase classname="ApodGUI.QueueMessages" name="DeleteAllMessagesFromQueue" time="44.711"/>
  <testcase classname="ApodGUI.QueueMessages" name="ClearAllMessagesFromQueue" time="43.510"/>
  <testcase classname="ApodGUI.QueueMessages" name="PutMessageUsingJsonFile" time="58.890"/>
  <testcase classname="ApodGUI.QueueMessages" name="PutMessageUsingXMLFile" time="58.619"/>
  <testcase classname="ApodGUI.QueueMessages" name="PutHexMessageIntoQueue" time="51.422"/>
  <testcase classname="ApodGUI.QueueMessages" name="Logout" time="29.302"/>
</testsuite> <!-- ApodGUI.QueueMessages -->
