<?xml version="1.0" encoding="UTF-8"?>
<!-- Generated by org.testng.reporters.JUnitReportReporter -->
<testsuite hostname="DESKTOP-9QJNAOQ" failures="0" tests="14" name="ApodGUI.QueueMessages" time="791.974" errors="0" timestamp="11 Mar 2022 09:14:11 GMT" skipped="0">
  <testcase classname="ApodGUI.QueueMessages" name="Login" time="129.318"/>
  <testcase classname="ApodGUI.QueueMessages" name="PutNewMessageIntoQueue" time="54.938"/>
  <testcase classname="ApodGUI.QueueMessages" name="LoadFromFileUsingYesbutton" time="50.696"/>
  <testcase classname="ApodGUI.QueueMessages" name="LoadFromFileUsingConfigurebuttonWithSingleMessage" time="62.291"/>
  <testcase classname="ApodGUI.QueueMessages" name="LoadFromFileUsingConfigurebuttonWithMultipleMessages" time="70.653"/>
  <testcase classname="ApodGUI.QueueMessages" name="ExportAllMessages" time="42.710"/>
  <testcase classname="ApodGUI.QueueMessages" name="CopyAllMessagesFromOneQueueToAnotherQueue" time="44.848"/>
  <testcase classname="ApodGUI.QueueMessages" name="MoveAllMessagesFromOneQueueToAnotherQueue" time="70.471"/>
  <testcase classname="ApodGUI.QueueMessages" name="DeleteAllMessagesFromQueue" time="41.915"/>
  <testcase classname="ApodGUI.QueueMessages" name="ClearAllMessagesFromQueue" time="38.494"/>
  <testcase classname="ApodGUI.QueueMessages" name="PutMessageUsingJsonFile" time="53.024"/>
  <testcase classname="ApodGUI.QueueMessages" name="PutMessageUsingXMLFile" time="55.958"/>
  <testcase classname="ApodGUI.QueueMessages" name="PutHexMessageIntoQueue" time="46.562"/>
  <testcase classname="ApodGUI.QueueMessages" name="Logout" time="30.096"/>
</testsuite> <!-- ApodGUI.QueueMessages -->
