<?xml version="1.0" encoding="UTF-8"?>
<!-- Generated by org.testng.reporters.JUnitReportReporter -->
<testsuite hostname="DESKTOP-9QJNAOQ" failures="0" tests="6" name="KafkaGUI.KafkaBrokerViewlet" time="400.994" errors="0" timestamp="11 Feb 2022 06:36:04 GMT" skipped="0">
  <testcase classname="KafkaGUI.KafkaBrokerViewlet" name="Login" time="135.743"/>
  <testcase classname="KafkaGUI.KafkaBrokerViewlet" name="Properties" time="24.365"/>
  <testcase classname="KafkaGUI.KafkaBrokerViewlet" name="Events" time="49.423"/>
  <testcase classname="KafkaGUI.KafkaBrokerViewlet" name="AddToFavoriteViewlet" time="39.304"/>
  <testcase classname="KafkaGUI.KafkaBrokerViewlet" name="ShowObjectAttributes" time="74.649"/>
  <testcase classname="KafkaGUI.KafkaBrokerViewlet" name="Logout" time="77.510"/>
</testsuite> <!-- KafkaGUI.KafkaBrokerViewlet -->
