<?xml version="1.0" encoding="UTF-8"?>
<!-- Generated by org.testng.reporters.JUnitReportReporter -->
<testsuite hostname="DESKTOP-9QJNAOQ" failures="0" tests="5" name="NavigatorCore.SearchCriteria" time="314.548" errors="0" timestamp="10 Mar 2022 09:07:55 GMT" skipped="0">
  <testcase classname="NavigatorCore.SearchCriteria" name="Login" time="79.508"/>
  <testcase classname="NavigatorCore.SearchCriteria" name="PutAmessageIntoQueue" time="46.342"/>
  <testcase classname="NavigatorCore.SearchCriteria" name="AddSearchCriteriaCondition" time="56.105"/>
  <testcase classname="NavigatorCore.SearchCriteria" name="ActiveFilterInBrowseMessagePage" time="103.114"/>
  <testcase classname="NavigatorCore.SearchCriteria" name="Logout" time="29.479"/>
</testsuite> <!-- NavigatorCore.SearchCriteria -->
