<?xml version="1.0" encoding="UTF-8"?>
<!-- Generated by org.testng.reporters.JUnitReportReporter -->
<testsuite hostname="DESKTOP-K4AEKHO" failures="0" tests="10" name="NavigatorCore.ViewletFilterOptions" time="859.268" errors="0" timestamp="2023-06-20T15:58:45 IST" skipped="0">
  <testcase classname="NavigatorCore.ViewletFilterOptions" name="Login" time="199.209"/>
  <system-out>
<br/> <img src=" E:\Automation\Navigator/Screenshots/ScreenshotsSuccess/Login.png" alt="""/" />  </system-out>
  <testcase classname="NavigatorCore.ViewletFilterOptions" name="AdvancedViewletFiletercheckbox" time="34.571"/>
  <system-out>
<br/> <img src=" E:\Automation\Navigator/Screenshots/ScreenshotsSuccess/AdvancedViewletFiletercheckbox.png" alt="""/" />  </system-out>
  <testcase classname="NavigatorCore.ViewletFilterOptions" name="ManagerFilter" time="72.066"/>
  <system-out>
<br/> <img src=" E:\Automation\Navigator/Screenshots/ScreenshotsSuccess/ManagerFilter.png" alt="""/" />  </system-out>
  <testcase classname="NavigatorCore.ViewletFilterOptions" name="ObjectFilter" time="41.838"/>
  <system-out>
<br/> <img src=" E:\Automation\Navigator/Screenshots/ScreenshotsSuccess/ObjectFilter.png" alt="""/" />  </system-out>
  <testcase classname="NavigatorCore.ViewletFilterOptions" name="AttributeFilter" time="155.826"/>
  <system-out>
<br/> <img src=" E:\Automation\Navigator/Screenshots/ScreenshotsSuccess/AttributeFilter.png" alt="""/" />  </system-out>
  <testcase classname="NavigatorCore.ViewletFilterOptions" name="EmptyCheckboxFilter" time="113.761"/>
  <system-out>
<br/> <img src=" E:\Automation\Navigator/Screenshots/ScreenshotsSuccess/EmptyCheckboxFilter.png" alt="""/" />  </system-out>
  <testcase classname="NavigatorCore.ViewletFilterOptions" name="SystemCheckboxFilter" time="16.086"/>
  <system-out>
<br/> <img src=" E:\Automation\Navigator/Screenshots/ScreenshotsSuccess/SystemCheckboxFilter.png" alt="""/" />  </system-out>
  <testcase classname="NavigatorCore.ViewletFilterOptions" name="ResultLimitFilter" time="107.636"/>
  <system-out>
<br/> <img src=" E:\Automation\Navigator/Screenshots/ScreenshotsSuccess/ResultLimitFilter.png" alt="""/" />  </system-out>
  <testcase classname="NavigatorCore.ViewletFilterOptions" name="ViewletCheckboxClear" time="33.689"/>
  <system-out>
<br/> <img src=" E:\Automation\Navigator/Screenshots/ScreenshotsSuccess/ViewletCheckboxClear.png" alt="""/" />  </system-out>
  <testcase classname="NavigatorCore.ViewletFilterOptions" name="Logout" time="84.586"/>
  <system-out/>
</testsuite> <!-- NavigatorCore.ViewletFilterOptions -->
