<?xml version="1.0" encoding="UTF-8"?>
<!-- Generated by org.testng.reporters.JUnitReportReporter -->
<testsuite hostname="DESKTOP-9QJNAOQ" failures="0" tests="5" name="NavigatorCore.SearchCriteria" time="301.569" errors="0" timestamp="20 Jun 2022 12:17:41 GMT" skipped="0">
  <testcase classname="NavigatorCore.SearchCriteria" name="Login" time="80.761"/>
  <testcase classname="NavigatorCore.SearchCriteria" name="PutAmessageIntoQueue" time="52.690"/>
  <testcase classname="NavigatorCore.SearchCriteria" name="AddSearchCriteriaCondition" time="57.546"/>
  <testcase classname="NavigatorCore.SearchCriteria" name="ActiveFilterInBrowseMessagePage" time="80.955"/>
  <testcase classname="NavigatorCore.SearchCriteria" name="Logout" time="29.617"/>
</testsuite> <!-- NavigatorCore.SearchCriteria -->
