<?xml version="1.0" encoding="UTF-8"?>
<!-- Generated by org.testng.reporters.JUnitReportReporter -->
<testsuite hostname="DESKTOP-9QJNAOQ" failures="0" tests="14" name="ApodGUI.QueuesInsideBrowseMessages" time="540.460" errors="0" timestamp="11 Mar 2022 08:58:29 GMT" skipped="0">
  <testcase classname="ApodGUI.QueuesInsideBrowseMessages" name="Login" time="117.998"/>
  <testcase classname="ApodGUI.QueuesInsideBrowseMessages" name="PutAMessageUsingPutNewIcon" time="23.472"/>
  <testcase classname="ApodGUI.QueuesInsideBrowseMessages" name="DeleteMessageUsingDeleteIcon" time="21.639"/>
  <testcase classname="ApodGUI.QueuesInsideBrowseMessages" name="CopyMessageUsingCopyIcon" time="56.728"/>
  <testcase classname="ApodGUI.QueuesInsideBrowseMessages" name="MoveMessageUsingMoveIcon" time="56.096"/>
  <testcase classname="ApodGUI.QueuesInsideBrowseMessages" name="EditMessageUsingEditIcon" time="16.627"/>
  <testcase classname="ApodGUI.QueuesInsideBrowseMessages" name="LoadMessageFromFileUsingIcon" time="42.948"/>
  <testcase classname="ApodGUI.QueuesInsideBrowseMessages" name="ExportSelectedMessageUsingExportIcon" time="16.191"/>
  <testcase classname="ApodGUI.QueuesInsideBrowseMessages" name="ViewMessage" time="15.873"/>
  <testcase classname="ApodGUI.QueuesInsideBrowseMessages" name="EditMessageUsingEditOption" time="11.531"/>
  <testcase classname="ApodGUI.QueuesInsideBrowseMessages" name="DeleteMessageUsingDeleteOption" time="22.000"/>
  <testcase classname="ApodGUI.QueuesInsideBrowseMessages" name="CopyMessageUsingCopyOption" time="50.389"/>
  <testcase classname="ApodGUI.QueuesInsideBrowseMessages" name="MoveMessageUsingMoveOption" time="58.783"/>
  <testcase classname="ApodGUI.QueuesInsideBrowseMessages" name="Logout" time="30.185"/>
</testsuite> <!-- ApodGUI.QueuesInsideBrowseMessages -->
