<?xml version="1.0" encoding="UTF-8"?>
<!-- Generated by org.testng.reporters.JUnitReportReporter -->
<testsuite hostname="DESKTOP-9QJNAOQ" failures="0" tests="30" name="ApodGUI.WorkgroupServer" time="1131.930" errors="1" timestamp="27 Jun 2022 14:20:33 GMT" skipped="0">
  <testcase classname="ApodGUI.WorkgroupServer" name="Login" time="55.254"/>
  <testcase classname="ApodGUI.WorkgroupServer" name="ShowTopology" time="54.207"/>
  <testcase classname="ApodGUI.WorkgroupServer" name="DefaultConnection" time="52.582"/>
  <testcase classname="ApodGUI.WorkgroupServer" name="WGSProperties" time="24.020"/>
  <testcase classname="ApodGUI.WorkgroupServer" name="AddNode" time="37.462"/>
  <testcase classname="ApodGUI.WorkgroupServer" name="AddRemoteQueueManager" time="29.045"/>
  <testcase classname="ApodGUI.WorkgroupServer" name="ModifyRemoteQueueManager" time="31.279"/>
  <testcase classname="ApodGUI.WorkgroupServer" name="DeleteRemoteQueueManager" time="32.890"/>
  <testcase classname="ApodGUI.WorkgroupServer" name="AddRemoteEMSManager" time="29.647"/>
  <testcase classname="ApodGUI.WorkgroupServer" name="ModifyRemoteEMSServer" time="9.871"/>
  <testcase classname="ApodGUI.WorkgroupServer" name="DeleteRemoteEMSServer" time="14.633"/>
  <testcase classname="ApodGUI.WorkgroupServer" name="AddRemoteKafkaManager" time="34.981"/>
  <testcase classname="ApodGUI.WorkgroupServer" name="ModifyRemoteKafkaManager" time="33.624"/>
  <testcase classname="ApodGUI.WorkgroupServer" name="CopyAsRemoteKafkaManager" time="24.587"/>
  <testcase classname="ApodGUI.WorkgroupServer" name="DeleteRemoteKafkaManager" time="25.742"/>
  <testcase classname="ApodGUI.WorkgroupServer" name="AddRemoteIIBORACEManagerConnection" time="34.460"/>
  <testcase classname="ApodGUI.WorkgroupServer" name="ModifyIIBOrACEManagerConnection" time="30.822"/>
  <testcase classname="ApodGUI.WorkgroupServer" name="DeleteIIBOrACEConnectionManager" time="30.834"/>
  <testcase classname="ApodGUI.WorkgroupServer" name="AddRemoteSolaceManager" time="29.602"/>
  <testcase classname="ApodGUI.WorkgroupServer" name="ModifyRemoteSolaceServer" time="9.936"/>
  <testcase classname="ApodGUI.WorkgroupServer" name="DeleteRemoteSolaceServer" time="14.315"/>
  <testcase classname="ApodGUI.WorkgroupServer" name="AddWGSConnection" time="30.102"/>
  <testcase classname="ApodGUI.WorkgroupServer" name="ModifyWGSConnection" time="23.862"/>
  <testcase classname="ApodGUI.WorkgroupServer" name="DeleteWGSConnection" time="18.414"/>
  <testcase classname="ApodGUI.WorkgroupServer" name="AddWorkgroupFromPlusIcon" time="57.606"/>
  <testcase classname="ApodGUI.WorkgroupServer" name="EditWorkgroup" time="34.438"/>
  <testcase classname="ApodGUI.WorkgroupServer" name="DeleteWorkgroup" time="28.605"/>
  <testcase classname="ApodGUI.WorkgroupServer" name="SearchFilter" time="11.477"/>
  <testcase classname="ApodGUI.WorkgroupServer" name="ShowObjectAttributes" time="258.154">
    <error message="no such element: Unable to locate element: {&quot;method&quot;:&quot;css selector&quot;,&quot;selector&quot;:&quot;#Difference\ failed&quot;}
  (Session info: chrome=102.0.5005.115)
For documentation on this error, please visit: https://selenium.dev/exceptions/#no_such_element
Build info: version: &#039;4.0.0&#039;, revision: &#039;3a21814679&#039;
System info: host: &#039;DESKTOP-9QJNAOQ&#039;, ip: &#039;192.168.43.213&#039;, os.name: &#039;Windows 10&#039;, os.arch: &#039;amd64&#039;, os.version: &#039;10.0&#039;, java.version: &#039;11.0.14&#039;
Driver info: org.openqa.selenium.chrome.ChromeDriver
Command: [33077f564d0825b726d5f92519d84a62, findElement {using=id, value=Difference failed}]
Capabilities {acceptInsecureCerts: false, browserName: chrome, browserVersion: 102.0.5005.115, chrome: {chromedriverVersion: 102.0.5005.61 (0e59bcc00cc4..., userDataDir: C:\Users\Nagaraju\AppData\L...}, goog:chromeOptions: {debuggerAddress: localhost:49182}, javascriptEnabled: true, networkConnectionEnabled: false, pageLoadStrategy: normal, platform: WINDOWS, platformName: WINDOWS, proxy: Proxy(), se:cdp: ws://localhost:49182/devtoo..., se:cdpVersion: 102.0.5005.115, setWindowRect: true, strictFileInteractability: false, timeouts: {implicit: 0, pageLoad: 300000, script: 30000}, unhandledPromptBehavior: dismiss and notify, webauthn:extension:credBlob: true, webauthn:extension:largeBlob: true, webauthn:virtualAuthenticators: true}
Session ID: 33077f564d0825b726d5f92519d84a62" type="org.openqa.selenium.NoSuchElementException">
      <![CDATA[org.openqa.selenium.NoSuchElementException: no such element: Unable to locate element: {"method":"css selector","selector":"#Difference\ failed"}
  (Session info: chrome=102.0.5005.115)
For documentation on this error, please visit: https://selenium.dev/exceptions/#no_such_element
Build info: version: '4.0.0', revision: '3a21814679'
System info: host: 'DESKTOP-9QJNAOQ', ip: '192.168.43.213', os.name: 'Windows 10', os.arch: 'amd64', os.version: '10.0', java.version: '11.0.14'
Driver info: org.openqa.selenium.chrome.ChromeDriver
Command: [33077f564d0825b726d5f92519d84a62, findElement {using=id, value=Difference failed}]
Capabilities {acceptInsecureCerts: false, browserName: chrome, browserVersion: 102.0.5005.115, chrome: {chromedriverVersion: 102.0.5005.61 (0e59bcc00cc4..., userDataDir: C:\Users\Nagaraju\AppData\L...}, goog:chromeOptions: {debuggerAddress: localhost:49182}, javascriptEnabled: true, networkConnectionEnabled: false, pageLoadStrategy: normal, platform: WINDOWS, platformName: WINDOWS, proxy: Proxy(), se:cdp: ws://localhost:49182/devtoo..., se:cdpVersion: 102.0.5005.115, setWindowRect: true, strictFileInteractability: false, timeouts: {implicit: 0, pageLoad: 300000, script: 30000}, unhandledPromptBehavior: dismiss and notify, webauthn:extension:credBlob: true, webauthn:extension:largeBlob: true, webauthn:virtualAuthenticators: true}
Session ID: 33077f564d0825b726d5f92519d84a62
	at java.base/jdk.internal.reflect.NativeConstructorAccessorImpl.newInstance0(Native Method)
	at java.base/jdk.internal.reflect.NativeConstructorAccessorImpl.newInstance(NativeConstructorAccessorImpl.java:62)
	at java.base/jdk.internal.reflect.DelegatingConstructorAccessorImpl.newInstance(DelegatingConstructorAccessorImpl.java:45)
	at java.base/java.lang.reflect.Constructor.newInstance(Constructor.java:490)
	at org.openqa.selenium.remote.codec.w3c.W3CHttpResponseCodec.createException(W3CHttpResponseCodec.java:200)
	at org.openqa.selenium.remote.codec.w3c.W3CHttpResponseCodec.decode(W3CHttpResponseCodec.java:133)
	at org.openqa.selenium.remote.codec.w3c.W3CHttpResponseCodec.decode(W3CHttpResponseCodec.java:53)
	at org.openqa.selenium.remote.HttpCommandExecutor.execute(HttpCommandExecutor.java:184)
	at org.openqa.selenium.remote.service.DriverCommandExecutor.invokeExecute(DriverCommandExecutor.java:164)
	at org.openqa.selenium.remote.service.DriverCommandExecutor.execute(DriverCommandExecutor.java:139)
	at org.openqa.selenium.remote.RemoteWebDriver.execute(RemoteWebDriver.java:559)
	at org.openqa.selenium.remote.ElementLocation$ElementFinder$2.findElement(ElementLocation.java:162)
	at org.openqa.selenium.remote.ElementLocation.findElement(ElementLocation.java:60)
	at org.openqa.selenium.remote.RemoteWebDriver.findElement(RemoteWebDriver.java:383)
	at org.openqa.selenium.remote.RemoteWebDriver.findElement(RemoteWebDriver.java:375)
	at ApodGUI.WorkgroupServer.ShowObjectAttributes(WorkgroupServer.java:389)
	at java.base/jdk.internal.reflect.NativeMethodAccessorImpl.invoke0(Native Method)
	at java.base/jdk.internal.reflect.NativeMethodAccessorImpl.invoke(NativeMethodAccessorImpl.java:62)
	at java.base/jdk.internal.reflect.DelegatingMethodAccessorImpl.invoke(DelegatingMethodAccessorImpl.java:43)
	at java.base/java.lang.reflect.Method.invoke(Method.java:566)
	at org.testng.internal.MethodInvocationHelper.invokeMethod(MethodInvocationHelper.java:108)
	at org.testng.internal.Invoker.invokeMethod(Invoker.java:661)
	at org.testng.internal.Invoker.invokeTestMethod(Invoker.java:869)
	at org.testng.internal.Invoker.invokeTestMethods(Invoker.java:1193)
	at org.testng.internal.TestMethodWorker.invokeTestMethods(TestMethodWorker.java:126)
	at org.testng.internal.TestMethodWorker.run(TestMethodWorker.java:109)
	at org.testng.TestRunner.privateRun(TestRunner.java:744)
	at org.testng.TestRunner.run(TestRunner.java:602)
	at org.testng.SuiteRunner.runTest(SuiteRunner.java:380)
	at org.testng.SuiteRunner.runSequentially(SuiteRunner.java:375)
	at org.testng.SuiteRunner.privateRun(SuiteRunner.java:340)
	at org.testng.SuiteRunner.run(SuiteRunner.java:289)
	at org.testng.SuiteRunnerWorker.runSuite(SuiteRunnerWorker.java:52)
	at org.testng.SuiteRunnerWorker.run(SuiteRunnerWorker.java:86)
	at org.testng.TestNG.runSuitesSequentially(TestNG.java:1301)
	at org.testng.TestNG.runSuitesLocally(TestNG.java:1226)
	at org.testng.TestNG.runSuites(TestNG.java:1144)
	at org.testng.TestNG.run(TestNG.java:1115)
	at org.testng.remote.AbstractRemoteTestNG.run(AbstractRemoteTestNG.java:115)
	at org.testng.remote.RemoteTestNG.initAndRun(RemoteTestNG.java:251)
	at org.testng.remote.RemoteTestNG.main(RemoteTestNG.java:77)
]]>
    </error>
  </testcase> <!-- ShowObjectAttributes -->
  <testcase classname="ApodGUI.WorkgroupServer" name="Logout" time="29.479"/>
</testsuite> <!-- ApodGUI.WorkgroupServer -->
