<?xml version="1.0" encoding="UTF-8"?>
<!-- Generated by org.testng.reporters.JUnitReportReporter -->
<testsuite hostname="DESKTOP-9QJNAOQ" failures="0" tests="16" name="ApodGUI.ServiceViewlet" time="771.252" errors="0" timestamp="17 Feb 2022 13:54:25 GMT" skipped="0">
  <testcase classname="ApodGUI.ServiceViewlet" name="Login" time="72.613"/>
  <testcase classname="ApodGUI.ServiceViewlet" name="AddServiceViewlet" time="39.204"/>
  <testcase classname="ApodGUI.ServiceViewlet" name="CreateServiceFromPlusIcon" time="70.852"/>
  <testcase classname="ApodGUI.ServiceViewlet" name="CopyAsFromCommands" time="60.848"/>
  <testcase classname="ApodGUI.ServiceViewlet" name="RenameFromCommands" time="67.563"/>
  <testcase classname="ApodGUI.ServiceViewlet" name="DeleteFromCommands" time="37.068"/>
  <testcase classname="ApodGUI.ServiceViewlet" name="MQSCSnapshot" time="18.449"/>
  <testcase classname="ApodGUI.ServiceViewlet" name="SaveServiceSnapshot" time="10.585"/>
  <testcase classname="ApodGUI.ServiceViewlet" name="ServiceProperties" time="28.363"/>
  <testcase classname="ApodGUI.ServiceViewlet" name="ServiceEvents" time="44.050"/>
  <testcase classname="ApodGUI.ServiceViewlet" name="AddToFavoriteViewlet" time="53.436"/>
  <testcase classname="ApodGUI.ServiceViewlet" name="CompareServiceNames" time="26.951"/>
  <testcase classname="ApodGUI.ServiceViewlet" name="CheckDifferencesForServices" time="20.208"/>
  <testcase classname="ApodGUI.ServiceViewlet" name="AddToFavoriteForMultipleServices" time="35.816"/>
  <testcase classname="ApodGUI.ServiceViewlet" name="ShowObjectAttributesForService" time="155.119"/>
  <testcase classname="ApodGUI.ServiceViewlet" name="Logout" time="30.127"/>
</testsuite> <!-- ApodGUI.ServiceViewlet -->
