<?xml version="1.0" encoding="UTF-8"?>
<!-- Generated by org.testng.reporters.JUnitReportReporter -->
<testsuite hostname="DESKTOP-9QJNAOQ" failures="0" tests="10" name="NavigatorCore.DashboardOptions" time="291.110" errors="0" timestamp="11 Feb 2022 12:30:50 GMT" skipped="0">
  <testcase classname="NavigatorCore.DashboardOptions" name="Login" time="51.874"/>
  <testcase classname="NavigatorCore.DashboardOptions" name="CreateWGSDashboard" time="18.322"/>
  <testcase classname="NavigatorCore.DashboardOptions" name="CreateEMSDashboard" time="17.140"/>
  <testcase classname="NavigatorCore.DashboardOptions" name="SetAsDeafaultOption" time="38.839"/>
  <testcase classname="NavigatorCore.DashboardOptions" name="SetASDefaultTemplate" time="17.475"/>
  <testcase classname="NavigatorCore.DashboardOptions" name="RenameDashboard" time="30.801"/>
  <testcase classname="NavigatorCore.DashboardOptions" name="DeleteDashboardUsingCrossIcon" time="22.169"/>
  <testcase classname="NavigatorCore.DashboardOptions" name="DeleteDashboardUsingDeleteOption" time="25.698"/>
  <testcase classname="NavigatorCore.DashboardOptions" name="RemoveDashboardUsingOption" time="39.693"/>
  <testcase classname="NavigatorCore.DashboardOptions" name="Logout" time="29.099"/>
</testsuite> <!-- NavigatorCore.DashboardOptions -->
