<?xml version="1.0" encoding="UTF-8"?>
<!-- Generated by org.testng.reporters.JUnitReportReporter -->
<testsuite hostname="DESKTOP-9QJNAOQ" failures="0" tests="13" name="NavigatorCore.AddSchemaToTheViewlet" time="261.649" errors="0" timestamp="08 Feb 2022 06:36:16 GMT" skipped="0">
  <testcase classname="NavigatorCore.AddSchemaToTheViewlet" name="Login" time="40.799"/>
  <testcase classname="NavigatorCore.AddSchemaToTheViewlet" name="AddNewDashboard" time="54.140"/>
  <testcase classname="NavigatorCore.AddSchemaToTheViewlet" name="AddSchema" time="34.405"/>
  <testcase classname="NavigatorCore.AddSchemaToTheViewlet" name="DeleteSchema" time="19.135"/>
  <testcase classname="NavigatorCore.AddSchemaToTheViewlet" name="AddAllAttributesButton" time="11.913"/>
  <testcase classname="NavigatorCore.AddSchemaToTheViewlet" name="RemoveAllAttributesButton" time="8.840"/>
  <testcase classname="NavigatorCore.AddSchemaToTheViewlet" name="AddAttributesButton" time="8.832"/>
  <testcase classname="NavigatorCore.AddSchemaToTheViewlet" name="RemoveAttributeButton" time="15.338"/>
  <testcase classname="NavigatorCore.AddSchemaToTheViewlet" name="MoveToTopButton" time="2.952"/>
  <testcase classname="NavigatorCore.AddSchemaToTheViewlet" name="MoveToBottomButton" time="5.919"/>
  <testcase classname="NavigatorCore.AddSchemaToTheViewlet" name="MoveUpButton" time="8.848"/>
  <testcase classname="NavigatorCore.AddSchemaToTheViewlet" name="MoveDownButton" time="13.727"/>
  <testcase classname="NavigatorCore.AddSchemaToTheViewlet" name="Logout" time="36.801"/>
</testsuite> <!-- NavigatorCore.AddSchemaToTheViewlet -->
