<?xml version="1.0" encoding="UTF-8"?>
<!-- Generated by org.testng.reporters.JUnitReportReporter -->
<testsuite hostname="DESKTOP-K4AEKHO" failures="0" tests="5" name="ApodGUI.ListenerViewlet" time="241.584" errors="0" timestamp="2022-12-27T13:07:26 IST" skipped="0">
  <testcase classname="ApodGUI.ListenerViewlet" name="Login" time="75.193"/>
  <system-out>
<br/> <img src=" E:\Automation\Navigator/Screenshots/ScreenshotsSuccess/Login.png" alt="""/" />  </system-out>
  <testcase classname="ApodGUI.ListenerViewlet" name="AddListenerViewlet" time="39.769"/>
  <system-out>
<br/> <img src=" E:\Automation\Navigator/Screenshots/ScreenshotsSuccess/AddListenerViewlet.png" alt="""/" />  </system-out>
  <testcase classname="ApodGUI.ListenerViewlet" name="AddToFavoriteViewlet" time="60.369"/>
  <system-out>
<br/> <img src=" E:\Automation\Navigator/Screenshots/ScreenshotsSuccess/AddToFavoriteViewlet.png" alt="""/" />  </system-out>
  <testcase classname="ApodGUI.ListenerViewlet" name="AddToFavoriteForMultipleListeners" time="36.754"/>
  <system-out>
<br/> <img src=" E:\Automation\Navigator/Screenshots/ScreenshotsSuccess/AddToFavoriteForMultipleListeners.png" alt="""/" />  </system-out>
  <testcase classname="ApodGUI.ListenerViewlet" name="Logout" time="29.499"/>
  <system-out/>
</testsuite> <!-- ApodGUI.ListenerViewlet -->
