<?xml version="1.0" encoding="UTF-8"?>
<!-- Generated by org.testng.reporters.JUnitReportReporter -->
<testsuite hostname="DESKTOP-9QJNAOQ" failures="0" tests="13" name="NavigatorCore.AddSchemaToTheViewlet" time="250.955" errors="0" timestamp="11 Feb 2022 13:28:50 GMT" skipped="0">
  <testcase classname="NavigatorCore.AddSchemaToTheViewlet" name="Login" time="24.431"/>
  <testcase classname="NavigatorCore.AddSchemaToTheViewlet" name="AddNewDashboard" time="53.517"/>
  <testcase classname="NavigatorCore.AddSchemaToTheViewlet" name="AddSchema" time="35.420"/>
  <testcase classname="NavigatorCore.AddSchemaToTheViewlet" name="DeleteSchema" time="20.367"/>
  <testcase classname="NavigatorCore.AddSchemaToTheViewlet" name="AddAllAttributesButton" time="13.378"/>
  <testcase classname="NavigatorCore.AddSchemaToTheViewlet" name="RemoveAllAttributesButton" time="9.895"/>
  <testcase classname="NavigatorCore.AddSchemaToTheViewlet" name="AddAttributesButton" time="9.595"/>
  <testcase classname="NavigatorCore.AddSchemaToTheViewlet" name="RemoveAttributeButton" time="15.518"/>
  <testcase classname="NavigatorCore.AddSchemaToTheViewlet" name="MoveToTopButton" time="3.905"/>
  <testcase classname="NavigatorCore.AddSchemaToTheViewlet" name="MoveToBottomButton" time="7.149"/>
  <testcase classname="NavigatorCore.AddSchemaToTheViewlet" name="MoveUpButton" time="9.653"/>
  <testcase classname="NavigatorCore.AddSchemaToTheViewlet" name="MoveDownButton" time="15.197"/>
  <testcase classname="NavigatorCore.AddSchemaToTheViewlet" name="Logout" time="32.930"/>
</testsuite> <!-- NavigatorCore.AddSchemaToTheViewlet -->
