<?xml version="1.0" encoding="UTF-8"?>
<!-- Generated by org.testng.reporters.JUnitReportReporter -->
<testsuite hostname="DESKTOP-9QJNAOQ" failures="0" tests="4" name="NavigatorCore.CloseConsoleTabs" time="142.842" errors="0" timestamp="11 Feb 2022 12:11:38 GMT" skipped="0">
  <testcase classname="NavigatorCore.CloseConsoleTabs" name="Login" time="80.258"/>
  <testcase classname="NavigatorCore.CloseConsoleTabs" name="CloseOtherConsole" time="23.029"/>
  <testcase classname="NavigatorCore.CloseConsoleTabs" name="CloseAllConsole" time="12.841"/>
  <testcase classname="NavigatorCore.CloseConsoleTabs" name="Logout" time="26.714"/>
</testsuite> <!-- NavigatorCore.CloseConsoleTabs -->
