<?xml version="1.0" encoding="UTF-8"?>
<!-- Generated by org.testng.reporters.JUnitReportReporter -->
<testsuite hostname="DESKTOP-9QJNAOQ" failures="0" tests="10" name="NavigatorCore.ViewletFilterOptions" time="354.283" errors="0" timestamp="10 Mar 2022 08:58:11 GMT" skipped="0">
  <testcase classname="NavigatorCore.ViewletFilterOptions" name="Login" time="90.860"/>
  <testcase classname="NavigatorCore.ViewletFilterOptions" name="AdvancedViewletFiletercheckbox" time="19.539"/>
  <testcase classname="NavigatorCore.ViewletFilterOptions" name="ManagerFilter" time="33.490"/>
  <testcase classname="NavigatorCore.ViewletFilterOptions" name="ObjectFilter" time="20.074"/>
  <testcase classname="NavigatorCore.ViewletFilterOptions" name="AttributeFilter" time="64.028"/>
  <testcase classname="NavigatorCore.ViewletFilterOptions" name="EmptyCheckboxFilter" time="48.980"/>
  <testcase classname="NavigatorCore.ViewletFilterOptions" name="SystemCheckboxFilter" time="8.613"/>
  <testcase classname="NavigatorCore.ViewletFilterOptions" name="ResultLimitFilter" time="15.356"/>
  <testcase classname="NavigatorCore.ViewletFilterOptions" name="ViewletCheckboxClear" time="15.463"/>
  <testcase classname="NavigatorCore.ViewletFilterOptions" name="Logout" time="37.880"/>
</testsuite> <!-- NavigatorCore.ViewletFilterOptions -->
