<?xml version="1.0" encoding="UTF-8"?>
<!-- Generated by org.testng.reporters.JUnitReportReporter -->
<testsuite hostname="DESKTOP-K4AEKHO" failures="0" tests="9" name="NavigatorCore.MenuBarIcons" time="371.536" errors="0" timestamp="2023-06-20T14:03:25 IST" skipped="0">
  <testcase classname="NavigatorCore.MenuBarIcons" name="Login" time="82.189"/>
  <system-out>
<br/> <img src=" E:\Automation\Navigator/Screenshots/ScreenshotsSuccess/Login.png" alt="""/" />  </system-out>
  <testcase classname="NavigatorCore.MenuBarIcons" name="LoginUsername" time="1.250"/>
  <system-out>
<br/> <img src=" E:\Automation\Navigator/Screenshots/ScreenshotsSuccess/LoginUsername.png" alt="""/" />  </system-out>
  <testcase classname="NavigatorCore.MenuBarIcons" name="RequestHistoryIcon" time="31.836"/>
  <system-out>
<br/> <img src=" E:\Automation\Navigator/Screenshots/ScreenshotsSuccess/RequestHistoryIcon.png" alt="""/" />  </system-out>
  <testcase classname="NavigatorCore.MenuBarIcons" name="SchedularIcon" time="31.274"/>
  <system-out>
<br/> <img src=" E:\Automation\Navigator/Screenshots/ScreenshotsSuccess/SchedularIcon.png" alt="""/" />  </system-out>
  <testcase classname="NavigatorCore.MenuBarIcons" name="SchedularColumnbutton" time="107.518"/>
  <system-out>
<br/> <img src=" E:\Automation\Navigator/Screenshots/ScreenshotsSuccess/SchedularColumnbutton.png" alt="""/" />  </system-out>
  <testcase classname="NavigatorCore.MenuBarIcons" name="SecurityManagerIcon" time="41.217"/>
  <system-out>
<br/> <img src=" E:\Automation\Navigator/Screenshots/ScreenshotsSuccess/SecurityManagerIcon.png" alt="""/" />  </system-out>
  <testcase classname="NavigatorCore.MenuBarIcons" name="HelpIcon" time="41.117"/>
  <system-out>
<br/> <img src=" E:\Automation\Navigator/Screenshots/ScreenshotsSuccess/HelpIcon.png" alt="""/" />  </system-out>
  <testcase classname="NavigatorCore.MenuBarIcons" name="AboutIcon" time="30.376"/>
  <system-out>
<br/> <img src=" E:\Automation\Navigator/Screenshots/ScreenshotsSuccess/AboutIcon.png" alt="""/" />  </system-out>
  <testcase classname="NavigatorCore.MenuBarIcons" name="Logout" time="4.759"/>
  <system-out/>
</testsuite> <!-- NavigatorCore.MenuBarIcons -->
