<?xml version="1.0" encoding="UTF-8"?>
<!-- Generated by org.testng.reporters.JUnitReportReporter -->
<testsuite hostname="DESKTOP-9QJNAOQ" failures="0" tests="9" name="NavigatorCore.ManageDashboardOptions" time="150.019" errors="0" timestamp="11 Feb 2022 12:41:03 GMT" skipped="0">
  <testcase classname="NavigatorCore.ManageDashboardOptions" name="Login" time="35.008"/>
  <testcase classname="NavigatorCore.ManageDashboardOptions" name="CreareDashboardUsingNewButton" time="14.269"/>
  <testcase classname="NavigatorCore.ManageDashboardOptions" name="RenameDashboardUsingRenamebutton" time="21.580"/>
  <testcase classname="NavigatorCore.ManageDashboardOptions" name="DeleteDashboardUsingDeleteButton" time="14.697"/>
  <testcase classname="NavigatorCore.ManageDashboardOptions" name="CreateTagUsingAddButton" time="21.909"/>
  <testcase classname="NavigatorCore.ManageDashboardOptions" name="UpdateTagNameUsingEditButton" time="13.233"/>
  <testcase classname="NavigatorCore.ManageDashboardOptions" name="DeleteTagUsingDeleteButton" time="14.407"/>
  <testcase classname="NavigatorCore.ManageDashboardOptions" name="ExportDashboard" time="8.804"/>
  <testcase classname="NavigatorCore.ManageDashboardOptions" name="Logout" time="6.112"/>
</testsuite> <!-- NavigatorCore.ManageDashboardOptions -->
