<?xml version="1.0" encoding="UTF-8"?>
<!-- Generated by org.testng.reporters.JUnitReportReporter -->
<testsuite hostname="DESKTOP-9QJNAOQ" failures="0" tests="12" name="NavigatorCore.NavigatorSettings" time="422.284" errors="0" timestamp="08 Aug 2022 09:36:36 GMT" skipped="0">
  <testcase classname="NavigatorCore.NavigatorSettings" name="Login" time="155.379"/>
  <testcase classname="NavigatorCore.NavigatorSettings" name="ShowInActiveChannelsCheckbox" time="31.622"/>
  <testcase classname="NavigatorCore.NavigatorSettings" name="ShowEmptyQueuesCheckbox" time="12.645"/>
  <testcase classname="NavigatorCore.NavigatorSettings" name="ShowTemporaryDynamicQueues" time="19.716"/>
  <testcase classname="NavigatorCore.NavigatorSettings" name="ShowFullNamesForFavoriteShortcuts" time="38.465"/>
  <testcase classname="NavigatorCore.NavigatorSettings" name="ShowFullNamesForSearchResultsObjects" time="20.864"/>
  <testcase classname="NavigatorCore.NavigatorSettings" name="ShowSystemObjectsOnly" time="12.141"/>
  <testcase classname="NavigatorCore.NavigatorSettings" name="ShowObjectSearchresultsFromActiveManagersOnly" time="14.201"/>
  <testcase classname="NavigatorCore.NavigatorSettings" name="ShowManagersForDefaultSchemas" time="13.043"/>
  <testcase classname="NavigatorCore.NavigatorSettings" name="ShowLogoutWindow" time="14.910"/>
  <testcase classname="NavigatorCore.NavigatorSettings" name="CollapseAllViewletOnLogin" time="50.736"/>
  <testcase classname="NavigatorCore.NavigatorSettings" name="Logout" time="38.562"/>
</testsuite> <!-- NavigatorCore.NavigatorSettings -->
