<?xml version="1.0" encoding="UTF-8"?>
<!-- Generated by org.testng.reporters.JUnitReportReporter -->
<testsuite hostname="DESKTOP-9QJNAOQ" failures="0" tests="21" name="ApodGUI.NameListViewlet" time="1034.608" errors="0" timestamp="10 Mar 2022 14:10:11 GMT" skipped="0">
  <testcase classname="ApodGUI.NameListViewlet" name="Login" time="60.073"/>
  <testcase classname="ApodGUI.NameListViewlet" name="AddNameListViewlet" time="50.090"/>
  <testcase classname="ApodGUI.NameListViewlet" name="CreateNameList" time="56.900"/>
  <testcase classname="ApodGUI.NameListViewlet" name="CopyAsFromCommands" time="75.416"/>
  <testcase classname="ApodGUI.NameListViewlet" name="RenameFromCommands" time="61.798"/>
  <testcase classname="ApodGUI.NameListViewlet" name="DeleteFromCommands" time="31.994"/>
  <testcase classname="ApodGUI.NameListViewlet" name="MQSCSnapshot" time="18.503"/>
  <testcase classname="ApodGUI.NameListViewlet" name="SaveNamelistSnapshot" time="9.534"/>
  <testcase classname="ApodGUI.NameListViewlet" name="NameListProperties" time="24.113"/>
  <testcase classname="ApodGUI.NameListViewlet" name="NameListEvents" time="56.889"/>
  <testcase classname="ApodGUI.NameListViewlet" name="AddToFavoriteViewlet" time="45.925"/>
  <testcase classname="ApodGUI.NameListViewlet" name="CompareNameLists" time="27.274"/>
  <testcase classname="ApodGUI.NameListViewlet" name="CheckDifferencesForNameList" time="25.178"/>
  <testcase classname="ApodGUI.NameListViewlet" name="CreateNameListFromPlusIcon" time="124.287"/>
  <testcase classname="ApodGUI.NameListViewlet" name="CopyAsFromCommandsForMultiple" time="49.860"/>
  <testcase classname="ApodGUI.NameListViewlet" name="RenameFromCommandsForMultiple" time="47.313"/>
  <testcase classname="ApodGUI.NameListViewlet" name="DeleteFromCommandsForMultiple" time="50.220"/>
  <testcase classname="ApodGUI.NameListViewlet" name="NameListMultipleProperties" time="70.507"/>
  <testcase classname="ApodGUI.NameListViewlet" name="AddToFavoriteForMultipleNameLists" time="28.509"/>
  <testcase classname="ApodGUI.NameListViewlet" name="ShowObjectAttributesForNameList" time="90.287"/>
  <testcase classname="ApodGUI.NameListViewlet" name="Logout" time="29.938"/>
</testsuite> <!-- ApodGUI.NameListViewlet -->
