<?xml version="1.0" encoding="UTF-8"?>
<!-- Generated by org.testng.reporters.JUnitReportReporter -->
<testsuite hostname="DESKTOP-9QJNAOQ" failures="0" tests="9" name="NavigatorCore.MenuBarIcons" time="207.697" errors="0" timestamp="08 Aug 2022 07:28:36 GMT" skipped="0">
  <testcase classname="NavigatorCore.MenuBarIcons" name="Login" time="40.810"/>
  <testcase classname="NavigatorCore.MenuBarIcons" name="LoginUsername" time="1.258"/>
  <testcase classname="NavigatorCore.MenuBarIcons" name="RequestHistoryIcon" time="14.785"/>
  <testcase classname="NavigatorCore.MenuBarIcons" name="SchedularIcon" time="13.390"/>
  <testcase classname="NavigatorCore.MenuBarIcons" name="SchedularColumnbutton" time="48.793"/>
  <testcase classname="NavigatorCore.MenuBarIcons" name="SecurityManagerIcon" time="31.859"/>
  <testcase classname="NavigatorCore.MenuBarIcons" name="HelpIcon" time="30.807"/>
  <testcase classname="NavigatorCore.MenuBarIcons" name="AboutIcon" time="21.731"/>
  <testcase classname="NavigatorCore.MenuBarIcons" name="Logout" time="4.264"/>
</testsuite> <!-- NavigatorCore.MenuBarIcons -->
