<?xml version="1.0" encoding="UTF-8"?>
<!-- Generated by org.testng.reporters.JUnitReportReporter -->
<testsuite hostname="DESKTOP-K4AEKHO" failures="0" tests="11" name="ApodGUI.CommInfoViewlet" time="831.974" errors="0" timestamp="2023-09-06T12:17:51 IST" skipped="0">
  <testcase classname="ApodGUI.CommInfoViewlet" name="Login" time="127.797"/>
  <system-out>
<br/> <img src=" E:\Automation\Navigator/Screenshots/ScreenshotsSuccess/Login.png" alt="""/" />  </system-out>
  <testcase classname="ApodGUI.CommInfoViewlet" name="AddCommInfoViewlet" time="46.731"/>
  <system-out>
<br/> <img src=" E:\Automation\Navigator/Screenshots/ScreenshotsSuccess/AddCommInfoViewlet.png" alt="""/" />  </system-out>
  <testcase classname="ApodGUI.CommInfoViewlet" name="Properties" time="34.276"/>
  <system-out>
<br/> <img src=" E:\Automation\Navigator/Screenshots/ScreenshotsSuccess/Properties.png" alt="""/" />  </system-out>
  <testcase classname="ApodGUI.CommInfoViewlet" name="CopyAsOfCommumicationInfo" time="101.397"/>
  <system-out>
<br/> <img src=" E:\Automation\Navigator/Screenshots/ScreenshotsSuccess/CopyAsOfCommumicationInfo.png" alt="""/" />  </system-out>
  <testcase classname="ApodGUI.CommInfoViewlet" name="DeleteCommunicationInfo" time="106.740"/>
  <system-out>
<br/> <img src=" E:\Automation\Navigator/Screenshots/ScreenshotsSuccess/DeleteCommunicationInfo.png" alt="""/" />  </system-out>
  <testcase classname="ApodGUI.CommInfoViewlet" name="AddCommunicationInfoToFavoriteViewlet" time="93.626"/>
  <system-out>
<br/> <img src=" E:\Automation\Navigator/Screenshots/ScreenshotsSuccess/AddCommunicationInfoToFavoriteViewlet.png" alt="""/" />  </system-out>
  <testcase classname="ApodGUI.CommInfoViewlet" name="CompareCommunicationInfos" time="57.438"/>
  <system-out>
<br/> <img src=" E:\Automation\Navigator/Screenshots/ScreenshotsSuccess/CompareCommunicationInfos.png" alt="""/" />  </system-out>
  <testcase classname="ApodGUI.CommInfoViewlet" name="DifferencesOfCommunicationInfos" time="46.861"/>
  <system-out>
<br/> <img src=" E:\Automation\Navigator/Screenshots/ScreenshotsSuccess/DifferencesOfCommunicationInfos.png" alt="""/" />  </system-out>
  <testcase classname="ApodGUI.CommInfoViewlet" name="AddMultipleCommumicationInfosToFavoriteViewlet" time="51.877"/>
  <system-out>
<br/> <img src=" E:\Automation\Navigator/Screenshots/ScreenshotsSuccess/AddMultipleCommumicationInfosToFavoriteViewlet.png" alt="""/" />  </system-out>
  <testcase classname="ApodGUI.CommInfoViewlet" name="AddCommunicationInfoUsingPlusIcon" time="138.398"/>
  <system-out>
<br/> <img src=" E:\Automation\Navigator/Screenshots/ScreenshotsSuccess/AddCommunicationInfoUsingPlusIcon.png" alt="""/" />  </system-out>
  <testcase classname="ApodGUI.CommInfoViewlet" name="Logout" time="26.833"/>
  <system-out/>
</testsuite> <!-- ApodGUI.CommInfoViewlet -->
