<?xml version="1.0" encoding="UTF-8"?>
<!-- Generated by org.testng.reporters.JUnitReportReporter -->
<testsuite hostname="DESKTOP-K4AEKHO" failures="0" tests="26" name="ApodGUI.QueuesViewlet" time="1372.744" errors="3" timestamp="2023-01-20T13:35:36 IST" skipped="0">
  <testcase classname="ApodGUI.QueuesViewlet" name="Login" time="199.062"/>
  <system-out>
<br/> <img src=" E:\Automation\Navigator/Screenshots/ScreenshotsSuccess/Login.png" alt="""/" />  </system-out>
  <testcase classname="ApodGUI.QueuesViewlet" name="BrowseMessages" time="20.088"/>
  <system-out>
<br/> <img src=" E:\Automation\Navigator/Screenshots/ScreenshotsSuccess/BrowseMessages.png" alt="""/" />  </system-out>
  <testcase classname="ApodGUI.QueuesViewlet" name="ShowQueueStatus" time="28.642">
    <error message="no such element: Unable to locate element: {&quot;method&quot;:&quot;xpath&quot;,&quot;selector&quot;:&quot;//tr[3]/td[3]&quot;}
  (Session info: chrome=109.0.5414.75)
For documentation on this error, please visit: https://selenium.dev/exceptions/#no_such_element
Build info: version: &#039;4.1.3&#039;, revision: &#039;7b1ebf28ef&#039;
System info: host: &#039;DESKTOP-K4AEKHO&#039;, ip: &#039;172.16.31.142&#039;, os.name: &#039;Windows 10&#039;, os.arch: &#039;amd64&#039;, os.version: &#039;10.0&#039;, java.version: &#039;11.0.16&#039;
Driver info: org.openqa.selenium.chrome.ChromeDriver
Command: [fe22a8ac96ce9658fcc663fdc582b008, findElement {using=xpath, value=//tr[3]/td[3]}]
Capabilities {acceptInsecureCerts: false, browserName: chrome, browserVersion: 109.0.5414.75, chrome: {chromedriverVersion: 108.0.5359.71 (1e0e3868ee06..., userDataDir: C:\Users\Lenovo\AppData\Loc...}, goog:chromeOptions: {debuggerAddress: localhost:49906}, javascriptEnabled: true, networkConnectionEnabled: false, pageLoadStrategy: normal, platform: WINDOWS, platformName: WINDOWS, proxy: Proxy(), se:cdp: ws://localhost:49906/devtoo..., se:cdpVersion: 109.0.5414.75, setWindowRect: true, strictFileInteractability: false, timeouts: {implicit: 0, pageLoad: 300000, script: 30000}, unhandledPromptBehavior: dismiss and notify, webauthn:extension:credBlob: true, webauthn:extension:largeBlob: true, webauthn:virtualAuthenticators: true}
Session ID: fe22a8ac96ce9658fcc663fdc582b008" type="org.openqa.selenium.NoSuchElementException">
      <![CDATA[org.openqa.selenium.NoSuchElementException: no such element: Unable to locate element: {"method":"xpath","selector":"//tr[3]/td[3]"}
  (Session info: chrome=109.0.5414.75)
For documentation on this error, please visit: https://selenium.dev/exceptions/#no_such_element
Build info: version: '4.1.3', revision: '7b1ebf28ef'
System info: host: 'DESKTOP-K4AEKHO', ip: '172.16.31.142', os.name: 'Windows 10', os.arch: 'amd64', os.version: '10.0', java.version: '11.0.16'
Driver info: org.openqa.selenium.chrome.ChromeDriver
Command: [fe22a8ac96ce9658fcc663fdc582b008, findElement {using=xpath, value=//tr[3]/td[3]}]
Capabilities {acceptInsecureCerts: false, browserName: chrome, browserVersion: 109.0.5414.75, chrome: {chromedriverVersion: 108.0.5359.71 (1e0e3868ee06..., userDataDir: C:\Users\Lenovo\AppData\Loc...}, goog:chromeOptions: {debuggerAddress: localhost:49906}, javascriptEnabled: true, networkConnectionEnabled: false, pageLoadStrategy: normal, platform: WINDOWS, platformName: WINDOWS, proxy: Proxy(), se:cdp: ws://localhost:49906/devtoo..., se:cdpVersion: 109.0.5414.75, setWindowRect: true, strictFileInteractability: false, timeouts: {implicit: 0, pageLoad: 300000, script: 30000}, unhandledPromptBehavior: dismiss and notify, webauthn:extension:credBlob: true, webauthn:extension:largeBlob: true, webauthn:virtualAuthenticators: true}
Session ID: fe22a8ac96ce9658fcc663fdc582b008
at java.base/jdk.internal.reflect.NativeConstructorAccessorImpl.newInstance0(Native Method)
at java.base/jdk.internal.reflect.NativeConstructorAccessorImpl.newInstance(NativeConstructorAccessorImpl.java:62)
at java.base/jdk.internal.reflect.DelegatingConstructorAccessorImpl.newInstance(DelegatingConstructorAccessorImpl.java:45)
at java.base/java.lang.reflect.Constructor.newInstance(Constructor.java:490)
at org.openqa.selenium.remote.codec.w3c.W3CHttpResponseCodec.createException(W3CHttpResponseCodec.java:200)
at org.openqa.selenium.remote.codec.w3c.W3CHttpResponseCodec.decode(W3CHttpResponseCodec.java:133)
at org.openqa.selenium.remote.codec.w3c.W3CHttpResponseCodec.decode(W3CHttpResponseCodec.java:53)
at org.openqa.selenium.remote.HttpCommandExecutor.execute(HttpCommandExecutor.java:184)
at org.openqa.selenium.remote.service.DriverCommandExecutor.invokeExecute(DriverCommandExecutor.java:167)
at org.openqa.selenium.remote.service.DriverCommandExecutor.execute(DriverCommandExecutor.java:142)
at org.openqa.selenium.remote.RemoteWebDriver.execute(RemoteWebDriver.java:567)
at org.openqa.selenium.remote.ElementLocation$ElementFinder$2.findElement(ElementLocation.java:162)
at org.openqa.selenium.remote.ElementLocation.findElement(ElementLocation.java:60)
at org.openqa.selenium.remote.RemoteWebDriver.findElement(RemoteWebDriver.java:385)
at org.openqa.selenium.remote.RemoteWebDriver.findElement(RemoteWebDriver.java:377)
at ApodGUI.QueuesViewlet.ShowQueueStatus(QueuesViewlet.java:303)
at java.base/jdk.internal.reflect.NativeMethodAccessorImpl.invoke0(Native Method)
at java.base/jdk.internal.reflect.NativeMethodAccessorImpl.invoke(NativeMethodAccessorImpl.java:62)
at java.base/jdk.internal.reflect.DelegatingMethodAccessorImpl.invoke(DelegatingMethodAccessorImpl.java:43)
at java.base/java.lang.reflect.Method.invoke(Method.java:566)
at org.testng.internal.MethodInvocationHelper.invokeMethod(MethodInvocationHelper.java:132)
at org.testng.internal.TestInvoker.invokeMethod(TestInvoker.java:599)
at org.testng.internal.TestInvoker.invokeTestMethod(TestInvoker.java:174)
at org.testng.internal.MethodRunner.runInSequence(MethodRunner.java:46)
at org.testng.internal.TestInvoker$MethodInvocationAgent.invoke(TestInvoker.java:822)
at org.testng.internal.TestInvoker.invokeTestMethods(TestInvoker.java:147)
at org.testng.internal.TestMethodWorker.invokeTestMethods(TestMethodWorker.java:146)
at org.testng.internal.TestMethodWorker.run(TestMethodWorker.java:128)
at java.base/java.util.ArrayList.forEach(ArrayList.java:1541)
at org.testng.TestRunner.privateRun(TestRunner.java:764)
at org.testng.TestRunner.run(TestRunner.java:585)
at org.testng.SuiteRunner.runTest(SuiteRunner.java:384)
at org.testng.SuiteRunner.runSequentially(SuiteRunner.java:378)
at org.testng.SuiteRunner.privateRun(SuiteRunner.java:337)
at org.testng.SuiteRunner.run(SuiteRunner.java:286)
at org.testng.SuiteRunnerWorker.runSuite(SuiteRunnerWorker.java:53)
at org.testng.SuiteRunnerWorker.run(SuiteRunnerWorker.java:96)
at org.testng.TestNG.runSuitesSequentially(TestNG.java:1218)
at org.testng.TestNG.runSuitesLocally(TestNG.java:1140)
at org.testng.TestNG.runSuites(TestNG.java:1069)
at org.testng.TestNG.run(TestNG.java:1037)
at org.testng.remote.AbstractRemoteTestNG.run(AbstractRemoteTestNG.java:115)
at org.testng.remote.RemoteTestNG.initAndRun(RemoteTestNG.java:251)
at org.testng.remote.RemoteTestNG.main(RemoteTestNG.java:77)
]]>
    </error>
  </testcase> <!-- ShowQueueStatus -->
  <system-out>
<br/>Failed to execute method: ShowQueueStatus<br/> <br/> <img src=" E:\Automation\Navigator/Screenshots/ScreenshotsFailure/ShowQueueStatus.png" alt="""/" />  </system-out>
  <testcase classname="ApodGUI.QueuesViewlet" name="CreateQueueFromOptions" time="59.823"/>
  <system-out>
<br/> <img src=" E:\Automation\Navigator/Screenshots/ScreenshotsSuccess/CreateQueueFromOptions.png" alt="""/" />  </system-out>
  <testcase classname="ApodGUI.QueuesViewlet" name="CopyAsQueueCommands" time="64.274"/>
  <system-out>
<br/> <img src=" E:\Automation\Navigator/Screenshots/ScreenshotsSuccess/CopyAsQueueCommands.png" alt="""/" />  </system-out>
  <testcase classname="ApodGUI.QueuesViewlet" name="RenameQueueFromCommandsOption" time="71.409"/>
  <system-out>
<br/> <img src=" E:\Automation\Navigator/Screenshots/ScreenshotsSuccess/RenameQueueFromCommandsOption.png" alt="""/" />  </system-out>
  <testcase classname="ApodGUI.QueuesViewlet" name="DeleteQueueFromCommandsOption" time="50.551"/>
  <system-out>
<br/> <img src=" E:\Automation\Navigator/Screenshots/ScreenshotsSuccess/DeleteQueueFromCommandsOption.png" alt="""/" />  </system-out>
  <testcase classname="ApodGUI.QueuesViewlet" name="InhibitGetFromCommands" time="83.296"/>
  <system-out>
<br/> <img src=" E:\Automation\Navigator/Screenshots/ScreenshotsSuccess/InhibitGetFromCommands.png" alt="""/" />  </system-out>
  <testcase classname="ApodGUI.QueuesViewlet" name="InhibitPutFromCommands" time="91.228"/>
  <system-out>
<br/> <img src=" E:\Automation\Navigator/Screenshots/ScreenshotsSuccess/InhibitPutFromCommands.png" alt="""/" />  </system-out>
  <testcase classname="ApodGUI.QueuesViewlet" name="MQSCSnapshot" time="20.994"/>
  <system-out>
<br/> <img src=" E:\Automation\Navigator/Screenshots/ScreenshotsSuccess/MQSCSnapshot.png" alt="""/" />  </system-out>
  <testcase classname="ApodGUI.QueuesViewlet" name="SaveMQSCSnapshot" time="27.314"/>
  <system-out>
<br/> <img src=" E:\Automation\Navigator/Screenshots/ScreenshotsSuccess/SaveMQSCSnapshot.png" alt="""/" />  </system-out>
  <testcase classname="ApodGUI.QueuesViewlet" name="QueueProperties" time="26.485"/>
  <system-out>
<br/> <img src=" E:\Automation\Navigator/Screenshots/ScreenshotsSuccess/QueueProperties.png" alt="""/" />  </system-out>
  <testcase classname="ApodGUI.QueuesViewlet" name="QueueEvents" time="65.791"/>
  <system-out>
<br/> <img src=" E:\Automation\Navigator/Screenshots/ScreenshotsSuccess/QueueEvents.png" alt="""/" />  </system-out>
  <testcase classname="ApodGUI.QueuesViewlet" name="AddToFavoriteViewlet" time="56.290"/>
  <system-out>
<br/> <img src=" E:\Automation\Navigator/Screenshots/ScreenshotsSuccess/AddToFavoriteViewlet.png" alt="""/" />  </system-out>
  <testcase classname="ApodGUI.QueuesViewlet" name="CompareQueues" time="26.183"/>
  <system-out>
<br/> <img src=" E:\Automation\Navigator/Screenshots/ScreenshotsSuccess/CompareQueues.png" alt="""/" />  </system-out>
  <testcase classname="ApodGUI.QueuesViewlet" name="CheckDifferencesForQueues" time="23.575"/>
  <system-out>
<br/> <img src=" E:\Automation\Navigator/Screenshots/ScreenshotsSuccess/CheckDifferencesForQueues.png" alt="""/" />  </system-out>
  <testcase classname="ApodGUI.QueuesViewlet" name="ShowQueueStatusForMultipleQueues" time="26.824"/>
  <system-out>
<br/> <img src=" E:\Automation\Navigator/Screenshots/ScreenshotsSuccess/ShowQueueStatusForMultipleQueues.png" alt="""/" />  </system-out>
  <testcase classname="ApodGUI.QueuesViewlet" name="AddQueueFromPlusIcon" time="58.171"/>
  <system-out>
<br/> <img src=" E:\Automation\Navigator/Screenshots/ScreenshotsSuccess/AddQueueFromPlusIcon.png" alt="""/" />  </system-out>
  <testcase classname="ApodGUI.QueuesViewlet" name="CopyAsForMultipleQueues" time="76.644"/>
  <system-out>
<br/> <img src=" E:\Automation\Navigator/Screenshots/ScreenshotsSuccess/CopyAsForMultipleQueues.png" alt="""/" />  </system-out>
  <testcase classname="ApodGUI.QueuesViewlet" name="RenameForMultipleQueues" time="85.527"/>
  <system-out>
<br/> <img src=" E:\Automation\Navigator/Screenshots/ScreenshotsSuccess/RenameForMultipleQueues.png" alt="""/" />  </system-out>
  <testcase classname="ApodGUI.QueuesViewlet" name="DeleteMultipleQueues" time="55.856"/>
  <system-out>
<br/> <img src=" E:\Automation\Navigator/Screenshots/ScreenshotsSuccess/DeleteMultipleQueues.png" alt="""/" />  </system-out>
  <testcase classname="ApodGUI.QueuesViewlet" name="MultipleQueueProperties" time="77.079"/>
  <system-out>
<br/> <img src=" E:\Automation\Navigator/Screenshots/ScreenshotsSuccess/MultipleQueueProperties.png" alt="""/" />  </system-out>
  <testcase classname="ApodGUI.QueuesViewlet" name="AddToFavoriteForMultipleQueues" time="36.352"/>
  <system-out>
<br/> <img src=" E:\Automation\Navigator/Screenshots/ScreenshotsSuccess/AddToFavoriteForMultipleQueues.png" alt="""/" />  </system-out>
  <testcase classname="ApodGUI.QueuesViewlet" name="SearchFilter" time="6.635"/>
  <system-out>
<br/> <img src=" E:\Automation\Navigator/Screenshots/ScreenshotsSuccess/SearchFilter.png" alt="""/" />  </system-out>
  <testcase classname="ApodGUI.QueuesViewlet" name="ShowObjectAttributesForQueues" time="32.436">
    <error message="no such element: Unable to locate element: {&quot;method&quot;:&quot;css selector&quot;,&quot;selector&quot;:&quot;#Objects\ verification\ failed&quot;}
  (Session info: chrome=109.0.5414.75)
For documentation on this error, please visit: https://selenium.dev/exceptions/#no_such_element
Build info: version: &#039;4.1.3&#039;, revision: &#039;7b1ebf28ef&#039;
System info: host: &#039;DESKTOP-K4AEKHO&#039;, ip: &#039;172.16.31.142&#039;, os.name: &#039;Windows 10&#039;, os.arch: &#039;amd64&#039;, os.version: &#039;10.0&#039;, java.version: &#039;11.0.16&#039;
Driver info: org.openqa.selenium.chrome.ChromeDriver
Command: [fe22a8ac96ce9658fcc663fdc582b008, findElement {using=id, value=Objects verification failed}]
Capabilities {acceptInsecureCerts: false, browserName: chrome, browserVersion: 109.0.5414.75, chrome: {chromedriverVersion: 108.0.5359.71 (1e0e3868ee06..., userDataDir: C:\Users\Lenovo\AppData\Loc...}, goog:chromeOptions: {debuggerAddress: localhost:49906}, javascriptEnabled: true, networkConnectionEnabled: false, pageLoadStrategy: normal, platform: WINDOWS, platformName: WINDOWS, proxy: Proxy(), se:cdp: ws://localhost:49906/devtoo..., se:cdpVersion: 109.0.5414.75, setWindowRect: true, strictFileInteractability: false, timeouts: {implicit: 0, pageLoad: 300000, script: 30000}, unhandledPromptBehavior: dismiss and notify, webauthn:extension:credBlob: true, webauthn:extension:largeBlob: true, webauthn:virtualAuthenticators: true}
Session ID: fe22a8ac96ce9658fcc663fdc582b008" type="org.openqa.selenium.NoSuchElementException">
      <![CDATA[org.openqa.selenium.NoSuchElementException: no such element: Unable to locate element: {"method":"css selector","selector":"#Objects\ verification\ failed"}
  (Session info: chrome=109.0.5414.75)
For documentation on this error, please visit: https://selenium.dev/exceptions/#no_such_element
Build info: version: '4.1.3', revision: '7b1ebf28ef'
System info: host: 'DESKTOP-K4AEKHO', ip: '172.16.31.142', os.name: 'Windows 10', os.arch: 'amd64', os.version: '10.0', java.version: '11.0.16'
Driver info: org.openqa.selenium.chrome.ChromeDriver
Command: [fe22a8ac96ce9658fcc663fdc582b008, findElement {using=id, value=Objects verification failed}]
Capabilities {acceptInsecureCerts: false, browserName: chrome, browserVersion: 109.0.5414.75, chrome: {chromedriverVersion: 108.0.5359.71 (1e0e3868ee06..., userDataDir: C:\Users\Lenovo\AppData\Loc...}, goog:chromeOptions: {debuggerAddress: localhost:49906}, javascriptEnabled: true, networkConnectionEnabled: false, pageLoadStrategy: normal, platform: WINDOWS, platformName: WINDOWS, proxy: Proxy(), se:cdp: ws://localhost:49906/devtoo..., se:cdpVersion: 109.0.5414.75, setWindowRect: true, strictFileInteractability: false, timeouts: {implicit: 0, pageLoad: 300000, script: 30000}, unhandledPromptBehavior: dismiss and notify, webauthn:extension:credBlob: true, webauthn:extension:largeBlob: true, webauthn:virtualAuthenticators: true}
Session ID: fe22a8ac96ce9658fcc663fdc582b008
at java.base/jdk.internal.reflect.NativeConstructorAccessorImpl.newInstance0(Native Method)
at java.base/jdk.internal.reflect.NativeConstructorAccessorImpl.newInstance(NativeConstructorAccessorImpl.java:62)
at java.base/jdk.internal.reflect.DelegatingConstructorAccessorImpl.newInstance(DelegatingConstructorAccessorImpl.java:45)
at java.base/java.lang.reflect.Constructor.newInstance(Constructor.java:490)
at org.openqa.selenium.remote.codec.w3c.W3CHttpResponseCodec.createException(W3CHttpResponseCodec.java:200)
at org.openqa.selenium.remote.codec.w3c.W3CHttpResponseCodec.decode(W3CHttpResponseCodec.java:133)
at org.openqa.selenium.remote.codec.w3c.W3CHttpResponseCodec.decode(W3CHttpResponseCodec.java:53)
at org.openqa.selenium.remote.HttpCommandExecutor.execute(HttpCommandExecutor.java:184)
at org.openqa.selenium.remote.service.DriverCommandExecutor.invokeExecute(DriverCommandExecutor.java:167)
at org.openqa.selenium.remote.service.DriverCommandExecutor.execute(DriverCommandExecutor.java:142)
at org.openqa.selenium.remote.RemoteWebDriver.execute(RemoteWebDriver.java:567)
at org.openqa.selenium.remote.ElementLocation$ElementFinder$2.findElement(ElementLocation.java:162)
at org.openqa.selenium.remote.ElementLocation.findElement(ElementLocation.java:60)
at org.openqa.selenium.remote.RemoteWebDriver.findElement(RemoteWebDriver.java:385)
at org.openqa.selenium.remote.RemoteWebDriver.findElement(RemoteWebDriver.java:377)
at ApodGUI.QueuesViewlet.ShowObjectAttributesForQueues(QueuesViewlet.java:278)
at java.base/jdk.internal.reflect.NativeMethodAccessorImpl.invoke0(Native Method)
at java.base/jdk.internal.reflect.NativeMethodAccessorImpl.invoke(NativeMethodAccessorImpl.java:62)
at java.base/jdk.internal.reflect.DelegatingMethodAccessorImpl.invoke(DelegatingMethodAccessorImpl.java:43)
at java.base/java.lang.reflect.Method.invoke(Method.java:566)
at org.testng.internal.MethodInvocationHelper.invokeMethod(MethodInvocationHelper.java:132)
at org.testng.internal.TestInvoker.invokeMethod(TestInvoker.java:599)
at org.testng.internal.TestInvoker.invokeTestMethod(TestInvoker.java:174)
at org.testng.internal.MethodRunner.runInSequence(MethodRunner.java:46)
at org.testng.internal.TestInvoker$MethodInvocationAgent.invoke(TestInvoker.java:822)
at org.testng.internal.TestInvoker.invokeTestMethods(TestInvoker.java:147)
at org.testng.internal.TestMethodWorker.invokeTestMethods(TestMethodWorker.java:146)
at org.testng.internal.TestMethodWorker.run(TestMethodWorker.java:128)
at java.base/java.util.ArrayList.forEach(ArrayList.java:1541)
at org.testng.TestRunner.privateRun(TestRunner.java:764)
at org.testng.TestRunner.run(TestRunner.java:585)
at org.testng.SuiteRunner.runTest(SuiteRunner.java:384)
at org.testng.SuiteRunner.runSequentially(SuiteRunner.java:378)
at org.testng.SuiteRunner.privateRun(SuiteRunner.java:337)
at org.testng.SuiteRunner.run(SuiteRunner.java:286)
at org.testng.SuiteRunnerWorker.runSuite(SuiteRunnerWorker.java:53)
at org.testng.SuiteRunnerWorker.run(SuiteRunnerWorker.java:96)
at org.testng.TestNG.runSuitesSequentially(TestNG.java:1218)
at org.testng.TestNG.runSuitesLocally(TestNG.java:1140)
at org.testng.TestNG.runSuites(TestNG.java:1069)
at org.testng.TestNG.run(TestNG.java:1037)
at org.testng.remote.AbstractRemoteTestNG.run(AbstractRemoteTestNG.java:115)
at org.testng.remote.RemoteTestNG.initAndRun(RemoteTestNG.java:251)
at org.testng.remote.RemoteTestNG.main(RemoteTestNG.java:77)
]]>
    </error>
  </testcase> <!-- ShowObjectAttributesForQueues -->
  <system-out>
<br/>Failed to execute method: ShowObjectAttributesForQueues<br/> <br/> <img src=" E:\Automation\Navigator/Screenshots/ScreenshotsFailure/ShowObjectAttributesForQueues.png" alt="""/" />  </system-out>
  <testcase classname="ApodGUI.QueuesViewlet" name="Logout" time="2.215">
    <error message="element click intercepted: Element &lt;i _ngcontent-wgi-c4=&quot;&quot; class=&quot;fa fa-cog fa-lg&quot; title=&quot;User Settings&quot;&gt;&lt;/i&gt; is not clickable at point (1363, 21). Other element would receive the click: &lt;ngb-modal-window role=&quot;dialog&quot; tabindex=&quot;-1&quot; class=&quot;modal d-block w400 fade show&quot; aria-modal=&quot;true&quot;&gt;...&lt;/ngb-modal-window&gt;
  (Session info: chrome=109.0.5414.75)
Build info: version: &#039;4.1.3&#039;, revision: &#039;7b1ebf28ef&#039;
System info: host: &#039;DESKTOP-K4AEKHO&#039;, ip: &#039;172.16.31.142&#039;, os.name: &#039;Windows 10&#039;, os.arch: &#039;amd64&#039;, os.version: &#039;10.0&#039;, java.version: &#039;11.0.16&#039;
Driver info: org.openqa.selenium.chrome.ChromeDriver
Command: [fe22a8ac96ce9658fcc663fdc582b008, clickElement {id=0b160f05-efa6-43b6-97df-2402e2ca8347}]
Capabilities {acceptInsecureCerts: false, browserName: chrome, browserVersion: 109.0.5414.75, chrome: {chromedriverVersion: 108.0.5359.71 (1e0e3868ee06..., userDataDir: C:\Users\Lenovo\AppData\Loc...}, goog:chromeOptions: {debuggerAddress: localhost:49906}, javascriptEnabled: true, networkConnectionEnabled: false, pageLoadStrategy: normal, platform: WINDOWS, platformName: WINDOWS, proxy: Proxy(), se:cdp: ws://localhost:49906/devtoo..., se:cdpVersion: 109.0.5414.75, setWindowRect: true, strictFileInteractability: false, timeouts: {implicit: 0, pageLoad: 300000, script: 30000}, unhandledPromptBehavior: dismiss and notify, webauthn:extension:credBlob: true, webauthn:extension:largeBlob: true, webauthn:virtualAuthenticators: true}
Element: [[ChromeDriver: chrome on WINDOWS (fe22a8ac96ce9658fcc663fdc582b008)] -&gt; css selector: .fa-cog]
Session ID: fe22a8ac96ce9658fcc663fdc582b008" type="org.openqa.selenium.ElementClickInterceptedException">
      <![CDATA[org.openqa.selenium.ElementClickInterceptedException: element click intercepted: Element <i _ngcontent-wgi-c4="" class="fa fa-cog fa-lg" title="User Settings"></i> is not clickable at point (1363, 21). Other element would receive the click: <ngb-modal-window role="dialog" tabindex="-1" class="modal d-block w400 fade show" aria-modal="true">...</ngb-modal-window>
  (Session info: chrome=109.0.5414.75)
Build info: version: '4.1.3', revision: '7b1ebf28ef'
System info: host: 'DESKTOP-K4AEKHO', ip: '172.16.31.142', os.name: 'Windows 10', os.arch: 'amd64', os.version: '10.0', java.version: '11.0.16'
Driver info: org.openqa.selenium.chrome.ChromeDriver
Command: [fe22a8ac96ce9658fcc663fdc582b008, clickElement {id=0b160f05-efa6-43b6-97df-2402e2ca8347}]
Capabilities {acceptInsecureCerts: false, browserName: chrome, browserVersion: 109.0.5414.75, chrome: {chromedriverVersion: 108.0.5359.71 (1e0e3868ee06..., userDataDir: C:\Users\Lenovo\AppData\Loc...}, goog:chromeOptions: {debuggerAddress: localhost:49906}, javascriptEnabled: true, networkConnectionEnabled: false, pageLoadStrategy: normal, platform: WINDOWS, platformName: WINDOWS, proxy: Proxy(), se:cdp: ws://localhost:49906/devtoo..., se:cdpVersion: 109.0.5414.75, setWindowRect: true, strictFileInteractability: false, timeouts: {implicit: 0, pageLoad: 300000, script: 30000}, unhandledPromptBehavior: dismiss and notify, webauthn:extension:credBlob: true, webauthn:extension:largeBlob: true, webauthn:virtualAuthenticators: true}
Element: [[ChromeDriver: chrome on WINDOWS (fe22a8ac96ce9658fcc663fdc582b008)] -> css selector: .fa-cog]
Session ID: fe22a8ac96ce9658fcc663fdc582b008
at java.base/jdk.internal.reflect.NativeConstructorAccessorImpl.newInstance0(Native Method)
at java.base/jdk.internal.reflect.NativeConstructorAccessorImpl.newInstance(NativeConstructorAccessorImpl.java:62)
at java.base/jdk.internal.reflect.DelegatingConstructorAccessorImpl.newInstance(DelegatingConstructorAccessorImpl.java:45)
at java.base/java.lang.reflect.Constructor.newInstance(Constructor.java:490)
at org.openqa.selenium.remote.codec.w3c.W3CHttpResponseCodec.createException(W3CHttpResponseCodec.java:200)
at org.openqa.selenium.remote.codec.w3c.W3CHttpResponseCodec.decode(W3CHttpResponseCodec.java:133)
at org.openqa.selenium.remote.codec.w3c.W3CHttpResponseCodec.decode(W3CHttpResponseCodec.java:53)
at org.openqa.selenium.remote.HttpCommandExecutor.execute(HttpCommandExecutor.java:184)
at org.openqa.selenium.remote.service.DriverCommandExecutor.invokeExecute(DriverCommandExecutor.java:167)
at org.openqa.selenium.remote.service.DriverCommandExecutor.execute(DriverCommandExecutor.java:142)
at org.openqa.selenium.remote.RemoteWebDriver.execute(RemoteWebDriver.java:567)
at org.openqa.selenium.remote.RemoteWebElement.execute(RemoteWebElement.java:251)
at org.openqa.selenium.remote.RemoteWebElement.click(RemoteWebElement.java:77)
at ApodGUI.QueuesViewlet.Logout(QueuesViewlet.java:1891)
at java.base/jdk.internal.reflect.NativeMethodAccessorImpl.invoke0(Native Method)
at java.base/jdk.internal.reflect.NativeMethodAccessorImpl.invoke(NativeMethodAccessorImpl.java:62)
at java.base/jdk.internal.reflect.DelegatingMethodAccessorImpl.invoke(DelegatingMethodAccessorImpl.java:43)
at java.base/java.lang.reflect.Method.invoke(Method.java:566)
at org.testng.internal.MethodInvocationHelper.invokeMethod(MethodInvocationHelper.java:132)
at org.testng.internal.TestInvoker.invokeMethod(TestInvoker.java:599)
at org.testng.internal.TestInvoker.invokeTestMethod(TestInvoker.java:174)
at org.testng.internal.MethodRunner.runInSequence(MethodRunner.java:46)
at org.testng.internal.TestInvoker$MethodInvocationAgent.invoke(TestInvoker.java:822)
at org.testng.internal.TestInvoker.invokeTestMethods(TestInvoker.java:147)
at org.testng.internal.TestMethodWorker.invokeTestMethods(TestMethodWorker.java:146)
at org.testng.internal.TestMethodWorker.run(TestMethodWorker.java:128)
at java.base/java.util.ArrayList.forEach(ArrayList.java:1541)
at org.testng.TestRunner.privateRun(TestRunner.java:764)
at org.testng.TestRunner.run(TestRunner.java:585)
at org.testng.SuiteRunner.runTest(SuiteRunner.java:384)
at org.testng.SuiteRunner.runSequentially(SuiteRunner.java:378)
at org.testng.SuiteRunner.privateRun(SuiteRunner.java:337)
at org.testng.SuiteRunner.run(SuiteRunner.java:286)
at org.testng.SuiteRunnerWorker.runSuite(SuiteRunnerWorker.java:53)
at org.testng.SuiteRunnerWorker.run(SuiteRunnerWorker.java:96)
at org.testng.TestNG.runSuitesSequentially(TestNG.java:1218)
at org.testng.TestNG.runSuitesLocally(TestNG.java:1140)
at org.testng.TestNG.runSuites(TestNG.java:1069)
at org.testng.TestNG.run(TestNG.java:1037)
at org.testng.remote.AbstractRemoteTestNG.run(AbstractRemoteTestNG.java:115)
at org.testng.remote.RemoteTestNG.initAndRun(RemoteTestNG.java:251)
at org.testng.remote.RemoteTestNG.main(RemoteTestNG.java:77)
]]>
    </error>
  </testcase> <!-- Logout -->
  <system-out/>
</testsuite> <!-- ApodGUI.QueuesViewlet -->
