<?xml version="1.0" encoding="UTF-8"?>
<!-- Generated by org.testng.reporters.JUnitReportReporter -->
<testsuite hostname="DESKTOP-9QJNAOQ" failures="0" tests="7" name="KafkaGUI.KafkaNode" time="397.338" errors="0" timestamp="10 Mar 2022 09:55:57 GMT" skipped="0">
  <testcase classname="KafkaGUI.KafkaNode" name="Login" time="67.665"/>
  <testcase classname="KafkaGUI.KafkaNode" name="ShowTopology" time="54.706"/>
  <testcase classname="KafkaGUI.KafkaNode" name="Events" time="56.284"/>
  <testcase classname="KafkaGUI.KafkaNode" name="DiscoverNow" time="33.107"/>
  <testcase classname="KafkaGUI.KafkaNode" name="PropertiesOfNode" time="57.245"/>
  <testcase classname="KafkaGUI.KafkaNode" name="KafkaNodeShowObjectAttributes" time="98.114"/>
  <testcase classname="KafkaGUI.KafkaNode" name="Logout" time="30.217"/>
</testsuite> <!-- KafkaGUI.KafkaNode -->
