<?xml version="1.0" encoding="UTF-8"?>
<!-- Generated by org.testng.reporters.JUnitReportReporter -->
<testsuite hostname="DESKTOP-9QJNAOQ" failures="0" tests="4" name="ApodGUI.QueueProperties" time="443.527" errors="0" timestamp="28 Jul 2022 13:20:30 GMT" skipped="0">
  <testcase classname="ApodGUI.QueueProperties" name="Login" time="120.941"/>
  <testcase classname="ApodGUI.QueueProperties" name="MaximumQueueDepth" time="151.588"/>
  <testcase classname="ApodGUI.QueueProperties" name="MessageLength" time="142.277"/>
  <testcase classname="ApodGUI.QueueProperties" name="Logout" time="28.721"/>
</testsuite> <!-- ApodGUI.QueueProperties -->
