<?xml version="1.0" encoding="UTF-8"?>
<!-- Generated by org.testng.reporters.JUnitReportReporter -->
<testsuite skipped="0" hostname="LAPTOP-P3LD1OLC" name="ApodGUI.DashboardOptions" tests="8" failures="0" timestamp="01 Mar 2021 12:18:16 GMT" time="177.602" errors="0">
  <testcase name="Login" time="33.071" classname="ApodGUI.DashboardOptions"/>
  <testcase name="CreateWGSDashboard" time="27.816" classname="ApodGUI.DashboardOptions"/>
  <testcase name="CreateEMSDashboard" time="18.765" classname="ApodGUI.DashboardOptions"/>
  <testcase name="SetAsDeafaultOption" time="26.243" classname="ApodGUI.DashboardOptions"/>
  <testcase name="SetASDefaultTemplate" time="15.714" classname="ApodGUI.DashboardOptions"/>
  <testcase name="RenameDashboard" time="13.918" classname="ApodGUI.DashboardOptions"/>
  <testcase name="DeleteDashboard" time="14.252" classname="ApodGUI.DashboardOptions"/>
  <testcase name="Logout" time="27.823" classname="ApodGUI.DashboardOptions"/>
</testsuite> <!-- ApodGUI.DashboardOptions -->
