<?xml version="1.0" encoding="UTF-8"?>
<!-- Generated by org.testng.reporters.JUnitReportReporter -->
<testsuite hostname="DESKTOP-9QJNAOQ" failures="0" tests="4" name="NavigatorCore.AttributeFilterCondition" time="193.381" errors="0" timestamp="11 Feb 2022 13:44:31 GMT" skipped="0">
  <testcase classname="NavigatorCore.AttributeFilterCondition" name="Login" time="26.742"/>
  <testcase classname="NavigatorCore.AttributeFilterCondition" name="AddDashboard" time="70.851"/>
  <testcase classname="NavigatorCore.AttributeFilterCondition" name="AddAttributeFilterCondition" time="68.645"/>
  <testcase classname="NavigatorCore.AttributeFilterCondition" name="Logout" time="27.143"/>
</testsuite> <!-- NavigatorCore.AttributeFilterCondition -->
