<?xml version="1.0" encoding="UTF-8"?>
<!-- Generated by org.testng.reporters.JUnitReportReporter -->
<testsuite skipped="0" hostname="DESKTOP-9QJNAOQ" name="KafkaGUI.KafkaNode" tests="7" failures="0" timestamp="24 Jan 2022 11:51:35 GMT" time="389.107" errors="0">
  <testcase name="Login" time="59.110" classname="KafkaGUI.KafkaNode"/>
  <testcase name="ShowTopology" time="54.622" classname="KafkaGUI.KafkaNode"/>
  <testcase name="Events" time="56.898" classname="KafkaGUI.KafkaNode"/>
  <testcase name="DiscoverNow" time="33.704" classname="KafkaGUI.KafkaNode"/>
  <testcase name="PropertiesOfNode" time="57.954" classname="KafkaGUI.KafkaNode"/>
  <testcase name="KafkaNodeShowObjectAttributes" time="97.134" classname="KafkaGUI.KafkaNode"/>
  <testcase name="Logout" time="29.685" classname="KafkaGUI.KafkaNode"/>
</testsuite> <!-- KafkaGUI.KafkaNode -->
