<?xml version="1.0" encoding="UTF-8"?>
<!-- Generated by org.testng.reporters.JUnitReportReporter -->
<testsuite skipped="0" hostname="LAPTOP-P3LD1OLC" name="ApodGUI.NavigatorSettings" tests="11" failures="0" timestamp="01 Mar 2021 12:32:22 GMT" time="280.133" errors="0">
  <testcase name="Login" time="53.687" classname="ApodGUI.NavigatorSettings"/>
  <testcase name="ShowInActiveChannelsCheckbox" time="40.086" classname="ApodGUI.NavigatorSettings"/>
  <testcase name="ShowEmptyQueuesCheckbox" time="24.183" classname="ApodGUI.NavigatorSettings"/>
  <testcase name="ShowTemporaryDynamicQueues" time="25.603" classname="ApodGUI.NavigatorSettings"/>
  <testcase name="ShowFullNamesForFavoriteShortcuts" time="28.543" classname="ApodGUI.NavigatorSettings"/>
  <testcase name="ShowFullNamesForSearchResultsObjects" time="21.355" classname="ApodGUI.NavigatorSettings"/>
  <testcase name="ShowSystemObjectsOnly" time="19.438" classname="ApodGUI.NavigatorSettings"/>
  <testcase name="ShowObjectSearchresultsFromActiveManagersOnly" time="21.377" classname="ApodGUI.NavigatorSettings"/>
  <testcase name="ShowManagersForDefaultSchemas" time="21.143" classname="ApodGUI.NavigatorSettings"/>
  <testcase name="ShowLogoutWindow" time="14.393" classname="ApodGUI.NavigatorSettings"/>
  <testcase name="Logout" time="10.325" classname="ApodGUI.NavigatorSettings"/>
</testsuite> <!-- ApodGUI.NavigatorSettings -->
