<?xml version="1.0" encoding="UTF-8"?>
<!-- Generated by org.testng.reporters.JUnitReportReporter -->
<testsuite hostname="DESKTOP-K4AEKHO" failures="0" tests="10" name="NavigatorCore.DashboardOptions" time="307.709" errors="0" timestamp="2023-05-17T14:42:41 IST" skipped="0">
  <testcase classname="NavigatorCore.DashboardOptions" name="Login" time="49.114"/>
  <system-out>
<br/> <img src=" E:\Automation\Navigator/Screenshots/ScreenshotsSuccess/Login.png" alt="""/" />  </system-out>
  <testcase classname="NavigatorCore.DashboardOptions" name="CreateWGSDashboard" time="26.190"/>
  <system-out>
<br/> <img src=" E:\Automation\Navigator/Screenshots/ScreenshotsSuccess/CreateWGSDashboard.png" alt="""/" />  </system-out>
  <testcase classname="NavigatorCore.DashboardOptions" name="CreateEMSDashboard" time="23.278"/>
  <system-out>
<br/> <img src=" E:\Automation\Navigator/Screenshots/ScreenshotsSuccess/CreateEMSDashboard.png" alt="""/" />  </system-out>
  <testcase classname="NavigatorCore.DashboardOptions" name="SetAsDeafaultOption" time="53.463"/>
  <system-out>
<br/> <img src=" E:\Automation\Navigator/Screenshots/ScreenshotsSuccess/SetAsDeafaultOption.png" alt="""/" />  </system-out>
  <testcase classname="NavigatorCore.DashboardOptions" name="SetASDefaultTemplate" time="19.615"/>
  <system-out>
<br/> <img src=" E:\Automation\Navigator/Screenshots/ScreenshotsSuccess/SetASDefaultTemplate.png" alt="""/" />  </system-out>
  <testcase classname="NavigatorCore.DashboardOptions" name="RenameDashboard" time="24.037"/>
  <system-out>
<br/> <img src=" E:\Automation\Navigator/Screenshots/ScreenshotsSuccess/RenameDashboard.png" alt="""/" />  </system-out>
  <testcase classname="NavigatorCore.DashboardOptions" name="DeleteDashboardUsingCrossIcon" time="23.575"/>
  <system-out>
<br/> <img src=" E:\Automation\Navigator/Screenshots/ScreenshotsSuccess/DeleteDashboardUsingCrossIcon.png" alt="""/" />  </system-out>
  <testcase classname="NavigatorCore.DashboardOptions" name="DeleteDashboardUsingDeleteOption" time="25.291"/>
  <system-out>
<br/> <img src=" E:\Automation\Navigator/Screenshots/ScreenshotsSuccess/DeleteDashboardUsingDeleteOption.png" alt="""/" />  </system-out>
  <testcase classname="NavigatorCore.DashboardOptions" name="RemoveDashboardUsingOption" time="35.849"/>
  <system-out>
<br/> <img src=" E:\Automation\Navigator/Screenshots/ScreenshotsSuccess/RemoveDashboardUsingOption.png" alt="""/" />  </system-out>
  <testcase classname="NavigatorCore.DashboardOptions" name="Logout" time="27.297"/>
  <system-out/>
</testsuite> <!-- NavigatorCore.DashboardOptions -->
