<?xml version="1.0" encoding="UTF-8"?>
<!-- Generated by org.testng.reporters.JUnitReportReporter -->
<testsuite hostname="DESKTOP-K4AEKHO" failures="0" tests="6" name="ApodGUI.QueueProperties" time="921.271" errors="0" timestamp="2023-01-30T11:54:18 IST" skipped="0">
  <testcase classname="ApodGUI.QueueProperties" name="Login" time="152.869"/>
  <system-out>
<br/> <img src=" E:\Automation\Navigator/Screenshots/ScreenshotsSuccess/Login.png" alt="""/" />  </system-out>
  <testcase classname="ApodGUI.QueueProperties" name="PutMessageInInhibitedQueue" time="137.207"/>
  <system-out>
<br/> <img src=" E:\Automation\Navigator/Screenshots/ScreenshotsSuccess/PutMessageInInhibitedQueue.png" alt="""/" />  </system-out>
  <testcase classname="ApodGUI.QueueProperties" name="GetMessageFromInhibitedQueue" time="130.847"/>
  <system-out>
<br/> <img src=" E:\Automation\Navigator/Screenshots/ScreenshotsSuccess/GetMessageFromInhibitedQueue.png" alt="""/" />  </system-out>
  <testcase classname="ApodGUI.QueueProperties" name="MaximumQueueDepth" time="235.630"/>
  <system-out>
<br/> <img src=" E:\Automation\Navigator/Screenshots/ScreenshotsSuccess/MaximumQueueDepth.png" alt="""/" />  </system-out>
  <testcase classname="ApodGUI.QueueProperties" name="MessageLength" time="237.301"/>
  <system-out>
<br/> <img src=" E:\Automation\Navigator/Screenshots/ScreenshotsSuccess/MessageLength.png" alt="""/" />  </system-out>
  <testcase classname="ApodGUI.QueueProperties" name="Logout" time="27.417"/>
  <system-out/>
</testsuite> <!-- ApodGUI.QueueProperties -->
