<?xml version="1.0" encoding="UTF-8"?>
<!-- Generated by org.testng.reporters.JUnitReportReporter -->
<testsuite hostname="DESKTOP-9QJNAOQ" failures="0" tests="14" name="EMS.EMSQueueMessages" time="856.141" errors="0" timestamp="16 Mar 2022 09:28:29 GMT" skipped="0">
  <testcase classname="EMS.EMSQueueMessages" name="Login" time="112.825"/>
  <testcase classname="EMS.EMSQueueMessages" name="PutNewMessageIntoQueue" time="44.367"/>
  <testcase classname="EMS.EMSQueueMessages" name="LoadFromFileUsingYesbutton" time="65.320"/>
  <testcase classname="EMS.EMSQueueMessages" name="LoadFromFileUsingConfigurebuttonWithSingleMessage" time="70.429"/>
  <testcase classname="EMS.EMSQueueMessages" name="LoadFromFileUsingConfigurebuttonWithMultipleMessages" time="64.419"/>
  <testcase classname="EMS.EMSQueueMessages" name="ExportAllMessages" time="43.159"/>
  <testcase classname="EMS.EMSQueueMessages" name="CopyAllMessagesFromOneQueueToAnotherQueue" time="77.265"/>
  <testcase classname="EMS.EMSQueueMessages" name="MoveAllMessagesFromOneQueueToAnotherQueue" time="88.334"/>
  <testcase classname="EMS.EMSQueueMessages" name="DeleteAllMessagesFromQueue" time="56.605"/>
  <testcase classname="EMS.EMSQueueMessages" name="ClearAllMessagesFromQueue" time="35.518"/>
  <testcase classname="EMS.EMSQueueMessages" name="PutMessageUsingJsonFile" time="57.879"/>
  <testcase classname="EMS.EMSQueueMessages" name="PutMessageUsingXMLFile" time="60.751"/>
  <testcase classname="EMS.EMSQueueMessages" name="PutHexMessageIntoQueue" time="52.253"/>
  <testcase classname="EMS.EMSQueueMessages" name="Logout" time="27.017"/>
</testsuite> <!-- EMS.EMSQueueMessages -->
