<?xml version="1.0" encoding="UTF-8"?>
<!-- Generated by org.testng.reporters.JUnitReportReporter -->
<testsuite hostname="DESKTOP-9QJNAOQ" failures="0" tests="21" name="EMS.EMSManagerViewlet" time="802.410" errors="0" timestamp="13 May 2022 07:26:44 GMT" skipped="0">
  <testcase classname="EMS.EMSManagerViewlet" name="Login" time="97.184"/>
  <testcase classname="EMS.EMSManagerViewlet" name="EMSMQSCConsoleCommandOption" time="37.088"/>
  <testcase classname="EMS.EMSManagerViewlet" name="SaveMQSCConsoleResponceData" time="6.490"/>
  <testcase classname="EMS.EMSManagerViewlet" name="ClearMQSCConsoleResponceData" time="5.407"/>
  <testcase classname="EMS.EMSManagerViewlet" name="ApplyEMSScript" time="35.933"/>
  <testcase classname="EMS.EMSManagerViewlet" name="SaveEMSScriptResults" time="8.438"/>
  <testcase classname="EMS.EMSManagerViewlet" name="ClearEMSScriptResults" time="9.191"/>
  <testcase classname="EMS.EMSManagerViewlet" name="CreateUserGroup" time="50.258"/>
  <testcase classname="EMS.EMSManagerViewlet" name="EditUserGroup" time="44.788"/>
  <testcase classname="EMS.EMSManagerViewlet" name="DeleteUserGroup" time="32.958"/>
  <testcase classname="EMS.EMSManagerViewlet" name="CreateUser" time="35.207"/>
  <testcase classname="EMS.EMSManagerViewlet" name="EditUser" time="48.126"/>
  <testcase classname="EMS.EMSManagerViewlet" name="DeleteUser" time="22.622"/>
  <testcase classname="EMS.EMSManagerViewlet" name="AddQueueACLToUser" time="45.552"/>
  <testcase classname="EMS.EMSManagerViewlet" name="AddTopicACLToUser" time="39.009"/>
  <testcase classname="EMS.EMSManagerViewlet" name="ResetButtonInACLs" time="25.143"/>
  <testcase classname="EMS.EMSManagerViewlet" name="SaveButtonInACLs" time="44.045"/>
  <testcase classname="EMS.EMSManagerViewlet" name="EMSManagerProperties" time="28.886"/>
  <testcase classname="EMS.EMSManagerViewlet" name="AddToFavorites" time="47.647"/>
  <testcase classname="EMS.EMSManagerViewlet" name="ShowObjectAttributes" time="108.297"/>
  <testcase classname="EMS.EMSManagerViewlet" name="Logout" time="30.141"/>
</testsuite> <!-- EMS.EMSManagerViewlet -->
