<?xml version="1.0" encoding="UTF-8"?>
<!-- Generated by org.testng.reporters.JUnitReportReporter -->
<testsuite hostname="DESKTOP-9QJNAOQ" failures="0" tests="3" name="ApodGUI.WorkgroupServer" time="96.309" errors="0" timestamp="07 Feb 2022 07:54:28 GMT" skipped="0">
  <testcase classname="ApodGUI.WorkgroupServer" name="Login" time="32.732"/>
  <testcase classname="ApodGUI.WorkgroupServer" name="AddNode" time="36.002"/>
  <testcase classname="ApodGUI.WorkgroupServer" name="Logout" time="27.575"/>
</testsuite> <!-- ApodGUI.WorkgroupServer -->
