<?xml version="1.0" encoding="UTF-8"?>
<!-- Generated by org.testng.reporters.JUnitReportReporter -->
<testsuite skipped="0" hostname="DESKTOP-9QJNAOQ" name="NavigatorCore.CloseConsoleTabs" tests="4" failures="0" timestamp="21 Jan 2022 12:55:18 GMT" time="146.121" errors="0">
  <testcase name="Login" time="84.759" classname="NavigatorCore.CloseConsoleTabs"/>
  <testcase name="CloseOtherConsole" time="20.254" classname="NavigatorCore.CloseConsoleTabs"/>
  <testcase name="CloseAllConsole" time="12.883" classname="NavigatorCore.CloseConsoleTabs"/>
  <testcase name="Logout" time="28.225" classname="NavigatorCore.CloseConsoleTabs"/>
</testsuite> <!-- NavigatorCore.CloseConsoleTabs -->
