<?xml version="1.0" encoding="UTF-8"?>
<!-- Generated by org.testng.reporters.JUnitReportReporter -->
<testsuite hostname="DESKTOP-K4AEKHO" failures="0" tests="13" name="NavigatorCore.AddSchemaToTheViewlet" time="491.412" errors="0" timestamp="2023-06-26T12:34:19 IST" skipped="0">
  <testcase classname="NavigatorCore.AddSchemaToTheViewlet" name="Login" time="31.533"/>
  <system-out>
<br/> <img src=" E:\Automation\Navigator/Screenshots/ScreenshotsSuccess/Login.png" alt="""/" />  </system-out>
  <testcase classname="NavigatorCore.AddSchemaToTheViewlet" name="AddNewDashboard" time="69.151"/>
  <system-out>
<br/> <img src=" E:\Automation\Navigator/Screenshots/ScreenshotsSuccess/AddNewDashboard.png" alt="""/" />  </system-out>
  <testcase classname="NavigatorCore.AddSchemaToTheViewlet" name="AddSchema" time="98.788"/>
  <system-out>
<br/> <img src=" E:\Automation\Navigator/Screenshots/ScreenshotsSuccess/AddSchema.png" alt="""/" />  </system-out>
  <testcase classname="NavigatorCore.AddSchemaToTheViewlet" name="DeleteSchema" time="49.495"/>
  <system-out>
<br/> <img src=" E:\Automation\Navigator/Screenshots/ScreenshotsSuccess/DeleteSchema.png" alt="""/" />  </system-out>
  <testcase classname="NavigatorCore.AddSchemaToTheViewlet" name="AddAllAttributesButton" time="24.678"/>
  <system-out>
<br/> <img src=" E:\Automation\Navigator/Screenshots/ScreenshotsSuccess/AddAllAttributesButton.png" alt="""/" />  </system-out>
  <testcase classname="NavigatorCore.AddSchemaToTheViewlet" name="RemoveAllAttributesButton" time="17.213"/>
  <system-out>
<br/> <img src=" E:\Automation\Navigator/Screenshots/ScreenshotsSuccess/RemoveAllAttributesButton.png" alt="""/" />  </system-out>
  <testcase classname="NavigatorCore.AddSchemaToTheViewlet" name="AddAttributesButton" time="17.449"/>
  <system-out>
<br/> <img src=" E:\Automation\Navigator/Screenshots/ScreenshotsSuccess/AddAttributesButton.png" alt="""/" />  </system-out>
  <testcase classname="NavigatorCore.AddSchemaToTheViewlet" name="RemoveAttributeButton" time="38.331"/>
  <system-out>
<br/> <img src=" E:\Automation\Navigator/Screenshots/ScreenshotsSuccess/RemoveAttributeButton.png" alt="""/" />  </system-out>
  <testcase classname="NavigatorCore.AddSchemaToTheViewlet" name="MoveToTopButton" time="26.437"/>
  <system-out>
<br/> <img src=" E:\Automation\Navigator/Screenshots/ScreenshotsSuccess/MoveToTopButton.png" alt="""/" />  </system-out>
  <testcase classname="NavigatorCore.AddSchemaToTheViewlet" name="MoveToBottomButton" time="23.407"/>
  <system-out>
<br/> <img src=" E:\Automation\Navigator/Screenshots/ScreenshotsSuccess/MoveToBottomButton.png" alt="""/" />  </system-out>
  <testcase classname="NavigatorCore.AddSchemaToTheViewlet" name="MoveUpButton" time="18.192"/>
  <system-out>
<br/> <img src=" E:\Automation\Navigator/Screenshots/ScreenshotsSuccess/MoveUpButton.png" alt="""/" />  </system-out>
  <testcase classname="NavigatorCore.AddSchemaToTheViewlet" name="MoveDownButton" time="32.232"/>
  <system-out>
<br/> <img src=" E:\Automation\Navigator/Screenshots/ScreenshotsSuccess/MoveDownButton.png" alt="""/" />  </system-out>
  <testcase classname="NavigatorCore.AddSchemaToTheViewlet" name="Logout" time="44.506"/>
  <system-out/>
</testsuite> <!-- NavigatorCore.AddSchemaToTheViewlet -->
