<?xml version="1.0" encoding="UTF-8"?>
<!-- Generated by org.testng.reporters.JUnitReportReporter -->
<testsuite skipped="0" hostname="DESKTOP-9QJNAOQ" name="ApodGUI.AuthorizationInfoViewlet" tests="4" failures="0" timestamp="20 Oct 2021 06:57:20 GMT" time="176.779" errors="0">
  <testcase name="Login" time="41.293" classname="ApodGUI.AuthorizationInfoViewlet"/>
  <testcase name="AddAuthInfoViewlet" time="46.098" classname="ApodGUI.AuthorizationInfoViewlet"/>
  <testcase name="ShowObjectAttributesForAuthInfo" time="62.348" classname="ApodGUI.AuthorizationInfoViewlet"/>
  <testcase name="Logout" time="27.040" classname="ApodGUI.AuthorizationInfoViewlet"/>
</testsuite> <!-- ApodGUI.AuthorizationInfoViewlet -->
