<?xml version="1.0" encoding="UTF-8"?>
<!-- Generated by org.testng.reporters.JUnitReportReporter -->
<testsuite hostname="DESKTOP-9QJNAOQ" failures="0" tests="12" name="ApodGUI.NodeViewlet" time="799.166" errors="0" timestamp="11 Mar 2022 13:06:16 GMT" skipped="0">
  <testcase classname="ApodGUI.NodeViewlet" name="Login" time="95.356"/>
  <testcase classname="ApodGUI.NodeViewlet" name="ShowTopology" time="33.652"/>
  <testcase classname="ApodGUI.NodeViewlet" name="NodeEvents" time="54.438"/>
  <testcase classname="ApodGUI.NodeViewlet" name="ManageAndUnmanageNode" time="36.968"/>
  <testcase classname="ApodGUI.NodeViewlet" name="DiscoverNow" time="39.204"/>
  <testcase classname="ApodGUI.NodeViewlet" name="PropertiesOfNode" time="67.013"/>
  <testcase classname="ApodGUI.NodeViewlet" name="CreateNodeUsingIcon" time="50.929"/>
  <testcase classname="ApodGUI.NodeViewlet" name="DeleteNode" time="50.700"/>
  <testcase classname="ApodGUI.NodeViewlet" name="CreateQueueManagerFromNodeViewletOptions" time="83.082"/>
  <testcase classname="ApodGUI.NodeViewlet" name="SearchFilter" time="23.999"/>
  <testcase classname="ApodGUI.NodeViewlet" name="ShowObjectAttributesforNode" time="236.820"/>
  <testcase classname="ApodGUI.NodeViewlet" name="Logout" time="27.005"/>
</testsuite> <!-- ApodGUI.NodeViewlet -->
