<?xml version="1.0" encoding="UTF-8"?>
<!-- Generated by org.testng.reporters.JUnitReportReporter -->
<testsuite hostname="DESKTOP-9QJNAOQ" failures="0" tests="6" name="ApodGUI.QueueProperties" time="550.433" errors="0" timestamp="16 May 2022 11:07:24 GMT" skipped="0">
  <testcase classname="ApodGUI.QueueProperties" name="Login" time="106.196"/>
  <testcase classname="ApodGUI.QueueProperties" name="PutMessageInInhibitedQueue" time="72.698"/>
  <testcase classname="ApodGUI.QueueProperties" name="GetMessageFromInhibitedQueue" time="80.668"/>
  <testcase classname="ApodGUI.QueueProperties" name="MaximumQueueDepth" time="133.050"/>
  <testcase classname="ApodGUI.QueueProperties" name="MessageLength" time="127.849"/>
  <testcase classname="ApodGUI.QueueProperties" name="Logout" time="29.972"/>
</testsuite> <!-- ApodGUI.QueueProperties -->
