<?xml version="1.0" encoding="UTF-8"?>
<!-- Generated by org.testng.reporters.JUnitReportReporter -->
<testsuite skipped="0" hostname="DESKTOP-9QJNAOQ" name="ApodGUI.ServiceViewlet" tests="4" failures="0" timestamp="20 Oct 2021 06:53:47 GMT" time="268.284" errors="0">
  <testcase name="Login" time="43.924" classname="ApodGUI.ServiceViewlet"/>
  <testcase name="AddServiceViewlet" time="37.296" classname="ApodGUI.ServiceViewlet"/>
  <testcase name="ShowObjectAttributesForService" time="156.302" classname="ApodGUI.ServiceViewlet"/>
  <testcase name="Logout" time="30.762" classname="ApodGUI.ServiceViewlet"/>
</testsuite> <!-- ApodGUI.ServiceViewlet -->
