<?xml version="1.0" encoding="UTF-8"?>
<!-- Generated by org.testng.reporters.JUnitReportReporter -->
<testsuite hostname="DESKTOP-9QJNAOQ" failures="0" tests="3" name="KafkaGUI.KafkaBrokerViewlet" time="212.089" errors="0" timestamp="24 Jun 2022 10:00:14 GMT" skipped="0">
  <testcase classname="KafkaGUI.KafkaBrokerViewlet" name="Login" time="107.559"/>
  <testcase classname="KafkaGUI.KafkaBrokerViewlet" name="ShowObjectAttributes" time="74.679"/>
  <testcase classname="KafkaGUI.KafkaBrokerViewlet" name="Logout" time="29.851"/>
</testsuite> <!-- KafkaGUI.KafkaBrokerViewlet -->
