<?xml version="1.0" encoding="UTF-8"?>
<!-- Generated by org.testng.reporters.JUnitReportReporter -->
<testsuite hostname="DESKTOP-9QJNAOQ" failures="0" tests="6" name="NavigatorCore.UserView" time="287.890" errors="0" timestamp="08 Aug 2022 07:51:21 GMT" skipped="0">
  <testcase classname="NavigatorCore.UserView" name="Login" time="46.422"/>
  <testcase classname="NavigatorCore.UserView" name="AddUserView" time="56.360"/>
  <testcase classname="NavigatorCore.UserView" name="DefaultView" time="49.744"/>
  <testcase classname="NavigatorCore.UserView" name="UpdateUserView" time="54.678"/>
  <testcase classname="NavigatorCore.UserView" name="DeleteUserView" time="49.363"/>
  <testcase classname="NavigatorCore.UserView" name="Logout" time="31.323"/>
</testsuite> <!-- NavigatorCore.UserView -->
