<?xml version="1.0" encoding="UTF-8"?>
<!-- Generated by org.testng.reporters.JUnitReportReporter -->
<testsuite hostname="DESKTOP-9QJNAOQ" failures="0" tests="9" name="NavigatorCore.AddSchemaToTheViewlet" time="230.499" errors="0" timestamp="24 Feb 2022 07:33:16 GMT" skipped="0">
  <testcase classname="NavigatorCore.AddSchemaToTheViewlet" name="Login" time="48.684"/>
  <testcase classname="NavigatorCore.AddSchemaToTheViewlet" name="AddNewDashboard" time="58.526"/>
  <testcase classname="NavigatorCore.AddSchemaToTheViewlet" name="AddAllAttributesButton" time="19.016"/>
  <testcase classname="NavigatorCore.AddSchemaToTheViewlet" name="RemoveAllAttributesButton" time="12.825"/>
  <testcase classname="NavigatorCore.AddSchemaToTheViewlet" name="AddAttributesButton" time="12.750"/>
  <testcase classname="NavigatorCore.AddSchemaToTheViewlet" name="RemoveAttributeButton" time="27.926"/>
  <testcase classname="NavigatorCore.AddSchemaToTheViewlet" name="MoveToTopButton" time="3.115"/>
  <testcase classname="NavigatorCore.AddSchemaToTheViewlet" name="MoveToBottomButton" time="7.297"/>
  <testcase classname="NavigatorCore.AddSchemaToTheViewlet" name="Logout" time="40.360"/>
</testsuite> <!-- NavigatorCore.AddSchemaToTheViewlet -->
