<?xml version="1.0" encoding="UTF-8"?>
<!-- Generated by org.testng.reporters.JUnitReportReporter -->
<testsuite skipped="0" hostname="DESKTOP-9QJNAOQ" name="EMS.TransportViewlet" tests="7" failures="0" timestamp="21 Jan 2022 06:36:02 GMT" time="333.461" errors="0">
  <testcase name="Login" time="67.303" classname="EMS.TransportViewlet"/>
  <testcase name="AddTransportViewlet" time="37.963" classname="EMS.TransportViewlet"/>
  <testcase name="Properties" time="20.067" classname="EMS.TransportViewlet"/>
  <testcase name="TransportEvents" time="53.947" classname="EMS.TransportViewlet"/>
  <testcase name="AddToFavoriteViewlet" time="38.153" classname="EMS.TransportViewlet"/>
  <testcase name="ShowObjectAttributesForTransport" time="85.184" classname="EMS.TransportViewlet"/>
  <testcase name="Logout" time="30.844" classname="EMS.TransportViewlet"/>
</testsuite> <!-- EMS.TransportViewlet -->
