<?xml version="1.0" encoding="UTF-8"?>
<!-- Generated by org.testng.reporters.JUnitReportReporter -->
<testsuite skipped="0" hostname="LAPTOP-P3LD1OLC" name="ApodGUI.ViewletFilterOptions" tests="8" failures="0" timestamp="01 Mar 2021 12:07:35 GMT" time="293.760" errors="0">
  <testcase name="Login" time="103.748" classname="ApodGUI.ViewletFilterOptions"/>
  <testcase name="AdvancedViewletFiletercheckbox" time="24.642" classname="ApodGUI.ViewletFilterOptions"/>
  <testcase name="ManagerFilter" time="26.463" classname="ApodGUI.ViewletFilterOptions"/>
  <testcase name="ObjectFilter" time="19.393" classname="ApodGUI.ViewletFilterOptions"/>
  <testcase name="EmptyCheckboxFilter" time="34.349" classname="ApodGUI.ViewletFilterOptions"/>
  <testcase name="SystemCheckboxFilter" time="25.875" classname="ApodGUI.ViewletFilterOptions"/>
  <testcase name="ResultLimitFilter" time="12.882" classname="ApodGUI.ViewletFilterOptions"/>
  <testcase name="Logout" time="46.408" classname="ApodGUI.ViewletFilterOptions"/>
</testsuite> <!-- ApodGUI.ViewletFilterOptions -->
