<?xml version="1.0" encoding="UTF-8"?>
<!-- Generated by org.testng.reporters.JUnitReportReporter -->
<testsuite hostname="DESKTOP-K4AEKHO" failures="0" tests="20" name="ApodGUI.ListenerViewlet" time="1690.907" errors="0" timestamp="2023-07-24T18:03:00 IST" skipped="0">
  <testcase classname="ApodGUI.ListenerViewlet" name="Login" time="105.683"/>
  <system-out>
<br/> <img src=" E:\Automation\Navigator/Screenshots/ScreenshotsSuccess/Login.png" alt="""/" />  </system-out>
  <testcase classname="ApodGUI.ListenerViewlet" name="AddListenerViewlet" time="38.019"/>
  <system-out>
<br/> <img src=" E:\Automation\Navigator/Screenshots/ScreenshotsSuccess/AddListenerViewlet.png" alt="""/" />  </system-out>
  <testcase classname="ApodGUI.ListenerViewlet" name="CreateListener" time="87.263"/>
  <system-out>
<br/> <img src=" E:\Automation\Navigator/Screenshots/ScreenshotsSuccess/CreateListener.png" alt="""/" />  </system-out>
  <testcase classname="ApodGUI.ListenerViewlet" name="CopyAsFromCommands" time="120.476"/>
  <system-out>
<br/> <img src=" E:\Automation\Navigator/Screenshots/ScreenshotsSuccess/CopyAsFromCommands.png" alt="""/" />  </system-out>
  <testcase classname="ApodGUI.ListenerViewlet" name="RenameFromCommands" time="127.100"/>
  <system-out>
<br/> <img src=" E:\Automation\Navigator/Screenshots/ScreenshotsSuccess/RenameFromCommands.png" alt="""/" />  </system-out>
  <testcase classname="ApodGUI.ListenerViewlet" name="DeleteFromCommands" time="109.183"/>
  <system-out>
<br/> <img src=" E:\Automation\Navigator/Screenshots/ScreenshotsSuccess/DeleteFromCommands.png" alt="""/" />  </system-out>
  <testcase classname="ApodGUI.ListenerViewlet" name="MQSCSnapshot" time="21.437"/>
  <system-out>
<br/> <img src=" E:\Automation\Navigator/Screenshots/ScreenshotsSuccess/MQSCSnapshot.png" alt="""/" />  </system-out>
  <testcase classname="ApodGUI.ListenerViewlet" name="SaveListenerSnapshot" time="16.217"/>
  <system-out>
<br/> <img src=" E:\Automation\Navigator/Screenshots/ScreenshotsSuccess/SaveListenerSnapshot.png" alt="""/" />  </system-out>
  <testcase classname="ApodGUI.ListenerViewlet" name="ListenerProperties" time="49.579"/>
  <system-out>
<br/> <img src=" E:\Automation\Navigator/Screenshots/ScreenshotsSuccess/ListenerProperties.png" alt="""/" />  </system-out>
  <testcase classname="ApodGUI.ListenerViewlet" name="ListenerEvents" time="47.780"/>
  <system-out>
<br/> <img src=" E:\Automation\Navigator/Screenshots/ScreenshotsSuccess/ListenerEvents.png" alt="""/" />  </system-out>
  <testcase classname="ApodGUI.ListenerViewlet" name="AddToFavoriteViewlet" time="119.293"/>
  <system-out>
<br/> <img src=" E:\Automation\Navigator/Screenshots/ScreenshotsSuccess/AddToFavoriteViewlet.png" alt="""/" />  </system-out>
  <testcase classname="ApodGUI.ListenerViewlet" name="CompareListeners" time="27.999"/>
  <system-out>
<br/> <img src=" E:\Automation\Navigator/Screenshots/ScreenshotsSuccess/CompareListeners.png" alt="""/" />  </system-out>
  <testcase classname="ApodGUI.ListenerViewlet" name="CheckDifferencesForListeners" time="24.018"/>
  <system-out>
<br/> <img src=" E:\Automation\Navigator/Screenshots/ScreenshotsSuccess/CheckDifferencesForListeners.png" alt="""/" />  </system-out>
  <testcase classname="ApodGUI.ListenerViewlet" name="CreateListenerFromPlusIcon" time="232.668"/>
  <system-out>
<br/> <img src=" E:\Automation\Navigator/Screenshots/ScreenshotsSuccess/CreateListenerFromPlusIcon.png" alt="""/" />  </system-out>
  <testcase classname="ApodGUI.ListenerViewlet" name="CopyAsFromCommandsForMultiple" time="109.206"/>
  <system-out>
<br/> <img src=" E:\Automation\Navigator/Screenshots/ScreenshotsSuccess/CopyAsFromCommandsForMultiple.png" alt="""/" />  </system-out>
  <testcase classname="ApodGUI.ListenerViewlet" name="RenameFromCommandsForMultiple" time="118.706"/>
  <system-out>
<br/> <img src=" E:\Automation\Navigator/Screenshots/ScreenshotsSuccess/RenameFromCommandsForMultiple.png" alt="""/" />  </system-out>
  <testcase classname="ApodGUI.ListenerViewlet" name="DeleteFromCommandsForMultiple" time="104.078"/>
  <system-out>
<br/> <img src=" E:\Automation\Navigator/Screenshots/ScreenshotsSuccess/DeleteFromCommandsForMultiple.png" alt="""/" />  </system-out>
  <testcase classname="ApodGUI.ListenerViewlet" name="ListenerMultipleProperties" time="142.002"/>
  <system-out>
<br/> <img src=" E:\Automation\Navigator/Screenshots/ScreenshotsSuccess/ListenerMultipleProperties.png" alt="""/" />  </system-out>
  <testcase classname="ApodGUI.ListenerViewlet" name="AddToFavoriteForMultipleListeners" time="62.585"/>
  <system-out>
<br/> <img src=" E:\Automation\Navigator/Screenshots/ScreenshotsSuccess/AddToFavoriteForMultipleListeners.png" alt="""/" />  </system-out>
  <testcase classname="ApodGUI.ListenerViewlet" name="Logout" time="27.615"/>
  <system-out/>
</testsuite> <!-- ApodGUI.ListenerViewlet -->
