<?xml version="1.0" encoding="UTF-8"?>
<!-- Generated by org.testng.reporters.JUnitReportReporter -->
<testsuite hostname="DESKTOP-K4AEKHO" failures="0" tests="14" name="ApodGUI.QueuesInsideBrowseMessages" time="609.710" errors="0" timestamp="2023-01-20T13:50:08 IST" skipped="0">
  <testcase classname="ApodGUI.QueuesInsideBrowseMessages" name="Login" time="116.465"/>
  <system-out>
<br/> <img src=" E:\Automation\Navigator/Screenshots/ScreenshotsSuccess/Login.png" alt="""/" />  </system-out>
  <testcase classname="ApodGUI.QueuesInsideBrowseMessages" name="PutAMessageUsingPutNewIcon" time="24.110"/>
  <system-out>
<br/> <img src=" E:\Automation\Navigator/Screenshots/ScreenshotsSuccess/PutAMessageUsingPutNewIcon.png" alt="""/" />  </system-out>
  <testcase classname="ApodGUI.QueuesInsideBrowseMessages" name="DeleteMessageUsingDeleteIcon" time="19.764"/>
  <system-out>
<br/> <img src=" E:\Automation\Navigator/Screenshots/ScreenshotsSuccess/DeleteMessageUsingDeleteIcon.png" alt="""/" />  </system-out>
  <testcase classname="ApodGUI.QueuesInsideBrowseMessages" name="CopyMessageUsingCopyIcon" time="66.783"/>
  <system-out>
<br/> <img src=" E:\Automation\Navigator/Screenshots/ScreenshotsSuccess/CopyMessageUsingCopyIcon.png" alt="""/" />  </system-out>
  <testcase classname="ApodGUI.QueuesInsideBrowseMessages" name="MoveMessageUsingMoveIcon" time="63.692"/>
  <system-out>
<br/> <img src=" E:\Automation\Navigator/Screenshots/ScreenshotsSuccess/MoveMessageUsingMoveIcon.png" alt="""/" />  </system-out>
  <testcase classname="ApodGUI.QueuesInsideBrowseMessages" name="EditMessageUsingEditIcon" time="20.941"/>
  <system-out>
<br/> <img src=" E:\Automation\Navigator/Screenshots/ScreenshotsSuccess/EditMessageUsingEditIcon.png" alt="""/" />  </system-out>
  <testcase classname="ApodGUI.QueuesInsideBrowseMessages" name="LoadMessageFromFileUsingIcon" time="47.025"/>
  <system-out>
<br/> <img src=" E:\Automation\Navigator/Screenshots/ScreenshotsSuccess/LoadMessageFromFileUsingIcon.png" alt="""/" />  </system-out>
  <testcase classname="ApodGUI.QueuesInsideBrowseMessages" name="ExportSelectedMessageUsingExportIcon" time="33.170"/>
  <system-out>
<br/> <img src=" E:\Automation\Navigator/Screenshots/ScreenshotsSuccess/ExportSelectedMessageUsingExportIcon.png" alt="""/" />  </system-out>
  <testcase classname="ApodGUI.QueuesInsideBrowseMessages" name="ViewMessage" time="12.425"/>
  <system-out>
<br/> <img src=" E:\Automation\Navigator/Screenshots/ScreenshotsSuccess/ViewMessage.png" alt="""/" />  </system-out>
  <testcase classname="ApodGUI.QueuesInsideBrowseMessages" name="EditMessageUsingEditOption" time="24.593"/>
  <system-out>
<br/> <img src=" E:\Automation\Navigator/Screenshots/ScreenshotsSuccess/EditMessageUsingEditOption.png" alt="""/" />  </system-out>
  <testcase classname="ApodGUI.QueuesInsideBrowseMessages" name="DeleteMessageUsingDeleteOption" time="26.075"/>
  <system-out>
<br/> <img src=" E:\Automation\Navigator/Screenshots/ScreenshotsSuccess/DeleteMessageUsingDeleteOption.png" alt="""/" />  </system-out>
  <testcase classname="ApodGUI.QueuesInsideBrowseMessages" name="CopyMessageUsingCopyOption" time="60.759"/>
  <system-out>
<br/> <img src=" E:\Automation\Navigator/Screenshots/ScreenshotsSuccess/CopyMessageUsingCopyOption.png" alt="""/" />  </system-out>
  <testcase classname="ApodGUI.QueuesInsideBrowseMessages" name="MoveMessageUsingMoveOption" time="66.149"/>
  <system-out>
<br/> <img src=" E:\Automation\Navigator/Screenshots/ScreenshotsSuccess/MoveMessageUsingMoveOption.png" alt="""/" />  </system-out>
  <testcase classname="ApodGUI.QueuesInsideBrowseMessages" name="Logout" time="27.759"/>
  <system-out/>
</testsuite> <!-- ApodGUI.QueuesInsideBrowseMessages -->
