<?xml version="1.0" encoding="UTF-8"?>
<!-- Generated by org.testng.reporters.JUnitReportReporter -->
<testsuite hostname="DESKTOP-K4AEKHO" failures="0" tests="8" name="NavigatorCore.GlobalSettings" time="946.466" errors="0" timestamp="2023-06-26T13:46:11 IST" skipped="0">
  <testcase classname="NavigatorCore.GlobalSettings" name="Login" time="63.583"/>
  <system-out>
<br/> <img src=" E:\Automation\Navigator/Screenshots/ScreenshotsSuccess/Login.png" alt="""/" />  </system-out>
  <testcase classname="NavigatorCore.GlobalSettings" name="GlobalNotice" time="128.105"/>
  <system-out>
<br/> <img src=" E:\Automation\Navigator/Screenshots/ScreenshotsSuccess/GlobalNotice.png" alt="""/" />  </system-out>
  <testcase classname="NavigatorCore.GlobalSettings" name="EnvironmentLevel" time="159.189"/>
  <system-out>
<br/> <img src=" E:\Automation\Navigator/Screenshots/ScreenshotsSuccess/EnvironmentLevel.png" alt="""/" />  </system-out>
  <testcase classname="NavigatorCore.GlobalSettings" name="UpdateEnvironmentLevel" time="86.353"/>
  <system-out>
<br/> <img src=" E:\Automation\Navigator/Screenshots/ScreenshotsSuccess/UpdateEnvironmentLevel.png" alt="""/" />  </system-out>
  <testcase classname="NavigatorCore.GlobalSettings" name="DeleteEnvironmentLevel" time="63.001"/>
  <system-out>
<br/> <img src=" E:\Automation\Navigator/Screenshots/ScreenshotsSuccess/DeleteEnvironmentLevel.png" alt="""/" />  </system-out>
  <testcase classname="NavigatorCore.GlobalSettings" name="MinimumRefreshInterval" time="117.291"/>
  <system-out>
<br/> <img src=" E:\Automation\Navigator/Screenshots/ScreenshotsSuccess/MinimumRefreshInterval.png" alt="""/" />  </system-out>
  <testcase classname="NavigatorCore.GlobalSettings" name="DashboardOwnershipManagement" time="300.858"/>
  <system-out>
<br/> <img src=" E:\Automation\Navigator/Screenshots/ScreenshotsSuccess/DashboardOwnershipManagement.png" alt="""/" />  </system-out>
  <testcase classname="NavigatorCore.GlobalSettings" name="Logout" time="28.086"/>
  <system-out/>
</testsuite> <!-- NavigatorCore.GlobalSettings -->
