<?xml version="1.0" encoding="UTF-8"?>
<!-- Generated by org.testng.reporters.JUnitReportReporter -->
<testsuite hostname="DESKTOP-9QJNAOQ" failures="0" tests="6" name="ApodGUI.ChannelAuthRecordsViewlet" time="360.392" errors="0" timestamp="02 Aug 2022 12:29:49 GMT" skipped="0">
  <testcase classname="ApodGUI.ChannelAuthRecordsViewlet" name="Login" time="91.381"/>
  <testcase classname="ApodGUI.ChannelAuthRecordsViewlet" name="AddChannelAuthrecordsViewlet" time="40.286"/>
  <testcase classname="ApodGUI.ChannelAuthRecordsViewlet" name="AddToFavoriteViewlet" time="76.811"/>
  <testcase classname="ApodGUI.ChannelAuthRecordsViewlet" name="MultipleChannelAuthRecordsProperties" time="86.826"/>
  <testcase classname="ApodGUI.ChannelAuthRecordsViewlet" name="AddToFavoriteForMultipleChannelAuthRecords" time="37.510"/>
  <testcase classname="ApodGUI.ChannelAuthRecordsViewlet" name="Logout" time="27.578"/>
</testsuite> <!-- ApodGUI.ChannelAuthRecordsViewlet -->
