<?xml version="1.0" encoding="UTF-8"?>
<!-- Generated by org.testng.reporters.JUnitReportReporter -->
<testsuite hostname="DESKTOP-9QJNAOQ" failures="0" tests="4" name="NavigatorCore.CloseConsoleTabs" time="188.481" errors="0" timestamp="08 Aug 2022 07:00:55 GMT" skipped="0">
  <testcase classname="NavigatorCore.CloseConsoleTabs" name="Login" time="103.961"/>
  <testcase classname="NavigatorCore.CloseConsoleTabs" name="CloseOtherConsole" time="35.559"/>
  <testcase classname="NavigatorCore.CloseConsoleTabs" name="CloseAllConsole" time="21.893"/>
  <testcase classname="NavigatorCore.CloseConsoleTabs" name="Logout" time="27.068"/>
</testsuite> <!-- NavigatorCore.CloseConsoleTabs -->
