<?xml version="1.0" encoding="UTF-8"?>
<!-- Generated by org.testng.reporters.JUnitReportReporter -->
<testsuite hostname="DESKTOP-N37E7TM" failures="0" tests="10" name="EMS.EMSQueuesInsideOptionsOfBrowse" time="396.932" errors="0" timestamp="2023-07-27T12:28:30 IST" skipped="0">
  <testcase classname="EMS.EMSQueuesInsideOptionsOfBrowse" name="Login" time="136.889"/>
  <system-out>
<br/> <img src=" D:\Automation\EMS/Screenshots/ScreenshotsSuccess/Login.png" alt="""/" />  </system-out>
  <testcase classname="EMS.EMSQueuesInsideOptionsOfBrowse" name="PutAMessageUsingPutNewIcon" time="35.788"/>
  <system-out>
<br/> <img src=" D:\Automation\EMS/Screenshots/ScreenshotsSuccess/PutAMessageUsingPutNewIcon.png" alt="""/" />  </system-out>
  <testcase classname="EMS.EMSQueuesInsideOptionsOfBrowse" name="DeleteMessageUsingDeleteIcon" time="20.160"/>
  <system-out>
<br/> <img src=" D:\Automation\EMS/Screenshots/ScreenshotsSuccess/DeleteMessageUsingDeleteIcon.png" alt="""/" />  </system-out>
  <testcase classname="EMS.EMSQueuesInsideOptionsOfBrowse" name="CopyMessageUsingCopyIcon" time="35.422"/>
  <system-out>
<br/> <img src=" D:\Automation\EMS/Screenshots/ScreenshotsSuccess/CopyMessageUsingCopyIcon.png" alt="""/" />  </system-out>
  <testcase classname="EMS.EMSQueuesInsideOptionsOfBrowse" name="MoveMessageUsingMoveIcon" time="34.609"/>
  <system-out>
<br/> <img src=" D:\Automation\EMS/Screenshots/ScreenshotsSuccess/MoveMessageUsingMoveIcon.png" alt="""/" />  </system-out>
  <testcase classname="EMS.EMSQueuesInsideOptionsOfBrowse" name="ExportSelectedMessageUsingExportIcon" time="23.426"/>
  <system-out>
<br/> <img src=" D:\Automation\EMS/Screenshots/ScreenshotsSuccess/ExportSelectedMessageUsingExportIcon.png" alt="""/" />  </system-out>
  <testcase classname="EMS.EMSQueuesInsideOptionsOfBrowse" name="DeleteMessageUsingDeleteOption" time="18.101"/>
  <system-out>
<br/> <img src=" D:\Automation\EMS/Screenshots/ScreenshotsSuccess/DeleteMessageUsingDeleteOption.png" alt="""/" />  </system-out>
  <testcase classname="EMS.EMSQueuesInsideOptionsOfBrowse" name="CopyMessageUsingCopyOption" time="31.961"/>
  <system-out>
<br/> <img src=" D:\Automation\EMS/Screenshots/ScreenshotsSuccess/CopyMessageUsingCopyOption.png" alt="""/" />  </system-out>
  <testcase classname="EMS.EMSQueuesInsideOptionsOfBrowse" name="MoveMessageUsingMoveOption" time="32.346"/>
  <system-out>
<br/> <img src=" D:\Automation\EMS/Screenshots/ScreenshotsSuccess/MoveMessageUsingMoveOption.png" alt="""/" />  </system-out>
  <testcase classname="EMS.EMSQueuesInsideOptionsOfBrowse" name="Logout" time="28.230"/>
  <system-out/>
</testsuite> <!-- EMS.EMSQueuesInsideOptionsOfBrowse -->
