<?xml version="1.0" encoding="UTF-8"?>
<!-- Generated by org.testng.reporters.JUnitReportReporter -->
<testsuite hostname="DESKTOP-N37E7TM" failures="0" tests="10" name="EMS.EMSTopic" time="519.524" errors="0" timestamp="2023-07-26T12:16:07 IST" skipped="0">
  <testcase classname="EMS.EMSTopic" name="Login" time="120.744"/>
  <system-out>
<br/> <img src=" D:\Automation\EMS/Screenshots/ScreenshotsSuccess/Login.png" alt="""/" />  </system-out>
  <testcase classname="EMS.EMSTopic" name="CreateTopicFromPlusIcon" time="50.283"/>
  <system-out>
<br/> <img src=" D:\Automation\EMS/Screenshots/ScreenshotsSuccess/CreateTopicFromPlusIcon.png" alt="""/" />  </system-out>
  <testcase classname="EMS.EMSTopic" name="CopyAsFromCommands" time="58.965"/>
  <system-out>
<br/> <img src=" D:\Automation\EMS/Screenshots/ScreenshotsSuccess/CopyAsFromCommands.png" alt="""/" />  </system-out>
  <testcase classname="EMS.EMSTopic" name="DeleteFromCommands" time="28.589"/>
  <system-out>
<br/> <img src=" D:\Automation\EMS/Screenshots/ScreenshotsSuccess/DeleteFromCommands.png" alt="""/" />  </system-out>
  <testcase classname="EMS.EMSTopic" name="TopicProperties" time="21.148"/>
  <system-out>
<br/> <img src=" D:\Automation\EMS/Screenshots/ScreenshotsSuccess/TopicProperties.png" alt="""/" />  </system-out>
  <testcase classname="EMS.EMSTopic" name="TopicEvents" time="49.262"/>
  <system-out>
<br/> <img src=" D:\Automation\EMS/Screenshots/ScreenshotsSuccess/TopicEvents.png" alt="""/" />  </system-out>
  <testcase classname="EMS.EMSTopic" name="AddToFavoriteViewlet" time="53.520"/>
  <system-out>
<br/> <img src=" D:\Automation\EMS/Screenshots/ScreenshotsSuccess/AddToFavoriteViewlet.png" alt="""/" />  </system-out>
  <testcase classname="EMS.EMSTopic" name="MultipleProperties" time="75.439"/>
  <system-out>
<br/> <img src=" D:\Automation\EMS/Screenshots/ScreenshotsSuccess/MultipleProperties.png" alt="""/" />  </system-out>
  <testcase classname="EMS.EMSTopic" name="AddToFavoriteForMultipleTopics" time="32.565"/>
  <system-out>
<br/> <img src=" D:\Automation\EMS/Screenshots/ScreenshotsSuccess/AddToFavoriteForMultipleTopics.png" alt="""/" />  </system-out>
  <testcase classname="EMS.EMSTopic" name="Logout" time="29.009"/>
  <system-out/>
</testsuite> <!-- EMS.EMSTopic -->
