<?xml version="1.0" encoding="UTF-8"?>
<!-- Generated by org.testng.reporters.JUnitReportReporter -->
<testsuite hostname="DESKTOP-N37E7TM" failures="0" tests="14" name="EMS.EMSQueueMessages" time="869.836" errors="0" timestamp="2023-07-27T14:46:29 IST" skipped="0">
  <testcase classname="EMS.EMSQueueMessages" name="Login" time="131.292"/>
  <system-out>
<br/> <img src=" D:\Automation\EMS/Screenshots/ScreenshotsSuccess/Login.png" alt="""/" />  </system-out>
  <testcase classname="EMS.EMSQueueMessages" name="PutNewMessageIntoQueue" time="44.708"/>
  <system-out>
<br/> <img src=" D:\Automation\EMS/Screenshots/ScreenshotsSuccess/PutNewMessageIntoQueue.png" alt="""/" />  </system-out>
  <testcase classname="EMS.EMSQueueMessages" name="LoadFromFileUsingYesbutton" time="62.625"/>
  <system-out>
<br/> <img src=" D:\Automation\EMS/Screenshots/ScreenshotsSuccess/LoadFromFileUsingYesbutton.png" alt="""/" />  </system-out>
  <testcase classname="EMS.EMSQueueMessages" name="LoadFromFileUsingConfigurebuttonWithSingleMessage" time="69.851"/>
  <system-out>
<br/> <img src=" D:\Automation\EMS/Screenshots/ScreenshotsSuccess/LoadFromFileUsingConfigurebuttonWithSingleMessage.png" alt="""/" />  </system-out>
  <testcase classname="EMS.EMSQueueMessages" name="LoadFromFileUsingConfigurebuttonWithMultipleMessages" time="63.618"/>
  <system-out>
<br/> <img src=" D:\Automation\EMS/Screenshots/ScreenshotsSuccess/LoadFromFileUsingConfigurebuttonWithMultipleMessages.png" alt="""/" />  </system-out>
  <testcase classname="EMS.EMSQueueMessages" name="ExportAllMessages" time="43.421"/>
  <system-out>
<br/> <img src=" D:\Automation\EMS/Screenshots/ScreenshotsSuccess/ExportAllMessages.png" alt="""/" />  </system-out>
  <testcase classname="EMS.EMSQueueMessages" name="CopyAllMessagesFromOneQueueToAnotherQueue" time="77.215"/>
  <system-out>
<br/> <img src=" D:\Automation\EMS/Screenshots/ScreenshotsSuccess/CopyAllMessagesFromOneQueueToAnotherQueue.png" alt="""/" />  </system-out>
  <testcase classname="EMS.EMSQueueMessages" name="MoveAllMessagesFromOneQueueToAnotherQueue" time="86.751"/>
  <system-out>
<br/> <img src=" D:\Automation\EMS/Screenshots/ScreenshotsSuccess/MoveAllMessagesFromOneQueueToAnotherQueue.png" alt="""/" />  </system-out>
  <testcase classname="EMS.EMSQueueMessages" name="DeleteAllMessagesFromQueue" time="55.821"/>
  <system-out>
<br/> <img src=" D:\Automation\EMS/Screenshots/ScreenshotsSuccess/DeleteAllMessagesFromQueue.png" alt="""/" />  </system-out>
  <testcase classname="EMS.EMSQueueMessages" name="ClearAllMessagesFromQueue" time="35.261"/>
  <system-out>
<br/> <img src=" D:\Automation\EMS/Screenshots/ScreenshotsSuccess/ClearAllMessagesFromQueue.png" alt="""/" />  </system-out>
  <testcase classname="EMS.EMSQueueMessages" name="PutMessageUsingJsonFile" time="57.014"/>
  <system-out>
<br/> <img src=" D:\Automation\EMS/Screenshots/ScreenshotsSuccess/PutMessageUsingJsonFile.png" alt="""/" />  </system-out>
  <testcase classname="EMS.EMSQueueMessages" name="PutMessageUsingXMLFile" time="60.562"/>
  <system-out>
<br/> <img src=" D:\Automation\EMS/Screenshots/ScreenshotsSuccess/PutMessageUsingXMLFile.png" alt="""/" />  </system-out>
  <testcase classname="EMS.EMSQueueMessages" name="PutHexMessageIntoQueue" time="51.687"/>
  <system-out>
<br/> <img src=" D:\Automation\EMS/Screenshots/ScreenshotsSuccess/PutHexMessageIntoQueue.png" alt="""/" />  </system-out>
  <testcase classname="EMS.EMSQueueMessages" name="Logout" time="30.010"/>
  <system-out/>
</testsuite> <!-- EMS.EMSQueueMessages -->
