<?xml version="1.0" encoding="UTF-8"?>
<!-- Generated by org.testng.reporters.JUnitReportReporter -->
<testsuite hostname="DESKTOP-N37E7TM" failures="0" tests="6" name="EMS.TransportViewlet" time="253.075" errors="0" timestamp="2023-07-25T16:25:44 IST" skipped="0">
  <testcase classname="EMS.TransportViewlet" name="Login" time="56.908"/>
  <system-out>
<br/> <img src=" D:\Automation\EMS/Screenshots/ScreenshotsSuccess/Login.png" alt="""/" />  </system-out>
  <testcase classname="EMS.TransportViewlet" name="AddTransportViewlet" time="37.257"/>
  <system-out>
<br/> <img src=" D:\Automation\EMS/Screenshots/ScreenshotsSuccess/AddTransportViewlet.png" alt="""/" />  </system-out>
  <testcase classname="EMS.TransportViewlet" name="Properties" time="18.304"/>
  <system-out>
<br/> <img src=" D:\Automation\EMS/Screenshots/ScreenshotsSuccess/Properties.png" alt="""/" />  </system-out>
  <testcase classname="EMS.TransportViewlet" name="TransportEvents" time="66.833"/>
  <system-out>
<br/> <img src=" D:\Automation\EMS/Screenshots/ScreenshotsSuccess/TransportEvents.png" alt="""/" />  </system-out>
  <testcase classname="EMS.TransportViewlet" name="AddToFavoriteViewlet" time="45.723"/>
  <system-out>
<br/> <img src=" D:\Automation\EMS/Screenshots/ScreenshotsSuccess/AddToFavoriteViewlet.png" alt="""/" />  </system-out>
  <testcase classname="EMS.TransportViewlet" name="Logout" time="28.050"/>
  <system-out/>
</testsuite> <!-- EMS.TransportViewlet -->
