<?xml version="1.0" encoding="UTF-8"?>
<!-- Generated by org.testng.reporters.JUnitReportReporter -->
<testsuite hostname="DESKTOP-N37E7TM" failures="0" tests="20" name="EMS.EMSManagerViewlet" time="673.747" errors="0" timestamp="2023-07-27T17:06:12 IST" skipped="0">
  <testcase classname="EMS.EMSManagerViewlet" name="Login" time="96.988"/>
  <system-out>
<br/> <img src=" D:\Automation\EMS/Screenshots/ScreenshotsSuccess/Login.png" alt="""/" />  </system-out>
  <testcase classname="EMS.EMSManagerViewlet" name="EMSMQSCConsoleCommandOption" time="36.082"/>
  <system-out>
<br/> <img src=" D:\Automation\EMS/Screenshots/ScreenshotsSuccess/EMSMQSCConsoleCommandOption.png" alt="""/" />  </system-out>
  <testcase classname="EMS.EMSManagerViewlet" name="SaveMQSCConsoleResponceData" time="5.098"/>
  <system-out>
<br/> <img src=" D:\Automation\EMS/Screenshots/ScreenshotsSuccess/SaveMQSCConsoleResponceData.png" alt="""/" />  </system-out>
  <testcase classname="EMS.EMSManagerViewlet" name="ClearMQSCConsoleResponceData" time="6.247"/>
  <system-out>
<br/> <img src=" D:\Automation\EMS/Screenshots/ScreenshotsSuccess/ClearMQSCConsoleResponceData.png" alt="""/" />  </system-out>
  <testcase classname="EMS.EMSManagerViewlet" name="ApplyEMSScript" time="34.689"/>
  <system-out>
<br/> <img src=" D:\Automation\EMS/Screenshots/ScreenshotsSuccess/ApplyEMSScript.png" alt="""/" />  </system-out>
  <testcase classname="EMS.EMSManagerViewlet" name="SaveEMSScriptResults" time="7.172"/>
  <system-out>
<br/> <img src=" D:\Automation\EMS/Screenshots/ScreenshotsSuccess/SaveEMSScriptResults.png" alt="""/" />  </system-out>
  <testcase classname="EMS.EMSManagerViewlet" name="ClearEMSScriptResults" time="7.324"/>
  <system-out>
<br/> <img src=" D:\Automation\EMS/Screenshots/ScreenshotsSuccess/ClearEMSScriptResults.png" alt="""/" />  </system-out>
  <testcase classname="EMS.EMSManagerViewlet" name="CreateUserGroup" time="49.691"/>
  <system-out>
<br/> <img src=" D:\Automation\EMS/Screenshots/ScreenshotsSuccess/CreateUserGroup.png" alt="""/" />  </system-out>
  <testcase classname="EMS.EMSManagerViewlet" name="EditUserGroup" time="42.599"/>
  <system-out>
<br/> <img src=" D:\Automation\EMS/Screenshots/ScreenshotsSuccess/EditUserGroup.png" alt="""/" />  </system-out>
  <testcase classname="EMS.EMSManagerViewlet" name="DeleteUserGroup" time="27.873"/>
  <system-out>
<br/> <img src=" D:\Automation\EMS/Screenshots/ScreenshotsSuccess/DeleteUserGroup.png" alt="""/" />  </system-out>
  <testcase classname="EMS.EMSManagerViewlet" name="CreateUser" time="35.051"/>
  <system-out>
<br/> <img src=" D:\Automation\EMS/Screenshots/ScreenshotsSuccess/CreateUser.png" alt="""/" />  </system-out>
  <testcase classname="EMS.EMSManagerViewlet" name="EditUser" time="46.913"/>
  <system-out>
<br/> <img src=" D:\Automation\EMS/Screenshots/ScreenshotsSuccess/EditUser.png" alt="""/" />  </system-out>
  <testcase classname="EMS.EMSManagerViewlet" name="DeleteUser" time="23.870"/>
  <system-out>
<br/> <img src=" D:\Automation\EMS/Screenshots/ScreenshotsSuccess/DeleteUser.png" alt="""/" />  </system-out>
  <testcase classname="EMS.EMSManagerViewlet" name="AddQueueACLToUser" time="44.640"/>
  <system-out>
<br/> <img src=" D:\Automation\EMS/Screenshots/ScreenshotsSuccess/AddQueueACLToUser.png" alt="""/" />  </system-out>
  <testcase classname="EMS.EMSManagerViewlet" name="AddTopicACLToUser" time="37.883"/>
  <system-out>
<br/> <img src=" D:\Automation\EMS/Screenshots/ScreenshotsSuccess/AddTopicACLToUser.png" alt="""/" />  </system-out>
  <testcase classname="EMS.EMSManagerViewlet" name="ResetButtonInACLs" time="24.568"/>
  <system-out>
<br/> <img src=" D:\Automation\EMS/Screenshots/ScreenshotsSuccess/ResetButtonInACLs.png" alt="""/" />  </system-out>
  <testcase classname="EMS.EMSManagerViewlet" name="SaveButtonInACLs" time="43.098"/>
  <system-out>
<br/> <img src=" D:\Automation\EMS/Screenshots/ScreenshotsSuccess/SaveButtonInACLs.png" alt="""/" />  </system-out>
  <testcase classname="EMS.EMSManagerViewlet" name="EMSManagerProperties" time="26.731"/>
  <system-out>
<br/> <img src=" D:\Automation\EMS/Screenshots/ScreenshotsSuccess/EMSManagerProperties.png" alt="""/" />  </system-out>
  <testcase classname="EMS.EMSManagerViewlet" name="AddToFavorites" time="48.666"/>
  <system-out>
<br/> <img src=" D:\Automation\EMS/Screenshots/ScreenshotsSuccess/AddToFavorites.png" alt="""/" />  </system-out>
  <testcase classname="EMS.EMSManagerViewlet" name="Logout" time="28.564"/>
  <system-out/>
</testsuite> <!-- EMS.EMSManagerViewlet -->
