<?xml version="1.0" encoding="UTF-8"?>
<!-- Generated by org.testng.reporters.JUnitReportReporter -->
<testsuite hostname="DESKTOP-N37E7TM" failures="0" tests="15" name="EMS.EMSQueues" time="871.773" errors="0" timestamp="2023-07-26T16:59:47 IST" skipped="0">
  <testcase classname="EMS.EMSQueues" name="Login" time="154.780"/>
  <system-out>
<br/> <img src=" D:\Automation\EMS/Screenshots/ScreenshotsSuccess/Login.png" alt="""/" />  </system-out>
  <testcase classname="EMS.EMSQueues" name="BrowseMessages" time="22.943"/>
  <system-out>
<br/> <img src=" D:\Automation\EMS/Screenshots/ScreenshotsSuccess/BrowseMessages.png" alt="""/" />  </system-out>
  <testcase classname="EMS.EMSQueues" name="CreateQueueFromOptions" time="80.127"/>
  <system-out>
<br/> <img src=" D:\Automation\EMS/Screenshots/ScreenshotsSuccess/CreateQueueFromOptions.png" alt="""/" />  </system-out>
  <testcase classname="EMS.EMSQueues" name="CopyAsOptionFromQueueCommands" time="66.251"/>
  <system-out>
<br/> <img src=" D:\Automation\EMS/Screenshots/ScreenshotsSuccess/CopyAsOptionFromQueueCommands.png" alt="""/" />  </system-out>
  <testcase classname="EMS.EMSQueues" name="RenameQueueFromCommandsOption" time="77.311"/>
  <system-out>
<br/> <img src=" D:\Automation\EMS/Screenshots/ScreenshotsSuccess/RenameQueueFromCommandsOption.png" alt="""/" />  </system-out>
  <testcase classname="EMS.EMSQueues" name="DeleteoptionFromQueueCommands" time="29.923"/>
  <system-out>
<br/> <img src=" D:\Automation\EMS/Screenshots/ScreenshotsSuccess/DeleteoptionFromQueueCommands.png" alt="""/" />  </system-out>
  <testcase classname="EMS.EMSQueues" name="QueueProperties" time="36.616"/>
  <system-out>
<br/> <img src=" D:\Automation\EMS/Screenshots/ScreenshotsSuccess/QueueProperties.png" alt="""/" />  </system-out>
  <testcase classname="EMS.EMSQueues" name="QueueEvents" time="48.858"/>
  <system-out>
<br/> <img src=" D:\Automation\EMS/Screenshots/ScreenshotsSuccess/QueueEvents.png" alt="""/" />  </system-out>
  <testcase classname="EMS.EMSQueues" name="AddToFavoriteViewlet" time="40.802"/>
  <system-out>
<br/> <img src=" D:\Automation\EMS/Screenshots/ScreenshotsSuccess/AddToFavoriteViewlet.png" alt="""/" />  </system-out>
  <testcase classname="EMS.EMSQueues" name="CompareQueues" time="29.462"/>
  <system-out>
<br/> <img src=" D:\Automation\EMS/Screenshots/ScreenshotsSuccess/CompareQueues.png" alt="""/" />  </system-out>
  <testcase classname="EMS.EMSQueues" name="CheckDifferencesForEMSQueues" time="26.788"/>
  <system-out>
<br/> <img src=" D:\Automation\EMS/Screenshots/ScreenshotsSuccess/CheckDifferencesForEMSQueues.png" alt="""/" />  </system-out>
  <testcase classname="EMS.EMSQueues" name="MultipleQueueProperties" time="108.597"/>
  <system-out>
<br/> <img src=" D:\Automation\EMS/Screenshots/ScreenshotsSuccess/MultipleQueueProperties.png" alt="""/" />  </system-out>
  <testcase classname="EMS.EMSQueues" name="AddToFavoriteForMultipleQueues" time="28.066"/>
  <system-out>
<br/> <img src=" D:\Automation\EMS/Screenshots/ScreenshotsSuccess/AddToFavoriteForMultipleQueues.png" alt="""/" />  </system-out>
  <testcase classname="EMS.EMSQueues" name="AddQueueFromPlusIcon" time="77.236"/>
  <system-out>
<br/> <img src=" D:\Automation\EMS/Screenshots/ScreenshotsSuccess/AddQueueFromPlusIcon.png" alt="""/" />  </system-out>
  <testcase classname="EMS.EMSQueues" name="Logout" time="44.013"/>
  <system-out/>
</testsuite> <!-- EMS.EMSQueues -->
