<?xml version="1.0" encoding="UTF-8"?>
<!-- Generated by org.testng.reporters.JUnitReportReporter -->
<testsuite hostname="DESKTOP-N37E7TM" failures="0" tests="7" name="EMS.EMSJNDI" time="268.640" errors="0" timestamp="2023-07-27T17:13:16 IST" skipped="0">
  <testcase classname="EMS.EMSJNDI" name="Login" time="77.343"/>
  <system-out>
<br/> <img src=" D:\Automation\EMS/Screenshots/ScreenshotsSuccess/Login.png" alt="""/" />  </system-out>
  <testcase classname="EMS.EMSJNDI" name="CreateViewlet" time="36.276"/>
  <system-out>
<br/> <img src=" D:\Automation\EMS/Screenshots/ScreenshotsSuccess/CreateViewlet.png" alt="""/" />  </system-out>
  <testcase classname="EMS.EMSJNDI" name="CreateJNDIplusicon" time="29.333"/>
  <system-out>
<br/> <img src=" D:\Automation\EMS/Screenshots/ScreenshotsSuccess/CreateJNDIplusicon.png" alt="""/" />  </system-out>
  <testcase classname="EMS.EMSJNDI" name="Properties" time="18.255"/>
  <system-out>
<br/> <img src=" D:\Automation\EMS/Screenshots/ScreenshotsSuccess/Properties.png" alt="""/" />  </system-out>
  <testcase classname="EMS.EMSJNDI" name="AddtoFavViewlet" time="45.774"/>
  <system-out>
<br/> <img src=" D:\Automation\EMS/Screenshots/ScreenshotsSuccess/AddtoFavViewlet.png" alt="""/" />  </system-out>
  <testcase classname="EMS.EMSJNDI" name="DeleteEMSJNDI" time="24.133"/>
  <system-out>
<br/> <img src=" D:\Automation\EMS/Screenshots/ScreenshotsSuccess/DeleteEMSJNDI.png" alt="""/" />  </system-out>
  <testcase classname="EMS.EMSJNDI" name="Logout" time="37.526"/>
  <system-out/>
</testsuite> <!-- EMS.EMSJNDI -->
